[01m[K/home/kivaan123/Turtlebot3-Wall-Follower/turtlebot3_gazebo/src/LidarSensor.cpp:[m[K In constructor ‘[01m[KLidarSensor::LidarSensor(rclcpp::Node::SharedPtr*)[m[K’:
[01m[K/home/kivaan123/Turtlebot3-Wall-Follower/turtlebot3_gazebo/src/LidarSensor.cpp:9:24:[m[K [01;31m[Kerror: [m[K‘[01m[Kusing SharedPtr = class std::shared_ptr<rclcpp::Node>[m[K’ {aka ‘[01m[Kclass std::shared_ptr<rclcpp::Node>[m[K’} has no member named ‘[01m[Kcreate_subscription[m[K’
    9 |     scan_sub_ = node_->[01;31m[Kcreate_subscription[m[K<sensor_msgs::msg::LaserScan>(
      |                        [01;31m[K^~~~~~~~~~~~~~~~~~~[m[K
[01m[K/home/kivaan123/Turtlebot3-Wall-Follower/turtlebot3_gazebo/src/LidarSensor.cpp:9:71:[m[K [01;31m[Kerror: [m[Kexpected primary-expression before ‘[01m[K>[m[K’ token
    9 |     scan_sub_ = node_->create_subscription<sensor_msgs::msg::LaserScan[01;31m[K>[m[K(
      |                                                                       [01;31m[K^[m[K
[01m[K/home/kivaan123/Turtlebot3-Wall-Follower/turtlebot3_gazebo/src/LidarSensor.cpp:10:9:[m[K [01;35m[Kwarning: [m[Kleft operand of comma operator has no effect [[01;35m[K]8;;https://gcc.gnu.org/onlinedocs/gcc/Warning-Options.html#index-Wunused-value-Wunused-value]8;;[m[K]
   10 |         [01;35m[K"scan"[m[K,
      |         [01;35m[K^~~~~~[m[K
gmake[2]: *** [CMakeFiles/turtlebot3_drive.dir/build.make:90: CMakeFiles/turtlebot3_drive.dir/src/LidarSensor.cpp.o] Error 1
gmake[2]: *** Waiting for unfinished jobs....
[01m[K/home/kivaan123/Turtlebot3-Wall-Follower/turtlebot3_gazebo/src/turtlebot3_drive.cpp:[m[K In constructor ‘[01m[KTurtlebot3Drive::Turtlebot3Drive()[m[K’:
[01m[K/home/kivaan123/Turtlebot3-Wall-Follower/turtlebot3_gazebo/src/turtlebot3_drive.cpp:21:41:[m[K [01;31m[Kerror: [m[Kno matching function for call to ‘[01m[KLidarSensor::LidarSensor(Turtlebot3Drive*)[m[K’
   21 |     lidar_sensor_ = new LidarSensor(this[01;31m[K)[m[K;
      |                                         [01;31m[K^[m[K
In file included from [01m[K/home/kivaan123/Turtlebot3-Wall-Follower/turtlebot3_gazebo/include/turtlebot3_gazebo/turtlebot3_drive.hpp:17[m[K,
                 from [01m[K/home/kivaan123/Turtlebot3-Wall-Follower/turtlebot3_gazebo/src/turtlebot3_drive.cpp:1[m[K:
[01m[K/home/kivaan123/Turtlebot3-Wall-Follower/turtlebot3_gazebo/include/turtlebot3_gazebo/LidarSensor.hpp:21:9:[m[K [01;36m[Knote: [m[Kcandidate: ‘[01m[KLidarSensor::LidarSensor(rclcpp::Node::SharedPtr*)[m[K’
   21 |         [01;36m[KLidarSensor[m[K(rclcpp::Node::SharedPtr* node);
      |         [01;36m[K^~~~~~~~~~~[m[K
[01m[K/home/kivaan123/Turtlebot3-Wall-Follower/turtlebot3_gazebo/include/turtlebot3_gazebo/LidarSensor.hpp:21:46:[m[K [01;36m[Knote: [m[K  no known conversion for argument 1 from ‘[01m[KTurtlebot3Drive*[m[K’ to ‘[01m[Krclcpp::Node::SharedPtr*[m[K’ {aka ‘[01m[Kstd::shared_ptr<rclcpp::Node>*[m[K’}
   21 |         LidarSensor([01;36m[Krclcpp::Node::SharedPtr* node[m[K);
      |                     [01;36m[K~~~~~~~~~~~~~~~~~~~~~~~~~^~~~[m[K
[01m[K/home/kivaan123/Turtlebot3-Wall-Follower/turtlebot3_gazebo/include/turtlebot3_gazebo/LidarSensor.hpp:18:7:[m[K [01;36m[Knote: [m[Kcandidate: ‘[01m[KLidarSensor::LidarSensor(const LidarSensor&)[m[K’
   18 | class [01;36m[KLidarSensor[m[K
      |       [01;36m[K^~~~~~~~~~~[m[K
[01m[K/home/kivaan123/Turtlebot3-Wall-Follower/turtlebot3_gazebo/include/turtlebot3_gazebo/LidarSensor.hpp:18:7:[m[K [01;36m[Knote: [m[K  no known conversion for argument 1 from ‘[01m[KTurtlebot3Drive*[m[K’ to ‘[01m[Kconst LidarSensor&[m[K’
[01m[K/home/kivaan123/Turtlebot3-Wall-Follower/turtlebot3_gazebo/src/turtlebot3_drive.cpp:[m[K In member function ‘[01m[Kvoid Turtlebot3Drive::update_callback()[m[K’:
[01m[K/home/kivaan123/Turtlebot3-Wall-Follower/turtlebot3_gazebo/src/turtlebot3_drive.cpp:148:10:[m[K [01;35m[Kwarning: [m[Kunused variable ‘[01m[Kmin_turn_distance[m[K’ [[01;35m[K]8;;https://gcc.gnu.org/onlinedocs/gcc/Warning-Options.html#index-Wunused-variable-Wunused-variable]8;;[m[K]
  148 |   double [01;35m[Kmin_turn_distance[m[K = 0.1;         // Minimum distance before making a turn
      |          [01;35m[K^~~~~~~~~~~~~~~~~[m[K
gmake[2]: *** [CMakeFiles/turtlebot3_drive.dir/build.make:76: CMakeFiles/turtlebot3_drive.dir/src/turtlebot3_drive.cpp.o] Error 1
gmake[1]: *** [CMakeFiles/Makefile2:143: CMakeFiles/turtlebot3_drive.dir/all] Error 2
gmake: *** [Makefile:146: all] Error 2
