[0.082s] DEBUG:colcon:Command line arguments: ['/home/kivaan123/.local/bin/colcon', 'build', '--symlink-install']
[0.082s] DEBUG:colcon:Parsed command line arguments: Namespace(log_base=None, log_level=None, verb_name='build', build_base='build', install_base='install', merge_install=False, symlink_install=True, test_result_base=None, continue_on_error=False, executor='parallel', parallel_workers=16, event_handlers=None, ignore_user_meta=False, metas=['./colcon.meta'], base_paths=['.'], packages_ignore=None, packages_ignore_regex=None, paths=None, packages_up_to=None, packages_up_to_regex=None, packages_above=None, packages_above_and_dependencies=None, packages_above_depth=None, packages_select_by_dep=None, packages_skip_by_dep=None, packages_skip_up_to=None, packages_select_build_failed=False, packages_skip_build_finished=False, packages_select_test_failures=False, packages_skip_test_passed=False, packages_select=None, packages_skip=None, packages_select_regex=None, packages_skip_regex=None, packages_start=None, packages_end=None, allow_overriding=[], cmake_args=None, cmake_target=None, cmake_target_skip_unavailable=False, cmake_clean_cache=False, cmake_clean_first=False, cmake_force_configure=False, ament_cmake_args=None, catkin_cmake_args=None, catkin_skip_building_tests=False, mixin_files=None, mixin=None, verb_parser=<colcon_mixin.mixin.mixin_argument.MixinArgumentDecorator object at 0x794557820fa0>, verb_extension=<colcon_core.verb.build.BuildVerb object at 0x794557820880>, main=<bound method BuildVerb.main of <colcon_core.verb.build.BuildVerb object at 0x794557820880>>, mixin_verb=('build',))
[0.183s] Level 1:colcon.colcon_core.package_discovery:discover_packages(colcon_meta) check parameters
[0.183s] Level 1:colcon.colcon_core.package_discovery:discover_packages(recursive) check parameters
[0.183s] Level 1:colcon.colcon_core.package_discovery:discover_packages(ignore) check parameters
[0.183s] Level 1:colcon.colcon_core.package_discovery:discover_packages(path) check parameters
[0.183s] Level 1:colcon.colcon_core.package_discovery:discover_packages(colcon_meta) discover
[0.183s] Level 1:colcon.colcon_core.package_discovery:discover_packages(recursive) discover
[0.183s] INFO:colcon.colcon_core.package_discovery:Crawling recursively for packages in '/home/kivaan123/Turtlebot3-Wall-Follower'
[0.183s] Level 1:colcon.colcon_core.package_identification:_identify(.) by extensions ['ignore', 'ignore_ament_install']
[0.183s] Level 1:colcon.colcon_core.package_identification:_identify(.) by extension 'ignore'
[0.183s] Level 1:colcon.colcon_core.package_identification:_identify(.) by extension 'ignore_ament_install'
[0.183s] Level 1:colcon.colcon_core.package_identification:_identify(.) by extensions ['colcon_pkg']
[0.183s] Level 1:colcon.colcon_core.package_identification:_identify(.) by extension 'colcon_pkg'
[0.183s] Level 1:colcon.colcon_core.package_identification:_identify(.) by extensions ['colcon_meta']
[0.183s] Level 1:colcon.colcon_core.package_identification:_identify(.) by extension 'colcon_meta'
[0.184s] Level 1:colcon.colcon_core.package_identification:_identify(.) by extensions ['ros']
[0.184s] Level 1:colcon.colcon_core.package_identification:_identify(.) by extension 'ros'
[0.191s] Level 1:colcon.colcon_core.package_identification:_identify(.) by extensions ['cmake', 'python']
[0.191s] Level 1:colcon.colcon_core.package_identification:_identify(.) by extension 'cmake'
[0.191s] Level 1:colcon.colcon_core.package_identification:_identify(.) by extension 'python'
[0.191s] Level 1:colcon.colcon_core.package_identification:_identify(.) by extensions ['python_setup_py']
[0.191s] Level 1:colcon.colcon_core.package_identification:_identify(.) by extension 'python_setup_py'
[0.191s] Level 1:colcon.colcon_core.package_identification:_identify(build) by extensions ['ignore', 'ignore_ament_install']
[0.191s] Level 1:colcon.colcon_core.package_identification:_identify(build) by extension 'ignore'
[0.191s] Level 1:colcon.colcon_core.package_identification:_identify(build) ignored
[0.191s] Level 1:colcon.colcon_core.package_identification:_identify(install) by extensions ['ignore', 'ignore_ament_install']
[0.191s] Level 1:colcon.colcon_core.package_identification:_identify(install) by extension 'ignore'
[0.191s] Level 1:colcon.colcon_core.package_identification:_identify(install) ignored
[0.191s] Level 1:colcon.colcon_core.package_identification:_identify(log) by extensions ['ignore', 'ignore_ament_install']
[0.191s] Level 1:colcon.colcon_core.package_identification:_identify(log) by extension 'ignore'
[0.191s] Level 1:colcon.colcon_core.package_identification:_identify(log) ignored
[0.191s] Level 1:colcon.colcon_core.package_identification:_identify(turtlebot3_fake_node) by extensions ['ignore', 'ignore_ament_install']
[0.191s] Level 1:colcon.colcon_core.package_identification:_identify(turtlebot3_fake_node) by extension 'ignore'
[0.191s] Level 1:colcon.colcon_core.package_identification:_identify(turtlebot3_fake_node) by extension 'ignore_ament_install'
[0.191s] Level 1:colcon.colcon_core.package_identification:_identify(turtlebot3_fake_node) by extensions ['colcon_pkg']
[0.191s] Level 1:colcon.colcon_core.package_identification:_identify(turtlebot3_fake_node) by extension 'colcon_pkg'
[0.191s] Level 1:colcon.colcon_core.package_identification:_identify(turtlebot3_fake_node) by extensions ['colcon_meta']
[0.191s] Level 1:colcon.colcon_core.package_identification:_identify(turtlebot3_fake_node) by extension 'colcon_meta'
[0.191s] Level 1:colcon.colcon_core.package_identification:_identify(turtlebot3_fake_node) by extensions ['ros']
[0.191s] Level 1:colcon.colcon_core.package_identification:_identify(turtlebot3_fake_node) by extension 'ros'
[0.193s] DEBUG:colcon.colcon_core.package_identification:Package 'turtlebot3_fake_node' with type 'ros.ament_cmake' and name 'turtlebot3_fake_node'
[0.193s] Level 1:colcon.colcon_core.package_identification:_identify(turtlebot3_gazebo) by extensions ['ignore', 'ignore_ament_install']
[0.193s] Level 1:colcon.colcon_core.package_identification:_identify(turtlebot3_gazebo) by extension 'ignore'
[0.194s] Level 1:colcon.colcon_core.package_identification:_identify(turtlebot3_gazebo) by extension 'ignore_ament_install'
[0.194s] Level 1:colcon.colcon_core.package_identification:_identify(turtlebot3_gazebo) by extensions ['colcon_pkg']
[0.194s] Level 1:colcon.colcon_core.package_identification:_identify(turtlebot3_gazebo) by extension 'colcon_pkg'
[0.194s] Level 1:colcon.colcon_core.package_identification:_identify(turtlebot3_gazebo) by extensions ['colcon_meta']
[0.194s] Level 1:colcon.colcon_core.package_identification:_identify(turtlebot3_gazebo) by extension 'colcon_meta'
[0.194s] Level 1:colcon.colcon_core.package_identification:_identify(turtlebot3_gazebo) by extensions ['ros']
[0.194s] Level 1:colcon.colcon_core.package_identification:_identify(turtlebot3_gazebo) by extension 'ros'
[0.194s] DEBUG:colcon.colcon_core.package_identification:Package 'turtlebot3_gazebo' with type 'ros.ament_cmake' and name 'turtlebot3_gazebo'
[0.194s] Level 1:colcon.colcon_core.package_identification:_identify(turtlebot3_simulations) by extensions ['ignore', 'ignore_ament_install']
[0.194s] Level 1:colcon.colcon_core.package_identification:_identify(turtlebot3_simulations) by extension 'ignore'
[0.194s] Level 1:colcon.colcon_core.package_identification:_identify(turtlebot3_simulations) by extension 'ignore_ament_install'
[0.194s] Level 1:colcon.colcon_core.package_identification:_identify(turtlebot3_simulations) by extensions ['colcon_pkg']
[0.194s] Level 1:colcon.colcon_core.package_identification:_identify(turtlebot3_simulations) by extension 'colcon_pkg'
[0.194s] Level 1:colcon.colcon_core.package_identification:_identify(turtlebot3_simulations) by extensions ['colcon_meta']
[0.194s] Level 1:colcon.colcon_core.package_identification:_identify(turtlebot3_simulations) by extension 'colcon_meta'
[0.195s] Level 1:colcon.colcon_core.package_identification:_identify(turtlebot3_simulations) by extensions ['ros']
[0.195s] Level 1:colcon.colcon_core.package_identification:_identify(turtlebot3_simulations) by extension 'ros'
[0.195s] DEBUG:colcon.colcon_core.package_identification:Package 'turtlebot3_simulations' with type 'ros.ament_cmake' and name 'turtlebot3_simulations'
[0.195s] Level 1:colcon.colcon_core.package_discovery:discover_packages(recursive) using defaults
[0.195s] Level 1:colcon.colcon_core.package_discovery:discover_packages(ignore) discover
[0.195s] Level 1:colcon.colcon_core.package_discovery:discover_packages(ignore) using defaults
[0.195s] Level 1:colcon.colcon_core.package_discovery:discover_packages(path) discover
[0.195s] Level 1:colcon.colcon_core.package_discovery:discover_packages(path) using defaults
[0.208s] Level 1:colcon.colcon_core.package_discovery:discover_packages(prefix_path) check parameters
[0.208s] Level 1:colcon.colcon_core.package_discovery:discover_packages(prefix_path) discover
[0.209s] DEBUG:colcon.colcon_installed_package_information.package_discovery:Found 3 installed packages in /home/kivaan123/Turtlebot3-Wall-Follower/install
[0.210s] DEBUG:colcon.colcon_installed_package_information.package_discovery:Found 450 installed packages in /opt/ros/humble
[0.216s] Level 1:colcon.colcon_core.package_discovery:discover_packages(prefix_path) using defaults
[0.247s] Level 5:colcon.colcon_core.verb:set package 'turtlebot3_fake_node' build argument 'cmake_args' from command line to 'None'
[0.247s] Level 5:colcon.colcon_core.verb:set package 'turtlebot3_fake_node' build argument 'cmake_target' from command line to 'None'
[0.247s] Level 5:colcon.colcon_core.verb:set package 'turtlebot3_fake_node' build argument 'cmake_target_skip_unavailable' from command line to 'False'
[0.247s] Level 5:colcon.colcon_core.verb:set package 'turtlebot3_fake_node' build argument 'cmake_clean_cache' from command line to 'False'
[0.247s] Level 5:colcon.colcon_core.verb:set package 'turtlebot3_fake_node' build argument 'cmake_clean_first' from command line to 'False'
[0.247s] Level 5:colcon.colcon_core.verb:set package 'turtlebot3_fake_node' build argument 'cmake_force_configure' from command line to 'False'
[0.247s] Level 5:colcon.colcon_core.verb:set package 'turtlebot3_fake_node' build argument 'ament_cmake_args' from command line to 'None'
[0.247s] Level 5:colcon.colcon_core.verb:set package 'turtlebot3_fake_node' build argument 'catkin_cmake_args' from command line to 'None'
[0.247s] Level 5:colcon.colcon_core.verb:set package 'turtlebot3_fake_node' build argument 'catkin_skip_building_tests' from command line to 'False'
[0.247s] DEBUG:colcon.colcon_core.verb:Building package 'turtlebot3_fake_node' with the following arguments: {'ament_cmake_args': None, 'build_base': '/home/kivaan123/Turtlebot3-Wall-Follower/build/turtlebot3_fake_node', 'catkin_cmake_args': None, 'catkin_skip_building_tests': False, 'cmake_args': None, 'cmake_clean_cache': False, 'cmake_clean_first': False, 'cmake_force_configure': False, 'cmake_target': None, 'cmake_target_skip_unavailable': False, 'install_base': '/home/kivaan123/Turtlebot3-Wall-Follower/install/turtlebot3_fake_node', 'merge_install': False, 'path': '/home/kivaan123/Turtlebot3-Wall-Follower/turtlebot3_fake_node', 'symlink_install': True, 'test_result_base': None}
[0.247s] Level 5:colcon.colcon_core.verb:set package 'turtlebot3_gazebo' build argument 'cmake_args' from command line to 'None'
[0.247s] Level 5:colcon.colcon_core.verb:set package 'turtlebot3_gazebo' build argument 'cmake_target' from command line to 'None'
[0.247s] Level 5:colcon.colcon_core.verb:set package 'turtlebot3_gazebo' build argument 'cmake_target_skip_unavailable' from command line to 'False'
[0.247s] Level 5:colcon.colcon_core.verb:set package 'turtlebot3_gazebo' build argument 'cmake_clean_cache' from command line to 'False'
[0.247s] Level 5:colcon.colcon_core.verb:set package 'turtlebot3_gazebo' build argument 'cmake_clean_first' from command line to 'False'
[0.247s] Level 5:colcon.colcon_core.verb:set package 'turtlebot3_gazebo' build argument 'cmake_force_configure' from command line to 'False'
[0.247s] Level 5:colcon.colcon_core.verb:set package 'turtlebot3_gazebo' build argument 'ament_cmake_args' from command line to 'None'
[0.247s] Level 5:colcon.colcon_core.verb:set package 'turtlebot3_gazebo' build argument 'catkin_cmake_args' from command line to 'None'
[0.247s] Level 5:colcon.colcon_core.verb:set package 'turtlebot3_gazebo' build argument 'catkin_skip_building_tests' from command line to 'False'
[0.247s] DEBUG:colcon.colcon_core.verb:Building package 'turtlebot3_gazebo' with the following arguments: {'ament_cmake_args': None, 'build_base': '/home/kivaan123/Turtlebot3-Wall-Follower/build/turtlebot3_gazebo', 'catkin_cmake_args': None, 'catkin_skip_building_tests': False, 'cmake_args': None, 'cmake_clean_cache': False, 'cmake_clean_first': False, 'cmake_force_configure': False, 'cmake_target': None, 'cmake_target_skip_unavailable': False, 'install_base': '/home/kivaan123/Turtlebot3-Wall-Follower/install/turtlebot3_gazebo', 'merge_install': False, 'path': '/home/kivaan123/Turtlebot3-Wall-Follower/turtlebot3_gazebo', 'symlink_install': True, 'test_result_base': None}
[0.247s] Level 5:colcon.colcon_core.verb:set package 'turtlebot3_simulations' build argument 'cmake_args' from command line to 'None'
[0.247s] Level 5:colcon.colcon_core.verb:set package 'turtlebot3_simulations' build argument 'cmake_target' from command line to 'None'
[0.247s] Level 5:colcon.colcon_core.verb:set package 'turtlebot3_simulations' build argument 'cmake_target_skip_unavailable' from command line to 'False'
[0.247s] Level 5:colcon.colcon_core.verb:set package 'turtlebot3_simulations' build argument 'cmake_clean_cache' from command line to 'False'
[0.247s] Level 5:colcon.colcon_core.verb:set package 'turtlebot3_simulations' build argument 'cmake_clean_first' from command line to 'False'
[0.247s] Level 5:colcon.colcon_core.verb:set package 'turtlebot3_simulations' build argument 'cmake_force_configure' from command line to 'False'
[0.247s] Level 5:colcon.colcon_core.verb:set package 'turtlebot3_simulations' build argument 'ament_cmake_args' from command line to 'None'
[0.248s] Level 5:colcon.colcon_core.verb:set package 'turtlebot3_simulations' build argument 'catkin_cmake_args' from command line to 'None'
[0.248s] Level 5:colcon.colcon_core.verb:set package 'turtlebot3_simulations' build argument 'catkin_skip_building_tests' from command line to 'False'
[0.248s] DEBUG:colcon.colcon_core.verb:Building package 'turtlebot3_simulations' with the following arguments: {'ament_cmake_args': None, 'build_base': '/home/kivaan123/Turtlebot3-Wall-Follower/build/turtlebot3_simulations', 'catkin_cmake_args': None, 'catkin_skip_building_tests': False, 'cmake_args': None, 'cmake_clean_cache': False, 'cmake_clean_first': False, 'cmake_force_configure': False, 'cmake_target': None, 'cmake_target_skip_unavailable': False, 'install_base': '/home/kivaan123/Turtlebot3-Wall-Follower/install/turtlebot3_simulations', 'merge_install': False, 'path': '/home/kivaan123/Turtlebot3-Wall-Follower/turtlebot3_simulations', 'symlink_install': True, 'test_result_base': None}
[0.248s] INFO:colcon.colcon_core.executor:Executing jobs using 'parallel' executor
[0.248s] DEBUG:colcon.colcon_parallel_executor.executor.parallel:run_until_complete
[0.248s] INFO:colcon.colcon_ros.task.ament_cmake.build:Building ROS package in '/home/kivaan123/Turtlebot3-Wall-Follower/turtlebot3_fake_node' with build type 'ament_cmake'
[0.249s] INFO:colcon.colcon_cmake.task.cmake.build:Building CMake package in '/home/kivaan123/Turtlebot3-Wall-Follower/turtlebot3_fake_node'
[0.250s] INFO:colcon.colcon_core.plugin_system:Skipping extension 'colcon_core.shell.bat': Not used on non-Windows systems
[0.250s] INFO:colcon.colcon_core.shell:Skip shell extension 'powershell' for command environment: Not usable outside of PowerShell
[0.250s] DEBUG:colcon.colcon_core.shell:Skip shell extension 'dsv' for command environment
[0.252s] INFO:colcon.colcon_ros.task.ament_cmake.build:Building ROS package in '/home/kivaan123/Turtlebot3-Wall-Follower/turtlebot3_gazebo' with build type 'ament_cmake'
[0.252s] INFO:colcon.colcon_cmake.task.cmake.build:Building CMake package in '/home/kivaan123/Turtlebot3-Wall-Follower/turtlebot3_gazebo'
[0.253s] INFO:colcon.colcon_core.shell:Skip shell extension 'powershell' for command environment: Not usable outside of PowerShell
[0.253s] DEBUG:colcon.colcon_core.shell:Skip shell extension 'dsv' for command environment
[0.258s] DEBUG:colcon.colcon_core.event_handler.log_command:Invoking command in '/home/kivaan123/Turtlebot3-Wall-Follower/build/turtlebot3_fake_node': CMAKE_PREFIX_PATH=${CMAKE_PREFIX_PATH}:/opt/ros/humble /usr/bin/cmake --build /home/kivaan123/Turtlebot3-Wall-Follower/build/turtlebot3_fake_node -- -j16 -l16
[0.260s] DEBUG:colcon.colcon_core.event_handler.log_command:Invoking command in '/home/kivaan123/Turtlebot3-Wall-Follower/build/turtlebot3_gazebo': CMAKE_PREFIX_PATH=${CMAKE_PREFIX_PATH}:/opt/ros/humble /usr/bin/cmake --build /home/kivaan123/Turtlebot3-Wall-Follower/build/turtlebot3_gazebo -- -j16 -l16
[0.318s] DEBUG:colcon.colcon_core.event_handler.log_command:Invoked command in '/home/kivaan123/Turtlebot3-Wall-Follower/build/turtlebot3_fake_node' returned '0': CMAKE_PREFIX_PATH=${CMAKE_PREFIX_PATH}:/opt/ros/humble /usr/bin/cmake --build /home/kivaan123/Turtlebot3-Wall-Follower/build/turtlebot3_fake_node -- -j16 -l16
[0.335s] DEBUG:colcon.colcon_core.event_handler.log_command:Invoked command in '/home/kivaan123/Turtlebot3-Wall-Follower/build/turtlebot3_gazebo' returned '0': CMAKE_PREFIX_PATH=${CMAKE_PREFIX_PATH}:/opt/ros/humble /usr/bin/cmake --build /home/kivaan123/Turtlebot3-Wall-Follower/build/turtlebot3_gazebo -- -j16 -l16
[0.348s] DEBUG:colcon.colcon_core.event_handler.log_command:Invoking command in '/home/kivaan123/Turtlebot3-Wall-Follower/build/turtlebot3_fake_node': CMAKE_PREFIX_PATH=${CMAKE_PREFIX_PATH}:/opt/ros/humble /usr/bin/cmake --install /home/kivaan123/Turtlebot3-Wall-Follower/build/turtlebot3_fake_node
[0.363s] Level 1:colcon.colcon_core.environment:create_environment_scripts_only(turtlebot3_fake_node)
[0.364s] DEBUG:colcon.colcon_core.event_handler.log_command:Invoked command in '/home/kivaan123/Turtlebot3-Wall-Follower/build/turtlebot3_fake_node' returned '0': CMAKE_PREFIX_PATH=${CMAKE_PREFIX_PATH}:/opt/ros/humble /usr/bin/cmake --install /home/kivaan123/Turtlebot3-Wall-Follower/build/turtlebot3_fake_node
[0.365s] Level 1:colcon.colcon_core.environment:checking '/home/kivaan123/Turtlebot3-Wall-Follower/install/turtlebot3_fake_node' for CMake module files
[0.366s] Level 1:colcon.colcon_core.environment:checking '/home/kivaan123/Turtlebot3-Wall-Follower/install/turtlebot3_fake_node' for CMake config files
[0.366s] Level 1:colcon.colcon_core.shell:create_environment_hook('turtlebot3_fake_node', 'cmake_prefix_path')
[0.366s] INFO:colcon.colcon_core.shell:Creating environment hook '/home/kivaan123/Turtlebot3-Wall-Follower/install/turtlebot3_fake_node/share/turtlebot3_fake_node/hook/cmake_prefix_path.ps1'
[0.366s] INFO:colcon.colcon_core.shell:Creating environment descriptor '/home/kivaan123/Turtlebot3-Wall-Follower/install/turtlebot3_fake_node/share/turtlebot3_fake_node/hook/cmake_prefix_path.dsv'
[0.367s] INFO:colcon.colcon_core.shell:Creating environment hook '/home/kivaan123/Turtlebot3-Wall-Follower/install/turtlebot3_fake_node/share/turtlebot3_fake_node/hook/cmake_prefix_path.sh'
[0.367s] Level 1:colcon.colcon_core.environment:checking '/home/kivaan123/Turtlebot3-Wall-Follower/install/turtlebot3_fake_node/lib'
[0.368s] Level 1:colcon.colcon_core.environment:checking '/home/kivaan123/Turtlebot3-Wall-Follower/install/turtlebot3_fake_node/bin'
[0.368s] Level 1:colcon.colcon_core.environment:checking '/home/kivaan123/Turtlebot3-Wall-Follower/install/turtlebot3_fake_node/lib/pkgconfig/turtlebot3_fake_node.pc'
[0.368s] Level 1:colcon.colcon_core.environment:checking '/home/kivaan123/Turtlebot3-Wall-Follower/install/turtlebot3_fake_node/lib/python3.10/site-packages'
[0.368s] Level 1:colcon.colcon_core.environment:checking '/home/kivaan123/Turtlebot3-Wall-Follower/install/turtlebot3_fake_node/bin'
[0.368s] INFO:colcon.colcon_core.shell:Creating package script '/home/kivaan123/Turtlebot3-Wall-Follower/install/turtlebot3_fake_node/share/turtlebot3_fake_node/package.ps1'
[0.369s] INFO:colcon.colcon_core.shell:Creating package descriptor '/home/kivaan123/Turtlebot3-Wall-Follower/install/turtlebot3_fake_node/share/turtlebot3_fake_node/package.dsv'
[0.369s] INFO:colcon.colcon_core.shell:Creating package script '/home/kivaan123/Turtlebot3-Wall-Follower/install/turtlebot3_fake_node/share/turtlebot3_fake_node/package.sh'
[0.370s] INFO:colcon.colcon_core.shell:Creating package script '/home/kivaan123/Turtlebot3-Wall-Follower/install/turtlebot3_fake_node/share/turtlebot3_fake_node/package.bash'
[0.371s] INFO:colcon.colcon_core.shell:Creating package script '/home/kivaan123/Turtlebot3-Wall-Follower/install/turtlebot3_fake_node/share/turtlebot3_fake_node/package.zsh'
[0.371s] Level 1:colcon.colcon_core.environment:create_file_with_runtime_dependencies(/home/kivaan123/Turtlebot3-Wall-Follower/install/turtlebot3_fake_node/share/colcon-core/packages/turtlebot3_fake_node)
[0.373s] DEBUG:colcon.colcon_core.event_handler.log_command:Invoking command in '/home/kivaan123/Turtlebot3-Wall-Follower/build/turtlebot3_gazebo': CMAKE_PREFIX_PATH=${CMAKE_PREFIX_PATH}:/opt/ros/humble /usr/bin/cmake --install /home/kivaan123/Turtlebot3-Wall-Follower/build/turtlebot3_gazebo
[0.390s] Level 1:colcon.colcon_core.environment:create_environment_scripts_only(turtlebot3_gazebo)
[0.391s] Level 1:colcon.colcon_core.environment:checking '/home/kivaan123/Turtlebot3-Wall-Follower/install/turtlebot3_gazebo' for CMake module files
[0.391s] DEBUG:colcon.colcon_core.event_handler.log_command:Invoked command in '/home/kivaan123/Turtlebot3-Wall-Follower/build/turtlebot3_gazebo' returned '0': CMAKE_PREFIX_PATH=${CMAKE_PREFIX_PATH}:/opt/ros/humble /usr/bin/cmake --install /home/kivaan123/Turtlebot3-Wall-Follower/build/turtlebot3_gazebo
[0.391s] Level 1:colcon.colcon_core.environment:checking '/home/kivaan123/Turtlebot3-Wall-Follower/install/turtlebot3_gazebo' for CMake config files
[0.392s] Level 1:colcon.colcon_core.shell:create_environment_hook('turtlebot3_gazebo', 'cmake_prefix_path')
[0.392s] INFO:colcon.colcon_core.shell:Creating environment hook '/home/kivaan123/Turtlebot3-Wall-Follower/install/turtlebot3_gazebo/share/turtlebot3_gazebo/hook/cmake_prefix_path.ps1'
[0.392s] INFO:colcon.colcon_core.shell:Creating environment descriptor '/home/kivaan123/Turtlebot3-Wall-Follower/install/turtlebot3_gazebo/share/turtlebot3_gazebo/hook/cmake_prefix_path.dsv'
[0.392s] INFO:colcon.colcon_core.shell:Creating environment hook '/home/kivaan123/Turtlebot3-Wall-Follower/install/turtlebot3_gazebo/share/turtlebot3_gazebo/hook/cmake_prefix_path.sh'
[0.393s] Level 1:colcon.colcon_core.environment:checking '/home/kivaan123/Turtlebot3-Wall-Follower/install/turtlebot3_gazebo/lib'
[0.393s] Level 1:colcon.colcon_core.environment:checking '/home/kivaan123/Turtlebot3-Wall-Follower/install/turtlebot3_gazebo/bin'
[0.393s] Level 1:colcon.colcon_core.environment:checking '/home/kivaan123/Turtlebot3-Wall-Follower/install/turtlebot3_gazebo/lib/pkgconfig/turtlebot3_gazebo.pc'
[0.393s] Level 1:colcon.colcon_core.environment:checking '/home/kivaan123/Turtlebot3-Wall-Follower/install/turtlebot3_gazebo/lib/python3.10/site-packages'
[0.393s] Level 1:colcon.colcon_core.environment:checking '/home/kivaan123/Turtlebot3-Wall-Follower/install/turtlebot3_gazebo/bin'
[0.393s] INFO:colcon.colcon_core.shell:Creating package script '/home/kivaan123/Turtlebot3-Wall-Follower/install/turtlebot3_gazebo/share/turtlebot3_gazebo/package.ps1'
[0.393s] INFO:colcon.colcon_core.shell:Creating package descriptor '/home/kivaan123/Turtlebot3-Wall-Follower/install/turtlebot3_gazebo/share/turtlebot3_gazebo/package.dsv'
[0.394s] INFO:colcon.colcon_core.shell:Creating package script '/home/kivaan123/Turtlebot3-Wall-Follower/install/turtlebot3_gazebo/share/turtlebot3_gazebo/package.sh'
[0.394s] INFO:colcon.colcon_core.shell:Creating package script '/home/kivaan123/Turtlebot3-Wall-Follower/install/turtlebot3_gazebo/share/turtlebot3_gazebo/package.bash'
[0.394s] INFO:colcon.colcon_core.shell:Creating package script '/home/kivaan123/Turtlebot3-Wall-Follower/install/turtlebot3_gazebo/share/turtlebot3_gazebo/package.zsh'
[0.394s] Level 1:colcon.colcon_core.environment:create_file_with_runtime_dependencies(/home/kivaan123/Turtlebot3-Wall-Follower/install/turtlebot3_gazebo/share/colcon-core/packages/turtlebot3_gazebo)
[0.395s] Level 1:colcon.colcon_core.environment:create_environment_scripts_only(turtlebot3_fake_node)
[0.395s] Level 1:colcon.colcon_core.environment:checking '/home/kivaan123/Turtlebot3-Wall-Follower/install/turtlebot3_fake_node' for CMake module files
[0.396s] Level 1:colcon.colcon_core.environment:checking '/home/kivaan123/Turtlebot3-Wall-Follower/install/turtlebot3_fake_node' for CMake config files
[0.396s] Level 1:colcon.colcon_core.shell:create_environment_hook('turtlebot3_fake_node', 'cmake_prefix_path')
[0.396s] INFO:colcon.colcon_core.shell:Creating environment hook '/home/kivaan123/Turtlebot3-Wall-Follower/install/turtlebot3_fake_node/share/turtlebot3_fake_node/hook/cmake_prefix_path.ps1'
[0.396s] INFO:colcon.colcon_core.shell:Creating environment descriptor '/home/kivaan123/Turtlebot3-Wall-Follower/install/turtlebot3_fake_node/share/turtlebot3_fake_node/hook/cmake_prefix_path.dsv'
[0.396s] INFO:colcon.colcon_core.shell:Creating environment hook '/home/kivaan123/Turtlebot3-Wall-Follower/install/turtlebot3_fake_node/share/turtlebot3_fake_node/hook/cmake_prefix_path.sh'
[0.397s] Level 1:colcon.colcon_core.environment:checking '/home/kivaan123/Turtlebot3-Wall-Follower/install/turtlebot3_fake_node/lib'
[0.397s] Level 1:colcon.colcon_core.environment:checking '/home/kivaan123/Turtlebot3-Wall-Follower/install/turtlebot3_fake_node/bin'
[0.397s] Level 1:colcon.colcon_core.environment:checking '/home/kivaan123/Turtlebot3-Wall-Follower/install/turtlebot3_fake_node/lib/pkgconfig/turtlebot3_fake_node.pc'
[0.397s] Level 1:colcon.colcon_core.environment:checking '/home/kivaan123/Turtlebot3-Wall-Follower/install/turtlebot3_fake_node/lib/python3.10/site-packages'
[0.397s] Level 1:colcon.colcon_core.environment:checking '/home/kivaan123/Turtlebot3-Wall-Follower/install/turtlebot3_fake_node/bin'
[0.397s] INFO:colcon.colcon_core.shell:Creating package script '/home/kivaan123/Turtlebot3-Wall-Follower/install/turtlebot3_fake_node/share/turtlebot3_fake_node/package.ps1'
[0.397s] INFO:colcon.colcon_core.shell:Creating package descriptor '/home/kivaan123/Turtlebot3-Wall-Follower/install/turtlebot3_fake_node/share/turtlebot3_fake_node/package.dsv'
[0.398s] INFO:colcon.colcon_core.shell:Creating package script '/home/kivaan123/Turtlebot3-Wall-Follower/install/turtlebot3_fake_node/share/turtlebot3_fake_node/package.sh'
[0.398s] INFO:colcon.colcon_core.shell:Creating package script '/home/kivaan123/Turtlebot3-Wall-Follower/install/turtlebot3_fake_node/share/turtlebot3_fake_node/package.bash'
[0.398s] INFO:colcon.colcon_core.shell:Creating package script '/home/kivaan123/Turtlebot3-Wall-Follower/install/turtlebot3_fake_node/share/turtlebot3_fake_node/package.zsh'
[0.398s] Level 1:colcon.colcon_core.environment:create_file_with_runtime_dependencies(/home/kivaan123/Turtlebot3-Wall-Follower/install/turtlebot3_fake_node/share/colcon-core/packages/turtlebot3_fake_node)
[0.430s] Level 1:colcon.colcon_core.environment:create_environment_scripts_only(turtlebot3_gazebo)
[0.431s] Level 1:colcon.colcon_core.environment:checking '/home/kivaan123/Turtlebot3-Wall-Follower/install/turtlebot3_gazebo' for CMake module files
[0.431s] Level 1:colcon.colcon_core.environment:checking '/home/kivaan123/Turtlebot3-Wall-Follower/install/turtlebot3_gazebo' for CMake config files
[0.433s] Level 1:colcon.colcon_core.shell:create_environment_hook('turtlebot3_gazebo', 'cmake_prefix_path')
[0.433s] INFO:colcon.colcon_core.shell:Creating environment hook '/home/kivaan123/Turtlebot3-Wall-Follower/install/turtlebot3_gazebo/share/turtlebot3_gazebo/hook/cmake_prefix_path.ps1'
[0.434s] INFO:colcon.colcon_core.shell:Creating environment descriptor '/home/kivaan123/Turtlebot3-Wall-Follower/install/turtlebot3_gazebo/share/turtlebot3_gazebo/hook/cmake_prefix_path.dsv'
[0.435s] INFO:colcon.colcon_core.shell:Creating environment hook '/home/kivaan123/Turtlebot3-Wall-Follower/install/turtlebot3_gazebo/share/turtlebot3_gazebo/hook/cmake_prefix_path.sh'
[0.436s] Level 1:colcon.colcon_core.environment:checking '/home/kivaan123/Turtlebot3-Wall-Follower/install/turtlebot3_gazebo/lib'
[0.436s] Level 1:colcon.colcon_core.environment:checking '/home/kivaan123/Turtlebot3-Wall-Follower/install/turtlebot3_gazebo/bin'
[0.436s] Level 1:colcon.colcon_core.environment:checking '/home/kivaan123/Turtlebot3-Wall-Follower/install/turtlebot3_gazebo/lib/pkgconfig/turtlebot3_gazebo.pc'
[0.437s] Level 1:colcon.colcon_core.environment:checking '/home/kivaan123/Turtlebot3-Wall-Follower/install/turtlebot3_gazebo/lib/python3.10/site-packages'
[0.437s] Level 1:colcon.colcon_core.environment:checking '/home/kivaan123/Turtlebot3-Wall-Follower/install/turtlebot3_gazebo/bin'
[0.438s] INFO:colcon.colcon_core.shell:Creating package script '/home/kivaan123/Turtlebot3-Wall-Follower/install/turtlebot3_gazebo/share/turtlebot3_gazebo/package.ps1'
[0.439s] INFO:colcon.colcon_core.shell:Creating package descriptor '/home/kivaan123/Turtlebot3-Wall-Follower/install/turtlebot3_gazebo/share/turtlebot3_gazebo/package.dsv'
[0.440s] INFO:colcon.colcon_core.shell:Creating package script '/home/kivaan123/Turtlebot3-Wall-Follower/install/turtlebot3_gazebo/share/turtlebot3_gazebo/package.sh'
[0.441s] INFO:colcon.colcon_core.shell:Creating package script '/home/kivaan123/Turtlebot3-Wall-Follower/install/turtlebot3_gazebo/share/turtlebot3_gazebo/package.bash'
[0.442s] INFO:colcon.colcon_core.shell:Creating package script '/home/kivaan123/Turtlebot3-Wall-Follower/install/turtlebot3_gazebo/share/turtlebot3_gazebo/package.zsh'
[0.442s] Level 1:colcon.colcon_core.environment:create_file_with_runtime_dependencies(/home/kivaan123/Turtlebot3-Wall-Follower/install/turtlebot3_gazebo/share/colcon-core/packages/turtlebot3_gazebo)
[0.443s] INFO:colcon.colcon_ros.task.ament_cmake.build:Building ROS package in '/home/kivaan123/Turtlebot3-Wall-Follower/turtlebot3_simulations' with build type 'ament_cmake'
[0.444s] INFO:colcon.colcon_cmake.task.cmake.build:Building CMake package in '/home/kivaan123/Turtlebot3-Wall-Follower/turtlebot3_simulations'
[0.444s] INFO:colcon.colcon_core.shell:Skip shell extension 'powershell' for command environment: Not usable outside of PowerShell
[0.445s] DEBUG:colcon.colcon_core.shell:Skip shell extension 'dsv' for command environment
[0.462s] DEBUG:colcon.colcon_core.event_handler.log_command:Invoking command in '/home/kivaan123/Turtlebot3-Wall-Follower/build/turtlebot3_simulations': CMAKE_PREFIX_PATH=/home/kivaan123/Turtlebot3-Wall-Follower/install/turtlebot3_gazebo:/home/kivaan123/Turtlebot3-Wall-Follower/install/turtlebot3_fake_node:/home/kivaan123/Turtlebot3-Wall-Follower/install/turtlebot3_simulations:/opt/ros/humble /usr/bin/cmake --build /home/kivaan123/Turtlebot3-Wall-Follower/build/turtlebot3_simulations -- -j16 -l16
[0.566s] DEBUG:colcon.colcon_core.event_handler.log_command:Invoked command in '/home/kivaan123/Turtlebot3-Wall-Follower/build/turtlebot3_simulations' returned '0': CMAKE_PREFIX_PATH=/home/kivaan123/Turtlebot3-Wall-Follower/install/turtlebot3_gazebo:/home/kivaan123/Turtlebot3-Wall-Follower/install/turtlebot3_fake_node:/home/kivaan123/Turtlebot3-Wall-Follower/install/turtlebot3_simulations:/opt/ros/humble /usr/bin/cmake --build /home/kivaan123/Turtlebot3-Wall-Follower/build/turtlebot3_simulations -- -j16 -l16
[0.601s] DEBUG:colcon.colcon_core.event_handler.log_command:Invoking command in '/home/kivaan123/Turtlebot3-Wall-Follower/build/turtlebot3_simulations': CMAKE_PREFIX_PATH=/home/kivaan123/Turtlebot3-Wall-Follower/install/turtlebot3_gazebo:/home/kivaan123/Turtlebot3-Wall-Follower/install/turtlebot3_fake_node:/home/kivaan123/Turtlebot3-Wall-Follower/install/turtlebot3_simulations:/opt/ros/humble /usr/bin/cmake --install /home/kivaan123/Turtlebot3-Wall-Follower/build/turtlebot3_simulations
[0.618s] Level 1:colcon.colcon_core.environment:create_environment_scripts_only(turtlebot3_simulations)
[0.618s] Level 1:colcon.colcon_core.environment:checking '/home/kivaan123/Turtlebot3-Wall-Follower/install/turtlebot3_simulations' for CMake module files
[0.618s] DEBUG:colcon.colcon_core.event_handler.log_command:Invoked command in '/home/kivaan123/Turtlebot3-Wall-Follower/build/turtlebot3_simulations' returned '0': CMAKE_PREFIX_PATH=/home/kivaan123/Turtlebot3-Wall-Follower/install/turtlebot3_gazebo:/home/kivaan123/Turtlebot3-Wall-Follower/install/turtlebot3_fake_node:/home/kivaan123/Turtlebot3-Wall-Follower/install/turtlebot3_simulations:/opt/ros/humble /usr/bin/cmake --install /home/kivaan123/Turtlebot3-Wall-Follower/build/turtlebot3_simulations
[0.618s] Level 1:colcon.colcon_core.environment:checking '/home/kivaan123/Turtlebot3-Wall-Follower/install/turtlebot3_simulations' for CMake config files
[0.618s] Level 1:colcon.colcon_core.shell:create_environment_hook('turtlebot3_simulations', 'cmake_prefix_path')
[0.619s] INFO:colcon.colcon_core.shell:Creating environment hook '/home/kivaan123/Turtlebot3-Wall-Follower/install/turtlebot3_simulations/share/turtlebot3_simulations/hook/cmake_prefix_path.ps1'
[0.619s] INFO:colcon.colcon_core.shell:Creating environment descriptor '/home/kivaan123/Turtlebot3-Wall-Follower/install/turtlebot3_simulations/share/turtlebot3_simulations/hook/cmake_prefix_path.dsv'
[0.619s] INFO:colcon.colcon_core.shell:Creating environment hook '/home/kivaan123/Turtlebot3-Wall-Follower/install/turtlebot3_simulations/share/turtlebot3_simulations/hook/cmake_prefix_path.sh'
[0.619s] Level 1:colcon.colcon_core.environment:checking '/home/kivaan123/Turtlebot3-Wall-Follower/install/turtlebot3_simulations/bin'
[0.619s] Level 1:colcon.colcon_core.environment:checking '/home/kivaan123/Turtlebot3-Wall-Follower/install/turtlebot3_simulations/lib/pkgconfig/turtlebot3_simulations.pc'
[0.620s] Level 1:colcon.colcon_core.environment:checking '/home/kivaan123/Turtlebot3-Wall-Follower/install/turtlebot3_simulations/lib/python3.10/site-packages'
[0.620s] Level 1:colcon.colcon_core.environment:checking '/home/kivaan123/Turtlebot3-Wall-Follower/install/turtlebot3_simulations/bin'
[0.620s] INFO:colcon.colcon_core.shell:Creating package script '/home/kivaan123/Turtlebot3-Wall-Follower/install/turtlebot3_simulations/share/turtlebot3_simulations/package.ps1'
[0.620s] INFO:colcon.colcon_core.shell:Creating package descriptor '/home/kivaan123/Turtlebot3-Wall-Follower/install/turtlebot3_simulations/share/turtlebot3_simulations/package.dsv'
[0.620s] INFO:colcon.colcon_core.shell:Creating package script '/home/kivaan123/Turtlebot3-Wall-Follower/install/turtlebot3_simulations/share/turtlebot3_simulations/package.sh'
[0.620s] INFO:colcon.colcon_core.shell:Creating package script '/home/kivaan123/Turtlebot3-Wall-Follower/install/turtlebot3_simulations/share/turtlebot3_simulations/package.bash'
[0.621s] INFO:colcon.colcon_core.shell:Creating package script '/home/kivaan123/Turtlebot3-Wall-Follower/install/turtlebot3_simulations/share/turtlebot3_simulations/package.zsh'
[0.621s] Level 1:colcon.colcon_core.environment:create_file_with_runtime_dependencies(/home/kivaan123/Turtlebot3-Wall-Follower/install/turtlebot3_simulations/share/colcon-core/packages/turtlebot3_simulations)
[0.641s] Level 1:colcon.colcon_core.environment:create_environment_scripts_only(turtlebot3_simulations)
[0.641s] Level 1:colcon.colcon_core.environment:checking '/home/kivaan123/Turtlebot3-Wall-Follower/install/turtlebot3_simulations' for CMake module files
[0.642s] Level 1:colcon.colcon_core.environment:checking '/home/kivaan123/Turtlebot3-Wall-Follower/install/turtlebot3_simulations' for CMake config files
[0.642s] Level 1:colcon.colcon_core.shell:create_environment_hook('turtlebot3_simulations', 'cmake_prefix_path')
[0.642s] INFO:colcon.colcon_core.shell:Creating environment hook '/home/kivaan123/Turtlebot3-Wall-Follower/install/turtlebot3_simulations/share/turtlebot3_simulations/hook/cmake_prefix_path.ps1'
[0.643s] INFO:colcon.colcon_core.shell:Creating environment descriptor '/home/kivaan123/Turtlebot3-Wall-Follower/install/turtlebot3_simulations/share/turtlebot3_simulations/hook/cmake_prefix_path.dsv'
[0.643s] INFO:colcon.colcon_core.shell:Creating environment hook '/home/kivaan123/Turtlebot3-Wall-Follower/install/turtlebot3_simulations/share/turtlebot3_simulations/hook/cmake_prefix_path.sh'
[0.644s] Level 1:colcon.colcon_core.environment:checking '/home/kivaan123/Turtlebot3-Wall-Follower/install/turtlebot3_simulations/bin'
[0.644s] Level 1:colcon.colcon_core.environment:checking '/home/kivaan123/Turtlebot3-Wall-Follower/install/turtlebot3_simulations/lib/pkgconfig/turtlebot3_simulations.pc'
[0.644s] Level 1:colcon.colcon_core.environment:checking '/home/kivaan123/Turtlebot3-Wall-Follower/install/turtlebot3_simulations/lib/python3.10/site-packages'
[0.644s] Level 1:colcon.colcon_core.environment:checking '/home/kivaan123/Turtlebot3-Wall-Follower/install/turtlebot3_simulations/bin'
[0.645s] INFO:colcon.colcon_core.shell:Creating package script '/home/kivaan123/Turtlebot3-Wall-Follower/install/turtlebot3_simulations/share/turtlebot3_simulations/package.ps1'
[0.645s] INFO:colcon.colcon_core.shell:Creating package descriptor '/home/kivaan123/Turtlebot3-Wall-Follower/install/turtlebot3_simulations/share/turtlebot3_simulations/package.dsv'
[0.646s] INFO:colcon.colcon_core.shell:Creating package script '/home/kivaan123/Turtlebot3-Wall-Follower/install/turtlebot3_simulations/share/turtlebot3_simulations/package.sh'
[0.646s] INFO:colcon.colcon_core.shell:Creating package script '/home/kivaan123/Turtlebot3-Wall-Follower/install/turtlebot3_simulations/share/turtlebot3_simulations/package.bash'
[0.646s] INFO:colcon.colcon_core.shell:Creating package script '/home/kivaan123/Turtlebot3-Wall-Follower/install/turtlebot3_simulations/share/turtlebot3_simulations/package.zsh'
[0.647s] Level 1:colcon.colcon_core.environment:create_file_with_runtime_dependencies(/home/kivaan123/Turtlebot3-Wall-Follower/install/turtlebot3_simulations/share/colcon-core/packages/turtlebot3_simulations)
[0.647s] DEBUG:colcon.colcon_parallel_executor.executor.parallel:closing loop
[0.647s] DEBUG:colcon.colcon_parallel_executor.executor.parallel:loop closed
[0.647s] DEBUG:colcon.colcon_parallel_executor.executor.parallel:run_until_complete finished with '0'
[0.647s] DEBUG:colcon.colcon_core.event_reactor:joining thread
[0.653s] INFO:colcon.colcon_core.plugin_system:Skipping extension 'colcon_notification.desktop_notification.terminal_notifier': Not used on non-Darwin systems
[0.653s] INFO:colcon.colcon_core.plugin_system:Skipping extension 'colcon_notification.desktop_notification.win32': Not used on non-Windows systems
[0.653s] INFO:colcon.colcon_notification.desktop_notification:Sending desktop notification using 'notify2'
[0.677s] DEBUG:colcon.colcon_core.event_reactor:joined thread
[0.678s] INFO:colcon.colcon_core.shell:Creating prefix script '/home/kivaan123/Turtlebot3-Wall-Follower/install/local_setup.ps1'
[0.679s] INFO:colcon.colcon_core.shell:Creating prefix util module '/home/kivaan123/Turtlebot3-Wall-Follower/install/_local_setup_util_ps1.py'
[0.680s] INFO:colcon.colcon_core.shell:Creating prefix chain script '/home/kivaan123/Turtlebot3-Wall-Follower/install/setup.ps1'
[0.682s] INFO:colcon.colcon_core.shell:Creating prefix script '/home/kivaan123/Turtlebot3-Wall-Follower/install/local_setup.sh'
[0.682s] INFO:colcon.colcon_core.shell:Creating prefix util module '/home/kivaan123/Turtlebot3-Wall-Follower/install/_local_setup_util_sh.py'
[0.683s] INFO:colcon.colcon_core.shell:Creating prefix chain script '/home/kivaan123/Turtlebot3-Wall-Follower/install/setup.sh'
[0.683s] INFO:colcon.colcon_core.shell:Creating prefix script '/home/kivaan123/Turtlebot3-Wall-Follower/install/local_setup.bash'
[0.684s] INFO:colcon.colcon_core.shell:Creating prefix chain script '/home/kivaan123/Turtlebot3-Wall-Follower/install/setup.bash'
[0.685s] INFO:colcon.colcon_core.shell:Creating prefix script '/home/kivaan123/Turtlebot3-Wall-Follower/install/local_setup.zsh'
[0.685s] INFO:colcon.colcon_core.shell:Creating prefix chain script '/home/kivaan123/Turtlebot3-Wall-Follower/install/setup.zsh'
