[01m[K/home/kivaan123/Turtlebot3-Wall-Follower/turtlebot3_gazebo/src/turtlebot3_drive.cpp:[m[K In constructor ‘[01m[KTurtlebot3Drive::Turtlebot3Drive()[m[K’:
[01m[K/home/kivaan123/Turtlebot3-Wall-Follower/turtlebot3_gazebo/src/turtlebot3_drive.cpp:11:26:[m[K [01;31m[Kerror: [m[K‘[01m[Kmake_unique_ptr[m[K’ is not a member of ‘[01m[Kstd[m[K’; did you mean ‘[01m[Kmake_unique[m[K’?
   11 |     lidar_sensor_ = std::[01;31m[Kmake_unique_ptr[m[K<LidarSensor>(this);
      |                          [01;31m[K^~~~~~~~~~~~~~~[m[K
      |                          [32m[Kmake_unique[m[K
[01m[K/home/kivaan123/Turtlebot3-Wall-Follower/turtlebot3_gazebo/src/turtlebot3_drive.cpp:11:53:[m[K [01;31m[Kerror: [m[Kexpected primary-expression before ‘[01m[K>[m[K’ token
   11 |     lidar_sensor_ = std::make_unique_ptr<LidarSensor[01;31m[K>[m[K(this);
      |                                                     [01;31m[K^[m[K
[01m[K/home/kivaan123/Turtlebot3-Wall-Follower/turtlebot3_gazebo/src/turtlebot3_drive.cpp:12:33:[m[K [01;31m[Kerror: [m[K‘[01m[Kmake_unique_ptr[m[K’ is not a member of ‘[01m[Kstd[m[K’; did you mean ‘[01m[Kmake_unique[m[K’?
   12 |     movement_controller_ = std::[01;31m[Kmake_unique_ptr[m[K<MovementController>(this);
      |                                 [01;31m[K^~~~~~~~~~~~~~~[m[K
      |                                 [32m[Kmake_unique[m[K
[01m[K/home/kivaan123/Turtlebot3-Wall-Follower/turtlebot3_gazebo/src/turtlebot3_drive.cpp:12:67:[m[K [01;31m[Kerror: [m[Kexpected primary-expression before ‘[01m[K>[m[K’ token
   12 |     movement_controller_ = std::make_unique_ptr<MovementController[01;31m[K>[m[K(this);
      |                                                                   [01;31m[K^[m[K
[01m[K/home/kivaan123/Turtlebot3-Wall-Follower/turtlebot3_gazebo/src/turtlebot3_drive.cpp:13:30:[m[K [01;31m[Kerror: [m[K‘[01m[Kmake_unique_ptr[m[K’ is not a member of ‘[01m[Kstd[m[K’; did you mean ‘[01m[Kmake_unique[m[K’?
   13 |     camera_processor_ = std::[01;31m[Kmake_unique_ptr[m[K<CameraProcessor>(this);
      |                              [01;31m[K^~~~~~~~~~~~~~~[m[K
      |                              [32m[Kmake_unique[m[K
[01m[K/home/kivaan123/Turtlebot3-Wall-Follower/turtlebot3_gazebo/src/turtlebot3_drive.cpp:13:61:[m[K [01;31m[Kerror: [m[Kexpected primary-expression before ‘[01m[K>[m[K’ token
   13 |     camera_processor_ = std::make_unique_ptr<CameraProcessor[01;31m[K>[m[K(this);
      |                                                             [01;31m[K^[m[K
[01m[K/home/kivaan123/Turtlebot3-Wall-Follower/turtlebot3_gazebo/src/turtlebot3_drive.cpp:14:22:[m[K [01;31m[Kerror: [m[K‘[01m[Kmake_unique_ptr[m[K’ is not a member of ‘[01m[Kstd[m[K’; did you mean ‘[01m[Kmake_unique[m[K’?
   14 |     path_viz_ = std::[01;31m[Kmake_unique_ptr[m[K<PathViz>(this);
      |                      [01;31m[K^~~~~~~~~~~~~~~[m[K
      |                      [32m[Kmake_unique[m[K
[01m[K/home/kivaan123/Turtlebot3-Wall-Follower/turtlebot3_gazebo/src/turtlebot3_drive.cpp:14:45:[m[K [01;31m[Kerror: [m[Kexpected primary-expression before ‘[01m[K>[m[K’ token
   14 |     path_viz_ = std::make_unique_ptr<PathViz[01;31m[K>[m[K(this);
      |                                             [01;31m[K^[m[K
[01m[K/home/kivaan123/Turtlebot3-Wall-Follower/turtlebot3_gazebo/src/turtlebot3_drive.cpp:15:27:[m[K [01;31m[Kerror: [m[K‘[01m[Kmake_unique_ptr[m[K’ is not a member of ‘[01m[Kstd[m[K’; did you mean ‘[01m[Kmake_unique[m[K’?
   15 |     wall_follower_ = std::[01;31m[Kmake_unique_ptr[m[K<WallFollower>(this);
      |                           [01;31m[K^~~~~~~~~~~~~~~[m[K
      |                           [32m[Kmake_unique[m[K
[01m[K/home/kivaan123/Turtlebot3-Wall-Follower/turtlebot3_gazebo/src/turtlebot3_drive.cpp:15:55:[m[K [01;31m[Kerror: [m[Kexpected primary-expression before ‘[01m[K>[m[K’ token
   15 |     wall_follower_ = std::make_unique_ptr<WallFollower[01;31m[K>[m[K(this);
      |                                                       [01;31m[K^[m[K
gmake[2]: *** [CMakeFiles/turtlebot3_drive.dir/build.make:76: CMakeFiles/turtlebot3_drive.dir/src/turtlebot3_drive.cpp.o] Error 1
gmake[1]: *** [CMakeFiles/Makefile2:143: CMakeFiles/turtlebot3_drive.dir/all] Error 2
gmake: *** [Makefile:146: all] Error 2
