[35m[1mConsolidate compiler generated dependencies of target turtlebot3_drive[0m
[ 22%] Built target obstacle1
[ 55%] Built target obstacle2
[ 55%] [32mBuilding CXX object CMakeFiles/turtlebot3_drive.dir/src/turtlebot3_drive.cpp.o[0m
[ 77%] Built target obstacles
[01m[K/home/kivaan123/Turtlebot3-Wall-Follower/turtlebot3_gazebo/src/turtlebot3_drive.cpp:[m[K In constructor ‘[01m[KTurtlebot3Drive::Turtlebot3Drive()[m[K’:
[01m[K/home/kivaan123/Turtlebot3-Wall-Follower/turtlebot3_gazebo/src/turtlebot3_drive.cpp:11:50:[m[K [01;31m[Kerror: [m[Kcannot convert ‘[01m[Kstd::_MakeUniq<LidarSensor>::__single_object[m[K’ {aka ‘[01m[Kstd::unique_ptr<LidarSensor, std::default_delete<LidarSensor> >[m[K’} to ‘[01m[KLidarSensor*[m[K’ in assignment
   11 |     lidar_sensor_ = [01;31m[Kstd::make_unique<LidarSensor>(this)[m[K;
      |                     [01;31m[K~~~~~~~~~~~~~~~~~~~~~~~~~~~~~^~~~~~[m[K
      |                                                  [01;31m[K|[m[K
      |                                                  [01;31m[Kstd::_MakeUniq<LidarSensor>::__single_object {aka std::unique_ptr<LidarSensor, std::default_delete<LidarSensor> >}[m[K
[01m[K/home/kivaan123/Turtlebot3-Wall-Follower/turtlebot3_gazebo/src/turtlebot3_drive.cpp:12:64:[m[K [01;31m[Kerror: [m[Kcannot convert ‘[01m[Kstd::_MakeUniq<MovementController>::__single_object[m[K’ {aka ‘[01m[Kstd::unique_ptr<MovementController, std::default_delete<MovementController> >[m[K’} to ‘[01m[KMovementController*[m[K’ in assignment
   12 |     movement_controller_ = [01;31m[Kstd::make_unique<MovementController>(this)[m[K;
      |                            [01;31m[K~~~~~~~~~~~~~~~~~~~~~~~~~~~~~~~~~~~~^~~~~~[m[K
      |                                                                [01;31m[K|[m[K
      |                                                                [01;31m[Kstd::_MakeUniq<MovementController>::__single_object {aka std::unique_ptr<MovementController, std::default_delete<MovementController> >}[m[K
[01m[K/home/kivaan123/Turtlebot3-Wall-Follower/turtlebot3_gazebo/src/turtlebot3_drive.cpp:13:58:[m[K [01;31m[Kerror: [m[Kcannot convert ‘[01m[Kstd::_MakeUniq<CameraProcessor>::__single_object[m[K’ {aka ‘[01m[Kstd::unique_ptr<CameraProcessor, std::default_delete<CameraProcessor> >[m[K’} to ‘[01m[KCameraProcessor*[m[K’ in assignment
   13 |     camera_processor_ = [01;31m[Kstd::make_unique<CameraProcessor>(this)[m[K;
      |                         [01;31m[K~~~~~~~~~~~~~~~~~~~~~~~~~~~~~~~~~^~~~~~[m[K
      |                                                          [01;31m[K|[m[K
      |                                                          [01;31m[Kstd::_MakeUniq<CameraProcessor>::__single_object {aka std::unique_ptr<CameraProcessor, std::default_delete<CameraProcessor> >}[m[K
[01m[K/home/kivaan123/Turtlebot3-Wall-Follower/turtlebot3_gazebo/src/turtlebot3_drive.cpp:14:42:[m[K [01;31m[Kerror: [m[Kcannot convert ‘[01m[Kstd::_MakeUniq<PathViz>::__single_object[m[K’ {aka ‘[01m[Kstd::unique_ptr<PathViz, std::default_delete<PathViz> >[m[K’} to ‘[01m[KPathViz*[m[K’ in assignment
   14 |     path_viz_ = [01;31m[Kstd::make_unique<PathViz>(this)[m[K;
      |                 [01;31m[K~~~~~~~~~~~~~~~~~~~~~~~~~^~~~~~[m[K
      |                                          [01;31m[K|[m[K
      |                                          [01;31m[Kstd::_MakeUniq<PathViz>::__single_object {aka std::unique_ptr<PathViz, std::default_delete<PathViz> >}[m[K
[01m[K/home/kivaan123/Turtlebot3-Wall-Follower/turtlebot3_gazebo/src/turtlebot3_drive.cpp:15:52:[m[K [01;31m[Kerror: [m[Kcannot convert ‘[01m[Kstd::_MakeUniq<WallFollower>::__single_object[m[K’ {aka ‘[01m[Kstd::unique_ptr<WallFollower, std::default_delete<WallFollower> >[m[K’} to ‘[01m[KWallFollower*[m[K’ in assignment
   15 |     wall_follower_ = [01;31m[Kstd::make_unique<WallFollower>(this)[m[K;
      |                      [01;31m[K~~~~~~~~~~~~~~~~~~~~~~~~~~~~~~^~~~~~[m[K
      |                                                    [01;31m[K|[m[K
      |                                                    [01;31m[Kstd::_MakeUniq<WallFollower>::__single_object {aka std::unique_ptr<WallFollower, std::default_delete<WallFollower> >}[m[K
In file included from [01m[K/usr/include/c++/11/memory:76[m[K,
                 from [01m[K/opt/ros/humble/include/rclcpp/rclcpp/rclcpp.hpp:153[m[K,
                 from [01m[K/home/kivaan123/Turtlebot3-Wall-Follower/turtlebot3_gazebo/include/turtlebot3_gazebo/turtlebot3_drive.hpp:4[m[K,
                 from [01m[K/home/kivaan123/Turtlebot3-Wall-Follower/turtlebot3_gazebo/src/turtlebot3_drive.cpp:1[m[K:
/usr/include/c++/11/bits/unique_ptr.h: In instantiation of ‘[01m[Ktypename std::_MakeUniq<_Tp>::__single_object std::make_unique(_Args&& ...) [with _Tp = WallFollower; _Args = {Turtlebot3Drive*}; typename std::_MakeUniq<_Tp>::__single_object = std::unique_ptr<WallFollower, std::default_delete<WallFollower> >][m[K’:
[01m[K/home/kivaan123/Turtlebot3-Wall-Follower/turtlebot3_gazebo/src/turtlebot3_drive.cpp:15:52:[m[K   required from here
[01m[K/usr/include/c++/11/bits/unique_ptr.h:962:30:[m[K [01;31m[Kerror: [m[Kno matching function for call to ‘[01m[KWallFollower::WallFollower(Turtlebot3Drive*)[m[K’
  962 |     { return unique_ptr<_Tp>([01;31m[Knew _Tp(std::forward<_Args>(__args)...)[m[K); }
      |                              [01;31m[K^~~~~~~~~~~~~~~~~~~~~~~~~~~~~~~~~~~~~~~[m[K
In file included from [01m[K/home/kivaan123/Turtlebot3-Wall-Follower/turtlebot3_gazebo/include/turtlebot3_gazebo/turtlebot3_drive.hpp:9[m[K,
                 from [01m[K/home/kivaan123/Turtlebot3-Wall-Follower/turtlebot3_gazebo/src/turtlebot3_drive.cpp:1[m[K:
[01m[K/home/kivaan123/Turtlebot3-Wall-Follower/turtlebot3_gazebo/include/turtlebot3_gazebo/WallFollower.hpp:12:9:[m[K [01;36m[Knote: [m[Kcandidate: ‘[01m[KWallFollower::WallFollower(rclcpp::Node*, LidarSensor*, MovementController*, CameraProcessor*)[m[K’
   12 |         [01;36m[KWallFollower[m[K(rclcpp::Node* node,
      |         [01;36m[K^~~~~~~~~~~~[m[K
[01m[K/home/kivaan123/Turtlebot3-Wall-Follower/turtlebot3_gazebo/include/turtlebot3_gazebo/WallFollower.hpp:12:9:[m[K [01;36m[Knote: [m[K  candidate expects 4 arguments, 1 provided
[01m[K/home/kivaan123/Turtlebot3-Wall-Follower/turtlebot3_gazebo/include/turtlebot3_gazebo/WallFollower.hpp:9:7:[m[K [01;36m[Knote: [m[Kcandidate: ‘[01m[Kconstexpr WallFollower::WallFollower(const WallFollower&)[m[K’
    9 | class [01;36m[KWallFollower[m[K
      |       [01;36m[K^~~~~~~~~~~~[m[K
[01m[K/home/kivaan123/Turtlebot3-Wall-Follower/turtlebot3_gazebo/include/turtlebot3_gazebo/WallFollower.hpp:9:7:[m[K [01;36m[Knote: [m[K  no known conversion for argument 1 from ‘[01m[KTurtlebot3Drive*[m[K’ to ‘[01m[Kconst WallFollower&[m[K’
gmake[2]: *** [CMakeFiles/turtlebot3_drive.dir/build.make:76: CMakeFiles/turtlebot3_drive.dir/src/turtlebot3_drive.cpp.o] Error 1
gmake[1]: *** [CMakeFiles/Makefile2:143: CMakeFiles/turtlebot3_drive.dir/all] Error 2
gmake: *** [Makefile:146: all] Error 2
