[0.010s] Invoking command in '/home/kivaan123/Turtlebot3-Wall-Follower/build/turtlebot3_gazebo': CMAKE_PREFIX_PATH=${CMAKE_PREFIX_PATH}:/opt/ros/humble /usr/bin/cmake --build /home/kivaan123/Turtlebot3-Wall-Follower/build/turtlebot3_gazebo -- -j16 -l16
[0.051s] [35m[1mConsolidate compiler generated dependencies of target turtlebot3_drive[0m
[0.075s] [ 16%] Built target obstacle1
[0.075s] [ 33%] Built target obstacle2
[0.078s] [ 50%] Built target obstacles
[0.078s] [ 58%] [32mBuilding CXX object CMakeFiles/turtlebot3_drive.dir/src/turtlebot3_drive.cpp.o[0m
[1.524s] [01m[K/home/kivaan123/Turtlebot3-Wall-Follower/turtlebot3_gazebo/src/turtlebot3_drive.cpp:[m[K In constructor ‘[01m[KTurtlebot3Drive::Turtlebot3Drive()[m[K’:
[1.524s] [01m[K/home/kivaan123/Turtlebot3-Wall-Follower/turtlebot3_gazebo/src/turtlebot3_drive.cpp:27:32:[m[K [01;31m[Kerror: [m[Krequest for member ‘[01m[Kshared_from_this[m[K’ is ambiguous
[1.524s]    27 |     movement_controller_(this->[01;31m[Kshared_from_this[m[K()), // Pass shared_ptr to MovementController
[1.524s]       |                                [01;31m[K^~~~~~~~~~~~~~~~[m[K
[1.524s] In file included from [01m[K/usr/include/c++/11/memory:77[m[K,
[1.524s]                  from [01m[K/opt/ros/humble/include/geometry_msgs/geometry_msgs/msg/detail/twist__struct.hpp:10[m[K,
[1.524s]                  from [01m[K/opt/ros/humble/include/geometry_msgs/geometry_msgs/msg/twist.hpp:7[m[K,
[1.524s]                  from [01m[K/home/kivaan123/Turtlebot3-Wall-Follower/turtlebot3_gazebo/src/turtlebot3_drive.cpp:2[m[K:
[1.525s] [01m[K/usr/include/c++/11/bits/shared_ptr.h:811:7:[m[K [01;36m[Knote: [m[Kcandidates are: ‘[01m[Kstd::shared_ptr<const _Tp> std::enable_shared_from_this<_Tp>::shared_from_this() const [with _Tp = Turtlebot3Drive][m[K’
[1.525s]   811 |       [01;36m[Kshared_from_this[m[K() const
[1.525s]       |       [01;36m[K^~~~~~~~~~~~~~~~[m[K
[1.525s] [01m[K/usr/include/c++/11/bits/shared_ptr.h:807:7:[m[K [01;36m[Knote: [m[K                ‘[01m[Kstd::shared_ptr<_Tp> std::enable_shared_from_this<_Tp>::shared_from_this() [with _Tp = Turtlebot3Drive][m[K’
[1.525s]   807 |       [01;36m[Kshared_from_this[m[K()
[1.525s]       |       [01;36m[K^~~~~~~~~~~~~~~~[m[K
[1.525s] [01m[K/usr/include/c++/11/bits/shared_ptr.h:811:7:[m[K [01;36m[Knote: [m[K                ‘[01m[Kstd::shared_ptr<const _Tp> std::enable_shared_from_this<_Tp>::shared_from_this() const [with _Tp = rclcpp::Node][m[K’
[1.525s]   811 |       [01;36m[Kshared_from_this[m[K() const
[1.525s]       |       [01;36m[K^~~~~~~~~~~~~~~~[m[K
[1.525s] [01m[K/usr/include/c++/11/bits/shared_ptr.h:807:7:[m[K [01;36m[Knote: [m[K                ‘[01m[Kstd::shared_ptr<_Tp> std::enable_shared_from_this<_Tp>::shared_from_this() [with _Tp = rclcpp::Node][m[K’
[1.525s]   807 |       [01;36m[Kshared_from_this[m[K()
[1.525s]       |       [01;36m[K^~~~~~~~~~~~~~~~[m[K
[1.525s] [01m[K/home/kivaan123/Turtlebot3-Wall-Follower/turtlebot3_gazebo/src/turtlebot3_drive.cpp:28:21:[m[K [01;31m[Kerror: [m[Krequest for member ‘[01m[Kshared_from_this[m[K’ is ambiguous
[1.525s]    28 |     path_viz_(this->[01;31m[Kshared_from_this[m[K()), // Pass shared_ptr to PathViz
[1.525s]       |                     [01;31m[K^~~~~~~~~~~~~~~~[m[K
[1.525s] In file included from [01m[K/usr/include/c++/11/memory:77[m[K,
[1.525s]                  from [01m[K/opt/ros/humble/include/geometry_msgs/geometry_msgs/msg/detail/twist__struct.hpp:10[m[K,
[1.525s]                  from [01m[K/opt/ros/humble/include/geometry_msgs/geometry_msgs/msg/twist.hpp:7[m[K,
[1.525s]                  from [01m[K/home/kivaan123/Turtlebot3-Wall-Follower/turtlebot3_gazebo/src/turtlebot3_drive.cpp:2[m[K:
[1.525s] [01m[K/usr/include/c++/11/bits/shared_ptr.h:811:7:[m[K [01;36m[Knote: [m[Kcandidates are: ‘[01m[Kstd::shared_ptr<const _Tp> std::enable_shared_from_this<_Tp>::shared_from_this() const [with _Tp = Turtlebot3Drive][m[K’
[1.525s]   811 |       [01;36m[Kshared_from_this[m[K() const
[1.525s]       |       [01;36m[K^~~~~~~~~~~~~~~~[m[K
[1.525s] [01m[K/usr/include/c++/11/bits/shared_ptr.h:807:7:[m[K [01;36m[Knote: [m[K                ‘[01m[Kstd::shared_ptr<_Tp> std::enable_shared_from_this<_Tp>::shared_from_this() [with _Tp = Turtlebot3Drive][m[K’
[1.525s]   807 |       [01;36m[Kshared_from_this[m[K()
[1.525s]       |       [01;36m[K^~~~~~~~~~~~~~~~[m[K
[1.525s] [01m[K/usr/include/c++/11/bits/shared_ptr.h:811:7:[m[K [01;36m[Knote: [m[K                ‘[01m[Kstd::shared_ptr<const _Tp> std::enable_shared_from_this<_Tp>::shared_from_this() const [with _Tp = rclcpp::Node][m[K’
[1.525s]   811 |       [01;36m[Kshared_from_this[m[K() const
[1.525s]       |       [01;36m[K^~~~~~~~~~~~~~~~[m[K
[1.525s] [01m[K/usr/include/c++/11/bits/shared_ptr.h:807:7:[m[K [01;36m[Knote: [m[K                ‘[01m[Kstd::shared_ptr<_Tp> std::enable_shared_from_this<_Tp>::shared_from_this() [with _Tp = rclcpp::Node][m[K’
[1.525s]   807 |       [01;36m[Kshared_from_this[m[K()
[1.525s]       |       [01;36m[K^~~~~~~~~~~~~~~~[m[K
[3.468s] gmake[2]: *** [CMakeFiles/turtlebot3_drive.dir/build.make:76: CMakeFiles/turtlebot3_drive.dir/src/turtlebot3_drive.cpp.o] Error 1
[3.468s] gmake[1]: *** [CMakeFiles/Makefile2:143: CMakeFiles/turtlebot3_drive.dir/all] Error 2
[3.468s] gmake: *** [Makefile:146: all] Error 2
[3.470s] Invoked command in '/home/kivaan123/Turtlebot3-Wall-Follower/build/turtlebot3_gazebo' returned '2': CMAKE_PREFIX_PATH=${CMAKE_PREFIX_PATH}:/opt/ros/humble /usr/bin/cmake --build /home/kivaan123/Turtlebot3-Wall-Follower/build/turtlebot3_gazebo -- -j16 -l16
