[0.007s] Invoking command in '/home/kivaan123/Turtlebot3-Wall-Follower/build/turtlebot3_gazebo': CMAKE_PREFIX_PATH=${CMAKE_PREFIX_PATH}:/opt/ros/humble /usr/bin/cmake --build /home/kivaan123/Turtlebot3-Wall-Follower/build/turtlebot3_gazebo -- -j16 -l16
[0.093s] [  7%] [32mBuilding CXX object CMakeFiles/turtlebot3_drive.dir/src/MovementController.cpp.o[0m
[0.093s] [ 15%] [32mBuilding CXX object CMakeFiles/turtlebot3_drive.dir/src/PathViz.cpp.o[0m
[0.095s] [ 23%] [32mBuilding CXX object CMakeFiles/turtlebot3_drive.dir/src/WallFollower.cpp.o[0m
[0.102s] [ 30%] [32mBuilding CXX object CMakeFiles/turtlebot3_drive.dir/src/CameraProcessor.cpp.o[0m
[0.102s] [ 46%] Built target obstacle1
[0.104s] [ 61%] Built target obstacles
[0.105s] [ 76%] Built target obstacle2
[1.755s] [01m[K/home/kivaan123/Turtlebot3-Wall-Follower/turtlebot3_gazebo/src/WallFollower.cpp:[m[K In member function ‘[01m[Kvoid WallFollower::update()[m[K’:
[1.755s] [01m[K/home/kivaan123/Turtlebot3-Wall-Follower/turtlebot3_gazebo/src/WallFollower.cpp:21:12:[m[K [01;35m[Kwarning: [m[Kunused variable ‘[01m[Kmin_turn_distance[m[K’ [[01;35m[K]8;;https://gcc.gnu.org/onlinedocs/gcc/Warning-Options.html#index-Wunused-variable-Wunused-variable]8;;[m[K]
[1.755s]    21 |     double [01;35m[Kmin_turn_distance[m[K = 0.1;         // Minimum distance before making a turn
[1.755s]       |            [01;35m[K^~~~~~~~~~~~~~~~~[m[K
[5.367s] [ 84%] [32m[1mLinking CXX executable turtlebot3_drive[0m
[6.128s] [100%] Built target turtlebot3_drive
[6.137s] Invoked command in '/home/kivaan123/Turtlebot3-Wall-Follower/build/turtlebot3_gazebo' returned '0': CMAKE_PREFIX_PATH=${CMAKE_PREFIX_PATH}:/opt/ros/humble /usr/bin/cmake --build /home/kivaan123/Turtlebot3-Wall-Follower/build/turtlebot3_gazebo -- -j16 -l16
[6.192s] Invoking command in '/home/kivaan123/Turtlebot3-Wall-Follower/build/turtlebot3_gazebo': CMAKE_PREFIX_PATH=${CMAKE_PREFIX_PATH}:/opt/ros/humble /usr/bin/cmake --install /home/kivaan123/Turtlebot3-Wall-Follower/build/turtlebot3_gazebo
[6.198s] -- Install configuration: ""
[6.198s] -- Execute custom install script
[6.198s] -- Up-to-date symlink: /home/kivaan123/Turtlebot3-Wall-Follower/install/turtlebot3_gazebo/lib/turtlebot3_gazebo/turtlebot3_drive
[6.199s] -- Up-to-date symlink: /home/kivaan123/Turtlebot3-Wall-Follower/install/turtlebot3_gazebo/share/turtlebot3_gazebo//launch/empty_world.launch.py
[6.199s] -- Up-to-date symlink: /home/kivaan123/Turtlebot3-Wall-Follower/install/turtlebot3_gazebo/share/turtlebot3_gazebo//launch/robot_state_publisher.launch.py
[6.199s] -- Up-to-date symlink: /home/kivaan123/Turtlebot3-Wall-Follower/install/turtlebot3_gazebo/share/turtlebot3_gazebo//launch/spawn_turtlebot3.launch.py
[6.199s] -- Up-to-date symlink: /home/kivaan123/Turtlebot3-Wall-Follower/install/turtlebot3_gazebo/share/turtlebot3_gazebo//launch/turtlebot3_dqn_stage1.launch.py
[6.199s] -- Up-to-date symlink: /home/kivaan123/Turtlebot3-Wall-Follower/install/turtlebot3_gazebo/share/turtlebot3_gazebo//launch/turtlebot3_dqn_stage2.launch.py
[6.199s] -- Up-to-date symlink: /home/kivaan123/Turtlebot3-Wall-Follower/install/turtlebot3_gazebo/share/turtlebot3_gazebo//launch/turtlebot3_dqn_stage3.launch.py
[6.199s] -- Up-to-date symlink: /home/kivaan123/Turtlebot3-Wall-Follower/install/turtlebot3_gazebo/share/turtlebot3_gazebo//launch/turtlebot3_dqn_stage4.launch.py
[6.199s] -- Up-to-date symlink: /home/kivaan123/Turtlebot3-Wall-Follower/install/turtlebot3_gazebo/share/turtlebot3_gazebo//launch/turtlebot3_house.launch.py
[6.199s] -- Up-to-date symlink: /home/kivaan123/Turtlebot3-Wall-Follower/install/turtlebot3_gazebo/share/turtlebot3_gazebo//launch/turtlebot3_world.launch.py
[6.200s] -- Up-to-date symlink: /home/kivaan123/Turtlebot3-Wall-Follower/install/turtlebot3_gazebo/share/turtlebot3_gazebo//models/turtlebot3_burger/model-1_4.sdf
[6.200s] -- Up-to-date symlink: /home/kivaan123/Turtlebot3-Wall-Follower/install/turtlebot3_gazebo/share/turtlebot3_gazebo//models/turtlebot3_burger/model.config
[6.200s] -- Up-to-date symlink: /home/kivaan123/Turtlebot3-Wall-Follower/install/turtlebot3_gazebo/share/turtlebot3_gazebo//models/turtlebot3_burger/model.sdf
[6.200s] -- Up-to-date symlink: /home/kivaan123/Turtlebot3-Wall-Follower/install/turtlebot3_gazebo/share/turtlebot3_gazebo//models/turtlebot3_common/meshes/burger_base.dae
[6.200s] -- Up-to-date symlink: /home/kivaan123/Turtlebot3-Wall-Follower/install/turtlebot3_gazebo/share/turtlebot3_gazebo//models/turtlebot3_common/meshes/lds.dae
[6.200s] -- Up-to-date symlink: /home/kivaan123/Turtlebot3-Wall-Follower/install/turtlebot3_gazebo/share/turtlebot3_gazebo//models/turtlebot3_common/meshes/r200.dae
[6.200s] -- Up-to-date symlink: /home/kivaan123/Turtlebot3-Wall-Follower/install/turtlebot3_gazebo/share/turtlebot3_gazebo//models/turtlebot3_common/meshes/tire.dae
[6.200s] -- Up-to-date symlink: /home/kivaan123/Turtlebot3-Wall-Follower/install/turtlebot3_gazebo/share/turtlebot3_gazebo//models/turtlebot3_common/meshes/waffle_base.dae
[6.200s] -- Up-to-date symlink: /home/kivaan123/Turtlebot3-Wall-Follower/install/turtlebot3_gazebo/share/turtlebot3_gazebo//models/turtlebot3_common/meshes/waffle_pi_base.dae
[6.200s] -- Up-to-date symlink: /home/kivaan123/Turtlebot3-Wall-Follower/install/turtlebot3_gazebo/share/turtlebot3_gazebo//models/turtlebot3_common/model.config
[6.200s] -- Up-to-date symlink: /home/kivaan123/Turtlebot3-Wall-Follower/install/turtlebot3_gazebo/share/turtlebot3_gazebo//models/turtlebot3_dqn_world/goal_box/model.config
[6.200s] -- Up-to-date symlink: /home/kivaan123/Turtlebot3-Wall-Follower/install/turtlebot3_gazebo/share/turtlebot3_gazebo//models/turtlebot3_dqn_world/goal_box/model.sdf
[6.201s] -- Up-to-date symlink: /home/kivaan123/Turtlebot3-Wall-Follower/install/turtlebot3_gazebo/share/turtlebot3_gazebo//models/turtlebot3_dqn_world/inner_walls/model.config
[6.201s] -- Up-to-date symlink: /home/kivaan123/Turtlebot3-Wall-Follower/install/turtlebot3_gazebo/share/turtlebot3_gazebo//models/turtlebot3_dqn_world/inner_walls/model.sdf
[6.201s] -- Up-to-date symlink: /home/kivaan123/Turtlebot3-Wall-Follower/install/turtlebot3_gazebo/share/turtlebot3_gazebo//models/turtlebot3_dqn_world/model.config
[6.201s] -- Up-to-date symlink: /home/kivaan123/Turtlebot3-Wall-Follower/install/turtlebot3_gazebo/share/turtlebot3_gazebo//models/turtlebot3_dqn_world/model.sdf
[6.201s] -- Up-to-date symlink: /home/kivaan123/Turtlebot3-Wall-Follower/install/turtlebot3_gazebo/share/turtlebot3_gazebo//models/turtlebot3_dqn_world/obstacle1/model.config
[6.201s] -- Up-to-date symlink: /home/kivaan123/Turtlebot3-Wall-Follower/install/turtlebot3_gazebo/share/turtlebot3_gazebo//models/turtlebot3_dqn_world/obstacle1/model.sdf
[6.201s] -- Up-to-date symlink: /home/kivaan123/Turtlebot3-Wall-Follower/install/turtlebot3_gazebo/share/turtlebot3_gazebo//models/turtlebot3_dqn_world/obstacle2/model.config
[6.201s] -- Up-to-date symlink: /home/kivaan123/Turtlebot3-Wall-Follower/install/turtlebot3_gazebo/share/turtlebot3_gazebo//models/turtlebot3_dqn_world/obstacle2/model.sdf
[6.201s] -- Up-to-date symlink: /home/kivaan123/Turtlebot3-Wall-Follower/install/turtlebot3_gazebo/share/turtlebot3_gazebo//models/turtlebot3_dqn_world/obstacle_plugin/CMakeLists.txt
[6.201s] -- Up-to-date symlink: /home/kivaan123/Turtlebot3-Wall-Follower/install/turtlebot3_gazebo/share/turtlebot3_gazebo//models/turtlebot3_dqn_world/obstacle_plugin/obstacle1.cc
[6.201s] -- Up-to-date symlink: /home/kivaan123/Turtlebot3-Wall-Follower/install/turtlebot3_gazebo/share/turtlebot3_gazebo//models/turtlebot3_dqn_world/obstacle_plugin/obstacle2.cc
[6.201s] -- Up-to-date symlink: /home/kivaan123/Turtlebot3-Wall-Follower/install/turtlebot3_gazebo/share/turtlebot3_gazebo//models/turtlebot3_dqn_world/obstacle_plugin/obstacles.cc
[6.201s] -- Up-to-date symlink: /home/kivaan123/Turtlebot3-Wall-Follower/install/turtlebot3_gazebo/share/turtlebot3_gazebo//models/turtlebot3_dqn_world/obstacles/model.config
[6.201s] -- Up-to-date symlink: /home/kivaan123/Turtlebot3-Wall-Follower/install/turtlebot3_gazebo/share/turtlebot3_gazebo//models/turtlebot3_dqn_world/obstacles/model.sdf
[6.201s] -- Up-to-date symlink: /home/kivaan123/Turtlebot3-Wall-Follower/install/turtlebot3_gazebo/share/turtlebot3_gazebo//models/turtlebot3_house/model.config
[6.201s] -- Up-to-date symlink: /home/kivaan123/Turtlebot3-Wall-Follower/install/turtlebot3_gazebo/share/turtlebot3_gazebo//models/turtlebot3_house/model.sdf
[6.201s] -- Up-to-date symlink: /home/kivaan123/Turtlebot3-Wall-Follower/install/turtlebot3_gazebo/share/turtlebot3_gazebo//models/turtlebot3_waffle/model-1_4.sdf
[6.201s] -- Up-to-date symlink: /home/kivaan123/Turtlebot3-Wall-Follower/install/turtlebot3_gazebo/share/turtlebot3_gazebo//models/turtlebot3_waffle/model.config
[6.201s] -- Up-to-date symlink: /home/kivaan123/Turtlebot3-Wall-Follower/install/turtlebot3_gazebo/share/turtlebot3_gazebo//models/turtlebot3_waffle/model.sdf
[6.202s] -- Up-to-date symlink: /home/kivaan123/Turtlebot3-Wall-Follower/install/turtlebot3_gazebo/share/turtlebot3_gazebo//models/turtlebot3_waffle_pi/model-1_4_.sdf
[6.202s] -- Up-to-date symlink: /home/kivaan123/Turtlebot3-Wall-Follower/install/turtlebot3_gazebo/share/turtlebot3_gazebo//models/turtlebot3_waffle_pi/model.config
[6.202s] -- Up-to-date symlink: /home/kivaan123/Turtlebot3-Wall-Follower/install/turtlebot3_gazebo/share/turtlebot3_gazebo//models/turtlebot3_waffle_pi/model.sdf
[6.202s] -- Up-to-date symlink: /home/kivaan123/Turtlebot3-Wall-Follower/install/turtlebot3_gazebo/share/turtlebot3_gazebo//models/turtlebot3_world/meshes/hexagon.dae
[6.202s] -- Up-to-date symlink: /home/kivaan123/Turtlebot3-Wall-Follower/install/turtlebot3_gazebo/share/turtlebot3_gazebo//models/turtlebot3_world/meshes/wall.dae
[6.202s] -- Up-to-date symlink: /home/kivaan123/Turtlebot3-Wall-Follower/install/turtlebot3_gazebo/share/turtlebot3_gazebo//models/turtlebot3_world/model-1_4.sdf
[6.202s] -- Up-to-date symlink: /home/kivaan123/Turtlebot3-Wall-Follower/install/turtlebot3_gazebo/share/turtlebot3_gazebo//models/turtlebot3_world/model.config
[6.202s] -- Up-to-date symlink: /home/kivaan123/Turtlebot3-Wall-Follower/install/turtlebot3_gazebo/share/turtlebot3_gazebo//models/turtlebot3_world/model.sdf
[6.202s] -- Up-to-date symlink: /home/kivaan123/Turtlebot3-Wall-Follower/install/turtlebot3_gazebo/share/turtlebot3_gazebo//rviz/tb3_gazebo.rviz
[6.202s] -- Up-to-date symlink: /home/kivaan123/Turtlebot3-Wall-Follower/install/turtlebot3_gazebo/share/turtlebot3_gazebo//urdf/common_properties.urdf
[6.202s] -- Up-to-date symlink: /home/kivaan123/Turtlebot3-Wall-Follower/install/turtlebot3_gazebo/share/turtlebot3_gazebo//urdf/turtlebot3_burger.urdf
[6.202s] -- Up-to-date symlink: /home/kivaan123/Turtlebot3-Wall-Follower/install/turtlebot3_gazebo/share/turtlebot3_gazebo//urdf/turtlebot3_waffle.urdf
[6.202s] -- Up-to-date symlink: /home/kivaan123/Turtlebot3-Wall-Follower/install/turtlebot3_gazebo/share/turtlebot3_gazebo//urdf/turtlebot3_waffle_pi.urdf
[6.202s] -- Up-to-date symlink: /home/kivaan123/Turtlebot3-Wall-Follower/install/turtlebot3_gazebo/share/turtlebot3_gazebo//worlds/empty_world.world
[6.202s] -- Up-to-date symlink: /home/kivaan123/Turtlebot3-Wall-Follower/install/turtlebot3_gazebo/share/turtlebot3_gazebo//worlds/turtlebot3_dqn_stage1.world
[6.203s] -- Up-to-date symlink: /home/kivaan123/Turtlebot3-Wall-Follower/install/turtlebot3_gazebo/share/turtlebot3_gazebo//worlds/turtlebot3_dqn_stage2.world
[6.203s] -- Up-to-date symlink: /home/kivaan123/Turtlebot3-Wall-Follower/install/turtlebot3_gazebo/share/turtlebot3_gazebo//worlds/turtlebot3_dqn_stage3.world
[6.203s] -- Up-to-date symlink: /home/kivaan123/Turtlebot3-Wall-Follower/install/turtlebot3_gazebo/share/turtlebot3_gazebo//worlds/turtlebot3_dqn_stage4.world
[6.203s] -- Up-to-date symlink: /home/kivaan123/Turtlebot3-Wall-Follower/install/turtlebot3_gazebo/share/turtlebot3_gazebo//worlds/turtlebot3_house.world
[6.203s] -- Up-to-date symlink: /home/kivaan123/Turtlebot3-Wall-Follower/install/turtlebot3_gazebo/share/turtlebot3_gazebo//worlds/turtlebot3_world.world
[6.203s] -- Symlinking: /home/kivaan123/Turtlebot3-Wall-Follower/install/turtlebot3_gazebo/include//turtlebot3_gazebo/CameraProcessor.hpp
[6.209s] -- Up-to-date symlink: /home/kivaan123/Turtlebot3-Wall-Follower/install/turtlebot3_gazebo/include//turtlebot3_gazebo/LidarSensor.hpp
[6.209s] -- Up-to-date symlink: /home/kivaan123/Turtlebot3-Wall-Follower/install/turtlebot3_gazebo/include//turtlebot3_gazebo/MovementController.hpp
[6.209s] -- Up-to-date symlink: /home/kivaan123/Turtlebot3-Wall-Follower/install/turtlebot3_gazebo/include//turtlebot3_gazebo/PathViz.hpp
[6.209s] -- Up-to-date symlink: /home/kivaan123/Turtlebot3-Wall-Follower/install/turtlebot3_gazebo/include//turtlebot3_gazebo/WallFollower.hpp
[6.209s] -- Up-to-date symlink: /home/kivaan123/Turtlebot3-Wall-Follower/install/turtlebot3_gazebo/include//turtlebot3_gazebo/turtlebot3_drive.hpp
[6.209s] -- Up-to-date symlink: /home/kivaan123/Turtlebot3-Wall-Follower/install/turtlebot3_gazebo/share/ament_index/resource_index/package_run_dependencies/turtlebot3_gazebo
[6.209s] -- Up-to-date symlink: /home/kivaan123/Turtlebot3-Wall-Follower/install/turtlebot3_gazebo/share/ament_index/resource_index/parent_prefix_path/turtlebot3_gazebo
[6.209s] -- Up-to-date symlink: /home/kivaan123/Turtlebot3-Wall-Follower/install/turtlebot3_gazebo/share/turtlebot3_gazebo/environment/ament_prefix_path.sh
[6.210s] -- Up-to-date symlink: /home/kivaan123/Turtlebot3-Wall-Follower/install/turtlebot3_gazebo/share/turtlebot3_gazebo/environment/ament_prefix_path.dsv
[6.210s] -- Up-to-date symlink: /home/kivaan123/Turtlebot3-Wall-Follower/install/turtlebot3_gazebo/share/turtlebot3_gazebo/environment/path.sh
[6.210s] -- Up-to-date symlink: /home/kivaan123/Turtlebot3-Wall-Follower/install/turtlebot3_gazebo/share/turtlebot3_gazebo/environment/path.dsv
[6.210s] -- Up-to-date symlink: /home/kivaan123/Turtlebot3-Wall-Follower/install/turtlebot3_gazebo/share/turtlebot3_gazebo/local_setup.bash
[6.210s] -- Up-to-date symlink: /home/kivaan123/Turtlebot3-Wall-Follower/install/turtlebot3_gazebo/share/turtlebot3_gazebo/local_setup.sh
[6.210s] -- Up-to-date symlink: /home/kivaan123/Turtlebot3-Wall-Follower/install/turtlebot3_gazebo/share/turtlebot3_gazebo/local_setup.zsh
[6.210s] -- Up-to-date symlink: /home/kivaan123/Turtlebot3-Wall-Follower/install/turtlebot3_gazebo/share/turtlebot3_gazebo/local_setup.dsv
[6.210s] -- Symlinking: /home/kivaan123/Turtlebot3-Wall-Follower/install/turtlebot3_gazebo/share/turtlebot3_gazebo/package.dsv
[6.218s] -- Up-to-date symlink: /home/kivaan123/Turtlebot3-Wall-Follower/install/turtlebot3_gazebo/share/ament_index/resource_index/packages/turtlebot3_gazebo
[6.218s] -- Up-to-date symlink: /home/kivaan123/Turtlebot3-Wall-Follower/install/turtlebot3_gazebo/share/turtlebot3_gazebo/cmake/ament_cmake_export_include_directories-extras.cmake
[6.218s] -- Up-to-date symlink: /home/kivaan123/Turtlebot3-Wall-Follower/install/turtlebot3_gazebo/share/turtlebot3_gazebo/cmake/ament_cmake_export_dependencies-extras.cmake
[6.218s] -- Up-to-date symlink: /home/kivaan123/Turtlebot3-Wall-Follower/install/turtlebot3_gazebo/share/turtlebot3_gazebo/cmake/turtlebot3_gazeboConfig.cmake
[6.218s] -- Up-to-date symlink: /home/kivaan123/Turtlebot3-Wall-Follower/install/turtlebot3_gazebo/share/turtlebot3_gazebo/cmake/turtlebot3_gazeboConfig-version.cmake
[6.218s] -- Up-to-date symlink: /home/kivaan123/Turtlebot3-Wall-Follower/install/turtlebot3_gazebo/share/turtlebot3_gazebo/package.xml
[6.220s] Invoked command in '/home/kivaan123/Turtlebot3-Wall-Follower/build/turtlebot3_gazebo' returned '0': CMAKE_PREFIX_PATH=${CMAKE_PREFIX_PATH}:/opt/ros/humble /usr/bin/cmake --install /home/kivaan123/Turtlebot3-Wall-Follower/build/turtlebot3_gazebo
