[33mCMake Warning (dev) at /usr/share/cmake-3.22/Modules/FindPackageHandleStandardArgs.cmake:438 (message):
  The package name passed to `find_package_handle_standard_args` (PkgConfig)
  does not match the name of the calling package (gazebo).  This can lead to
  problems in calling code that expects `find_package` result variables
  (e.g., `_FOUND`) to follow a certain pattern.
Call Stack (most recent call first):
  /usr/share/cmake-3.22/Modules/FindPkgConfig.cmake:99 (find_package_handle_standard_args)
  /usr/lib/x86_64-linux-gnu/cmake/gazebo/gazebo-config.cmake:72 (include)
  CMakeLists.txt:23 (find_package)
This warning is for project developers.  Use -Wno-dev to suppress it.
[0m
[01m[K/home/kivaan123/Turtlebot3-Wall-Follower/turtlebot3_gazebo/src/MovementController.cpp:1:10:[m[K [01;31m[Kfatal error: [m[Kturtlebot3_gazebo/movement_controller.hpp: No such file or directory
    1 | #include [01;31m[K"turtlebot3_gazebo/movement_controller.hpp"[m[K
      |          [01;31m[K^~~~~~~~~~~~~~~~~~~~~~~~~~~~~~~~~~~~~~~~~~~[m[K
compilation terminated.
[01m[K/home/kivaan123/Turtlebot3-Wall-Follower/turtlebot3_gazebo/src/WallFollower.cpp:1:10:[m[K [01;31m[Kfatal error: [m[Kturtlebot3_gazebo/wall_follower.hpp: No such file or directory
    1 | #include [01;31m[K"turtlebot3_gazebo/wall_follower.hpp"[m[K
      |          [01;31m[K^~~~~~~~~~~~~~~~~~~~~~~~~~~~~~~~~~~~~[m[K
compilation terminated.
gmake[2]: *** [CMakeFiles/turtlebot3_drive.dir/build.make:104: CMakeFiles/turtlebot3_drive.dir/src/MovementController.cpp.o] Error 1
gmake[2]: *** Waiting for unfinished jobs....
gmake[2]: *** [CMakeFiles/turtlebot3_drive.dir/build.make:132: CMakeFiles/turtlebot3_drive.dir/src/WallFollower.cpp.o] Error 1
[01m[K/home/kivaan123/Turtlebot3-Wall-Follower/turtlebot3_gazebo/src/CameraProcessor.cpp:1:10:[m[K [01;31m[Kfatal error: [m[Kturtlebot3_gazebo/camera_processor.hpp: No such file or directory
    1 | #include [01;31m[K"turtlebot3_gazebo/camera_processor.hpp"[m[K
      |          [01;31m[K^~~~~~~~~~~~~~~~~~~~~~~~~~~~~~~~~~~~~~~~[m[K
compilation terminated.
gmake[2]: *** [CMakeFiles/turtlebot3_drive.dir/build.make:146: CMakeFiles/turtlebot3_drive.dir/src/CameraProcessor.cpp.o] Error 1
[01m[K/home/kivaan123/Turtlebot3-Wall-Follower/turtlebot3_gazebo/src/PathViz.cpp:1:10:[m[K [01;31m[Kfatal error: [m[Kturtlebot3_gazebo/path_viz.hpp: No such file or directory
    1 | #include [01;31m[K"turtlebot3_gazebo/path_viz.hpp"[m[K
      |          [01;31m[K^~~~~~~~~~~~~~~~~~~~~~~~~~~~~~~~[m[K
compilation terminated.
gmake[2]: *** [CMakeFiles/turtlebot3_drive.dir/build.make:118: CMakeFiles/turtlebot3_drive.dir/src/PathViz.cpp.o] Error 1
gmake[1]: *** [CMakeFiles/Makefile2:143: CMakeFiles/turtlebot3_drive.dir/all] Error 2
gmake[1]: *** Waiting for unfinished jobs....
gmake: *** [Makefile:146: all] Error 2
