[0.006s] Invoking command in '/home/kivaan123/turtlebot3_simulations/build/turtlebot3_gazebo': CMAKE_PREFIX_PATH=${CMAKE_PREFIX_PATH}:/opt/ros/humble /usr/bin/cmake /home/kivaan123/turtlebot3_simulations/turtlebot3_gazebo -DAMENT_CMAKE_SYMLINK_INSTALL=1 -DCMAKE_INSTALL_PREFIX=/home/kivaan123/turtlebot3_simulations/install/turtlebot3_gazebo
[0.058s] -- The C compiler identification is GNU 11.4.0
[0.105s] -- The CXX compiler identification is GNU 11.4.0
[0.110s] -- Detecting C compiler ABI info
[0.169s] -- Detecting C compiler ABI info - done
[0.174s] -- Check for working C compiler: /usr/bin/cc - skipped
[0.174s] -- Detecting C compile features
[0.175s] -- Detecting C compile features - done
[0.177s] -- Detecting CXX compiler ABI info
[0.266s] -- Detecting CXX compiler ABI info - done
[0.274s] -- Check for working CXX compiler: /usr/bin/c++ - skipped
[0.274s] -- Detecting CXX compile features
[0.275s] -- Detecting CXX compile features - done
[0.276s] -- Found ament_cmake: 1.3.10 (/opt/ros/humble/share/ament_cmake/cmake)
[0.380s] -- Found Python3: /usr/bin/python3 (found version "3.10.12") found components: Interpreter 
[0.426s] -- Override CMake install command with custom implementation using symlinks instead of copying resources
[0.459s] [33mCMake Warning (dev) at /usr/share/cmake-3.22/Modules/FindPackageHandleStandardArgs.cmake:438 (message):
[0.459s]   The package name passed to `find_package_handle_standard_args` (PkgConfig)
[0.459s]   does not match the name of the calling package (gazebo).  This can lead to
[0.459s]   problems in calling code that expects `find_package` result variables
[0.459s]   (e.g., `_FOUND`) to follow a certain pattern.
[0.459s] Call Stack (most recent call first):
[0.460s]   /usr/share/cmake-3.22/Modules/FindPkgConfig.cmake:99 (find_package_handle_standard_args)
[0.460s]   /usr/lib/x86_64-linux-gnu/cmake/gazebo/gazebo-config.cmake:72 (include)
[0.460s]   CMakeLists.txt:23 (find_package)
[0.460s] This warning is for project developers.  Use -Wno-dev to suppress it.
[0.460s] [0m
[0.460s] -- Found PkgConfig: /usr/bin/pkg-config (found version "0.29.2") 
[0.462s] -- Checking for module 'bullet>=2.82'
[0.472s] --   Found bullet, version 3.05
[0.549s] -- Found fcl: /usr/include (found suitable version "0.7.0", minimum required is "0.5.0") 
[0.587s] -- Found assimp: /usr/include (found version "5.2.0") 
[0.601s] -- Found DART: /usr/include (Required is at least version "6.6") found components: dart 
[0.750s] -- Found Boost: /usr/lib/x86_64-linux-gnu/cmake/Boost-1.74.0/BoostConfig.cmake (found suitable version "1.74.0", minimum required is "1.40.0") found components: thread system filesystem program_options regex iostreams date_time 
[0.765s] -- Found Protobuf: /usr/lib/x86_64-linux-gnu/libprotobuf.so (found version "3.12.4") 
[0.769s] -- Looking for ignition-math6 -- found version 6.15.1
[0.775s] -- Searching for dependencies of ignition-math6
[0.777s] -- Looking for OGRE...
[0.777s] -- OGRE_PREFIX_WATCH changed.
[0.781s] -- Checking for module 'OGRE'
[0.793s] --   Found OGRE, version 1.9.0
[0.846s] -- Found Ogre Ghadamon (1.9.0)
[0.860s] -- Found OGRE: optimized;/usr/lib/x86_64-linux-gnu/libOgreMain.so;debug;/usr/lib/x86_64-linux-gnu/libOgreMain.so
[0.867s] -- Looking for OGRE_Paging...
[0.871s] -- Found OGRE_Paging: optimized;/usr/lib/x86_64-linux-gnu/libOgrePaging.so;debug;/usr/lib/x86_64-linux-gnu/libOgrePaging.so
[0.871s] -- Looking for OGRE_Terrain...
[0.874s] -- Found OGRE_Terrain: optimized;/usr/lib/x86_64-linux-gnu/libOgreTerrain.so;debug;/usr/lib/x86_64-linux-gnu/libOgreTerrain.so
[0.874s] -- Looking for OGRE_Property...
[0.877s] -- Found OGRE_Property: optimized;/usr/lib/x86_64-linux-gnu/libOgreProperty.so;debug;/usr/lib/x86_64-linux-gnu/libOgreProperty.so
[0.877s] -- Looking for OGRE_RTShaderSystem...
[0.881s] -- Found OGRE_RTShaderSystem: optimized;/usr/lib/x86_64-linux-gnu/libOgreRTShaderSystem.so;debug;/usr/lib/x86_64-linux-gnu/libOgreRTShaderSystem.so
[0.881s] -- Looking for OGRE_Volume...
[0.884s] -- Found OGRE_Volume: optimized;/usr/lib/x86_64-linux-gnu/libOgreVolume.so;debug;/usr/lib/x86_64-linux-gnu/libOgreVolume.so
[0.884s] -- Looking for OGRE_Overlay...
[0.887s] -- Found OGRE_Overlay: optimized;/usr/lib/x86_64-linux-gnu/libOgreOverlay.so;debug;/usr/lib/x86_64-linux-gnu/libOgreOverlay.so
[0.959s] -- Looking for ignition-math6 -- found version 6.15.1
[0.961s] -- Looking for ignition-transport8 -- found version 8.2.1
[0.961s] -- Searching for dependencies of ignition-transport8
[0.974s] -- Found Protobuf: /usr/lib/x86_64-linux-gnu/libprotobuf.so (found suitable version "3.12.4", minimum required is "3") 
[0.981s] -- Config-file not installed for ZeroMQ -- checking for pkg-config
[0.984s] -- Checking for module 'libzmq >= 4'
[0.996s] --   Found libzmq , version 4.3.4
[1.026s] -- Found ZeroMQ: TRUE (Required is at least version "4") 
[1.030s] -- Checking for module 'uuid'
[1.040s] --   Found uuid, version 2.37.2
[1.066s] -- Found UUID: TRUE  
[1.071s] -- Looking for ignition-msgs5 -- found version 5.8.1
[1.072s] -- Searching for dependencies of ignition-msgs5
[1.091s] -- Looking for ignition-math6 -- found version 6.15.1
[1.098s] -- Checking for module 'tinyxml2'
[1.113s] --   Found tinyxml2, version 9.0.0
[1.152s] -- Looking for ignition-msgs5 -- found version 5.8.1
[1.154s] -- Looking for ignition-common3 -- found version 3.14.0
[1.154s] -- Searching for dependencies of ignition-common3
[1.154s] -- Looking for dlfcn.h - found
[1.155s] -- Looking for libdl - found
[1.156s] -- Found DL: TRUE  
[1.164s] -- Found tinyobjloader: /usr/lib/x86_64-linux-gnu/cmake/tinyobjloader/tinyobjloader-config.cmake (found version "2.0.0") 
[1.165s] -- Searching for <ignition-common3> component [graphics]
[1.166s] -- Looking for ignition-common3-graphics -- found version 3.14.0
[1.167s] -- Searching for dependencies of ignition-common3-graphics
[1.167s] -- Looking for ignition-math6 -- found version 6.15.1
[1.169s] -- Looking for ignition-fuel_tools4 -- found version 4.4.0
[1.169s] -- Searching for dependencies of ignition-fuel_tools4
[1.231s] -- Found CURL: /usr/lib/x86_64-linux-gnu/libcurl.so (found version "7.81.0")  
[1.238s] -- Checking for module 'jsoncpp'
[1.250s] --   Found jsoncpp, version 1.9.5
[1.278s] -- Found JSONCPP: TRUE  
[1.283s] -- Checking for module 'libzip'
[1.294s] --   Found libzip, version 1.7.3
[1.321s] -- Found ZIP: TRUE  
[1.321s] -- Looking for ignition-common3 -- found version 3.14.0
[1.321s] -- Looking for ignition-math6 -- found version 6.15.1
[1.322s] -- Looking for ignition-msgs5 -- found version 5.8.1
[1.327s] -- Found gazebo_ros_pkgs: 3.7.0 (/opt/ros/humble/share/gazebo_ros_pkgs/cmake)
[1.328s] -- Found geometry_msgs: 4.2.4 (/opt/ros/humble/share/geometry_msgs/cmake)
[1.349s] -- Found rosidl_generator_c: 3.1.5 (/opt/ros/humble/share/rosidl_generator_c/cmake)
[1.353s] -- Found rosidl_adapter: 3.1.5 (/opt/ros/humble/share/rosidl_adapter/cmake)
[1.359s] -- Found rosidl_generator_cpp: 3.1.5 (/opt/ros/humble/share/rosidl_generator_cpp/cmake)
[1.367s] -- Using all available rosidl_typesupport_c: rosidl_typesupport_fastrtps_c;rosidl_typesupport_introspection_c
[1.378s] -- Using all available rosidl_typesupport_cpp: rosidl_typesupport_fastrtps_cpp;rosidl_typesupport_introspection_cpp
[1.405s] -- Found nav_msgs: 4.2.4 (/opt/ros/humble/share/nav_msgs/cmake)
[1.416s] -- Found rclcpp: 16.0.10 (/opt/ros/humble/share/rclcpp/cmake)
[1.442s] -- Found rmw_implementation_cmake: 6.1.2 (/opt/ros/humble/share/rmw_implementation_cmake/cmake)
[1.444s] -- Found rmw_fastrtps_cpp: 6.2.7 (/opt/ros/humble/share/rmw_fastrtps_cpp/cmake)
[1.513s] -- Found OpenSSL: /usr/lib/x86_64-linux-gnu/libcrypto.so (found version "3.0.2")  
[1.532s] -- Found FastRTPS: /opt/ros/humble/include  
[1.563s] -- Using RMW implementation 'rmw_fastrtps_cpp' as default
[1.569s] -- Found Threads: TRUE  
[1.595s] -- Found sensor_msgs: 4.2.4 (/opt/ros/humble/share/sensor_msgs/cmake)
[1.607s] -- Found tf2: 0.25.7 (/opt/ros/humble/share/tf2/cmake)
[1.659s] -- Configuring done
[1.677s] -- Generating done
[1.679s] -- Build files have been written to: /home/kivaan123/turtlebot3_simulations/build/turtlebot3_gazebo
[1.687s] Invoked command in '/home/kivaan123/turtlebot3_simulations/build/turtlebot3_gazebo' returned '0': CMAKE_PREFIX_PATH=${CMAKE_PREFIX_PATH}:/opt/ros/humble /usr/bin/cmake /home/kivaan123/turtlebot3_simulations/turtlebot3_gazebo -DAMENT_CMAKE_SYMLINK_INSTALL=1 -DCMAKE_INSTALL_PREFIX=/home/kivaan123/turtlebot3_simulations/install/turtlebot3_gazebo
[1.688s] Invoking command in '/home/kivaan123/turtlebot3_simulations/build/turtlebot3_gazebo': CMAKE_PREFIX_PATH=${CMAKE_PREFIX_PATH}:/opt/ros/humble /usr/bin/cmake --build /home/kivaan123/turtlebot3_simulations/build/turtlebot3_gazebo -- -j16 -l16
[1.727s] [ 12%] [32mBuilding CXX object CMakeFiles/obstacles.dir/models/turtlebot3_dqn_world/obstacle_plugin/obstacles.cc.o[0m
[1.728s] [ 25%] [32mBuilding CXX object CMakeFiles/obstacle1.dir/models/turtlebot3_dqn_world/obstacle_plugin/obstacle1.cc.o[0m
[1.728s] [ 37%] [32mBuilding CXX object CMakeFiles/obstacle2.dir/models/turtlebot3_dqn_world/obstacle_plugin/obstacle2.cc.o[0m
[1.730s] [ 50%] [32mBuilding CXX object CMakeFiles/turtlebot3_drive.dir/src/turtlebot3_drive.cpp.o[0m
[9.784s] [ 62%] [32m[1mLinking CXX shared library libobstacle1.so[0m
[9.792s] [ 75%] [32m[1mLinking CXX shared library libobstacle2.so[0m
[9.799s] [ 87%] [32m[1mLinking CXX shared library libobstacles.so[0m
[9.958s] [ 87%] Built target obstacle1
[9.963s] [ 87%] Built target obstacle2
[9.970s] [ 87%] Built target obstacles
[10.075s] [100%] [32m[1mLinking CXX executable turtlebot3_drive[0m
[10.425s] [100%] Built target turtlebot3_drive
[10.436s] Invoked command in '/home/kivaan123/turtlebot3_simulations/build/turtlebot3_gazebo' returned '0': CMAKE_PREFIX_PATH=${CMAKE_PREFIX_PATH}:/opt/ros/humble /usr/bin/cmake --build /home/kivaan123/turtlebot3_simulations/build/turtlebot3_gazebo -- -j16 -l16
[10.525s] Invoking command in '/home/kivaan123/turtlebot3_simulations/build/turtlebot3_gazebo': CMAKE_PREFIX_PATH=${CMAKE_PREFIX_PATH}:/opt/ros/humble /usr/bin/cmake --install /home/kivaan123/turtlebot3_simulations/build/turtlebot3_gazebo
[10.554s] -- Install configuration: ""
[10.554s] -- Execute custom install script
[10.555s] -- Symlinking: /home/kivaan123/turtlebot3_simulations/install/turtlebot3_gazebo/lib/turtlebot3_gazebo/turtlebot3_drive
[10.563s] -- Symlinking: /home/kivaan123/turtlebot3_simulations/install/turtlebot3_gazebo/share/turtlebot3_gazebo//launch/empty_world.launch.py
[10.573s] -- Symlinking: /home/kivaan123/turtlebot3_simulations/install/turtlebot3_gazebo/share/turtlebot3_gazebo//launch/robot_state_publisher.launch.py
[10.590s] -- Symlinking: /home/kivaan123/turtlebot3_simulations/install/turtlebot3_gazebo/share/turtlebot3_gazebo//launch/spawn_turtlebot3.launch.py
[10.606s] -- Symlinking: /home/kivaan123/turtlebot3_simulations/install/turtlebot3_gazebo/share/turtlebot3_gazebo//launch/turtlebot3_dqn_stage1.launch.py
[10.628s] -- Symlinking: /home/kivaan123/turtlebot3_simulations/install/turtlebot3_gazebo/share/turtlebot3_gazebo//launch/turtlebot3_dqn_stage2.launch.py
[10.656s] -- Symlinking: /home/kivaan123/turtlebot3_simulations/install/turtlebot3_gazebo/share/turtlebot3_gazebo//launch/turtlebot3_dqn_stage3.launch.py
[10.673s] -- Symlinking: /home/kivaan123/turtlebot3_simulations/install/turtlebot3_gazebo/share/turtlebot3_gazebo//launch/turtlebot3_dqn_stage4.launch.py
[10.683s] -- Symlinking: /home/kivaan123/turtlebot3_simulations/install/turtlebot3_gazebo/share/turtlebot3_gazebo//launch/turtlebot3_house.launch.py
[10.689s] -- Symlinking: /home/kivaan123/turtlebot3_simulations/install/turtlebot3_gazebo/share/turtlebot3_gazebo//launch/turtlebot3_world.launch.py
[10.695s] -- Symlinking: /home/kivaan123/turtlebot3_simulations/install/turtlebot3_gazebo/share/turtlebot3_gazebo//models/turtlebot3_burger/model-1_4.sdf
[10.706s] -- Symlinking: /home/kivaan123/turtlebot3_simulations/install/turtlebot3_gazebo/share/turtlebot3_gazebo//models/turtlebot3_burger/model.config
[10.720s] -- Symlinking: /home/kivaan123/turtlebot3_simulations/install/turtlebot3_gazebo/share/turtlebot3_gazebo//models/turtlebot3_burger/model.sdf
[10.738s] -- Symlinking: /home/kivaan123/turtlebot3_simulations/install/turtlebot3_gazebo/share/turtlebot3_gazebo//models/turtlebot3_common/meshes/burger_base.dae
[10.754s] -- Symlinking: /home/kivaan123/turtlebot3_simulations/install/turtlebot3_gazebo/share/turtlebot3_gazebo//models/turtlebot3_common/meshes/lds.dae
[10.766s] -- Symlinking: /home/kivaan123/turtlebot3_simulations/install/turtlebot3_gazebo/share/turtlebot3_gazebo//models/turtlebot3_common/meshes/r200.dae
[10.779s] -- Symlinking: /home/kivaan123/turtlebot3_simulations/install/turtlebot3_gazebo/share/turtlebot3_gazebo//models/turtlebot3_common/meshes/tire.dae
[10.794s] -- Symlinking: /home/kivaan123/turtlebot3_simulations/install/turtlebot3_gazebo/share/turtlebot3_gazebo//models/turtlebot3_common/meshes/waffle_base.dae
[10.807s] -- Symlinking: /home/kivaan123/turtlebot3_simulations/install/turtlebot3_gazebo/share/turtlebot3_gazebo//models/turtlebot3_common/meshes/waffle_pi_base.dae
[10.827s] -- Symlinking: /home/kivaan123/turtlebot3_simulations/install/turtlebot3_gazebo/share/turtlebot3_gazebo//models/turtlebot3_common/model.config
[10.845s] -- Symlinking: /home/kivaan123/turtlebot3_simulations/install/turtlebot3_gazebo/share/turtlebot3_gazebo//models/turtlebot3_dqn_world/goal_box/model.config
[10.870s] -- Symlinking: /home/kivaan123/turtlebot3_simulations/install/turtlebot3_gazebo/share/turtlebot3_gazebo//models/turtlebot3_dqn_world/goal_box/model.sdf
[10.895s] -- Symlinking: /home/kivaan123/turtlebot3_simulations/install/turtlebot3_gazebo/share/turtlebot3_gazebo//models/turtlebot3_dqn_world/inner_walls/model.config
[10.928s] -- Symlinking: /home/kivaan123/turtlebot3_simulations/install/turtlebot3_gazebo/share/turtlebot3_gazebo//models/turtlebot3_dqn_world/inner_walls/model.sdf
[10.954s] -- Symlinking: /home/kivaan123/turtlebot3_simulations/install/turtlebot3_gazebo/share/turtlebot3_gazebo//models/turtlebot3_dqn_world/model.config
[10.969s] -- Symlinking: /home/kivaan123/turtlebot3_simulations/install/turtlebot3_gazebo/share/turtlebot3_gazebo//models/turtlebot3_dqn_world/model.sdf
[10.981s] -- Symlinking: /home/kivaan123/turtlebot3_simulations/install/turtlebot3_gazebo/share/turtlebot3_gazebo//models/turtlebot3_dqn_world/obstacle1/model.config
[10.992s] -- Symlinking: /home/kivaan123/turtlebot3_simulations/install/turtlebot3_gazebo/share/turtlebot3_gazebo//models/turtlebot3_dqn_world/obstacle1/model.sdf
[11.007s] -- Symlinking: /home/kivaan123/turtlebot3_simulations/install/turtlebot3_gazebo/share/turtlebot3_gazebo//models/turtlebot3_dqn_world/obstacle2/model.config
[11.023s] -- Symlinking: /home/kivaan123/turtlebot3_simulations/install/turtlebot3_gazebo/share/turtlebot3_gazebo//models/turtlebot3_dqn_world/obstacle2/model.sdf
[11.037s] -- Symlinking: /home/kivaan123/turtlebot3_simulations/install/turtlebot3_gazebo/share/turtlebot3_gazebo//models/turtlebot3_dqn_world/obstacle_plugin/CMakeLists.txt
[11.052s] -- Symlinking: /home/kivaan123/turtlebot3_simulations/install/turtlebot3_gazebo/share/turtlebot3_gazebo//models/turtlebot3_dqn_world/obstacle_plugin/obstacle1.cc
[11.064s] -- Symlinking: /home/kivaan123/turtlebot3_simulations/install/turtlebot3_gazebo/share/turtlebot3_gazebo//models/turtlebot3_dqn_world/obstacle_plugin/obstacle2.cc
[11.077s] -- Symlinking: /home/kivaan123/turtlebot3_simulations/install/turtlebot3_gazebo/share/turtlebot3_gazebo//models/turtlebot3_dqn_world/obstacle_plugin/obstacles.cc
[11.090s] -- Symlinking: /home/kivaan123/turtlebot3_simulations/install/turtlebot3_gazebo/share/turtlebot3_gazebo//models/turtlebot3_dqn_world/obstacles/model.config
[11.107s] -- Symlinking: /home/kivaan123/turtlebot3_simulations/install/turtlebot3_gazebo/share/turtlebot3_gazebo//models/turtlebot3_dqn_world/obstacles/model.sdf
[11.126s] -- Symlinking: /home/kivaan123/turtlebot3_simulations/install/turtlebot3_gazebo/share/turtlebot3_gazebo//models/turtlebot3_house/model.config
[11.143s] -- Symlinking: /home/kivaan123/turtlebot3_simulations/install/turtlebot3_gazebo/share/turtlebot3_gazebo//models/turtlebot3_house/model.sdf
[11.167s] -- Symlinking: /home/kivaan123/turtlebot3_simulations/install/turtlebot3_gazebo/share/turtlebot3_gazebo//models/turtlebot3_waffle/model-1_4.sdf
[11.187s] -- Symlinking: /home/kivaan123/turtlebot3_simulations/install/turtlebot3_gazebo/share/turtlebot3_gazebo//models/turtlebot3_waffle/model.config
[11.194s] -- Symlinking: /home/kivaan123/turtlebot3_simulations/install/turtlebot3_gazebo/share/turtlebot3_gazebo//models/turtlebot3_waffle/model.sdf
[11.206s] -- Symlinking: /home/kivaan123/turtlebot3_simulations/install/turtlebot3_gazebo/share/turtlebot3_gazebo//models/turtlebot3_waffle_pi/model-1_4_.sdf
[11.226s] -- Symlinking: /home/kivaan123/turtlebot3_simulations/install/turtlebot3_gazebo/share/turtlebot3_gazebo//models/turtlebot3_waffle_pi/model.config
[11.237s] -- Symlinking: /home/kivaan123/turtlebot3_simulations/install/turtlebot3_gazebo/share/turtlebot3_gazebo//models/turtlebot3_waffle_pi/model.sdf
[11.244s] -- Symlinking: /home/kivaan123/turtlebot3_simulations/install/turtlebot3_gazebo/share/turtlebot3_gazebo//models/turtlebot3_world/meshes/hexagon.dae
[11.257s] -- Symlinking: /home/kivaan123/turtlebot3_simulations/install/turtlebot3_gazebo/share/turtlebot3_gazebo//models/turtlebot3_world/meshes/wall.dae
[11.269s] -- Symlinking: /home/kivaan123/turtlebot3_simulations/install/turtlebot3_gazebo/share/turtlebot3_gazebo//models/turtlebot3_world/model-1_4.sdf
[11.281s] -- Symlinking: /home/kivaan123/turtlebot3_simulations/install/turtlebot3_gazebo/share/turtlebot3_gazebo//models/turtlebot3_world/model.config
[11.302s] -- Symlinking: /home/kivaan123/turtlebot3_simulations/install/turtlebot3_gazebo/share/turtlebot3_gazebo//models/turtlebot3_world/model.sdf
[11.325s] -- Symlinking: /home/kivaan123/turtlebot3_simulations/install/turtlebot3_gazebo/share/turtlebot3_gazebo//rviz/tb3_gazebo.rviz
[11.339s] -- Symlinking: /home/kivaan123/turtlebot3_simulations/install/turtlebot3_gazebo/share/turtlebot3_gazebo//urdf/common_properties.urdf
[11.349s] -- Symlinking: /home/kivaan123/turtlebot3_simulations/install/turtlebot3_gazebo/share/turtlebot3_gazebo//urdf/turtlebot3_burger.urdf
[11.357s] -- Symlinking: /home/kivaan123/turtlebot3_simulations/install/turtlebot3_gazebo/share/turtlebot3_gazebo//urdf/turtlebot3_waffle.urdf
[11.363s] -- Symlinking: /home/kivaan123/turtlebot3_simulations/install/turtlebot3_gazebo/share/turtlebot3_gazebo//urdf/turtlebot3_waffle_pi.urdf
[11.373s] -- Symlinking: /home/kivaan123/turtlebot3_simulations/install/turtlebot3_gazebo/share/turtlebot3_gazebo//worlds/empty_world.world
[11.383s] -- Symlinking: /home/kivaan123/turtlebot3_simulations/install/turtlebot3_gazebo/share/turtlebot3_gazebo//worlds/turtlebot3_dqn_stage1.world
[11.394s] -- Symlinking: /home/kivaan123/turtlebot3_simulations/install/turtlebot3_gazebo/share/turtlebot3_gazebo//worlds/turtlebot3_dqn_stage2.world
[11.407s] -- Symlinking: /home/kivaan123/turtlebot3_simulations/install/turtlebot3_gazebo/share/turtlebot3_gazebo//worlds/turtlebot3_dqn_stage3.world
[11.417s] -- Symlinking: /home/kivaan123/turtlebot3_simulations/install/turtlebot3_gazebo/share/turtlebot3_gazebo//worlds/turtlebot3_dqn_stage4.world
[11.433s] -- Symlinking: /home/kivaan123/turtlebot3_simulations/install/turtlebot3_gazebo/share/turtlebot3_gazebo//worlds/turtlebot3_house.world
[11.448s] -- Symlinking: /home/kivaan123/turtlebot3_simulations/install/turtlebot3_gazebo/share/turtlebot3_gazebo//worlds/turtlebot3_world.world
[11.468s] -- Symlinking: /home/kivaan123/turtlebot3_simulations/install/turtlebot3_gazebo/include//turtlebot3_gazebo/turtlebot3_drive.hpp
[11.484s] -- Symlinking: /home/kivaan123/turtlebot3_simulations/install/turtlebot3_gazebo/share/ament_index/resource_index/package_run_dependencies/turtlebot3_gazebo
[11.506s] -- Symlinking: /home/kivaan123/turtlebot3_simulations/install/turtlebot3_gazebo/share/ament_index/resource_index/parent_prefix_path/turtlebot3_gazebo
[11.535s] -- Symlinking: /home/kivaan123/turtlebot3_simulations/install/turtlebot3_gazebo/share/turtlebot3_gazebo/environment/ament_prefix_path.sh
[11.553s] -- Symlinking: /home/kivaan123/turtlebot3_simulations/install/turtlebot3_gazebo/share/turtlebot3_gazebo/environment/ament_prefix_path.dsv
[11.565s] -- Symlinking: /home/kivaan123/turtlebot3_simulations/install/turtlebot3_gazebo/share/turtlebot3_gazebo/environment/path.sh
[11.576s] -- Symlinking: /home/kivaan123/turtlebot3_simulations/install/turtlebot3_gazebo/share/turtlebot3_gazebo/environment/path.dsv
[11.589s] -- Symlinking: /home/kivaan123/turtlebot3_simulations/install/turtlebot3_gazebo/share/turtlebot3_gazebo/local_setup.bash
[11.616s] -- Symlinking: /home/kivaan123/turtlebot3_simulations/install/turtlebot3_gazebo/share/turtlebot3_gazebo/local_setup.sh
[11.637s] -- Symlinking: /home/kivaan123/turtlebot3_simulations/install/turtlebot3_gazebo/share/turtlebot3_gazebo/local_setup.zsh
[11.652s] -- Symlinking: /home/kivaan123/turtlebot3_simulations/install/turtlebot3_gazebo/share/turtlebot3_gazebo/local_setup.dsv
[11.672s] -- Symlinking: /home/kivaan123/turtlebot3_simulations/install/turtlebot3_gazebo/share/turtlebot3_gazebo/package.dsv
[11.692s] -- Symlinking: /home/kivaan123/turtlebot3_simulations/install/turtlebot3_gazebo/share/ament_index/resource_index/packages/turtlebot3_gazebo
[11.714s] -- Symlinking: /home/kivaan123/turtlebot3_simulations/install/turtlebot3_gazebo/share/turtlebot3_gazebo/cmake/ament_cmake_export_include_directories-extras.cmake
[11.726s] -- Symlinking: /home/kivaan123/turtlebot3_simulations/install/turtlebot3_gazebo/share/turtlebot3_gazebo/cmake/ament_cmake_export_dependencies-extras.cmake
[11.737s] -- Symlinking: /home/kivaan123/turtlebot3_simulations/install/turtlebot3_gazebo/share/turtlebot3_gazebo/cmake/turtlebot3_gazeboConfig.cmake
[11.758s] -- Symlinking: /home/kivaan123/turtlebot3_simulations/install/turtlebot3_gazebo/share/turtlebot3_gazebo/cmake/turtlebot3_gazeboConfig-version.cmake
[11.774s] -- Symlinking: /home/kivaan123/turtlebot3_simulations/install/turtlebot3_gazebo/share/turtlebot3_gazebo/package.xml
[11.791s] Invoked command in '/home/kivaan123/turtlebot3_simulations/build/turtlebot3_gazebo' returned '0': CMAKE_PREFIX_PATH=${CMAKE_PREFIX_PATH}:/opt/ros/humble /usr/bin/cmake --install /home/kivaan123/turtlebot3_simulations/build/turtlebot3_gazebo
