[35m[1mConsolidate compiler generated dependencies of target turtlebot3_drive[0m
[ 22%] [32mBuilding CXX object CMakeFiles/turtlebot3_drive.dir/src/turtlebot3_drive.cpp.o[0m
[ 33%] Built target obstacle2
[ 55%] Built target obstacles
[ 77%] Built target obstacle1
[01m[K/home/kivaan123/Turtlebot3-Wall-Follower/turtlebot3_gazebo/src/turtlebot3_drive.cpp:[m[K In constructor ‘[01m[KTurtlebot3Drive::Turtlebot3Drive()[m[K’:
[01m[K/home/kivaan123/Turtlebot3-Wall-Follower/turtlebot3_gazebo/src/turtlebot3_drive.cpp:11:54:[m[K [01;31m[Kerror: [m[Kno matching function for call to ‘[01m[Kstd::unique_ptr<LidarSensor>::unique_ptr(Turtlebot3Drive*)[m[K’
   11 |     lidar_sensor_ = std::unique_ptr<LidarSensor>(this[01;31m[K)[m[K;
      |                                                      [01;31m[K^[m[K
In file included from [01m[K/usr/include/c++/11/memory:76[m[K,
                 from [01m[K/opt/ros/humble/include/rclcpp/rclcpp/rclcpp.hpp:153[m[K,
                 from [01m[K/home/kivaan123/Turtlebot3-Wall-Follower/turtlebot3_gazebo/include/turtlebot3_gazebo/turtlebot3_drive.hpp:4[m[K,
                 from [01m[K/home/kivaan123/Turtlebot3-Wall-Follower/turtlebot3_gazebo/src/turtlebot3_drive.cpp:1[m[K:
[01m[K/usr/include/c++/11/bits/unique_ptr.h:350:9:[m[K [01;36m[Knote: [m[Kcandidate: ‘[01m[Ktemplate<class _Up, class> std::unique_ptr<_Tp, _Dp>::unique_ptr(std::auto_ptr<_Up>&&) [with _Up = _Up; <template-parameter-2-2> = <template-parameter-1-2>; _Tp = LidarSensor; _Dp = std::default_delete<LidarSensor>][m[K’
  350 |         [01;36m[Kunique_ptr[m[K(auto_ptr<_Up>&& __u) noexcept;
      |         [01;36m[K^~~~~~~~~~[m[K
[01m[K/usr/include/c++/11/bits/unique_ptr.h:350:9:[m[K [01;36m[Knote: [m[K  template argument deduction/substitution failed:
[01m[K/home/kivaan123/Turtlebot3-Wall-Follower/turtlebot3_gazebo/src/turtlebot3_drive.cpp:11:54:[m[K [01;36m[Knote: [m[K  mismatched types ‘[01m[Kstd::auto_ptr<_Up>[m[K’ and ‘[01m[KTurtlebot3Drive*[m[K’
   11 |     lidar_sensor_ = std::unique_ptr<LidarSensor>(this[01;36m[K)[m[K;
      |                                                      [01;36m[K^[m[K
In file included from [01m[K/usr/include/c++/11/memory:76[m[K,
                 from [01m[K/opt/ros/humble/include/rclcpp/rclcpp/rclcpp.hpp:153[m[K,
                 from [01m[K/home/kivaan123/Turtlebot3-Wall-Follower/turtlebot3_gazebo/include/turtlebot3_gazebo/turtlebot3_drive.hpp:4[m[K,
                 from [01m[K/home/kivaan123/Turtlebot3-Wall-Follower/turtlebot3_gazebo/src/turtlebot3_drive.cpp:1[m[K:
[01m[K/usr/include/c++/11/bits/unique_ptr.h:340:9:[m[K [01;36m[Knote: [m[Kcandidate: ‘[01m[Ktemplate<class _Up, class _Ep, class> std::unique_ptr<_Tp, _Dp>::unique_ptr(std::unique_ptr<_Up, _Ep>&&) [with _Up = _Up; _Ep = _Ep; <template-parameter-2-3> = <template-parameter-1-3>; _Tp = LidarSensor; _Dp = std::default_delete<LidarSensor>][m[K’
  340 |         [01;36m[Kunique_ptr[m[K(unique_ptr<_Up, _Ep>&& __u) noexcept
      |         [01;36m[K^~~~~~~~~~[m[K
[01m[K/usr/include/c++/11/bits/unique_ptr.h:340:9:[m[K [01;36m[Knote: [m[K  template argument deduction/substitution failed:
[01m[K/home/kivaan123/Turtlebot3-Wall-Follower/turtlebot3_gazebo/src/turtlebot3_drive.cpp:11:54:[m[K [01;36m[Knote: [m[K  mismatched types ‘[01m[Kstd::unique_ptr<_Tp, _Dp>[m[K’ and ‘[01m[KTurtlebot3Drive*[m[K’
   11 |     lidar_sensor_ = std::unique_ptr<LidarSensor>(this[01;36m[K)[m[K;
      |                                                      [01;36m[K^[m[K
In file included from [01m[K/usr/include/c++/11/memory:76[m[K,
                 from [01m[K/opt/ros/humble/include/rclcpp/rclcpp/rclcpp.hpp:153[m[K,
                 from [01m[K/home/kivaan123/Turtlebot3-Wall-Follower/turtlebot3_gazebo/include/turtlebot3_gazebo/turtlebot3_drive.hpp:4[m[K,
                 from [01m[K/home/kivaan123/Turtlebot3-Wall-Follower/turtlebot3_gazebo/src/turtlebot3_drive.cpp:1[m[K:
[01m[K/usr/include/c++/11/bits/unique_ptr.h:320:19:[m[K [01;36m[Knote: [m[Kcandidate: ‘[01m[Ktemplate<class _Del, class> constexpr std::unique_ptr<_Tp, _Dp>::unique_ptr(std::nullptr_t) [with _Del = _Del; <template-parameter-2-2> = <template-parameter-1-2>; _Tp = LidarSensor; _Dp = std::default_delete<LidarSensor>][m[K’
  320 |         constexpr [01;36m[Kunique_ptr[m[K(nullptr_t) noexcept
      |                   [01;36m[K^~~~~~~~~~[m[K
[01m[K/usr/include/c++/11/bits/unique_ptr.h:320:19:[m[K [01;36m[Knote: [m[K  template argument deduction/substitution failed:
[01m[K/home/kivaan123/Turtlebot3-Wall-Follower/turtlebot3_gazebo/src/turtlebot3_drive.cpp:11:50:[m[K [01;36m[Knote: [m[K  cannot convert ‘[01m[K(Turtlebot3Drive*)this[m[K’ (type ‘[01m[KTurtlebot3Drive*[m[K’) to type ‘[01m[Kstd::nullptr_t[m[K’
   11 |     lidar_sensor_ = std::unique_ptr<LidarSensor>([01;36m[Kthis[m[K);
      |                                                  [01;36m[K^~~~[m[K
In file included from [01m[K/usr/include/c++/11/memory:76[m[K,
                 from [01m[K/opt/ros/humble/include/rclcpp/rclcpp/rclcpp.hpp:153[m[K,
                 from [01m[K/home/kivaan123/Turtlebot3-Wall-Follower/turtlebot3_gazebo/include/turtlebot3_gazebo/turtlebot3_drive.hpp:4[m[K,
                 from [01m[K/home/kivaan123/Turtlebot3-Wall-Follower/turtlebot3_gazebo/src/turtlebot3_drive.cpp:1[m[K:
[01m[K/usr/include/c++/11/bits/unique_ptr.h:314:9:[m[K [01;36m[Knote: [m[Kcandidate: ‘[01m[Ktemplate<class _Del, class _DelUnref> std::unique_ptr<_Tp, _Dp>::unique_ptr(std::unique_ptr<_Tp, _Dp>::pointer, std::__enable_if_t<std::is_lvalue_reference<_Del>::value, _DelUnref&&>) [with _Del = _Del; _DelUnref = _DelUnref; _Tp = LidarSensor; _Dp = std::default_delete<LidarSensor>][m[K’ (deleted)
  314 |         [01;36m[Kunique_ptr[m[K(pointer,
      |         [01;36m[K^~~~~~~~~~[m[K
[01m[K/usr/include/c++/11/bits/unique_ptr.h:314:9:[m[K [01;36m[Knote: [m[K  template argument deduction/substitution failed:
[01m[K/home/kivaan123/Turtlebot3-Wall-Follower/turtlebot3_gazebo/src/turtlebot3_drive.cpp:11:54:[m[K [01;36m[Knote: [m[K  candidate expects 2 arguments, 1 provided
   11 |     lidar_sensor_ = std::unique_ptr<LidarSensor>(this[01;36m[K)[m[K;
      |                                                      [01;36m[K^[m[K
In file included from [01m[K/usr/include/c++/11/memory:76[m[K,
                 from [01m[K/opt/ros/humble/include/rclcpp/rclcpp/rclcpp.hpp:153[m[K,
                 from [01m[K/home/kivaan123/Turtlebot3-Wall-Follower/turtlebot3_gazebo/include/turtlebot3_gazebo/turtlebot3_drive.hpp:4[m[K,
                 from [01m[K/home/kivaan123/Turtlebot3-Wall-Follower/turtlebot3_gazebo/src/turtlebot3_drive.cpp:1[m[K:
[01m[K/usr/include/c++/11/bits/unique_ptr.h:306:9:[m[K [01;36m[Knote: [m[Kcandidate: ‘[01m[Ktemplate<class _Del, class> std::unique_ptr<_Tp, _Dp>::unique_ptr(std::unique_ptr<_Tp, _Dp>::pointer, std::__enable_if_t<(! std::is_lvalue_reference<_Del>::value), _Del&&>) [with _Del = _Del; <template-parameter-2-2> = <template-parameter-1-2>; _Tp = LidarSensor; _Dp = std::default_delete<LidarSensor>][m[K’
  306 |         [01;36m[Kunique_ptr[m[K(pointer __p,
      |         [01;36m[K^~~~~~~~~~[m[K
[01m[K/usr/include/c++/11/bits/unique_ptr.h:306:9:[m[K [01;36m[Knote: [m[K  template argument deduction/substitution failed:
[01m[K/home/kivaan123/Turtlebot3-Wall-Follower/turtlebot3_gazebo/src/turtlebot3_drive.cpp:11:54:[m[K [01;36m[Knote: [m[K  candidate expects 2 arguments, 1 provided
   11 |     lidar_sensor_ = std::unique_ptr<LidarSensor>(this[01;36m[K)[m[K;
      |                                                      [01;36m[K^[m[K
In file included from [01m[K/usr/include/c++/11/memory:76[m[K,
                 from [01m[K/opt/ros/humble/include/rclcpp/rclcpp/rclcpp.hpp:153[m[K,
                 from [01m[K/home/kivaan123/Turtlebot3-Wall-Follower/turtlebot3_gazebo/include/turtlebot3_gazebo/turtlebot3_drive.hpp:4[m[K,
                 from [01m[K/home/kivaan123/Turtlebot3-Wall-Follower/turtlebot3_gazebo/src/turtlebot3_drive.cpp:1[m[K:
[01m[K/usr/include/c++/11/bits/unique_ptr.h:294:9:[m[K [01;36m[Knote: [m[Kcandidate: ‘[01m[Ktemplate<class _Del, class> std::unique_ptr<_Tp, _Dp>::unique_ptr(std::unique_ptr<_Tp, _Dp>::pointer, const deleter_type&) [with _Del = _Del; <template-parameter-2-2> = <template-parameter-1-2>; _Tp = LidarSensor; _Dp = std::default_delete<LidarSensor>][m[K’
  294 |         [01;36m[Kunique_ptr[m[K(pointer __p, const deleter_type& __d) noexcept
      |         [01;36m[K^~~~~~~~~~[m[K
[01m[K/usr/include/c++/11/bits/unique_ptr.h:294:9:[m[K [01;36m[Knote: [m[K  template argument deduction/substitution failed:
[01m[K/home/kivaan123/Turtlebot3-Wall-Follower/turtlebot3_gazebo/src/turtlebot3_drive.cpp:11:54:[m[K [01;36m[Knote: [m[K  candidate expects 2 arguments, 1 provided
   11 |     lidar_sensor_ = std::unique_ptr<LidarSensor>(this[01;36m[K)[m[K;
      |                                                      [01;36m[K^[m[K
In file included from [01m[K/usr/include/c++/11/memory:76[m[K,
                 from [01m[K/opt/ros/humble/include/rclcpp/rclcpp/rclcpp.hpp:153[m[K,
                 from [01m[K/home/kivaan123/Turtlebot3-Wall-Follower/turtlebot3_gazebo/include/turtlebot3_gazebo/turtlebot3_drive.hpp:4[m[K,
                 from [01m[K/home/kivaan123/Turtlebot3-Wall-Follower/turtlebot3_gazebo/src/turtlebot3_drive.cpp:1[m[K:
[01m[K/usr/include/c++/11/bits/unique_ptr.h:281:9:[m[K [01;36m[Knote: [m[Kcandidate: ‘[01m[Ktemplate<class _Del, class> std::unique_ptr<_Tp, _Dp>::unique_ptr(std::unique_ptr<_Tp, _Dp>::pointer) [with _Del = _Del; <template-parameter-2-2> = <template-parameter-1-2>; _Tp = LidarSensor; _Dp = std::default_delete<LidarSensor>][m[K’
  281 |         [01;36m[Kunique_ptr[m[K(pointer __p) noexcept
      |         [01;36m[K^~~~~~~~~~[m[K
[01m[K/usr/include/c++/11/bits/unique_ptr.h:281:9:[m[K [01;36m[Knote: [m[K  template argument deduction/substitution failed:
[01m[K/home/kivaan123/Turtlebot3-Wall-Follower/turtlebot3_gazebo/src/turtlebot3_drive.cpp:11:50:[m[K [01;36m[Knote: [m[K  cannot convert ‘[01m[K(Turtlebot3Drive*)this[m[K’ (type ‘[01m[KTurtlebot3Drive*[m[K’) to type ‘[01m[Kstd::unique_ptr<LidarSensor>::pointer[m[K’ {aka ‘[01m[KLidarSensor*[m[K’}
   11 |     lidar_sensor_ = std::unique_ptr<LidarSensor>([01;36m[Kthis[m[K);
      |                                                  [01;36m[K^~~~[m[K
In file included from [01m[K/usr/include/c++/11/memory:76[m[K,
                 from [01m[K/opt/ros/humble/include/rclcpp/rclcpp/rclcpp.hpp:153[m[K,
                 from [01m[K/home/kivaan123/Turtlebot3-Wall-Follower/turtlebot3_gazebo/include/turtlebot3_gazebo/turtlebot3_drive.hpp:4[m[K,
                 from [01m[K/home/kivaan123/Turtlebot3-Wall-Follower/turtlebot3_gazebo/src/turtlebot3_drive.cpp:1[m[K:
[01m[K/usr/include/c++/11/bits/unique_ptr.h:269:19:[m[K [01;36m[Knote: [m[Kcandidate: ‘[01m[Ktemplate<class _Del, class> constexpr std::unique_ptr<_Tp, _Dp>::unique_ptr() [with _Del = _Del; <template-parameter-2-2> = <template-parameter-1-2>; _Tp = LidarSensor; _Dp = std::default_delete<LidarSensor>][m[K’
  269 |         constexpr [01;36m[Kunique_ptr[m[K() noexcept
      |                   [01;36m[K^~~~~~~~~~[m[K
[01m[K/usr/include/c++/11/bits/unique_ptr.h:269:19:[m[K [01;36m[Knote: [m[K  template argument deduction/substitution failed:
[01m[K/home/kivaan123/Turtlebot3-Wall-Follower/turtlebot3_gazebo/src/turtlebot3_drive.cpp:11:54:[m[K [01;36m[Knote: [m[K  candidate expects 0 arguments, 1 provided
   11 |     lidar_sensor_ = std::unique_ptr<LidarSensor>(this[01;36m[K)[m[K;
      |                                                      [01;36m[K^[m[K
In file included from [01m[K/usr/include/c++/11/memory:76[m[K,
                 from [01m[K/opt/ros/humble/include/rclcpp/rclcpp/rclcpp.hpp:153[m[K,
                 from [01m[K/home/kivaan123/Turtlebot3-Wall-Follower/turtlebot3_gazebo/include/turtlebot3_gazebo/turtlebot3_drive.hpp:4[m[K,
                 from [01m[K/home/kivaan123/Turtlebot3-Wall-Follower/turtlebot3_gazebo/src/turtlebot3_drive.cpp:1[m[K:
[01m[K/usr/include/c++/11/bits/unique_ptr.h:327:7:[m[K [01;36m[Knote: [m[Kcandidate: ‘[01m[Kstd::unique_ptr<_Tp, _Dp>::unique_ptr(std::unique_ptr<_Tp, _Dp>&&) [with _Tp = LidarSensor; _Dp = std::default_delete<LidarSensor>][m[K’
  327 |       [01;36m[Kunique_ptr[m[K(unique_ptr&&) = default;
      |       [01;36m[K^~~~~~~~~~[m[K
[01m[K/usr/include/c++/11/bits/unique_ptr.h:327:18:[m[K [01;36m[Knote: [m[K  no known conversion for argument 1 from ‘[01m[KTurtlebot3Drive*[m[K’ to ‘[01m[Kstd::unique_ptr<LidarSensor>&&[m[K’
  327 |       unique_ptr([01;36m[Kunique_ptr&&[m[K) = default;
      |                  [01;36m[K^~~~~~~~~~~~[m[K
[01m[K/home/kivaan123/Turtlebot3-Wall-Follower/turtlebot3_gazebo/src/turtlebot3_drive.cpp:12:68:[m[K [01;31m[Kerror: [m[Kno matching function for call to ‘[01m[Kstd::unique_ptr<MovementController>::unique_ptr(Turtlebot3Drive*)[m[K’
   12 |     movement_controller_ = std::unique_ptr<MovementController>(this[01;31m[K)[m[K;
      |                                                                    [01;31m[K^[m[K
In file included from [01m[K/usr/include/c++/11/memory:76[m[K,
                 from [01m[K/opt/ros/humble/include/rclcpp/rclcpp/rclcpp.hpp:153[m[K,
                 from [01m[K/home/kivaan123/Turtlebot3-Wall-Follower/turtlebot3_gazebo/include/turtlebot3_gazebo/turtlebot3_drive.hpp:4[m[K,
                 from [01m[K/home/kivaan123/Turtlebot3-Wall-Follower/turtlebot3_gazebo/src/turtlebot3_drive.cpp:1[m[K:
[01m[K/usr/include/c++/11/bits/unique_ptr.h:350:9:[m[K [01;36m[Knote: [m[Kcandidate: ‘[01m[Ktemplate<class _Up, class> std::unique_ptr<_Tp, _Dp>::unique_ptr(std::auto_ptr<_Up>&&) [with _Up = _Up; <template-parameter-2-2> = <template-parameter-1-2>; _Tp = MovementController; _Dp = std::default_delete<MovementController>][m[K’
  350 |         [01;36m[Kunique_ptr[m[K(auto_ptr<_Up>&& __u) noexcept;
      |         [01;36m[K^~~~~~~~~~[m[K
[01m[K/usr/include/c++/11/bits/unique_ptr.h:350:9:[m[K [01;36m[Knote: [m[K  template argument deduction/substitution failed:
[01m[K/home/kivaan123/Turtlebot3-Wall-Follower/turtlebot3_gazebo/src/turtlebot3_drive.cpp:12:68:[m[K [01;36m[Knote: [m[K  mismatched types ‘[01m[Kstd::auto_ptr<_Up>[m[K’ and ‘[01m[KTurtlebot3Drive*[m[K’
   12 |     movement_controller_ = std::unique_ptr<MovementController>(this[01;36m[K)[m[K;
      |                                                                    [01;36m[K^[m[K
In file included from [01m[K/usr/include/c++/11/memory:76[m[K,
                 from [01m[K/opt/ros/humble/include/rclcpp/rclcpp/rclcpp.hpp:153[m[K,
                 from [01m[K/home/kivaan123/Turtlebot3-Wall-Follower/turtlebot3_gazebo/include/turtlebot3_gazebo/turtlebot3_drive.hpp:4[m[K,
                 from [01m[K/home/kivaan123/Turtlebot3-Wall-Follower/turtlebot3_gazebo/src/turtlebot3_drive.cpp:1[m[K:
[01m[K/usr/include/c++/11/bits/unique_ptr.h:340:9:[m[K [01;36m[Knote: [m[Kcandidate: ‘[01m[Ktemplate<class _Up, class _Ep, class> std::unique_ptr<_Tp, _Dp>::unique_ptr(std::unique_ptr<_Up, _Ep>&&) [with _Up = _Up; _Ep = _Ep; <template-parameter-2-3> = <template-parameter-1-3>; _Tp = MovementController; _Dp = std::default_delete<MovementController>][m[K’
  340 |         [01;36m[Kunique_ptr[m[K(unique_ptr<_Up, _Ep>&& __u) noexcept
      |         [01;36m[K^~~~~~~~~~[m[K
[01m[K/usr/include/c++/11/bits/unique_ptr.h:340:9:[m[K [01;36m[Knote: [m[K  template argument deduction/substitution failed:
[01m[K/home/kivaan123/Turtlebot3-Wall-Follower/turtlebot3_gazebo/src/turtlebot3_drive.cpp:12:68:[m[K [01;36m[Knote: [m[K  mismatched types ‘[01m[Kstd::unique_ptr<_Tp, _Dp>[m[K’ and ‘[01m[KTurtlebot3Drive*[m[K’
   12 |     movement_controller_ = std::unique_ptr<MovementController>(this[01;36m[K)[m[K;
      |                                                                    [01;36m[K^[m[K
In file included from [01m[K/usr/include/c++/11/memory:76[m[K,
                 from [01m[K/opt/ros/humble/include/rclcpp/rclcpp/rclcpp.hpp:153[m[K,
                 from [01m[K/home/kivaan123/Turtlebot3-Wall-Follower/turtlebot3_gazebo/include/turtlebot3_gazebo/turtlebot3_drive.hpp:4[m[K,
                 from [01m[K/home/kivaan123/Turtlebot3-Wall-Follower/turtlebot3_gazebo/src/turtlebot3_drive.cpp:1[m[K:
[01m[K/usr/include/c++/11/bits/unique_ptr.h:320:19:[m[K [01;36m[Knote: [m[Kcandidate: ‘[01m[Ktemplate<class _Del, class> constexpr std::unique_ptr<_Tp, _Dp>::unique_ptr(std::nullptr_t) [with _Del = _Del; <template-parameter-2-2> = <template-parameter-1-2>; _Tp = MovementController; _Dp = std::default_delete<MovementController>][m[K’
  320 |         constexpr [01;36m[Kunique_ptr[m[K(nullptr_t) noexcept
      |                   [01;36m[K^~~~~~~~~~[m[K
[01m[K/usr/include/c++/11/bits/unique_ptr.h:320:19:[m[K [01;36m[Knote: [m[K  template argument deduction/substitution failed:
[01m[K/home/kivaan123/Turtlebot3-Wall-Follower/turtlebot3_gazebo/src/turtlebot3_drive.cpp:12:64:[m[K [01;36m[Knote: [m[K  cannot convert ‘[01m[K(Turtlebot3Drive*)this[m[K’ (type ‘[01m[KTurtlebot3Drive*[m[K’) to type ‘[01m[Kstd::nullptr_t[m[K’
   12 |     movement_controller_ = std::unique_ptr<MovementController>([01;36m[Kthis[m[K);
      |                                                                [01;36m[K^~~~[m[K
In file included from [01m[K/usr/include/c++/11/memory:76[m[K,
                 from [01m[K/opt/ros/humble/include/rclcpp/rclcpp/rclcpp.hpp:153[m[K,
                 from [01m[K/home/kivaan123/Turtlebot3-Wall-Follower/turtlebot3_gazebo/include/turtlebot3_gazebo/turtlebot3_drive.hpp:4[m[K,
                 from [01m[K/home/kivaan123/Turtlebot3-Wall-Follower/turtlebot3_gazebo/src/turtlebot3_drive.cpp:1[m[K:
[01m[K/usr/include/c++/11/bits/unique_ptr.h:314:9:[m[K [01;36m[Knote: [m[Kcandidate: ‘[01m[Ktemplate<class _Del, class _DelUnref> std::unique_ptr<_Tp, _Dp>::unique_ptr(std::unique_ptr<_Tp, _Dp>::pointer, std::__enable_if_t<std::is_lvalue_reference<_Del>::value, _DelUnref&&>) [with _Del = _Del; _DelUnref = _DelUnref; _Tp = MovementController; _Dp = std::default_delete<MovementController>][m[K’ (deleted)
  314 |         [01;36m[Kunique_ptr[m[K(pointer,
      |         [01;36m[K^~~~~~~~~~[m[K
[01m[K/usr/include/c++/11/bits/unique_ptr.h:314:9:[m[K [01;36m[Knote: [m[K  template argument deduction/substitution failed:
[01m[K/home/kivaan123/Turtlebot3-Wall-Follower/turtlebot3_gazebo/src/turtlebot3_drive.cpp:12:68:[m[K [01;36m[Knote: [m[K  candidate expects 2 arguments, 1 provided
   12 |     movement_controller_ = std::unique_ptr<MovementController>(this[01;36m[K)[m[K;
      |                                                                    [01;36m[K^[m[K
In file included from [01m[K/usr/include/c++/11/memory:76[m[K,
                 from [01m[K/opt/ros/humble/include/rclcpp/rclcpp/rclcpp.hpp:153[m[K,
                 from [01m[K/home/kivaan123/Turtlebot3-Wall-Follower/turtlebot3_gazebo/include/turtlebot3_gazebo/turtlebot3_drive.hpp:4[m[K,
                 from [01m[K/home/kivaan123/Turtlebot3-Wall-Follower/turtlebot3_gazebo/src/turtlebot3_drive.cpp:1[m[K:
[01m[K/usr/include/c++/11/bits/unique_ptr.h:306:9:[m[K [01;36m[Knote: [m[Kcandidate: ‘[01m[Ktemplate<class _Del, class> std::unique_ptr<_Tp, _Dp>::unique_ptr(std::unique_ptr<_Tp, _Dp>::pointer, std::__enable_if_t<(! std::is_lvalue_reference<_Del>::value), _Del&&>) [with _Del = _Del; <template-parameter-2-2> = <template-parameter-1-2>; _Tp = MovementController; _Dp = std::default_delete<MovementController>][m[K’
  306 |         [01;36m[Kunique_ptr[m[K(pointer __p,
      |         [01;36m[K^~~~~~~~~~[m[K
[01m[K/usr/include/c++/11/bits/unique_ptr.h:306:9:[m[K [01;36m[Knote: [m[K  template argument deduction/substitution failed:
[01m[K/home/kivaan123/Turtlebot3-Wall-Follower/turtlebot3_gazebo/src/turtlebot3_drive.cpp:12:68:[m[K [01;36m[Knote: [m[K  candidate expects 2 arguments, 1 provided
   12 |     movement_controller_ = std::unique_ptr<MovementController>(this[01;36m[K)[m[K;
      |                                                                    [01;36m[K^[m[K
In file included from [01m[K/usr/include/c++/11/memory:76[m[K,
                 from [01m[K/opt/ros/humble/include/rclcpp/rclcpp/rclcpp.hpp:153[m[K,
                 from [01m[K/home/kivaan123/Turtlebot3-Wall-Follower/turtlebot3_gazebo/include/turtlebot3_gazebo/turtlebot3_drive.hpp:4[m[K,
                 from [01m[K/home/kivaan123/Turtlebot3-Wall-Follower/turtlebot3_gazebo/src/turtlebot3_drive.cpp:1[m[K:
[01m[K/usr/include/c++/11/bits/unique_ptr.h:294:9:[m[K [01;36m[Knote: [m[Kcandidate: ‘[01m[Ktemplate<class _Del, class> std::unique_ptr<_Tp, _Dp>::unique_ptr(std::unique_ptr<_Tp, _Dp>::pointer, const deleter_type&) [with _Del = _Del; <template-parameter-2-2> = <template-parameter-1-2>; _Tp = MovementController; _Dp = std::default_delete<MovementController>][m[K’
  294 |         [01;36m[Kunique_ptr[m[K(pointer __p, const deleter_type& __d) noexcept
      |         [01;36m[K^~~~~~~~~~[m[K
[01m[K/usr/include/c++/11/bits/unique_ptr.h:294:9:[m[K [01;36m[Knote: [m[K  template argument deduction/substitution failed:
[01m[K/home/kivaan123/Turtlebot3-Wall-Follower/turtlebot3_gazebo/src/turtlebot3_drive.cpp:12:68:[m[K [01;36m[Knote: [m[K  candidate expects 2 arguments, 1 provided
   12 |     movement_controller_ = std::unique_ptr<MovementController>(this[01;36m[K)[m[K;
      |                                                                    [01;36m[K^[m[K
In file included from [01m[K/usr/include/c++/11/memory:76[m[K,
                 from [01m[K/opt/ros/humble/include/rclcpp/rclcpp/rclcpp.hpp:153[m[K,
                 from [01m[K/home/kivaan123/Turtlebot3-Wall-Follower/turtlebot3_gazebo/include/turtlebot3_gazebo/turtlebot3_drive.hpp:4[m[K,
                 from [01m[K/home/kivaan123/Turtlebot3-Wall-Follower/turtlebot3_gazebo/src/turtlebot3_drive.cpp:1[m[K:
[01m[K/usr/include/c++/11/bits/unique_ptr.h:281:9:[m[K [01;36m[Knote: [m[Kcandidate: ‘[01m[Ktemplate<class _Del, class> std::unique_ptr<_Tp, _Dp>::unique_ptr(std::unique_ptr<_Tp, _Dp>::pointer) [with _Del = _Del; <template-parameter-2-2> = <template-parameter-1-2>; _Tp = MovementController; _Dp = std::default_delete<MovementController>][m[K’
  281 |         [01;36m[Kunique_ptr[m[K(pointer __p) noexcept
      |         [01;36m[K^~~~~~~~~~[m[K
[01m[K/usr/include/c++/11/bits/unique_ptr.h:281:9:[m[K [01;36m[Knote: [m[K  template argument deduction/substitution failed:
[01m[K/home/kivaan123/Turtlebot3-Wall-Follower/turtlebot3_gazebo/src/turtlebot3_drive.cpp:12:64:[m[K [01;36m[Knote: [m[K  cannot convert ‘[01m[K(Turtlebot3Drive*)this[m[K’ (type ‘[01m[KTurtlebot3Drive*[m[K’) to type ‘[01m[Kstd::unique_ptr<MovementController>::pointer[m[K’ {aka ‘[01m[KMovementController*[m[K’}
   12 |     movement_controller_ = std::unique_ptr<MovementController>([01;36m[Kthis[m[K);
      |                                                                [01;36m[K^~~~[m[K
In file included from [01m[K/usr/include/c++/11/memory:76[m[K,
                 from [01m[K/opt/ros/humble/include/rclcpp/rclcpp/rclcpp.hpp:153[m[K,
                 from [01m[K/home/kivaan123/Turtlebot3-Wall-Follower/turtlebot3_gazebo/include/turtlebot3_gazebo/turtlebot3_drive.hpp:4[m[K,
                 from [01m[K/home/kivaan123/Turtlebot3-Wall-Follower/turtlebot3_gazebo/src/turtlebot3_drive.cpp:1[m[K:
[01m[K/usr/include/c++/11/bits/unique_ptr.h:269:19:[m[K [01;36m[Knote: [m[Kcandidate: ‘[01m[Ktemplate<class _Del, class> constexpr std::unique_ptr<_Tp, _Dp>::unique_ptr() [with _Del = _Del; <template-parameter-2-2> = <template-parameter-1-2>; _Tp = MovementController; _Dp = std::default_delete<MovementController>][m[K’
  269 |         constexpr [01;36m[Kunique_ptr[m[K() noexcept
      |                   [01;36m[K^~~~~~~~~~[m[K
[01m[K/usr/include/c++/11/bits/unique_ptr.h:269:19:[m[K [01;36m[Knote: [m[K  template argument deduction/substitution failed:
[01m[K/home/kivaan123/Turtlebot3-Wall-Follower/turtlebot3_gazebo/src/turtlebot3_drive.cpp:12:68:[m[K [01;36m[Knote: [m[K  candidate expects 0 arguments, 1 provided
   12 |     movement_controller_ = std::unique_ptr<MovementController>(this[01;36m[K)[m[K;
      |                                                                    [01;36m[K^[m[K
In file included from [01m[K/usr/include/c++/11/memory:76[m[K,
                 from [01m[K/opt/ros/humble/include/rclcpp/rclcpp/rclcpp.hpp:153[m[K,
                 from [01m[K/home/kivaan123/Turtlebot3-Wall-Follower/turtlebot3_gazebo/include/turtlebot3_gazebo/turtlebot3_drive.hpp:4[m[K,
                 from [01m[K/home/kivaan123/Turtlebot3-Wall-Follower/turtlebot3_gazebo/src/turtlebot3_drive.cpp:1[m[K:
[01m[K/usr/include/c++/11/bits/unique_ptr.h:327:7:[m[K [01;36m[Knote: [m[Kcandidate: ‘[01m[Kstd::unique_ptr<_Tp, _Dp>::unique_ptr(std::unique_ptr<_Tp, _Dp>&&) [with _Tp = MovementController; _Dp = std::default_delete<MovementController>][m[K’
  327 |       [01;36m[Kunique_ptr[m[K(unique_ptr&&) = default;
      |       [01;36m[K^~~~~~~~~~[m[K
[01m[K/usr/include/c++/11/bits/unique_ptr.h:327:18:[m[K [01;36m[Knote: [m[K  no known conversion for argument 1 from ‘[01m[KTurtlebot3Drive*[m[K’ to ‘[01m[Kstd::unique_ptr<MovementController>&&[m[K’
  327 |       unique_ptr([01;36m[Kunique_ptr&&[m[K) = default;
      |                  [01;36m[K^~~~~~~~~~~~[m[K
[01m[K/home/kivaan123/Turtlebot3-Wall-Follower/turtlebot3_gazebo/src/turtlebot3_drive.cpp:13:62:[m[K [01;31m[Kerror: [m[Kno matching function for call to ‘[01m[Kstd::unique_ptr<CameraProcessor>::unique_ptr(Turtlebot3Drive*)[m[K’
   13 |     camera_processor_ = std::unique_ptr<CameraProcessor>(this[01;31m[K)[m[K;
      |                                                              [01;31m[K^[m[K
In file included from [01m[K/usr/include/c++/11/memory:76[m[K,
                 from [01m[K/opt/ros/humble/include/rclcpp/rclcpp/rclcpp.hpp:153[m[K,
                 from [01m[K/home/kivaan123/Turtlebot3-Wall-Follower/turtlebot3_gazebo/include/turtlebot3_gazebo/turtlebot3_drive.hpp:4[m[K,
                 from [01m[K/home/kivaan123/Turtlebot3-Wall-Follower/turtlebot3_gazebo/src/turtlebot3_drive.cpp:1[m[K:
[01m[K/usr/include/c++/11/bits/unique_ptr.h:350:9:[m[K [01;36m[Knote: [m[Kcandidate: ‘[01m[Ktemplate<class _Up, class> std::unique_ptr<_Tp, _Dp>::unique_ptr(std::auto_ptr<_Up>&&) [with _Up = _Up; <template-parameter-2-2> = <template-parameter-1-2>; _Tp = CameraProcessor; _Dp = std::default_delete<CameraProcessor>][m[K’
  350 |         [01;36m[Kunique_ptr[m[K(auto_ptr<_Up>&& __u) noexcept;
      |         [01;36m[K^~~~~~~~~~[m[K
[01m[K/usr/include/c++/11/bits/unique_ptr.h:350:9:[m[K [01;36m[Knote: [m[K  template argument deduction/substitution failed:
[01m[K/home/kivaan123/Turtlebot3-Wall-Follower/turtlebot3_gazebo/src/turtlebot3_drive.cpp:13:62:[m[K [01;36m[Knote: [m[K  mismatched types ‘[01m[Kstd::auto_ptr<_Up>[m[K’ and ‘[01m[KTurtlebot3Drive*[m[K’
   13 |     camera_processor_ = std::unique_ptr<CameraProcessor>(this[01;36m[K)[m[K;
      |                                                              [01;36m[K^[m[K
In file included from [01m[K/usr/include/c++/11/memory:76[m[K,
                 from [01m[K/opt/ros/humble/include/rclcpp/rclcpp/rclcpp.hpp:153[m[K,
                 from [01m[K/home/kivaan123/Turtlebot3-Wall-Follower/turtlebot3_gazebo/include/turtlebot3_gazebo/turtlebot3_drive.hpp:4[m[K,
                 from [01m[K/home/kivaan123/Turtlebot3-Wall-Follower/turtlebot3_gazebo/src/turtlebot3_drive.cpp:1[m[K:
[01m[K/usr/include/c++/11/bits/unique_ptr.h:340:9:[m[K [01;36m[Knote: [m[Kcandidate: ‘[01m[Ktemplate<class _Up, class _Ep, class> std::unique_ptr<_Tp, _Dp>::unique_ptr(std::unique_ptr<_Up, _Ep>&&) [with _Up = _Up; _Ep = _Ep; <template-parameter-2-3> = <template-parameter-1-3>; _Tp = CameraProcessor; _Dp = std::default_delete<CameraProcessor>][m[K’
  340 |         [01;36m[Kunique_ptr[m[K(unique_ptr<_Up, _Ep>&& __u) noexcept
      |         [01;36m[K^~~~~~~~~~[m[K
[01m[K/usr/include/c++/11/bits/unique_ptr.h:340:9:[m[K [01;36m[Knote: [m[K  template argument deduction/substitution failed:
[01m[K/home/kivaan123/Turtlebot3-Wall-Follower/turtlebot3_gazebo/src/turtlebot3_drive.cpp:13:62:[m[K [01;36m[Knote: [m[K  mismatched types ‘[01m[Kstd::unique_ptr<_Tp, _Dp>[m[K’ and ‘[01m[KTurtlebot3Drive*[m[K’
   13 |     camera_processor_ = std::unique_ptr<CameraProcessor>(this[01;36m[K)[m[K;
      |                                                              [01;36m[K^[m[K
In file included from [01m[K/usr/include/c++/11/memory:76[m[K,
                 from [01m[K/opt/ros/humble/include/rclcpp/rclcpp/rclcpp.hpp:153[m[K,
                 from [01m[K/home/kivaan123/Turtlebot3-Wall-Follower/turtlebot3_gazebo/include/turtlebot3_gazebo/turtlebot3_drive.hpp:4[m[K,
                 from [01m[K/home/kivaan123/Turtlebot3-Wall-Follower/turtlebot3_gazebo/src/turtlebot3_drive.cpp:1[m[K:
[01m[K/usr/include/c++/11/bits/unique_ptr.h:320:19:[m[K [01;36m[Knote: [m[Kcandidate: ‘[01m[Ktemplate<class _Del, class> constexpr std::unique_ptr<_Tp, _Dp>::unique_ptr(std::nullptr_t) [with _Del = _Del; <template-parameter-2-2> = <template-parameter-1-2>; _Tp = CameraProcessor; _Dp = std::default_delete<CameraProcessor>][m[K’
  320 |         constexpr [01;36m[Kunique_ptr[m[K(nullptr_t) noexcept
      |                   [01;36m[K^~~~~~~~~~[m[K
[01m[K/usr/include/c++/11/bits/unique_ptr.h:320:19:[m[K [01;36m[Knote: [m[K  template argument deduction/substitution failed:
[01m[K/home/kivaan123/Turtlebot3-Wall-Follower/turtlebot3_gazebo/src/turtlebot3_drive.cpp:13:58:[m[K [01;36m[Knote: [m[K  cannot convert ‘[01m[K(Turtlebot3Drive*)this[m[K’ (type ‘[01m[KTurtlebot3Drive*[m[K’) to type ‘[01m[Kstd::nullptr_t[m[K’
   13 |     camera_processor_ = std::unique_ptr<CameraProcessor>([01;36m[Kthis[m[K);
      |                                                          [01;36m[K^~~~[m[K
In file included from [01m[K/usr/include/c++/11/memory:76[m[K,
                 from [01m[K/opt/ros/humble/include/rclcpp/rclcpp/rclcpp.hpp:153[m[K,
                 from [01m[K/home/kivaan123/Turtlebot3-Wall-Follower/turtlebot3_gazebo/include/turtlebot3_gazebo/turtlebot3_drive.hpp:4[m[K,
                 from [01m[K/home/kivaan123/Turtlebot3-Wall-Follower/turtlebot3_gazebo/src/turtlebot3_drive.cpp:1[m[K:
[01m[K/usr/include/c++/11/bits/unique_ptr.h:314:9:[m[K [01;36m[Knote: [m[Kcandidate: ‘[01m[Ktemplate<class _Del, class _DelUnref> std::unique_ptr<_Tp, _Dp>::unique_ptr(std::unique_ptr<_Tp, _Dp>::pointer, std::__enable_if_t<std::is_lvalue_reference<_Del>::value, _DelUnref&&>) [with _Del = _Del; _DelUnref = _DelUnref; _Tp = CameraProcessor; _Dp = std::default_delete<CameraProcessor>][m[K’ (deleted)
  314 |         [01;36m[Kunique_ptr[m[K(pointer,
      |         [01;36m[K^~~~~~~~~~[m[K
[01m[K/usr/include/c++/11/bits/unique_ptr.h:314:9:[m[K [01;36m[Knote: [m[K  template argument deduction/substitution failed:
[01m[K/home/kivaan123/Turtlebot3-Wall-Follower/turtlebot3_gazebo/src/turtlebot3_drive.cpp:13:62:[m[K [01;36m[Knote: [m[K  candidate expects 2 arguments, 1 provided
   13 |     camera_processor_ = std::unique_ptr<CameraProcessor>(this[01;36m[K)[m[K;
      |                                                              [01;36m[K^[m[K
In file included from [01m[K/usr/include/c++/11/memory:76[m[K,
                 from [01m[K/opt/ros/humble/include/rclcpp/rclcpp/rclcpp.hpp:153[m[K,
                 from [01m[K/home/kivaan123/Turtlebot3-Wall-Follower/turtlebot3_gazebo/include/turtlebot3_gazebo/turtlebot3_drive.hpp:4[m[K,
                 from [01m[K/home/kivaan123/Turtlebot3-Wall-Follower/turtlebot3_gazebo/src/turtlebot3_drive.cpp:1[m[K:
[01m[K/usr/include/c++/11/bits/unique_ptr.h:306:9:[m[K [01;36m[Knote: [m[Kcandidate: ‘[01m[Ktemplate<class _Del, class> std::unique_ptr<_Tp, _Dp>::unique_ptr(std::unique_ptr<_Tp, _Dp>::pointer, std::__enable_if_t<(! std::is_lvalue_reference<_Del>::value), _Del&&>) [with _Del = _Del; <template-parameter-2-2> = <template-parameter-1-2>; _Tp = CameraProcessor; _Dp = std::default_delete<CameraProcessor>][m[K’
  306 |         [01;36m[Kunique_ptr[m[K(pointer __p,
      |         [01;36m[K^~~~~~~~~~[m[K
[01m[K/usr/include/c++/11/bits/unique_ptr.h:306:9:[m[K [01;36m[Knote: [m[K  template argument deduction/substitution failed:
[01m[K/home/kivaan123/Turtlebot3-Wall-Follower/turtlebot3_gazebo/src/turtlebot3_drive.cpp:13:62:[m[K [01;36m[Knote: [m[K  candidate expects 2 arguments, 1 provided
   13 |     camera_processor_ = std::unique_ptr<CameraProcessor>(this[01;36m[K)[m[K;
      |                                                              [01;36m[K^[m[K
In file included from [01m[K/usr/include/c++/11/memory:76[m[K,
                 from [01m[K/opt/ros/humble/include/rclcpp/rclcpp/rclcpp.hpp:153[m[K,
                 from [01m[K/home/kivaan123/Turtlebot3-Wall-Follower/turtlebot3_gazebo/include/turtlebot3_gazebo/turtlebot3_drive.hpp:4[m[K,
                 from [01m[K/home/kivaan123/Turtlebot3-Wall-Follower/turtlebot3_gazebo/src/turtlebot3_drive.cpp:1[m[K:
[01m[K/usr/include/c++/11/bits/unique_ptr.h:294:9:[m[K [01;36m[Knote: [m[Kcandidate: ‘[01m[Ktemplate<class _Del, class> std::unique_ptr<_Tp, _Dp>::unique_ptr(std::unique_ptr<_Tp, _Dp>::pointer, const deleter_type&) [with _Del = _Del; <template-parameter-2-2> = <template-parameter-1-2>; _Tp = CameraProcessor; _Dp = std::default_delete<CameraProcessor>][m[K’
  294 |         [01;36m[Kunique_ptr[m[K(pointer __p, const deleter_type& __d) noexcept
      |         [01;36m[K^~~~~~~~~~[m[K
[01m[K/usr/include/c++/11/bits/unique_ptr.h:294:9:[m[K [01;36m[Knote: [m[K  template argument deduction/substitution failed:
[01m[K/home/kivaan123/Turtlebot3-Wall-Follower/turtlebot3_gazebo/src/turtlebot3_drive.cpp:13:62:[m[K [01;36m[Knote: [m[K  candidate expects 2 arguments, 1 provided
   13 |     camera_processor_ = std::unique_ptr<CameraProcessor>(this[01;36m[K)[m[K;
      |                                                              [01;36m[K^[m[K
In file included from [01m[K/usr/include/c++/11/memory:76[m[K,
                 from [01m[K/opt/ros/humble/include/rclcpp/rclcpp/rclcpp.hpp:153[m[K,
                 from [01m[K/home/kivaan123/Turtlebot3-Wall-Follower/turtlebot3_gazebo/include/turtlebot3_gazebo/turtlebot3_drive.hpp:4[m[K,
                 from [01m[K/home/kivaan123/Turtlebot3-Wall-Follower/turtlebot3_gazebo/src/turtlebot3_drive.cpp:1[m[K:
[01m[K/usr/include/c++/11/bits/unique_ptr.h:281:9:[m[K [01;36m[Knote: [m[Kcandidate: ‘[01m[Ktemplate<class _Del, class> std::unique_ptr<_Tp, _Dp>::unique_ptr(std::unique_ptr<_Tp, _Dp>::pointer) [with _Del = _Del; <template-parameter-2-2> = <template-parameter-1-2>; _Tp = CameraProcessor; _Dp = std::default_delete<CameraProcessor>][m[K’
  281 |         [01;36m[Kunique_ptr[m[K(pointer __p) noexcept
      |         [01;36m[K^~~~~~~~~~[m[K
[01m[K/usr/include/c++/11/bits/unique_ptr.h:281:9:[m[K [01;36m[Knote: [m[K  template argument deduction/substitution failed:
[01m[K/home/kivaan123/Turtlebot3-Wall-Follower/turtlebot3_gazebo/src/turtlebot3_drive.cpp:13:58:[m[K [01;36m[Knote: [m[K  cannot convert ‘[01m[K(Turtlebot3Drive*)this[m[K’ (type ‘[01m[KTurtlebot3Drive*[m[K’) to type ‘[01m[Kstd::unique_ptr<CameraProcessor>::pointer[m[K’ {aka ‘[01m[KCameraProcessor*[m[K’}
   13 |     camera_processor_ = std::unique_ptr<CameraProcessor>([01;36m[Kthis[m[K);
      |                                                          [01;36m[K^~~~[m[K
In file included from [01m[K/usr/include/c++/11/memory:76[m[K,
                 from [01m[K/opt/ros/humble/include/rclcpp/rclcpp/rclcpp.hpp:153[m[K,
                 from [01m[K/home/kivaan123/Turtlebot3-Wall-Follower/turtlebot3_gazebo/include/turtlebot3_gazebo/turtlebot3_drive.hpp:4[m[K,
                 from [01m[K/home/kivaan123/Turtlebot3-Wall-Follower/turtlebot3_gazebo/src/turtlebot3_drive.cpp:1[m[K:
[01m[K/usr/include/c++/11/bits/unique_ptr.h:269:19:[m[K [01;36m[Knote: [m[Kcandidate: ‘[01m[Ktemplate<class _Del, class> constexpr std::unique_ptr<_Tp, _Dp>::unique_ptr() [with _Del = _Del; <template-parameter-2-2> = <template-parameter-1-2>; _Tp = CameraProcessor; _Dp = std::default_delete<CameraProcessor>][m[K’
  269 |         constexpr [01;36m[Kunique_ptr[m[K() noexcept
      |                   [01;36m[K^~~~~~~~~~[m[K
[01m[K/usr/include/c++/11/bits/unique_ptr.h:269:19:[m[K [01;36m[Knote: [m[K  template argument deduction/substitution failed:
[01m[K/home/kivaan123/Turtlebot3-Wall-Follower/turtlebot3_gazebo/src/turtlebot3_drive.cpp:13:62:[m[K [01;36m[Knote: [m[K  candidate expects 0 arguments, 1 provided
   13 |     camera_processor_ = std::unique_ptr<CameraProcessor>(this[01;36m[K)[m[K;
      |                                                              [01;36m[K^[m[K
In file included from [01m[K/usr/include/c++/11/memory:76[m[K,
                 from [01m[K/opt/ros/humble/include/rclcpp/rclcpp/rclcpp.hpp:153[m[K,
                 from [01m[K/home/kivaan123/Turtlebot3-Wall-Follower/turtlebot3_gazebo/include/turtlebot3_gazebo/turtlebot3_drive.hpp:4[m[K,
                 from [01m[K/home/kivaan123/Turtlebot3-Wall-Follower/turtlebot3_gazebo/src/turtlebot3_drive.cpp:1[m[K:
[01m[K/usr/include/c++/11/bits/unique_ptr.h:327:7:[m[K [01;36m[Knote: [m[Kcandidate: ‘[01m[Kstd::unique_ptr<_Tp, _Dp>::unique_ptr(std::unique_ptr<_Tp, _Dp>&&) [with _Tp = CameraProcessor; _Dp = std::default_delete<CameraProcessor>][m[K’
  327 |       [01;36m[Kunique_ptr[m[K(unique_ptr&&) = default;
      |       [01;36m[K^~~~~~~~~~[m[K
[01m[K/usr/include/c++/11/bits/unique_ptr.h:327:18:[m[K [01;36m[Knote: [m[K  no known conversion for argument 1 from ‘[01m[KTurtlebot3Drive*[m[K’ to ‘[01m[Kstd::unique_ptr<CameraProcessor>&&[m[K’
  327 |       unique_ptr([01;36m[Kunique_ptr&&[m[K) = default;
      |                  [01;36m[K^~~~~~~~~~~~[m[K
[01m[K/home/kivaan123/Turtlebot3-Wall-Follower/turtlebot3_gazebo/src/turtlebot3_drive.cpp:14:46:[m[K [01;31m[Kerror: [m[Kno matching function for call to ‘[01m[Kstd::unique_ptr<PathViz>::unique_ptr(Turtlebot3Drive*)[m[K’
   14 |     path_viz_ = std::unique_ptr<PathViz>(this[01;31m[K)[m[K;
      |                                              [01;31m[K^[m[K
In file included from [01m[K/usr/include/c++/11/memory:76[m[K,
                 from [01m[K/opt/ros/humble/include/rclcpp/rclcpp/rclcpp.hpp:153[m[K,
                 from [01m[K/home/kivaan123/Turtlebot3-Wall-Follower/turtlebot3_gazebo/include/turtlebot3_gazebo/turtlebot3_drive.hpp:4[m[K,
                 from [01m[K/home/kivaan123/Turtlebot3-Wall-Follower/turtlebot3_gazebo/src/turtlebot3_drive.cpp:1[m[K:
[01m[K/usr/include/c++/11/bits/unique_ptr.h:350:9:[m[K [01;36m[Knote: [m[Kcandidate: ‘[01m[Ktemplate<class _Up, class> std::unique_ptr<_Tp, _Dp>::unique_ptr(std::auto_ptr<_Up>&&) [with _Up = _Up; <template-parameter-2-2> = <template-parameter-1-2>; _Tp = PathViz; _Dp = std::default_delete<PathViz>][m[K’
  350 |         [01;36m[Kunique_ptr[m[K(auto_ptr<_Up>&& __u) noexcept;
      |         [01;36m[K^~~~~~~~~~[m[K
[01m[K/usr/include/c++/11/bits/unique_ptr.h:350:9:[m[K [01;36m[Knote: [m[K  template argument deduction/substitution failed:
[01m[K/home/kivaan123/Turtlebot3-Wall-Follower/turtlebot3_gazebo/src/turtlebot3_drive.cpp:14:46:[m[K [01;36m[Knote: [m[K  mismatched types ‘[01m[Kstd::auto_ptr<_Up>[m[K’ and ‘[01m[KTurtlebot3Drive*[m[K’
   14 |     path_viz_ = std::unique_ptr<PathViz>(this[01;36m[K)[m[K;
      |                                              [01;36m[K^[m[K
In file included from [01m[K/usr/include/c++/11/memory:76[m[K,
                 from [01m[K/opt/ros/humble/include/rclcpp/rclcpp/rclcpp.hpp:153[m[K,
                 from [01m[K/home/kivaan123/Turtlebot3-Wall-Follower/turtlebot3_gazebo/include/turtlebot3_gazebo/turtlebot3_drive.hpp:4[m[K,
                 from [01m[K/home/kivaan123/Turtlebot3-Wall-Follower/turtlebot3_gazebo/src/turtlebot3_drive.cpp:1[m[K:
[01m[K/usr/include/c++/11/bits/unique_ptr.h:340:9:[m[K [01;36m[Knote: [m[Kcandidate: ‘[01m[Ktemplate<class _Up, class _Ep, class> std::unique_ptr<_Tp, _Dp>::unique_ptr(std::unique_ptr<_Up, _Ep>&&) [with _Up = _Up; _Ep = _Ep; <template-parameter-2-3> = <template-parameter-1-3>; _Tp = PathViz; _Dp = std::default_delete<PathViz>][m[K’
  340 |         [01;36m[Kunique_ptr[m[K(unique_ptr<_Up, _Ep>&& __u) noexcept
      |         [01;36m[K^~~~~~~~~~[m[K
[01m[K/usr/include/c++/11/bits/unique_ptr.h:340:9:[m[K [01;36m[Knote: [m[K  template argument deduction/substitution failed:
[01m[K/home/kivaan123/Turtlebot3-Wall-Follower/turtlebot3_gazebo/src/turtlebot3_drive.cpp:14:46:[m[K [01;36m[Knote: [m[K  mismatched types ‘[01m[Kstd::unique_ptr<_Tp, _Dp>[m[K’ and ‘[01m[KTurtlebot3Drive*[m[K’
   14 |     path_viz_ = std::unique_ptr<PathViz>(this[01;36m[K)[m[K;
      |                                              [01;36m[K^[m[K
In file included from [01m[K/usr/include/c++/11/memory:76[m[K,
                 from [01m[K/opt/ros/humble/include/rclcpp/rclcpp/rclcpp.hpp:153[m[K,
                 from [01m[K/home/kivaan123/Turtlebot3-Wall-Follower/turtlebot3_gazebo/include/turtlebot3_gazebo/turtlebot3_drive.hpp:4[m[K,
                 from [01m[K/home/kivaan123/Turtlebot3-Wall-Follower/turtlebot3_gazebo/src/turtlebot3_drive.cpp:1[m[K:
[01m[K/usr/include/c++/11/bits/unique_ptr.h:320:19:[m[K [01;36m[Knote: [m[Kcandidate: ‘[01m[Ktemplate<class _Del, class> constexpr std::unique_ptr<_Tp, _Dp>::unique_ptr(std::nullptr_t) [with _Del = _Del; <template-parameter-2-2> = <template-parameter-1-2>; _Tp = PathViz; _Dp = std::default_delete<PathViz>][m[K’
  320 |         constexpr [01;36m[Kunique_ptr[m[K(nullptr_t) noexcept
      |                   [01;36m[K^~~~~~~~~~[m[K
[01m[K/usr/include/c++/11/bits/unique_ptr.h:320:19:[m[K [01;36m[Knote: [m[K  template argument deduction/substitution failed:
[01m[K/home/kivaan123/Turtlebot3-Wall-Follower/turtlebot3_gazebo/src/turtlebot3_drive.cpp:14:42:[m[K [01;36m[Knote: [m[K  cannot convert ‘[01m[K(Turtlebot3Drive*)this[m[K’ (type ‘[01m[KTurtlebot3Drive*[m[K’) to type ‘[01m[Kstd::nullptr_t[m[K’
   14 |     path_viz_ = std::unique_ptr<PathViz>([01;36m[Kthis[m[K);
      |                                          [01;36m[K^~~~[m[K
In file included from [01m[K/usr/include/c++/11/memory:76[m[K,
                 from [01m[K/opt/ros/humble/include/rclcpp/rclcpp/rclcpp.hpp:153[m[K,
                 from [01m[K/home/kivaan123/Turtlebot3-Wall-Follower/turtlebot3_gazebo/include/turtlebot3_gazebo/turtlebot3_drive.hpp:4[m[K,
                 from [01m[K/home/kivaan123/Turtlebot3-Wall-Follower/turtlebot3_gazebo/src/turtlebot3_drive.cpp:1[m[K:
[01m[K/usr/include/c++/11/bits/unique_ptr.h:314:9:[m[K [01;36m[Knote: [m[Kcandidate: ‘[01m[Ktemplate<class _Del, class _DelUnref> std::unique_ptr<_Tp, _Dp>::unique_ptr(std::unique_ptr<_Tp, _Dp>::pointer, std::__enable_if_t<std::is_lvalue_reference<_Del>::value, _DelUnref&&>) [with _Del = _Del; _DelUnref = _DelUnref; _Tp = PathViz; _Dp = std::default_delete<PathViz>][m[K’ (deleted)
  314 |         [01;36m[Kunique_ptr[m[K(pointer,
      |         [01;36m[K^~~~~~~~~~[m[K
[01m[K/usr/include/c++/11/bits/unique_ptr.h:314:9:[m[K [01;36m[Knote: [m[K  template argument deduction/substitution failed:
[01m[K/home/kivaan123/Turtlebot3-Wall-Follower/turtlebot3_gazebo/src/turtlebot3_drive.cpp:14:46:[m[K [01;36m[Knote: [m[K  candidate expects 2 arguments, 1 provided
   14 |     path_viz_ = std::unique_ptr<PathViz>(this[01;36m[K)[m[K;
      |                                              [01;36m[K^[m[K
In file included from [01m[K/usr/include/c++/11/memory:76[m[K,
                 from [01m[K/opt/ros/humble/include/rclcpp/rclcpp/rclcpp.hpp:153[m[K,
                 from [01m[K/home/kivaan123/Turtlebot3-Wall-Follower/turtlebot3_gazebo/include/turtlebot3_gazebo/turtlebot3_drive.hpp:4[m[K,
                 from [01m[K/home/kivaan123/Turtlebot3-Wall-Follower/turtlebot3_gazebo/src/turtlebot3_drive.cpp:1[m[K:
[01m[K/usr/include/c++/11/bits/unique_ptr.h:306:9:[m[K [01;36m[Knote: [m[Kcandidate: ‘[01m[Ktemplate<class _Del, class> std::unique_ptr<_Tp, _Dp>::unique_ptr(std::unique_ptr<_Tp, _Dp>::pointer, std::__enable_if_t<(! std::is_lvalue_reference<_Del>::value), _Del&&>) [with _Del = _Del; <template-parameter-2-2> = <template-parameter-1-2>; _Tp = PathViz; _Dp = std::default_delete<PathViz>][m[K’
  306 |         [01;36m[Kunique_ptr[m[K(pointer __p,
      |         [01;36m[K^~~~~~~~~~[m[K
[01m[K/usr/include/c++/11/bits/unique_ptr.h:306:9:[m[K [01;36m[Knote: [m[K  template argument deduction/substitution failed:
[01m[K/home/kivaan123/Turtlebot3-Wall-Follower/turtlebot3_gazebo/src/turtlebot3_drive.cpp:14:46:[m[K [01;36m[Knote: [m[K  candidate expects 2 arguments, 1 provided
   14 |     path_viz_ = std::unique_ptr<PathViz>(this[01;36m[K)[m[K;
      |                                              [01;36m[K^[m[K
In file included from [01m[K/usr/include/c++/11/memory:76[m[K,
                 from [01m[K/opt/ros/humble/include/rclcpp/rclcpp/rclcpp.hpp:153[m[K,
                 from [01m[K/home/kivaan123/Turtlebot3-Wall-Follower/turtlebot3_gazebo/include/turtlebot3_gazebo/turtlebot3_drive.hpp:4[m[K,
                 from [01m[K/home/kivaan123/Turtlebot3-Wall-Follower/turtlebot3_gazebo/src/turtlebot3_drive.cpp:1[m[K:
[01m[K/usr/include/c++/11/bits/unique_ptr.h:294:9:[m[K [01;36m[Knote: [m[Kcandidate: ‘[01m[Ktemplate<class _Del, class> std::unique_ptr<_Tp, _Dp>::unique_ptr(std::unique_ptr<_Tp, _Dp>::pointer, const deleter_type&) [with _Del = _Del; <template-parameter-2-2> = <template-parameter-1-2>; _Tp = PathViz; _Dp = std::default_delete<PathViz>][m[K’
  294 |         [01;36m[Kunique_ptr[m[K(pointer __p, const deleter_type& __d) noexcept
      |         [01;36m[K^~~~~~~~~~[m[K
[01m[K/usr/include/c++/11/bits/unique_ptr.h:294:9:[m[K [01;36m[Knote: [m[K  template argument deduction/substitution failed:
[01m[K/home/kivaan123/Turtlebot3-Wall-Follower/turtlebot3_gazebo/src/turtlebot3_drive.cpp:14:46:[m[K [01;36m[Knote: [m[K  candidate expects 2 arguments, 1 provided
   14 |     path_viz_ = std::unique_ptr<PathViz>(this[01;36m[K)[m[K;
      |                                              [01;36m[K^[m[K
In file included from [01m[K/usr/include/c++/11/memory:76[m[K,
                 from [01m[K/opt/ros/humble/include/rclcpp/rclcpp/rclcpp.hpp:153[m[K,
                 from [01m[K/home/kivaan123/Turtlebot3-Wall-Follower/turtlebot3_gazebo/include/turtlebot3_gazebo/turtlebot3_drive.hpp:4[m[K,
                 from [01m[K/home/kivaan123/Turtlebot3-Wall-Follower/turtlebot3_gazebo/src/turtlebot3_drive.cpp:1[m[K:
[01m[K/usr/include/c++/11/bits/unique_ptr.h:281:9:[m[K [01;36m[Knote: [m[Kcandidate: ‘[01m[Ktemplate<class _Del, class> std::unique_ptr<_Tp, _Dp>::unique_ptr(std::unique_ptr<_Tp, _Dp>::pointer) [with _Del = _Del; <template-parameter-2-2> = <template-parameter-1-2>; _Tp = PathViz; _Dp = std::default_delete<PathViz>][m[K’
  281 |         [01;36m[Kunique_ptr[m[K(pointer __p) noexcept
      |         [01;36m[K^~~~~~~~~~[m[K
[01m[K/usr/include/c++/11/bits/unique_ptr.h:281:9:[m[K [01;36m[Knote: [m[K  template argument deduction/substitution failed:
[01m[K/home/kivaan123/Turtlebot3-Wall-Follower/turtlebot3_gazebo/src/turtlebot3_drive.cpp:14:42:[m[K [01;36m[Knote: [m[K  cannot convert ‘[01m[K(Turtlebot3Drive*)this[m[K’ (type ‘[01m[KTurtlebot3Drive*[m[K’) to type ‘[01m[Kstd::unique_ptr<PathViz>::pointer[m[K’ {aka ‘[01m[KPathViz*[m[K’}
   14 |     path_viz_ = std::unique_ptr<PathViz>([01;36m[Kthis[m[K);
      |                                          [01;36m[K^~~~[m[K
In file included from [01m[K/usr/include/c++/11/memory:76[m[K,
                 from [01m[K/opt/ros/humble/include/rclcpp/rclcpp/rclcpp.hpp:153[m[K,
                 from [01m[K/home/kivaan123/Turtlebot3-Wall-Follower/turtlebot3_gazebo/include/turtlebot3_gazebo/turtlebot3_drive.hpp:4[m[K,
                 from [01m[K/home/kivaan123/Turtlebot3-Wall-Follower/turtlebot3_gazebo/src/turtlebot3_drive.cpp:1[m[K:
[01m[K/usr/include/c++/11/bits/unique_ptr.h:269:19:[m[K [01;36m[Knote: [m[Kcandidate: ‘[01m[Ktemplate<class _Del, class> constexpr std::unique_ptr<_Tp, _Dp>::unique_ptr() [with _Del = _Del; <template-parameter-2-2> = <template-parameter-1-2>; _Tp = PathViz; _Dp = std::default_delete<PathViz>][m[K’
  269 |         constexpr [01;36m[Kunique_ptr[m[K() noexcept
      |                   [01;36m[K^~~~~~~~~~[m[K
[01m[K/usr/include/c++/11/bits/unique_ptr.h:269:19:[m[K [01;36m[Knote: [m[K  template argument deduction/substitution failed:
[01m[K/home/kivaan123/Turtlebot3-Wall-Follower/turtlebot3_gazebo/src/turtlebot3_drive.cpp:14:46:[m[K [01;36m[Knote: [m[K  candidate expects 0 arguments, 1 provided
   14 |     path_viz_ = std::unique_ptr<PathViz>(this[01;36m[K)[m[K;
      |                                              [01;36m[K^[m[K
In file included from [01m[K/usr/include/c++/11/memory:76[m[K,
                 from [01m[K/opt/ros/humble/include/rclcpp/rclcpp/rclcpp.hpp:153[m[K,
                 from [01m[K/home/kivaan123/Turtlebot3-Wall-Follower/turtlebot3_gazebo/include/turtlebot3_gazebo/turtlebot3_drive.hpp:4[m[K,
                 from [01m[K/home/kivaan123/Turtlebot3-Wall-Follower/turtlebot3_gazebo/src/turtlebot3_drive.cpp:1[m[K:
[01m[K/usr/include/c++/11/bits/unique_ptr.h:327:7:[m[K [01;36m[Knote: [m[Kcandidate: ‘[01m[Kstd::unique_ptr<_Tp, _Dp>::unique_ptr(std::unique_ptr<_Tp, _Dp>&&) [with _Tp = PathViz; _Dp = std::default_delete<PathViz>][m[K’
  327 |       [01;36m[Kunique_ptr[m[K(unique_ptr&&) = default;
      |       [01;36m[K^~~~~~~~~~[m[K
[01m[K/usr/include/c++/11/bits/unique_ptr.h:327:18:[m[K [01;36m[Knote: [m[K  no known conversion for argument 1 from ‘[01m[KTurtlebot3Drive*[m[K’ to ‘[01m[Kstd::unique_ptr<PathViz>&&[m[K’
  327 |       unique_ptr([01;36m[Kunique_ptr&&[m[K) = default;
      |                  [01;36m[K^~~~~~~~~~~~[m[K
[01m[K/home/kivaan123/Turtlebot3-Wall-Follower/turtlebot3_gazebo/src/turtlebot3_drive.cpp:15:56:[m[K [01;31m[Kerror: [m[Kno matching function for call to ‘[01m[Kstd::unique_ptr<WallFollower>::unique_ptr(Turtlebot3Drive*)[m[K’
   15 |     wall_follower_ = std::unique_ptr<WallFollower>(this[01;31m[K)[m[K;
      |                                                        [01;31m[K^[m[K
In file included from [01m[K/usr/include/c++/11/memory:76[m[K,
                 from [01m[K/opt/ros/humble/include/rclcpp/rclcpp/rclcpp.hpp:153[m[K,
                 from [01m[K/home/kivaan123/Turtlebot3-Wall-Follower/turtlebot3_gazebo/include/turtlebot3_gazebo/turtlebot3_drive.hpp:4[m[K,
                 from [01m[K/home/kivaan123/Turtlebot3-Wall-Follower/turtlebot3_gazebo/src/turtlebot3_drive.cpp:1[m[K:
[01m[K/usr/include/c++/11/bits/unique_ptr.h:350:9:[m[K [01;36m[Knote: [m[Kcandidate: ‘[01m[Ktemplate<class _Up, class> std::unique_ptr<_Tp, _Dp>::unique_ptr(std::auto_ptr<_Up>&&) [with _Up = _Up; <template-parameter-2-2> = <template-parameter-1-2>; _Tp = WallFollower; _Dp = std::default_delete<WallFollower>][m[K’
  350 |         [01;36m[Kunique_ptr[m[K(auto_ptr<_Up>&& __u) noexcept;
      |         [01;36m[K^~~~~~~~~~[m[K
[01m[K/usr/include/c++/11/bits/unique_ptr.h:350:9:[m[K [01;36m[Knote: [m[K  template argument deduction/substitution failed:
[01m[K/home/kivaan123/Turtlebot3-Wall-Follower/turtlebot3_gazebo/src/turtlebot3_drive.cpp:15:56:[m[K [01;36m[Knote: [m[K  mismatched types ‘[01m[Kstd::auto_ptr<_Up>[m[K’ and ‘[01m[KTurtlebot3Drive*[m[K’
   15 |     wall_follower_ = std::unique_ptr<WallFollower>(this[01;36m[K)[m[K;
      |                                                        [01;36m[K^[m[K
In file included from [01m[K/usr/include/c++/11/memory:76[m[K,
                 from [01m[K/opt/ros/humble/include/rclcpp/rclcpp/rclcpp.hpp:153[m[K,
                 from [01m[K/home/kivaan123/Turtlebot3-Wall-Follower/turtlebot3_gazebo/include/turtlebot3_gazebo/turtlebot3_drive.hpp:4[m[K,
                 from [01m[K/home/kivaan123/Turtlebot3-Wall-Follower/turtlebot3_gazebo/src/turtlebot3_drive.cpp:1[m[K:
[01m[K/usr/include/c++/11/bits/unique_ptr.h:340:9:[m[K [01;36m[Knote: [m[Kcandidate: ‘[01m[Ktemplate<class _Up, class _Ep, class> std::unique_ptr<_Tp, _Dp>::unique_ptr(std::unique_ptr<_Up, _Ep>&&) [with _Up = _Up; _Ep = _Ep; <template-parameter-2-3> = <template-parameter-1-3>; _Tp = WallFollower; _Dp = std::default_delete<WallFollower>][m[K’
  340 |         [01;36m[Kunique_ptr[m[K(unique_ptr<_Up, _Ep>&& __u) noexcept
      |         [01;36m[K^~~~~~~~~~[m[K
[01m[K/usr/include/c++/11/bits/unique_ptr.h:340:9:[m[K [01;36m[Knote: [m[K  template argument deduction/substitution failed:
[01m[K/home/kivaan123/Turtlebot3-Wall-Follower/turtlebot3_gazebo/src/turtlebot3_drive.cpp:15:56:[m[K [01;36m[Knote: [m[K  mismatched types ‘[01m[Kstd::unique_ptr<_Tp, _Dp>[m[K’ and ‘[01m[KTurtlebot3Drive*[m[K’
   15 |     wall_follower_ = std::unique_ptr<WallFollower>(this[01;36m[K)[m[K;
      |                                                        [01;36m[K^[m[K
In file included from [01m[K/usr/include/c++/11/memory:76[m[K,
                 from [01m[K/opt/ros/humble/include/rclcpp/rclcpp/rclcpp.hpp:153[m[K,
                 from [01m[K/home/kivaan123/Turtlebot3-Wall-Follower/turtlebot3_gazebo/include/turtlebot3_gazebo/turtlebot3_drive.hpp:4[m[K,
                 from [01m[K/home/kivaan123/Turtlebot3-Wall-Follower/turtlebot3_gazebo/src/turtlebot3_drive.cpp:1[m[K:
[01m[K/usr/include/c++/11/bits/unique_ptr.h:320:19:[m[K [01;36m[Knote: [m[Kcandidate: ‘[01m[Ktemplate<class _Del, class> constexpr std::unique_ptr<_Tp, _Dp>::unique_ptr(std::nullptr_t) [with _Del = _Del; <template-parameter-2-2> = <template-parameter-1-2>; _Tp = WallFollower; _Dp = std::default_delete<WallFollower>][m[K’
  320 |         constexpr [01;36m[Kunique_ptr[m[K(nullptr_t) noexcept
      |                   [01;36m[K^~~~~~~~~~[m[K
[01m[K/usr/include/c++/11/bits/unique_ptr.h:320:19:[m[K [01;36m[Knote: [m[K  template argument deduction/substitution failed:
[01m[K/home/kivaan123/Turtlebot3-Wall-Follower/turtlebot3_gazebo/src/turtlebot3_drive.cpp:15:52:[m[K [01;36m[Knote: [m[K  cannot convert ‘[01m[K(Turtlebot3Drive*)this[m[K’ (type ‘[01m[KTurtlebot3Drive*[m[K’) to type ‘[01m[Kstd::nullptr_t[m[K’
   15 |     wall_follower_ = std::unique_ptr<WallFollower>([01;36m[Kthis[m[K);
      |                                                    [01;36m[K^~~~[m[K
In file included from [01m[K/usr/include/c++/11/memory:76[m[K,
                 from [01m[K/opt/ros/humble/include/rclcpp/rclcpp/rclcpp.hpp:153[m[K,
                 from [01m[K/home/kivaan123/Turtlebot3-Wall-Follower/turtlebot3_gazebo/include/turtlebot3_gazebo/turtlebot3_drive.hpp:4[m[K,
                 from [01m[K/home/kivaan123/Turtlebot3-Wall-Follower/turtlebot3_gazebo/src/turtlebot3_drive.cpp:1[m[K:
[01m[K/usr/include/c++/11/bits/unique_ptr.h:314:9:[m[K [01;36m[Knote: [m[Kcandidate: ‘[01m[Ktemplate<class _Del, class _DelUnref> std::unique_ptr<_Tp, _Dp>::unique_ptr(std::unique_ptr<_Tp, _Dp>::pointer, std::__enable_if_t<std::is_lvalue_reference<_Del>::value, _DelUnref&&>) [with _Del = _Del; _DelUnref = _DelUnref; _Tp = WallFollower; _Dp = std::default_delete<WallFollower>][m[K’ (deleted)
  314 |         [01;36m[Kunique_ptr[m[K(pointer,
      |         [01;36m[K^~~~~~~~~~[m[K
[01m[K/usr/include/c++/11/bits/unique_ptr.h:314:9:[m[K [01;36m[Knote: [m[K  template argument deduction/substitution failed:
[01m[K/home/kivaan123/Turtlebot3-Wall-Follower/turtlebot3_gazebo/src/turtlebot3_drive.cpp:15:56:[m[K [01;36m[Knote: [m[K  candidate expects 2 arguments, 1 provided
   15 |     wall_follower_ = std::unique_ptr<WallFollower>(this[01;36m[K)[m[K;
      |                                                        [01;36m[K^[m[K
In file included from [01m[K/usr/include/c++/11/memory:76[m[K,
                 from [01m[K/opt/ros/humble/include/rclcpp/rclcpp/rclcpp.hpp:153[m[K,
                 from [01m[K/home/kivaan123/Turtlebot3-Wall-Follower/turtlebot3_gazebo/include/turtlebot3_gazebo/turtlebot3_drive.hpp:4[m[K,
                 from [01m[K/home/kivaan123/Turtlebot3-Wall-Follower/turtlebot3_gazebo/src/turtlebot3_drive.cpp:1[m[K:
[01m[K/usr/include/c++/11/bits/unique_ptr.h:306:9:[m[K [01;36m[Knote: [m[Kcandidate: ‘[01m[Ktemplate<class _Del, class> std::unique_ptr<_Tp, _Dp>::unique_ptr(std::unique_ptr<_Tp, _Dp>::pointer, std::__enable_if_t<(! std::is_lvalue_reference<_Del>::value), _Del&&>) [with _Del = _Del; <template-parameter-2-2> = <template-parameter-1-2>; _Tp = WallFollower; _Dp = std::default_delete<WallFollower>][m[K’
  306 |         [01;36m[Kunique_ptr[m[K(pointer __p,
      |         [01;36m[K^~~~~~~~~~[m[K
[01m[K/usr/include/c++/11/bits/unique_ptr.h:306:9:[m[K [01;36m[Knote: [m[K  template argument deduction/substitution failed:
[01m[K/home/kivaan123/Turtlebot3-Wall-Follower/turtlebot3_gazebo/src/turtlebot3_drive.cpp:15:56:[m[K [01;36m[Knote: [m[K  candidate expects 2 arguments, 1 provided
   15 |     wall_follower_ = std::unique_ptr<WallFollower>(this[01;36m[K)[m[K;
      |                                                        [01;36m[K^[m[K
In file included from [01m[K/usr/include/c++/11/memory:76[m[K,
                 from [01m[K/opt/ros/humble/include/rclcpp/rclcpp/rclcpp.hpp:153[m[K,
                 from [01m[K/home/kivaan123/Turtlebot3-Wall-Follower/turtlebot3_gazebo/include/turtlebot3_gazebo/turtlebot3_drive.hpp:4[m[K,
                 from [01m[K/home/kivaan123/Turtlebot3-Wall-Follower/turtlebot3_gazebo/src/turtlebot3_drive.cpp:1[m[K:
[01m[K/usr/include/c++/11/bits/unique_ptr.h:294:9:[m[K [01;36m[Knote: [m[Kcandidate: ‘[01m[Ktemplate<class _Del, class> std::unique_ptr<_Tp, _Dp>::unique_ptr(std::unique_ptr<_Tp, _Dp>::pointer, const deleter_type&) [with _Del = _Del; <template-parameter-2-2> = <template-parameter-1-2>; _Tp = WallFollower; _Dp = std::default_delete<WallFollower>][m[K’
  294 |         [01;36m[Kunique_ptr[m[K(pointer __p, const deleter_type& __d) noexcept
      |         [01;36m[K^~~~~~~~~~[m[K
[01m[K/usr/include/c++/11/bits/unique_ptr.h:294:9:[m[K [01;36m[Knote: [m[K  template argument deduction/substitution failed:
[01m[K/home/kivaan123/Turtlebot3-Wall-Follower/turtlebot3_gazebo/src/turtlebot3_drive.cpp:15:56:[m[K [01;36m[Knote: [m[K  candidate expects 2 arguments, 1 provided
   15 |     wall_follower_ = std::unique_ptr<WallFollower>(this[01;36m[K)[m[K;
      |                                                        [01;36m[K^[m[K
In file included from [01m[K/usr/include/c++/11/memory:76[m[K,
                 from [01m[K/opt/ros/humble/include/rclcpp/rclcpp/rclcpp.hpp:153[m[K,
                 from [01m[K/home/kivaan123/Turtlebot3-Wall-Follower/turtlebot3_gazebo/include/turtlebot3_gazebo/turtlebot3_drive.hpp:4[m[K,
                 from [01m[K/home/kivaan123/Turtlebot3-Wall-Follower/turtlebot3_gazebo/src/turtlebot3_drive.cpp:1[m[K:
[01m[K/usr/include/c++/11/bits/unique_ptr.h:281:9:[m[K [01;36m[Knote: [m[Kcandidate: ‘[01m[Ktemplate<class _Del, class> std::unique_ptr<_Tp, _Dp>::unique_ptr(std::unique_ptr<_Tp, _Dp>::pointer) [with _Del = _Del; <template-parameter-2-2> = <template-parameter-1-2>; _Tp = WallFollower; _Dp = std::default_delete<WallFollower>][m[K’
  281 |         [01;36m[Kunique_ptr[m[K(pointer __p) noexcept
      |         [01;36m[K^~~~~~~~~~[m[K
[01m[K/usr/include/c++/11/bits/unique_ptr.h:281:9:[m[K [01;36m[Knote: [m[K  template argument deduction/substitution failed:
[01m[K/home/kivaan123/Turtlebot3-Wall-Follower/turtlebot3_gazebo/src/turtlebot3_drive.cpp:15:52:[m[K [01;36m[Knote: [m[K  cannot convert ‘[01m[K(Turtlebot3Drive*)this[m[K’ (type ‘[01m[KTurtlebot3Drive*[m[K’) to type ‘[01m[Kstd::unique_ptr<WallFollower>::pointer[m[K’ {aka ‘[01m[KWallFollower*[m[K’}
   15 |     wall_follower_ = std::unique_ptr<WallFollower>([01;36m[Kthis[m[K);
      |                                                    [01;36m[K^~~~[m[K
In file included from [01m[K/usr/include/c++/11/memory:76[m[K,
                 from [01m[K/opt/ros/humble/include/rclcpp/rclcpp/rclcpp.hpp:153[m[K,
                 from [01m[K/home/kivaan123/Turtlebot3-Wall-Follower/turtlebot3_gazebo/include/turtlebot3_gazebo/turtlebot3_drive.hpp:4[m[K,
                 from [01m[K/home/kivaan123/Turtlebot3-Wall-Follower/turtlebot3_gazebo/src/turtlebot3_drive.cpp:1[m[K:
[01m[K/usr/include/c++/11/bits/unique_ptr.h:269:19:[m[K [01;36m[Knote: [m[Kcandidate: ‘[01m[Ktemplate<class _Del, class> constexpr std::unique_ptr<_Tp, _Dp>::unique_ptr() [with _Del = _Del; <template-parameter-2-2> = <template-parameter-1-2>; _Tp = WallFollower; _Dp = std::default_delete<WallFollower>][m[K’
  269 |         constexpr [01;36m[Kunique_ptr[m[K() noexcept
      |                   [01;36m[K^~~~~~~~~~[m[K
[01m[K/usr/include/c++/11/bits/unique_ptr.h:269:19:[m[K [01;36m[Knote: [m[K  template argument deduction/substitution failed:
[01m[K/home/kivaan123/Turtlebot3-Wall-Follower/turtlebot3_gazebo/src/turtlebot3_drive.cpp:15:56:[m[K [01;36m[Knote: [m[K  candidate expects 0 arguments, 1 provided
   15 |     wall_follower_ = std::unique_ptr<WallFollower>(this[01;36m[K)[m[K;
      |                                                        [01;36m[K^[m[K
In file included from [01m[K/usr/include/c++/11/memory:76[m[K,
                 from [01m[K/opt/ros/humble/include/rclcpp/rclcpp/rclcpp.hpp:153[m[K,
                 from [01m[K/home/kivaan123/Turtlebot3-Wall-Follower/turtlebot3_gazebo/include/turtlebot3_gazebo/turtlebot3_drive.hpp:4[m[K,
                 from [01m[K/home/kivaan123/Turtlebot3-Wall-Follower/turtlebot3_gazebo/src/turtlebot3_drive.cpp:1[m[K:
[01m[K/usr/include/c++/11/bits/unique_ptr.h:327:7:[m[K [01;36m[Knote: [m[Kcandidate: ‘[01m[Kstd::unique_ptr<_Tp, _Dp>::unique_ptr(std::unique_ptr<_Tp, _Dp>&&) [with _Tp = WallFollower; _Dp = std::default_delete<WallFollower>][m[K’
  327 |       [01;36m[Kunique_ptr[m[K(unique_ptr&&) = default;
      |       [01;36m[K^~~~~~~~~~[m[K
[01m[K/usr/include/c++/11/bits/unique_ptr.h:327:18:[m[K [01;36m[Knote: [m[K  no known conversion for argument 1 from ‘[01m[KTurtlebot3Drive*[m[K’ to ‘[01m[Kstd::unique_ptr<WallFollower>&&[m[K’
  327 |       unique_ptr([01;36m[Kunique_ptr&&[m[K) = default;
      |                  [01;36m[K^~~~~~~~~~~~[m[K
gmake[2]: *** [CMakeFiles/turtlebot3_drive.dir/build.make:76: CMakeFiles/turtlebot3_drive.dir/src/turtlebot3_drive.cpp.o] Error 1
gmake[1]: *** [CMakeFiles/Makefile2:143: CMakeFiles/turtlebot3_drive.dir/all] Error 2
gmake: *** [Makefile:146: all] Error 2
