[0.008s] Invoking command in '/home/kivaan123/Turtlebot3-Wall-Follower/build/turtlebot3_gazebo': CMAKE_PREFIX_PATH=${CMAKE_PREFIX_PATH}:/opt/ros/humble /usr/bin/cmake --build /home/kivaan123/Turtlebot3-Wall-Follower/build/turtlebot3_gazebo -- -j16 -l16
[0.050s] [35m[1mConsolidate compiler generated dependencies of target turtlebot3_drive[0m
[0.066s] [ 22%] [32mBuilding CXX object CMakeFiles/turtlebot3_drive.dir/src/turtlebot3_drive.cpp.o[0m
[0.066s] [ 33%] Built target obstacle2
[0.066s] [ 55%] Built target obstacles
[0.069s] [ 77%] Built target obstacle1
[1.679s] [01m[K/home/kivaan123/Turtlebot3-Wall-Follower/turtlebot3_gazebo/src/turtlebot3_drive.cpp:[m[K In constructor ‘[01m[KTurtlebot3Drive::Turtlebot3Drive()[m[K’:
[1.679s] [01m[K/home/kivaan123/Turtlebot3-Wall-Follower/turtlebot3_gazebo/src/turtlebot3_drive.cpp:11:54:[m[K [01;31m[Kerror: [m[Kno matching function for call to ‘[01m[Kstd::unique_ptr<LidarSensor>::unique_ptr(Turtlebot3Drive*)[m[K’
[1.679s]    11 |     lidar_sensor_ = std::unique_ptr<LidarSensor>(this[01;31m[K)[m[K;
[1.679s]       |                                                      [01;31m[K^[m[K
[1.679s] In file included from [01m[K/usr/include/c++/11/memory:76[m[K,
[1.679s]                  from [01m[K/opt/ros/humble/include/rclcpp/rclcpp/rclcpp.hpp:153[m[K,
[1.679s]                  from [01m[K/home/kivaan123/Turtlebot3-Wall-Follower/turtlebot3_gazebo/include/turtlebot3_gazebo/turtlebot3_drive.hpp:4[m[K,
[1.679s]                  from [01m[K/home/kivaan123/Turtlebot3-Wall-Follower/turtlebot3_gazebo/src/turtlebot3_drive.cpp:1[m[K:
[1.679s] [01m[K/usr/include/c++/11/bits/unique_ptr.h:350:9:[m[K [01;36m[Knote: [m[Kcandidate: ‘[01m[Ktemplate<class _Up, class> std::unique_ptr<_Tp, _Dp>::unique_ptr(std::auto_ptr<_Up>&&) [with _Up = _Up; <template-parameter-2-2> = <template-parameter-1-2>; _Tp = LidarSensor; _Dp = std::default_delete<LidarSensor>][m[K’
[1.679s]   350 |         [01;36m[Kunique_ptr[m[K(auto_ptr<_Up>&& __u) noexcept;
[1.679s]       |         [01;36m[K^~~~~~~~~~[m[K
[1.679s] [01m[K/usr/include/c++/11/bits/unique_ptr.h:350:9:[m[K [01;36m[Knote: [m[K  template argument deduction/substitution failed:
[1.679s] [01m[K/home/kivaan123/Turtlebot3-Wall-Follower/turtlebot3_gazebo/src/turtlebot3_drive.cpp:11:54:[m[K [01;36m[Knote: [m[K  mismatched types ‘[01m[Kstd::auto_ptr<_Up>[m[K’ and ‘[01m[KTurtlebot3Drive*[m[K’
[1.679s]    11 |     lidar_sensor_ = std::unique_ptr<LidarSensor>(this[01;36m[K)[m[K;
[1.679s]       |                                                      [01;36m[K^[m[K
[1.679s] In file included from [01m[K/usr/include/c++/11/memory:76[m[K,
[1.679s]                  from [01m[K/opt/ros/humble/include/rclcpp/rclcpp/rclcpp.hpp:153[m[K,
[1.679s]                  from [01m[K/home/kivaan123/Turtlebot3-Wall-Follower/turtlebot3_gazebo/include/turtlebot3_gazebo/turtlebot3_drive.hpp:4[m[K,
[1.679s]                  from [01m[K/home/kivaan123/Turtlebot3-Wall-Follower/turtlebot3_gazebo/src/turtlebot3_drive.cpp:1[m[K:
[1.679s] [01m[K/usr/include/c++/11/bits/unique_ptr.h:340:9:[m[K [01;36m[Knote: [m[Kcandidate: ‘[01m[Ktemplate<class _Up, class _Ep, class> std::unique_ptr<_Tp, _Dp>::unique_ptr(std::unique_ptr<_Up, _Ep>&&) [with _Up = _Up; _Ep = _Ep; <template-parameter-2-3> = <template-parameter-1-3>; _Tp = LidarSensor; _Dp = std::default_delete<LidarSensor>][m[K’
[1.679s]   340 |         [01;36m[Kunique_ptr[m[K(unique_ptr<_Up, _Ep>&& __u) noexcept
[1.680s]       |         [01;36m[K^~~~~~~~~~[m[K
[1.680s] [01m[K/usr/include/c++/11/bits/unique_ptr.h:340:9:[m[K [01;36m[Knote: [m[K  template argument deduction/substitution failed:
[1.680s] [01m[K/home/kivaan123/Turtlebot3-Wall-Follower/turtlebot3_gazebo/src/turtlebot3_drive.cpp:11:54:[m[K [01;36m[Knote: [m[K  mismatched types ‘[01m[Kstd::unique_ptr<_Tp, _Dp>[m[K’ and ‘[01m[KTurtlebot3Drive*[m[K’
[1.680s]    11 |     lidar_sensor_ = std::unique_ptr<LidarSensor>(this[01;36m[K)[m[K;
[1.680s]       |                                                      [01;36m[K^[m[K
[1.680s] In file included from [01m[K/usr/include/c++/11/memory:76[m[K,
[1.680s]                  from [01m[K/opt/ros/humble/include/rclcpp/rclcpp/rclcpp.hpp:153[m[K,
[1.680s]                  from [01m[K/home/kivaan123/Turtlebot3-Wall-Follower/turtlebot3_gazebo/include/turtlebot3_gazebo/turtlebot3_drive.hpp:4[m[K,
[1.680s]                  from [01m[K/home/kivaan123/Turtlebot3-Wall-Follower/turtlebot3_gazebo/src/turtlebot3_drive.cpp:1[m[K:
[1.680s] [01m[K/usr/include/c++/11/bits/unique_ptr.h:320:19:[m[K [01;36m[Knote: [m[Kcandidate: ‘[01m[Ktemplate<class _Del, class> constexpr std::unique_ptr<_Tp, _Dp>::unique_ptr(std::nullptr_t) [with _Del = _Del; <template-parameter-2-2> = <template-parameter-1-2>; _Tp = LidarSensor; _Dp = std::default_delete<LidarSensor>][m[K’
[1.680s]   320 |         constexpr [01;36m[Kunique_ptr[m[K(nullptr_t) noexcept
[1.680s]       |                   [01;36m[K^~~~~~~~~~[m[K
[1.680s] [01m[K/usr/include/c++/11/bits/unique_ptr.h:320:19:[m[K [01;36m[Knote: [m[K  template argument deduction/substitution failed:
[1.680s] [01m[K/home/kivaan123/Turtlebot3-Wall-Follower/turtlebot3_gazebo/src/turtlebot3_drive.cpp:11:50:[m[K [01;36m[Knote: [m[K  cannot convert ‘[01m[K(Turtlebot3Drive*)this[m[K’ (type ‘[01m[KTurtlebot3Drive*[m[K’) to type ‘[01m[Kstd::nullptr_t[m[K’
[1.680s]    11 |     lidar_sensor_ = std::unique_ptr<LidarSensor>([01;36m[Kthis[m[K);
[1.680s]       |                                                  [01;36m[K^~~~[m[K
[1.680s] In file included from [01m[K/usr/include/c++/11/memory:76[m[K,
[1.680s]                  from [01m[K/opt/ros/humble/include/rclcpp/rclcpp/rclcpp.hpp:153[m[K,
[1.680s]                  from [01m[K/home/kivaan123/Turtlebot3-Wall-Follower/turtlebot3_gazebo/include/turtlebot3_gazebo/turtlebot3_drive.hpp:4[m[K,
[1.680s]                  from [01m[K/home/kivaan123/Turtlebot3-Wall-Follower/turtlebot3_gazebo/src/turtlebot3_drive.cpp:1[m[K:
[1.680s] [01m[K/usr/include/c++/11/bits/unique_ptr.h:314:9:[m[K [01;36m[Knote: [m[Kcandidate: ‘[01m[Ktemplate<class _Del, class _DelUnref> std::unique_ptr<_Tp, _Dp>::unique_ptr(std::unique_ptr<_Tp, _Dp>::pointer, std::__enable_if_t<std::is_lvalue_reference<_Del>::value, _DelUnref&&>) [with _Del = _Del; _DelUnref = _DelUnref; _Tp = LidarSensor; _Dp = std::default_delete<LidarSensor>][m[K’ (deleted)
[1.680s]   314 |         [01;36m[Kunique_ptr[m[K(pointer,
[1.680s]       |         [01;36m[K^~~~~~~~~~[m[K
[1.680s] [01m[K/usr/include/c++/11/bits/unique_ptr.h:314:9:[m[K [01;36m[Knote: [m[K  template argument deduction/substitution failed:
[1.680s] [01m[K/home/kivaan123/Turtlebot3-Wall-Follower/turtlebot3_gazebo/src/turtlebot3_drive.cpp:11:54:[m[K [01;36m[Knote: [m[K  candidate expects 2 arguments, 1 provided
[1.680s]    11 |     lidar_sensor_ = std::unique_ptr<LidarSensor>(this[01;36m[K)[m[K;
[1.680s]       |                                                      [01;36m[K^[m[K
[1.680s] In file included from [01m[K/usr/include/c++/11/memory:76[m[K,
[1.680s]                  from [01m[K/opt/ros/humble/include/rclcpp/rclcpp/rclcpp.hpp:153[m[K,
[1.680s]                  from [01m[K/home/kivaan123/Turtlebot3-Wall-Follower/turtlebot3_gazebo/include/turtlebot3_gazebo/turtlebot3_drive.hpp:4[m[K,
[1.680s]                  from [01m[K/home/kivaan123/Turtlebot3-Wall-Follower/turtlebot3_gazebo/src/turtlebot3_drive.cpp:1[m[K:
[1.680s] [01m[K/usr/include/c++/11/bits/unique_ptr.h:306:9:[m[K [01;36m[Knote: [m[Kcandidate: ‘[01m[Ktemplate<class _Del, class> std::unique_ptr<_Tp, _Dp>::unique_ptr(std::unique_ptr<_Tp, _Dp>::pointer, std::__enable_if_t<(! std::is_lvalue_reference<_Del>::value), _Del&&>) [with _Del = _Del; <template-parameter-2-2> = <template-parameter-1-2>; _Tp = LidarSensor; _Dp = std::default_delete<LidarSensor>][m[K’
[1.680s]   306 |         [01;36m[Kunique_ptr[m[K(pointer __p,
[1.680s]       |         [01;36m[K^~~~~~~~~~[m[K
[1.680s] [01m[K/usr/include/c++/11/bits/unique_ptr.h:306:9:[m[K [01;36m[Knote: [m[K  template argument deduction/substitution failed:
[1.680s] [01m[K/home/kivaan123/Turtlebot3-Wall-Follower/turtlebot3_gazebo/src/turtlebot3_drive.cpp:11:54:[m[K [01;36m[Knote: [m[K  candidate expects 2 arguments, 1 provided
[1.681s]    11 |     lidar_sensor_ = std::unique_ptr<LidarSensor>(this[01;36m[K)[m[K;
[1.681s]       |                                                      [01;36m[K^[m[K
[1.681s] In file included from [01m[K/usr/include/c++/11/memory:76[m[K,
[1.681s]                  from [01m[K/opt/ros/humble/include/rclcpp/rclcpp/rclcpp.hpp:153[m[K,
[1.681s]                  from [01m[K/home/kivaan123/Turtlebot3-Wall-Follower/turtlebot3_gazebo/include/turtlebot3_gazebo/turtlebot3_drive.hpp:4[m[K,
[1.681s]                  from [01m[K/home/kivaan123/Turtlebot3-Wall-Follower/turtlebot3_gazebo/src/turtlebot3_drive.cpp:1[m[K:
[1.681s] [01m[K/usr/include/c++/11/bits/unique_ptr.h:294:9:[m[K [01;36m[Knote: [m[Kcandidate: ‘[01m[Ktemplate<class _Del, class> std::unique_ptr<_Tp, _Dp>::unique_ptr(std::unique_ptr<_Tp, _Dp>::pointer, const deleter_type&) [with _Del = _Del; <template-parameter-2-2> = <template-parameter-1-2>; _Tp = LidarSensor; _Dp = std::default_delete<LidarSensor>][m[K’
[1.681s]   294 |         [01;36m[Kunique_ptr[m[K(pointer __p, const deleter_type& __d) noexcept
[1.681s]       |         [01;36m[K^~~~~~~~~~[m[K
[1.681s] [01m[K/usr/include/c++/11/bits/unique_ptr.h:294:9:[m[K [01;36m[Knote: [m[K  template argument deduction/substitution failed:
[1.681s] [01m[K/home/kivaan123/Turtlebot3-Wall-Follower/turtlebot3_gazebo/src/turtlebot3_drive.cpp:11:54:[m[K [01;36m[Knote: [m[K  candidate expects 2 arguments, 1 provided
[1.681s]    11 |     lidar_sensor_ = std::unique_ptr<LidarSensor>(this[01;36m[K)[m[K;
[1.681s]       |                                                      [01;36m[K^[m[K
[1.681s] In file included from [01m[K/usr/include/c++/11/memory:76[m[K,
[1.681s]                  from [01m[K/opt/ros/humble/include/rclcpp/rclcpp/rclcpp.hpp:153[m[K,
[1.681s]                  from [01m[K/home/kivaan123/Turtlebot3-Wall-Follower/turtlebot3_gazebo/include/turtlebot3_gazebo/turtlebot3_drive.hpp:4[m[K,
[1.681s]                  from [01m[K/home/kivaan123/Turtlebot3-Wall-Follower/turtlebot3_gazebo/src/turtlebot3_drive.cpp:1[m[K:
[1.681s] [01m[K/usr/include/c++/11/bits/unique_ptr.h:281:9:[m[K [01;36m[Knote: [m[Kcandidate: ‘[01m[Ktemplate<class _Del, class> std::unique_ptr<_Tp, _Dp>::unique_ptr(std::unique_ptr<_Tp, _Dp>::pointer) [with _Del = _Del; <template-parameter-2-2> = <template-parameter-1-2>; _Tp = LidarSensor; _Dp = std::default_delete<LidarSensor>][m[K’
[1.681s]   281 |         [01;36m[Kunique_ptr[m[K(pointer __p) noexcept
[1.681s]       |         [01;36m[K^~~~~~~~~~[m[K
[1.681s] [01m[K/usr/include/c++/11/bits/unique_ptr.h:281:9:[m[K [01;36m[Knote: [m[K  template argument deduction/substitution failed:
[1.681s] [01m[K/home/kivaan123/Turtlebot3-Wall-Follower/turtlebot3_gazebo/src/turtlebot3_drive.cpp:11:50:[m[K [01;36m[Knote: [m[K  cannot convert ‘[01m[K(Turtlebot3Drive*)this[m[K’ (type ‘[01m[KTurtlebot3Drive*[m[K’) to type ‘[01m[Kstd::unique_ptr<LidarSensor>::pointer[m[K’ {aka ‘[01m[KLidarSensor*[m[K’}
[1.681s]    11 |     lidar_sensor_ = std::unique_ptr<LidarSensor>([01;36m[Kthis[m[K);
[1.681s]       |                                                  [01;36m[K^~~~[m[K
[1.681s] In file included from [01m[K/usr/include/c++/11/memory:76[m[K,
[1.681s]                  from [01m[K/opt/ros/humble/include/rclcpp/rclcpp/rclcpp.hpp:153[m[K,
[1.681s]                  from [01m[K/home/kivaan123/Turtlebot3-Wall-Follower/turtlebot3_gazebo/include/turtlebot3_gazebo/turtlebot3_drive.hpp:4[m[K,
[1.681s]                  from [01m[K/home/kivaan123/Turtlebot3-Wall-Follower/turtlebot3_gazebo/src/turtlebot3_drive.cpp:1[m[K:
[1.681s] [01m[K/usr/include/c++/11/bits/unique_ptr.h:269:19:[m[K [01;36m[Knote: [m[Kcandidate: ‘[01m[Ktemplate<class _Del, class> constexpr std::unique_ptr<_Tp, _Dp>::unique_ptr() [with _Del = _Del; <template-parameter-2-2> = <template-parameter-1-2>; _Tp = LidarSensor; _Dp = std::default_delete<LidarSensor>][m[K’
[1.681s]   269 |         constexpr [01;36m[Kunique_ptr[m[K() noexcept
[1.681s]       |                   [01;36m[K^~~~~~~~~~[m[K
[1.681s] [01m[K/usr/include/c++/11/bits/unique_ptr.h:269:19:[m[K [01;36m[Knote: [m[K  template argument deduction/substitution failed:
[1.681s] [01m[K/home/kivaan123/Turtlebot3-Wall-Follower/turtlebot3_gazebo/src/turtlebot3_drive.cpp:11:54:[m[K [01;36m[Knote: [m[K  candidate expects 0 arguments, 1 provided
[1.681s]    11 |     lidar_sensor_ = std::unique_ptr<LidarSensor>(this[01;36m[K)[m[K;
[1.681s]       |                                                      [01;36m[K^[m[K
[1.681s] In file included from [01m[K/usr/include/c++/11/memory:76[m[K,
[1.681s]                  from [01m[K/opt/ros/humble/include/rclcpp/rclcpp/rclcpp.hpp:153[m[K,
[1.682s]                  from [01m[K/home/kivaan123/Turtlebot3-Wall-Follower/turtlebot3_gazebo/include/turtlebot3_gazebo/turtlebot3_drive.hpp:4[m[K,
[1.682s]                  from [01m[K/home/kivaan123/Turtlebot3-Wall-Follower/turtlebot3_gazebo/src/turtlebot3_drive.cpp:1[m[K:
[1.682s] [01m[K/usr/include/c++/11/bits/unique_ptr.h:327:7:[m[K [01;36m[Knote: [m[Kcandidate: ‘[01m[Kstd::unique_ptr<_Tp, _Dp>::unique_ptr(std::unique_ptr<_Tp, _Dp>&&) [with _Tp = LidarSensor; _Dp = std::default_delete<LidarSensor>][m[K’
[1.682s]   327 |       [01;36m[Kunique_ptr[m[K(unique_ptr&&) = default;
[1.682s]       |       [01;36m[K^~~~~~~~~~[m[K
[1.682s] [01m[K/usr/include/c++/11/bits/unique_ptr.h:327:18:[m[K [01;36m[Knote: [m[K  no known conversion for argument 1 from ‘[01m[KTurtlebot3Drive*[m[K’ to ‘[01m[Kstd::unique_ptr<LidarSensor>&&[m[K’
[1.682s]   327 |       unique_ptr([01;36m[Kunique_ptr&&[m[K) = default;
[1.682s]       |                  [01;36m[K^~~~~~~~~~~~[m[K
[1.683s] [01m[K/home/kivaan123/Turtlebot3-Wall-Follower/turtlebot3_gazebo/src/turtlebot3_drive.cpp:12:68:[m[K [01;31m[Kerror: [m[Kno matching function for call to ‘[01m[Kstd::unique_ptr<MovementController>::unique_ptr(Turtlebot3Drive*)[m[K’
[1.683s]    12 |     movement_controller_ = std::unique_ptr<MovementController>(this[01;31m[K)[m[K;
[1.683s]       |                                                                    [01;31m[K^[m[K
[1.683s] In file included from [01m[K/usr/include/c++/11/memory:76[m[K,
[1.683s]                  from [01m[K/opt/ros/humble/include/rclcpp/rclcpp/rclcpp.hpp:153[m[K,
[1.683s]                  from [01m[K/home/kivaan123/Turtlebot3-Wall-Follower/turtlebot3_gazebo/include/turtlebot3_gazebo/turtlebot3_drive.hpp:4[m[K,
[1.683s]                  from [01m[K/home/kivaan123/Turtlebot3-Wall-Follower/turtlebot3_gazebo/src/turtlebot3_drive.cpp:1[m[K:
[1.683s] [01m[K/usr/include/c++/11/bits/unique_ptr.h:350:9:[m[K [01;36m[Knote: [m[Kcandidate: ‘[01m[Ktemplate<class _Up, class> std::unique_ptr<_Tp, _Dp>::unique_ptr(std::auto_ptr<_Up>&&) [with _Up = _Up; <template-parameter-2-2> = <template-parameter-1-2>; _Tp = MovementController; _Dp = std::default_delete<MovementController>][m[K’
[1.683s]   350 |         [01;36m[Kunique_ptr[m[K(auto_ptr<_Up>&& __u) noexcept;
[1.683s]       |         [01;36m[K^~~~~~~~~~[m[K
[1.683s] [01m[K/usr/include/c++/11/bits/unique_ptr.h:350:9:[m[K [01;36m[Knote: [m[K  template argument deduction/substitution failed:
[1.683s] [01m[K/home/kivaan123/Turtlebot3-Wall-Follower/turtlebot3_gazebo/src/turtlebot3_drive.cpp:12:68:[m[K [01;36m[Knote: [m[K  mismatched types ‘[01m[Kstd::auto_ptr<_Up>[m[K’ and ‘[01m[KTurtlebot3Drive*[m[K’
[1.683s]    12 |     movement_controller_ = std::unique_ptr<MovementController>(this[01;36m[K)[m[K;
[1.683s]       |                                                                    [01;36m[K^[m[K
[1.683s] In file included from [01m[K/usr/include/c++/11/memory:76[m[K,
[1.683s]                  from [01m[K/opt/ros/humble/include/rclcpp/rclcpp/rclcpp.hpp:153[m[K,
[1.683s]                  from [01m[K/home/kivaan123/Turtlebot3-Wall-Follower/turtlebot3_gazebo/include/turtlebot3_gazebo/turtlebot3_drive.hpp:4[m[K,
[1.683s]                  from [01m[K/home/kivaan123/Turtlebot3-Wall-Follower/turtlebot3_gazebo/src/turtlebot3_drive.cpp:1[m[K:
[1.683s] [01m[K/usr/include/c++/11/bits/unique_ptr.h:340:9:[m[K [01;36m[Knote: [m[Kcandidate: ‘[01m[Ktemplate<class _Up, class _Ep, class> std::unique_ptr<_Tp, _Dp>::unique_ptr(std::unique_ptr<_Up, _Ep>&&) [with _Up = _Up; _Ep = _Ep; <template-parameter-2-3> = <template-parameter-1-3>; _Tp = MovementController; _Dp = std::default_delete<MovementController>][m[K’
[1.683s]   340 |         [01;36m[Kunique_ptr[m[K(unique_ptr<_Up, _Ep>&& __u) noexcept
[1.683s]       |         [01;36m[K^~~~~~~~~~[m[K
[1.683s] [01m[K/usr/include/c++/11/bits/unique_ptr.h:340:9:[m[K [01;36m[Knote: [m[K  template argument deduction/substitution failed:
[1.683s] [01m[K/home/kivaan123/Turtlebot3-Wall-Follower/turtlebot3_gazebo/src/turtlebot3_drive.cpp:12:68:[m[K [01;36m[Knote: [m[K  mismatched types ‘[01m[Kstd::unique_ptr<_Tp, _Dp>[m[K’ and ‘[01m[KTurtlebot3Drive*[m[K’
[1.683s]    12 |     movement_controller_ = std::unique_ptr<MovementController>(this[01;36m[K)[m[K;
[1.683s]       |                                                                    [01;36m[K^[m[K
[1.683s] In file included from [01m[K/usr/include/c++/11/memory:76[m[K,
[1.683s]                  from [01m[K/opt/ros/humble/include/rclcpp/rclcpp/rclcpp.hpp:153[m[K,
[1.683s]                  from [01m[K/home/kivaan123/Turtlebot3-Wall-Follower/turtlebot3_gazebo/include/turtlebot3_gazebo/turtlebot3_drive.hpp:4[m[K,
[1.683s]                  from [01m[K/home/kivaan123/Turtlebot3-Wall-Follower/turtlebot3_gazebo/src/turtlebot3_drive.cpp:1[m[K:
[1.683s] [01m[K/usr/include/c++/11/bits/unique_ptr.h:320:19:[m[K [01;36m[Knote: [m[Kcandidate: ‘[01m[Ktemplate<class _Del, class> constexpr std::unique_ptr<_Tp, _Dp>::unique_ptr(std::nullptr_t) [with _Del = _Del; <template-parameter-2-2> = <template-parameter-1-2>; _Tp = MovementController; _Dp = std::default_delete<MovementController>][m[K’
[1.683s]   320 |         constexpr [01;36m[Kunique_ptr[m[K(nullptr_t) noexcept
[1.683s]       |                   [01;36m[K^~~~~~~~~~[m[K
[1.683s] [01m[K/usr/include/c++/11/bits/unique_ptr.h:320:19:[m[K [01;36m[Knote: [m[K  template argument deduction/substitution failed:
[1.683s] [01m[K/home/kivaan123/Turtlebot3-Wall-Follower/turtlebot3_gazebo/src/turtlebot3_drive.cpp:12:64:[m[K [01;36m[Knote: [m[K  cannot convert ‘[01m[K(Turtlebot3Drive*)this[m[K’ (type ‘[01m[KTurtlebot3Drive*[m[K’) to type ‘[01m[Kstd::nullptr_t[m[K’
[1.683s]    12 |     movement_controller_ = std::unique_ptr<MovementController>([01;36m[Kthis[m[K);
[1.684s]       |                                                                [01;36m[K^~~~[m[K
[1.684s] In file included from [01m[K/usr/include/c++/11/memory:76[m[K,
[1.684s]                  from [01m[K/opt/ros/humble/include/rclcpp/rclcpp/rclcpp.hpp:153[m[K,
[1.684s]                  from [01m[K/home/kivaan123/Turtlebot3-Wall-Follower/turtlebot3_gazebo/include/turtlebot3_gazebo/turtlebot3_drive.hpp:4[m[K,
[1.684s]                  from [01m[K/home/kivaan123/Turtlebot3-Wall-Follower/turtlebot3_gazebo/src/turtlebot3_drive.cpp:1[m[K:
[1.684s] [01m[K/usr/include/c++/11/bits/unique_ptr.h:314:9:[m[K [01;36m[Knote: [m[Kcandidate: ‘[01m[Ktemplate<class _Del, class _DelUnref> std::unique_ptr<_Tp, _Dp>::unique_ptr(std::unique_ptr<_Tp, _Dp>::pointer, std::__enable_if_t<std::is_lvalue_reference<_Del>::value, _DelUnref&&>) [with _Del = _Del; _DelUnref = _DelUnref; _Tp = MovementController; _Dp = std::default_delete<MovementController>][m[K’ (deleted)
[1.684s]   314 |         [01;36m[Kunique_ptr[m[K(pointer,
[1.684s]       |         [01;36m[K^~~~~~~~~~[m[K
[1.684s] [01m[K/usr/include/c++/11/bits/unique_ptr.h:314:9:[m[K [01;36m[Knote: [m[K  template argument deduction/substitution failed:
[1.684s] [01m[K/home/kivaan123/Turtlebot3-Wall-Follower/turtlebot3_gazebo/src/turtlebot3_drive.cpp:12:68:[m[K [01;36m[Knote: [m[K  candidate expects 2 arguments, 1 provided
[1.684s]    12 |     movement_controller_ = std::unique_ptr<MovementController>(this[01;36m[K)[m[K;
[1.684s]       |                                                                    [01;36m[K^[m[K
[1.684s] In file included from [01m[K/usr/include/c++/11/memory:76[m[K,
[1.684s]                  from [01m[K/opt/ros/humble/include/rclcpp/rclcpp/rclcpp.hpp:153[m[K,
[1.684s]                  from [01m[K/home/kivaan123/Turtlebot3-Wall-Follower/turtlebot3_gazebo/include/turtlebot3_gazebo/turtlebot3_drive.hpp:4[m[K,
[1.684s]                  from [01m[K/home/kivaan123/Turtlebot3-Wall-Follower/turtlebot3_gazebo/src/turtlebot3_drive.cpp:1[m[K:
[1.684s] [01m[K/usr/include/c++/11/bits/unique_ptr.h:306:9:[m[K [01;36m[Knote: [m[Kcandidate: ‘[01m[Ktemplate<class _Del, class> std::unique_ptr<_Tp, _Dp>::unique_ptr(std::unique_ptr<_Tp, _Dp>::pointer, std::__enable_if_t<(! std::is_lvalue_reference<_Del>::value), _Del&&>) [with _Del = _Del; <template-parameter-2-2> = <template-parameter-1-2>; _Tp = MovementController; _Dp = std::default_delete<MovementController>][m[K’
[1.684s]   306 |         [01;36m[Kunique_ptr[m[K(pointer __p,
[1.684s]       |         [01;36m[K^~~~~~~~~~[m[K
[1.684s] [01m[K/usr/include/c++/11/bits/unique_ptr.h:306:9:[m[K [01;36m[Knote: [m[K  template argument deduction/substitution failed:
[1.684s] [01m[K/home/kivaan123/Turtlebot3-Wall-Follower/turtlebot3_gazebo/src/turtlebot3_drive.cpp:12:68:[m[K [01;36m[Knote: [m[K  candidate expects 2 arguments, 1 provided
[1.684s]    12 |     movement_controller_ = std::unique_ptr<MovementController>(this[01;36m[K)[m[K;
[1.684s]       |                                                                    [01;36m[K^[m[K
[1.684s] In file included from [01m[K/usr/include/c++/11/memory:76[m[K,
[1.684s]                  from [01m[K/opt/ros/humble/include/rclcpp/rclcpp/rclcpp.hpp:153[m[K,
[1.684s]                  from [01m[K/home/kivaan123/Turtlebot3-Wall-Follower/turtlebot3_gazebo/include/turtlebot3_gazebo/turtlebot3_drive.hpp:4[m[K,
[1.684s]                  from [01m[K/home/kivaan123/Turtlebot3-Wall-Follower/turtlebot3_gazebo/src/turtlebot3_drive.cpp:1[m[K:
[1.684s] [01m[K/usr/include/c++/11/bits/unique_ptr.h:294:9:[m[K [01;36m[Knote: [m[Kcandidate: ‘[01m[Ktemplate<class _Del, class> std::unique_ptr<_Tp, _Dp>::unique_ptr(std::unique_ptr<_Tp, _Dp>::pointer, const deleter_type&) [with _Del = _Del; <template-parameter-2-2> = <template-parameter-1-2>; _Tp = MovementController; _Dp = std::default_delete<MovementController>][m[K’
[1.684s]   294 |         [01;36m[Kunique_ptr[m[K(pointer __p, const deleter_type& __d) noexcept
[1.684s]       |         [01;36m[K^~~~~~~~~~[m[K
[1.684s] [01m[K/usr/include/c++/11/bits/unique_ptr.h:294:9:[m[K [01;36m[Knote: [m[K  template argument deduction/substitution failed:
[1.684s] [01m[K/home/kivaan123/Turtlebot3-Wall-Follower/turtlebot3_gazebo/src/turtlebot3_drive.cpp:12:68:[m[K [01;36m[Knote: [m[K  candidate expects 2 arguments, 1 provided
[1.684s]    12 |     movement_controller_ = std::unique_ptr<MovementController>(this[01;36m[K)[m[K;
[1.684s]       |                                                                    [01;36m[K^[m[K
[1.684s] In file included from [01m[K/usr/include/c++/11/memory:76[m[K,
[1.684s]                  from [01m[K/opt/ros/humble/include/rclcpp/rclcpp/rclcpp.hpp:153[m[K,
[1.684s]                  from [01m[K/home/kivaan123/Turtlebot3-Wall-Follower/turtlebot3_gazebo/include/turtlebot3_gazebo/turtlebot3_drive.hpp:4[m[K,
[1.684s]                  from [01m[K/home/kivaan123/Turtlebot3-Wall-Follower/turtlebot3_gazebo/src/turtlebot3_drive.cpp:1[m[K:
[1.685s] [01m[K/usr/include/c++/11/bits/unique_ptr.h:281:9:[m[K [01;36m[Knote: [m[Kcandidate: ‘[01m[Ktemplate<class _Del, class> std::unique_ptr<_Tp, _Dp>::unique_ptr(std::unique_ptr<_Tp, _Dp>::pointer) [with _Del = _Del; <template-parameter-2-2> = <template-parameter-1-2>; _Tp = MovementController; _Dp = std::default_delete<MovementController>][m[K’
[1.685s]   281 |         [01;36m[Kunique_ptr[m[K(pointer __p) noexcept
[1.685s]       |         [01;36m[K^~~~~~~~~~[m[K
[1.685s] [01m[K/usr/include/c++/11/bits/unique_ptr.h:281:9:[m[K [01;36m[Knote: [m[K  template argument deduction/substitution failed:
[1.685s] [01m[K/home/kivaan123/Turtlebot3-Wall-Follower/turtlebot3_gazebo/src/turtlebot3_drive.cpp:12:64:[m[K [01;36m[Knote: [m[K  cannot convert ‘[01m[K(Turtlebot3Drive*)this[m[K’ (type ‘[01m[KTurtlebot3Drive*[m[K’) to type ‘[01m[Kstd::unique_ptr<MovementController>::pointer[m[K’ {aka ‘[01m[KMovementController*[m[K’}
[1.685s]    12 |     movement_controller_ = std::unique_ptr<MovementController>([01;36m[Kthis[m[K);
[1.685s]       |                                                                [01;36m[K^~~~[m[K
[1.685s] In file included from [01m[K/usr/include/c++/11/memory:76[m[K,
[1.685s]                  from [01m[K/opt/ros/humble/include/rclcpp/rclcpp/rclcpp.hpp:153[m[K,
[1.685s]                  from [01m[K/home/kivaan123/Turtlebot3-Wall-Follower/turtlebot3_gazebo/include/turtlebot3_gazebo/turtlebot3_drive.hpp:4[m[K,
[1.685s]                  from [01m[K/home/kivaan123/Turtlebot3-Wall-Follower/turtlebot3_gazebo/src/turtlebot3_drive.cpp:1[m[K:
[1.685s] [01m[K/usr/include/c++/11/bits/unique_ptr.h:269:19:[m[K [01;36m[Knote: [m[Kcandidate: ‘[01m[Ktemplate<class _Del, class> constexpr std::unique_ptr<_Tp, _Dp>::unique_ptr() [with _Del = _Del; <template-parameter-2-2> = <template-parameter-1-2>; _Tp = MovementController; _Dp = std::default_delete<MovementController>][m[K’
[1.685s]   269 |         constexpr [01;36m[Kunique_ptr[m[K() noexcept
[1.685s]       |                   [01;36m[K^~~~~~~~~~[m[K
[1.685s] [01m[K/usr/include/c++/11/bits/unique_ptr.h:269:19:[m[K [01;36m[Knote: [m[K  template argument deduction/substitution failed:
[1.685s] [01m[K/home/kivaan123/Turtlebot3-Wall-Follower/turtlebot3_gazebo/src/turtlebot3_drive.cpp:12:68:[m[K [01;36m[Knote: [m[K  candidate expects 0 arguments, 1 provided
[1.685s]    12 |     movement_controller_ = std::unique_ptr<MovementController>(this[01;36m[K)[m[K;
[1.685s]       |                                                                    [01;36m[K^[m[K
[1.685s] In file included from [01m[K/usr/include/c++/11/memory:76[m[K,
[1.685s]                  from [01m[K/opt/ros/humble/include/rclcpp/rclcpp/rclcpp.hpp:153[m[K,
[1.685s]                  from [01m[K/home/kivaan123/Turtlebot3-Wall-Follower/turtlebot3_gazebo/include/turtlebot3_gazebo/turtlebot3_drive.hpp:4[m[K,
[1.685s]                  from [01m[K/home/kivaan123/Turtlebot3-Wall-Follower/turtlebot3_gazebo/src/turtlebot3_drive.cpp:1[m[K:
[1.685s] [01m[K/usr/include/c++/11/bits/unique_ptr.h:327:7:[m[K [01;36m[Knote: [m[Kcandidate: ‘[01m[Kstd::unique_ptr<_Tp, _Dp>::unique_ptr(std::unique_ptr<_Tp, _Dp>&&) [with _Tp = MovementController; _Dp = std::default_delete<MovementController>][m[K’
[1.685s]   327 |       [01;36m[Kunique_ptr[m[K(unique_ptr&&) = default;
[1.685s]       |       [01;36m[K^~~~~~~~~~[m[K
[1.685s] [01m[K/usr/include/c++/11/bits/unique_ptr.h:327:18:[m[K [01;36m[Knote: [m[K  no known conversion for argument 1 from ‘[01m[KTurtlebot3Drive*[m[K’ to ‘[01m[Kstd::unique_ptr<MovementController>&&[m[K’
[1.685s]   327 |       unique_ptr([01;36m[Kunique_ptr&&[m[K) = default;
[1.685s]       |                  [01;36m[K^~~~~~~~~~~~[m[K
[1.686s] [01m[K/home/kivaan123/Turtlebot3-Wall-Follower/turtlebot3_gazebo/src/turtlebot3_drive.cpp:13:62:[m[K [01;31m[Kerror: [m[Kno matching function for call to ‘[01m[Kstd::unique_ptr<CameraProcessor>::unique_ptr(Turtlebot3Drive*)[m[K’
[1.686s]    13 |     camera_processor_ = std::unique_ptr<CameraProcessor>(this[01;31m[K)[m[K;
[1.686s]       |                                                              [01;31m[K^[m[K
[1.686s] In file included from [01m[K/usr/include/c++/11/memory:76[m[K,
[1.686s]                  from [01m[K/opt/ros/humble/include/rclcpp/rclcpp/rclcpp.hpp:153[m[K,
[1.686s]                  from [01m[K/home/kivaan123/Turtlebot3-Wall-Follower/turtlebot3_gazebo/include/turtlebot3_gazebo/turtlebot3_drive.hpp:4[m[K,
[1.686s]                  from [01m[K/home/kivaan123/Turtlebot3-Wall-Follower/turtlebot3_gazebo/src/turtlebot3_drive.cpp:1[m[K:
[1.686s] [01m[K/usr/include/c++/11/bits/unique_ptr.h:350:9:[m[K [01;36m[Knote: [m[Kcandidate: ‘[01m[Ktemplate<class _Up, class> std::unique_ptr<_Tp, _Dp>::unique_ptr(std::auto_ptr<_Up>&&) [with _Up = _Up; <template-parameter-2-2> = <template-parameter-1-2>; _Tp = CameraProcessor; _Dp = std::default_delete<CameraProcessor>][m[K’
[1.686s]   350 |         [01;36m[Kunique_ptr[m[K(auto_ptr<_Up>&& __u) noexcept;
[1.686s]       |         [01;36m[K^~~~~~~~~~[m[K
[1.686s] [01m[K/usr/include/c++/11/bits/unique_ptr.h:350:9:[m[K [01;36m[Knote: [m[K  template argument deduction/substitution failed:
[1.686s] [01m[K/home/kivaan123/Turtlebot3-Wall-Follower/turtlebot3_gazebo/src/turtlebot3_drive.cpp:13:62:[m[K [01;36m[Knote: [m[K  mismatched types ‘[01m[Kstd::auto_ptr<_Up>[m[K’ and ‘[01m[KTurtlebot3Drive*[m[K’
[1.686s]    13 |     camera_processor_ = std::unique_ptr<CameraProcessor>(this[01;36m[K)[m[K;
[1.687s]       |                                                              [01;36m[K^[m[K
[1.687s] In file included from [01m[K/usr/include/c++/11/memory:76[m[K,
[1.687s]                  from [01m[K/opt/ros/humble/include/rclcpp/rclcpp/rclcpp.hpp:153[m[K,
[1.687s]                  from [01m[K/home/kivaan123/Turtlebot3-Wall-Follower/turtlebot3_gazebo/include/turtlebot3_gazebo/turtlebot3_drive.hpp:4[m[K,
[1.687s]                  from [01m[K/home/kivaan123/Turtlebot3-Wall-Follower/turtlebot3_gazebo/src/turtlebot3_drive.cpp:1[m[K:
[1.687s] [01m[K/usr/include/c++/11/bits/unique_ptr.h:340:9:[m[K [01;36m[Knote: [m[Kcandidate: ‘[01m[Ktemplate<class _Up, class _Ep, class> std::unique_ptr<_Tp, _Dp>::unique_ptr(std::unique_ptr<_Up, _Ep>&&) [with _Up = _Up; _Ep = _Ep; <template-parameter-2-3> = <template-parameter-1-3>; _Tp = CameraProcessor; _Dp = std::default_delete<CameraProcessor>][m[K’
[1.687s]   340 |         [01;36m[Kunique_ptr[m[K(unique_ptr<_Up, _Ep>&& __u) noexcept
[1.687s]       |         [01;36m[K^~~~~~~~~~[m[K
[1.687s] [01m[K/usr/include/c++/11/bits/unique_ptr.h:340:9:[m[K [01;36m[Knote: [m[K  template argument deduction/substitution failed:
[1.687s] [01m[K/home/kivaan123/Turtlebot3-Wall-Follower/turtlebot3_gazebo/src/turtlebot3_drive.cpp:13:62:[m[K [01;36m[Knote: [m[K  mismatched types ‘[01m[Kstd::unique_ptr<_Tp, _Dp>[m[K’ and ‘[01m[KTurtlebot3Drive*[m[K’
[1.687s]    13 |     camera_processor_ = std::unique_ptr<CameraProcessor>(this[01;36m[K)[m[K;
[1.687s]       |                                                              [01;36m[K^[m[K
[1.687s] In file included from [01m[K/usr/include/c++/11/memory:76[m[K,
[1.687s]                  from [01m[K/opt/ros/humble/include/rclcpp/rclcpp/rclcpp.hpp:153[m[K,
[1.687s]                  from [01m[K/home/kivaan123/Turtlebot3-Wall-Follower/turtlebot3_gazebo/include/turtlebot3_gazebo/turtlebot3_drive.hpp:4[m[K,
[1.687s]                  from [01m[K/home/kivaan123/Turtlebot3-Wall-Follower/turtlebot3_gazebo/src/turtlebot3_drive.cpp:1[m[K:
[1.687s] [01m[K/usr/include/c++/11/bits/unique_ptr.h:320:19:[m[K [01;36m[Knote: [m[Kcandidate: ‘[01m[Ktemplate<class _Del, class> constexpr std::unique_ptr<_Tp, _Dp>::unique_ptr(std::nullptr_t) [with _Del = _Del; <template-parameter-2-2> = <template-parameter-1-2>; _Tp = CameraProcessor; _Dp = std::default_delete<CameraProcessor>][m[K’
[1.687s]   320 |         constexpr [01;36m[Kunique_ptr[m[K(nullptr_t) noexcept
[1.687s]       |                   [01;36m[K^~~~~~~~~~[m[K
[1.687s] [01m[K/usr/include/c++/11/bits/unique_ptr.h:320:19:[m[K [01;36m[Knote: [m[K  template argument deduction/substitution failed:
[1.687s] [01m[K/home/kivaan123/Turtlebot3-Wall-Follower/turtlebot3_gazebo/src/turtlebot3_drive.cpp:13:58:[m[K [01;36m[Knote: [m[K  cannot convert ‘[01m[K(Turtlebot3Drive*)this[m[K’ (type ‘[01m[KTurtlebot3Drive*[m[K’) to type ‘[01m[Kstd::nullptr_t[m[K’
[1.687s]    13 |     camera_processor_ = std::unique_ptr<CameraProcessor>([01;36m[Kthis[m[K);
[1.687s]       |                                                          [01;36m[K^~~~[m[K
[1.687s] In file included from [01m[K/usr/include/c++/11/memory:76[m[K,
[1.687s]                  from [01m[K/opt/ros/humble/include/rclcpp/rclcpp/rclcpp.hpp:153[m[K,
[1.687s]                  from [01m[K/home/kivaan123/Turtlebot3-Wall-Follower/turtlebot3_gazebo/include/turtlebot3_gazebo/turtlebot3_drive.hpp:4[m[K,
[1.687s]                  from [01m[K/home/kivaan123/Turtlebot3-Wall-Follower/turtlebot3_gazebo/src/turtlebot3_drive.cpp:1[m[K:
[1.687s] [01m[K/usr/include/c++/11/bits/unique_ptr.h:314:9:[m[K [01;36m[Knote: [m[Kcandidate: ‘[01m[Ktemplate<class _Del, class _DelUnref> std::unique_ptr<_Tp, _Dp>::unique_ptr(std::unique_ptr<_Tp, _Dp>::pointer, std::__enable_if_t<std::is_lvalue_reference<_Del>::value, _DelUnref&&>) [with _Del = _Del; _DelUnref = _DelUnref; _Tp = CameraProcessor; _Dp = std::default_delete<CameraProcessor>][m[K’ (deleted)
[1.687s]   314 |         [01;36m[Kunique_ptr[m[K(pointer,
[1.687s]       |         [01;36m[K^~~~~~~~~~[m[K
[1.687s] [01m[K/usr/include/c++/11/bits/unique_ptr.h:314:9:[m[K [01;36m[Knote: [m[K  template argument deduction/substitution failed:
[1.687s] [01m[K/home/kivaan123/Turtlebot3-Wall-Follower/turtlebot3_gazebo/src/turtlebot3_drive.cpp:13:62:[m[K [01;36m[Knote: [m[K  candidate expects 2 arguments, 1 provided
[1.687s]    13 |     camera_processor_ = std::unique_ptr<CameraProcessor>(this[01;36m[K)[m[K;
[1.687s]       |                                                              [01;36m[K^[m[K
[1.687s] In file included from [01m[K/usr/include/c++/11/memory:76[m[K,
[1.687s]                  from [01m[K/opt/ros/humble/include/rclcpp/rclcpp/rclcpp.hpp:153[m[K,
[1.687s]                  from [01m[K/home/kivaan123/Turtlebot3-Wall-Follower/turtlebot3_gazebo/include/turtlebot3_gazebo/turtlebot3_drive.hpp:4[m[K,
[1.687s]                  from [01m[K/home/kivaan123/Turtlebot3-Wall-Follower/turtlebot3_gazebo/src/turtlebot3_drive.cpp:1[m[K:
[1.688s] [01m[K/usr/include/c++/11/bits/unique_ptr.h:306:9:[m[K [01;36m[Knote: [m[Kcandidate: ‘[01m[Ktemplate<class _Del, class> std::unique_ptr<_Tp, _Dp>::unique_ptr(std::unique_ptr<_Tp, _Dp>::pointer, std::__enable_if_t<(! std::is_lvalue_reference<_Del>::value), _Del&&>) [with _Del = _Del; <template-parameter-2-2> = <template-parameter-1-2>; _Tp = CameraProcessor; _Dp = std::default_delete<CameraProcessor>][m[K’
[1.688s]   306 |         [01;36m[Kunique_ptr[m[K(pointer __p,
[1.688s]       |         [01;36m[K^~~~~~~~~~[m[K
[1.688s] [01m[K/usr/include/c++/11/bits/unique_ptr.h:306:9:[m[K [01;36m[Knote: [m[K  template argument deduction/substitution failed:
[1.688s] [01m[K/home/kivaan123/Turtlebot3-Wall-Follower/turtlebot3_gazebo/src/turtlebot3_drive.cpp:13:62:[m[K [01;36m[Knote: [m[K  candidate expects 2 arguments, 1 provided
[1.688s]    13 |     camera_processor_ = std::unique_ptr<CameraProcessor>(this[01;36m[K)[m[K;
[1.688s]       |                                                              [01;36m[K^[m[K
[1.688s] In file included from [01m[K/usr/include/c++/11/memory:76[m[K,
[1.688s]                  from [01m[K/opt/ros/humble/include/rclcpp/rclcpp/rclcpp.hpp:153[m[K,
[1.688s]                  from [01m[K/home/kivaan123/Turtlebot3-Wall-Follower/turtlebot3_gazebo/include/turtlebot3_gazebo/turtlebot3_drive.hpp:4[m[K,
[1.688s]                  from [01m[K/home/kivaan123/Turtlebot3-Wall-Follower/turtlebot3_gazebo/src/turtlebot3_drive.cpp:1[m[K:
[1.688s] [01m[K/usr/include/c++/11/bits/unique_ptr.h:294:9:[m[K [01;36m[Knote: [m[Kcandidate: ‘[01m[Ktemplate<class _Del, class> std::unique_ptr<_Tp, _Dp>::unique_ptr(std::unique_ptr<_Tp, _Dp>::pointer, const deleter_type&) [with _Del = _Del; <template-parameter-2-2> = <template-parameter-1-2>; _Tp = CameraProcessor; _Dp = std::default_delete<CameraProcessor>][m[K’
[1.688s]   294 |         [01;36m[Kunique_ptr[m[K(pointer __p, const deleter_type& __d) noexcept
[1.688s]       |         [01;36m[K^~~~~~~~~~[m[K
[1.688s] [01m[K/usr/include/c++/11/bits/unique_ptr.h:294:9:[m[K [01;36m[Knote: [m[K  template argument deduction/substitution failed:
[1.688s] [01m[K/home/kivaan123/Turtlebot3-Wall-Follower/turtlebot3_gazebo/src/turtlebot3_drive.cpp:13:62:[m[K [01;36m[Knote: [m[K  candidate expects 2 arguments, 1 provided
[1.688s]    13 |     camera_processor_ = std::unique_ptr<CameraProcessor>(this[01;36m[K)[m[K;
[1.688s]       |                                                              [01;36m[K^[m[K
[1.688s] In file included from [01m[K/usr/include/c++/11/memory:76[m[K,
[1.688s]                  from [01m[K/opt/ros/humble/include/rclcpp/rclcpp/rclcpp.hpp:153[m[K,
[1.688s]                  from [01m[K/home/kivaan123/Turtlebot3-Wall-Follower/turtlebot3_gazebo/include/turtlebot3_gazebo/turtlebot3_drive.hpp:4[m[K,
[1.688s]                  from [01m[K/home/kivaan123/Turtlebot3-Wall-Follower/turtlebot3_gazebo/src/turtlebot3_drive.cpp:1[m[K:
[1.688s] [01m[K/usr/include/c++/11/bits/unique_ptr.h:281:9:[m[K [01;36m[Knote: [m[Kcandidate: ‘[01m[Ktemplate<class _Del, class> std::unique_ptr<_Tp, _Dp>::unique_ptr(std::unique_ptr<_Tp, _Dp>::pointer) [with _Del = _Del; <template-parameter-2-2> = <template-parameter-1-2>; _Tp = CameraProcessor; _Dp = std::default_delete<CameraProcessor>][m[K’
[1.688s]   281 |         [01;36m[Kunique_ptr[m[K(pointer __p) noexcept
[1.688s]       |         [01;36m[K^~~~~~~~~~[m[K
[1.688s] [01m[K/usr/include/c++/11/bits/unique_ptr.h:281:9:[m[K [01;36m[Knote: [m[K  template argument deduction/substitution failed:
[1.688s] [01m[K/home/kivaan123/Turtlebot3-Wall-Follower/turtlebot3_gazebo/src/turtlebot3_drive.cpp:13:58:[m[K [01;36m[Knote: [m[K  cannot convert ‘[01m[K(Turtlebot3Drive*)this[m[K’ (type ‘[01m[KTurtlebot3Drive*[m[K’) to type ‘[01m[Kstd::unique_ptr<CameraProcessor>::pointer[m[K’ {aka ‘[01m[KCameraProcessor*[m[K’}
[1.688s]    13 |     camera_processor_ = std::unique_ptr<CameraProcessor>([01;36m[Kthis[m[K);
[1.688s]       |                                                          [01;36m[K^~~~[m[K
[1.688s] In file included from [01m[K/usr/include/c++/11/memory:76[m[K,
[1.688s]                  from [01m[K/opt/ros/humble/include/rclcpp/rclcpp/rclcpp.hpp:153[m[K,
[1.688s]                  from [01m[K/home/kivaan123/Turtlebot3-Wall-Follower/turtlebot3_gazebo/include/turtlebot3_gazebo/turtlebot3_drive.hpp:4[m[K,
[1.688s]                  from [01m[K/home/kivaan123/Turtlebot3-Wall-Follower/turtlebot3_gazebo/src/turtlebot3_drive.cpp:1[m[K:
[1.688s] [01m[K/usr/include/c++/11/bits/unique_ptr.h:269:19:[m[K [01;36m[Knote: [m[Kcandidate: ‘[01m[Ktemplate<class _Del, class> constexpr std::unique_ptr<_Tp, _Dp>::unique_ptr() [with _Del = _Del; <template-parameter-2-2> = <template-parameter-1-2>; _Tp = CameraProcessor; _Dp = std::default_delete<CameraProcessor>][m[K’
[1.688s]   269 |         constexpr [01;36m[Kunique_ptr[m[K() noexcept
[1.688s]       |                   [01;36m[K^~~~~~~~~~[m[K
[1.688s] [01m[K/usr/include/c++/11/bits/unique_ptr.h:269:19:[m[K [01;36m[Knote: [m[K  template argument deduction/substitution failed:
[1.688s] [01m[K/home/kivaan123/Turtlebot3-Wall-Follower/turtlebot3_gazebo/src/turtlebot3_drive.cpp:13:62:[m[K [01;36m[Knote: [m[K  candidate expects 0 arguments, 1 provided
[1.688s]    13 |     camera_processor_ = std::unique_ptr<CameraProcessor>(this[01;36m[K)[m[K;
[1.689s]       |                                                              [01;36m[K^[m[K
[1.689s] In file included from [01m[K/usr/include/c++/11/memory:76[m[K,
[1.689s]                  from [01m[K/opt/ros/humble/include/rclcpp/rclcpp/rclcpp.hpp:153[m[K,
[1.689s]                  from [01m[K/home/kivaan123/Turtlebot3-Wall-Follower/turtlebot3_gazebo/include/turtlebot3_gazebo/turtlebot3_drive.hpp:4[m[K,
[1.689s]                  from [01m[K/home/kivaan123/Turtlebot3-Wall-Follower/turtlebot3_gazebo/src/turtlebot3_drive.cpp:1[m[K:
[1.689s] [01m[K/usr/include/c++/11/bits/unique_ptr.h:327:7:[m[K [01;36m[Knote: [m[Kcandidate: ‘[01m[Kstd::unique_ptr<_Tp, _Dp>::unique_ptr(std::unique_ptr<_Tp, _Dp>&&) [with _Tp = CameraProcessor; _Dp = std::default_delete<CameraProcessor>][m[K’
[1.689s]   327 |       [01;36m[Kunique_ptr[m[K(unique_ptr&&) = default;
[1.689s]       |       [01;36m[K^~~~~~~~~~[m[K
[1.689s] [01m[K/usr/include/c++/11/bits/unique_ptr.h:327:18:[m[K [01;36m[Knote: [m[K  no known conversion for argument 1 from ‘[01m[KTurtlebot3Drive*[m[K’ to ‘[01m[Kstd::unique_ptr<CameraProcessor>&&[m[K’
[1.689s]   327 |       unique_ptr([01;36m[Kunique_ptr&&[m[K) = default;
[1.689s]       |                  [01;36m[K^~~~~~~~~~~~[m[K
[1.690s] [01m[K/home/kivaan123/Turtlebot3-Wall-Follower/turtlebot3_gazebo/src/turtlebot3_drive.cpp:14:46:[m[K [01;31m[Kerror: [m[Kno matching function for call to ‘[01m[Kstd::unique_ptr<PathViz>::unique_ptr(Turtlebot3Drive*)[m[K’
[1.690s]    14 |     path_viz_ = std::unique_ptr<PathViz>(this[01;31m[K)[m[K;
[1.690s]       |                                              [01;31m[K^[m[K
[1.690s] In file included from [01m[K/usr/include/c++/11/memory:76[m[K,
[1.690s]                  from [01m[K/opt/ros/humble/include/rclcpp/rclcpp/rclcpp.hpp:153[m[K,
[1.690s]                  from [01m[K/home/kivaan123/Turtlebot3-Wall-Follower/turtlebot3_gazebo/include/turtlebot3_gazebo/turtlebot3_drive.hpp:4[m[K,
[1.690s]                  from [01m[K/home/kivaan123/Turtlebot3-Wall-Follower/turtlebot3_gazebo/src/turtlebot3_drive.cpp:1[m[K:
[1.690s] [01m[K/usr/include/c++/11/bits/unique_ptr.h:350:9:[m[K [01;36m[Knote: [m[Kcandidate: ‘[01m[Ktemplate<class _Up, class> std::unique_ptr<_Tp, _Dp>::unique_ptr(std::auto_ptr<_Up>&&) [with _Up = _Up; <template-parameter-2-2> = <template-parameter-1-2>; _Tp = PathViz; _Dp = std::default_delete<PathViz>][m[K’
[1.690s]   350 |         [01;36m[Kunique_ptr[m[K(auto_ptr<_Up>&& __u) noexcept;
[1.690s]       |         [01;36m[K^~~~~~~~~~[m[K
[1.690s] [01m[K/usr/include/c++/11/bits/unique_ptr.h:350:9:[m[K [01;36m[Knote: [m[K  template argument deduction/substitution failed:
[1.690s] [01m[K/home/kivaan123/Turtlebot3-Wall-Follower/turtlebot3_gazebo/src/turtlebot3_drive.cpp:14:46:[m[K [01;36m[Knote: [m[K  mismatched types ‘[01m[Kstd::auto_ptr<_Up>[m[K’ and ‘[01m[KTurtlebot3Drive*[m[K’
[1.690s]    14 |     path_viz_ = std::unique_ptr<PathViz>(this[01;36m[K)[m[K;
[1.690s]       |                                              [01;36m[K^[m[K
[1.690s] In file included from [01m[K/usr/include/c++/11/memory:76[m[K,
[1.690s]                  from [01m[K/opt/ros/humble/include/rclcpp/rclcpp/rclcpp.hpp:153[m[K,
[1.690s]                  from [01m[K/home/kivaan123/Turtlebot3-Wall-Follower/turtlebot3_gazebo/include/turtlebot3_gazebo/turtlebot3_drive.hpp:4[m[K,
[1.690s]                  from [01m[K/home/kivaan123/Turtlebot3-Wall-Follower/turtlebot3_gazebo/src/turtlebot3_drive.cpp:1[m[K:
[1.690s] [01m[K/usr/include/c++/11/bits/unique_ptr.h:340:9:[m[K [01;36m[Knote: [m[Kcandidate: ‘[01m[Ktemplate<class _Up, class _Ep, class> std::unique_ptr<_Tp, _Dp>::unique_ptr(std::unique_ptr<_Up, _Ep>&&) [with _Up = _Up; _Ep = _Ep; <template-parameter-2-3> = <template-parameter-1-3>; _Tp = PathViz; _Dp = std::default_delete<PathViz>][m[K’
[1.690s]   340 |         [01;36m[Kunique_ptr[m[K(unique_ptr<_Up, _Ep>&& __u) noexcept
[1.690s]       |         [01;36m[K^~~~~~~~~~[m[K
[1.690s] [01m[K/usr/include/c++/11/bits/unique_ptr.h:340:9:[m[K [01;36m[Knote: [m[K  template argument deduction/substitution failed:
[1.690s] [01m[K/home/kivaan123/Turtlebot3-Wall-Follower/turtlebot3_gazebo/src/turtlebot3_drive.cpp:14:46:[m[K [01;36m[Knote: [m[K  mismatched types ‘[01m[Kstd::unique_ptr<_Tp, _Dp>[m[K’ and ‘[01m[KTurtlebot3Drive*[m[K’
[1.690s]    14 |     path_viz_ = std::unique_ptr<PathViz>(this[01;36m[K)[m[K;
[1.690s]       |                                              [01;36m[K^[m[K
[1.690s] In file included from [01m[K/usr/include/c++/11/memory:76[m[K,
[1.690s]                  from [01m[K/opt/ros/humble/include/rclcpp/rclcpp/rclcpp.hpp:153[m[K,
[1.690s]                  from [01m[K/home/kivaan123/Turtlebot3-Wall-Follower/turtlebot3_gazebo/include/turtlebot3_gazebo/turtlebot3_drive.hpp:4[m[K,
[1.691s]                  from [01m[K/home/kivaan123/Turtlebot3-Wall-Follower/turtlebot3_gazebo/src/turtlebot3_drive.cpp:1[m[K:
[1.691s] [01m[K/usr/include/c++/11/bits/unique_ptr.h:320:19:[m[K [01;36m[Knote: [m[Kcandidate: ‘[01m[Ktemplate<class _Del, class> constexpr std::unique_ptr<_Tp, _Dp>::unique_ptr(std::nullptr_t) [with _Del = _Del; <template-parameter-2-2> = <template-parameter-1-2>; _Tp = PathViz; _Dp = std::default_delete<PathViz>][m[K’
[1.691s]   320 |         constexpr [01;36m[Kunique_ptr[m[K(nullptr_t) noexcept
[1.691s]       |                   [01;36m[K^~~~~~~~~~[m[K
[1.691s] [01m[K/usr/include/c++/11/bits/unique_ptr.h:320:19:[m[K [01;36m[Knote: [m[K  template argument deduction/substitution failed:
[1.691s] [01m[K/home/kivaan123/Turtlebot3-Wall-Follower/turtlebot3_gazebo/src/turtlebot3_drive.cpp:14:42:[m[K [01;36m[Knote: [m[K  cannot convert ‘[01m[K(Turtlebot3Drive*)this[m[K’ (type ‘[01m[KTurtlebot3Drive*[m[K’) to type ‘[01m[Kstd::nullptr_t[m[K’
[1.691s]    14 |     path_viz_ = std::unique_ptr<PathViz>([01;36m[Kthis[m[K);
[1.691s]       |                                          [01;36m[K^~~~[m[K
[1.691s] In file included from [01m[K/usr/include/c++/11/memory:76[m[K,
[1.691s]                  from [01m[K/opt/ros/humble/include/rclcpp/rclcpp/rclcpp.hpp:153[m[K,
[1.691s]                  from [01m[K/home/kivaan123/Turtlebot3-Wall-Follower/turtlebot3_gazebo/include/turtlebot3_gazebo/turtlebot3_drive.hpp:4[m[K,
[1.691s]                  from [01m[K/home/kivaan123/Turtlebot3-Wall-Follower/turtlebot3_gazebo/src/turtlebot3_drive.cpp:1[m[K:
[1.691s] [01m[K/usr/include/c++/11/bits/unique_ptr.h:314:9:[m[K [01;36m[Knote: [m[Kcandidate: ‘[01m[Ktemplate<class _Del, class _DelUnref> std::unique_ptr<_Tp, _Dp>::unique_ptr(std::unique_ptr<_Tp, _Dp>::pointer, std::__enable_if_t<std::is_lvalue_reference<_Del>::value, _DelUnref&&>) [with _Del = _Del; _DelUnref = _DelUnref; _Tp = PathViz; _Dp = std::default_delete<PathViz>][m[K’ (deleted)
[1.691s]   314 |         [01;36m[Kunique_ptr[m[K(pointer,
[1.691s]       |         [01;36m[K^~~~~~~~~~[m[K
[1.691s] [01m[K/usr/include/c++/11/bits/unique_ptr.h:314:9:[m[K [01;36m[Knote: [m[K  template argument deduction/substitution failed:
[1.691s] [01m[K/home/kivaan123/Turtlebot3-Wall-Follower/turtlebot3_gazebo/src/turtlebot3_drive.cpp:14:46:[m[K [01;36m[Knote: [m[K  candidate expects 2 arguments, 1 provided
[1.691s]    14 |     path_viz_ = std::unique_ptr<PathViz>(this[01;36m[K)[m[K;
[1.691s]       |                                              [01;36m[K^[m[K
[1.691s] In file included from [01m[K/usr/include/c++/11/memory:76[m[K,
[1.691s]                  from [01m[K/opt/ros/humble/include/rclcpp/rclcpp/rclcpp.hpp:153[m[K,
[1.691s]                  from [01m[K/home/kivaan123/Turtlebot3-Wall-Follower/turtlebot3_gazebo/include/turtlebot3_gazebo/turtlebot3_drive.hpp:4[m[K,
[1.691s]                  from [01m[K/home/kivaan123/Turtlebot3-Wall-Follower/turtlebot3_gazebo/src/turtlebot3_drive.cpp:1[m[K:
[1.691s] [01m[K/usr/include/c++/11/bits/unique_ptr.h:306:9:[m[K [01;36m[Knote: [m[Kcandidate: ‘[01m[Ktemplate<class _Del, class> std::unique_ptr<_Tp, _Dp>::unique_ptr(std::unique_ptr<_Tp, _Dp>::pointer, std::__enable_if_t<(! std::is_lvalue_reference<_Del>::value), _Del&&>) [with _Del = _Del; <template-parameter-2-2> = <template-parameter-1-2>; _Tp = PathViz; _Dp = std::default_delete<PathViz>][m[K’
[1.691s]   306 |         [01;36m[Kunique_ptr[m[K(pointer __p,
[1.691s]       |         [01;36m[K^~~~~~~~~~[m[K
[1.691s] [01m[K/usr/include/c++/11/bits/unique_ptr.h:306:9:[m[K [01;36m[Knote: [m[K  template argument deduction/substitution failed:
[1.691s] [01m[K/home/kivaan123/Turtlebot3-Wall-Follower/turtlebot3_gazebo/src/turtlebot3_drive.cpp:14:46:[m[K [01;36m[Knote: [m[K  candidate expects 2 arguments, 1 provided
[1.691s]    14 |     path_viz_ = std::unique_ptr<PathViz>(this[01;36m[K)[m[K;
[1.691s]       |                                              [01;36m[K^[m[K
[1.691s] In file included from [01m[K/usr/include/c++/11/memory:76[m[K,
[1.691s]                  from [01m[K/opt/ros/humble/include/rclcpp/rclcpp/rclcpp.hpp:153[m[K,
[1.691s]                  from [01m[K/home/kivaan123/Turtlebot3-Wall-Follower/turtlebot3_gazebo/include/turtlebot3_gazebo/turtlebot3_drive.hpp:4[m[K,
[1.691s]                  from [01m[K/home/kivaan123/Turtlebot3-Wall-Follower/turtlebot3_gazebo/src/turtlebot3_drive.cpp:1[m[K:
[1.691s] [01m[K/usr/include/c++/11/bits/unique_ptr.h:294:9:[m[K [01;36m[Knote: [m[Kcandidate: ‘[01m[Ktemplate<class _Del, class> std::unique_ptr<_Tp, _Dp>::unique_ptr(std::unique_ptr<_Tp, _Dp>::pointer, const deleter_type&) [with _Del = _Del; <template-parameter-2-2> = <template-parameter-1-2>; _Tp = PathViz; _Dp = std::default_delete<PathViz>][m[K’
[1.691s]   294 |         [01;36m[Kunique_ptr[m[K(pointer __p, const deleter_type& __d) noexcept
[1.691s]       |         [01;36m[K^~~~~~~~~~[m[K
[1.691s] [01m[K/usr/include/c++/11/bits/unique_ptr.h:294:9:[m[K [01;36m[Knote: [m[K  template argument deduction/substitution failed:
[1.691s] [01m[K/home/kivaan123/Turtlebot3-Wall-Follower/turtlebot3_gazebo/src/turtlebot3_drive.cpp:14:46:[m[K [01;36m[Knote: [m[K  candidate expects 2 arguments, 1 provided
[1.692s]    14 |     path_viz_ = std::unique_ptr<PathViz>(this[01;36m[K)[m[K;
[1.692s]       |                                              [01;36m[K^[m[K
[1.692s] In file included from [01m[K/usr/include/c++/11/memory:76[m[K,
[1.692s]                  from [01m[K/opt/ros/humble/include/rclcpp/rclcpp/rclcpp.hpp:153[m[K,
[1.692s]                  from [01m[K/home/kivaan123/Turtlebot3-Wall-Follower/turtlebot3_gazebo/include/turtlebot3_gazebo/turtlebot3_drive.hpp:4[m[K,
[1.692s]                  from [01m[K/home/kivaan123/Turtlebot3-Wall-Follower/turtlebot3_gazebo/src/turtlebot3_drive.cpp:1[m[K:
[1.692s] [01m[K/usr/include/c++/11/bits/unique_ptr.h:281:9:[m[K [01;36m[Knote: [m[Kcandidate: ‘[01m[Ktemplate<class _Del, class> std::unique_ptr<_Tp, _Dp>::unique_ptr(std::unique_ptr<_Tp, _Dp>::pointer) [with _Del = _Del; <template-parameter-2-2> = <template-parameter-1-2>; _Tp = PathViz; _Dp = std::default_delete<PathViz>][m[K’
[1.692s]   281 |         [01;36m[Kunique_ptr[m[K(pointer __p) noexcept
[1.692s]       |         [01;36m[K^~~~~~~~~~[m[K
[1.692s] [01m[K/usr/include/c++/11/bits/unique_ptr.h:281:9:[m[K [01;36m[Knote: [m[K  template argument deduction/substitution failed:
[1.692s] [01m[K/home/kivaan123/Turtlebot3-Wall-Follower/turtlebot3_gazebo/src/turtlebot3_drive.cpp:14:42:[m[K [01;36m[Knote: [m[K  cannot convert ‘[01m[K(Turtlebot3Drive*)this[m[K’ (type ‘[01m[KTurtlebot3Drive*[m[K’) to type ‘[01m[Kstd::unique_ptr<PathViz>::pointer[m[K’ {aka ‘[01m[KPathViz*[m[K’}
[1.692s]    14 |     path_viz_ = std::unique_ptr<PathViz>([01;36m[Kthis[m[K);
[1.692s]       |                                          [01;36m[K^~~~[m[K
[1.692s] In file included from [01m[K/usr/include/c++/11/memory:76[m[K,
[1.692s]                  from [01m[K/opt/ros/humble/include/rclcpp/rclcpp/rclcpp.hpp:153[m[K,
[1.692s]                  from [01m[K/home/kivaan123/Turtlebot3-Wall-Follower/turtlebot3_gazebo/include/turtlebot3_gazebo/turtlebot3_drive.hpp:4[m[K,
[1.692s]                  from [01m[K/home/kivaan123/Turtlebot3-Wall-Follower/turtlebot3_gazebo/src/turtlebot3_drive.cpp:1[m[K:
[1.692s] [01m[K/usr/include/c++/11/bits/unique_ptr.h:269:19:[m[K [01;36m[Knote: [m[Kcandidate: ‘[01m[Ktemplate<class _Del, class> constexpr std::unique_ptr<_Tp, _Dp>::unique_ptr() [with _Del = _Del; <template-parameter-2-2> = <template-parameter-1-2>; _Tp = PathViz; _Dp = std::default_delete<PathViz>][m[K’
[1.692s]   269 |         constexpr [01;36m[Kunique_ptr[m[K() noexcept
[1.692s]       |                   [01;36m[K^~~~~~~~~~[m[K
[1.692s] [01m[K/usr/include/c++/11/bits/unique_ptr.h:269:19:[m[K [01;36m[Knote: [m[K  template argument deduction/substitution failed:
[1.692s] [01m[K/home/kivaan123/Turtlebot3-Wall-Follower/turtlebot3_gazebo/src/turtlebot3_drive.cpp:14:46:[m[K [01;36m[Knote: [m[K  candidate expects 0 arguments, 1 provided
[1.692s]    14 |     path_viz_ = std::unique_ptr<PathViz>(this[01;36m[K)[m[K;
[1.692s]       |                                              [01;36m[K^[m[K
[1.692s] In file included from [01m[K/usr/include/c++/11/memory:76[m[K,
[1.692s]                  from [01m[K/opt/ros/humble/include/rclcpp/rclcpp/rclcpp.hpp:153[m[K,
[1.692s]                  from [01m[K/home/kivaan123/Turtlebot3-Wall-Follower/turtlebot3_gazebo/include/turtlebot3_gazebo/turtlebot3_drive.hpp:4[m[K,
[1.692s]                  from [01m[K/home/kivaan123/Turtlebot3-Wall-Follower/turtlebot3_gazebo/src/turtlebot3_drive.cpp:1[m[K:
[1.692s] [01m[K/usr/include/c++/11/bits/unique_ptr.h:327:7:[m[K [01;36m[Knote: [m[Kcandidate: ‘[01m[Kstd::unique_ptr<_Tp, _Dp>::unique_ptr(std::unique_ptr<_Tp, _Dp>&&) [with _Tp = PathViz; _Dp = std::default_delete<PathViz>][m[K’
[1.692s]   327 |       [01;36m[Kunique_ptr[m[K(unique_ptr&&) = default;
[1.692s]       |       [01;36m[K^~~~~~~~~~[m[K
[1.692s] [01m[K/usr/include/c++/11/bits/unique_ptr.h:327:18:[m[K [01;36m[Knote: [m[K  no known conversion for argument 1 from ‘[01m[KTurtlebot3Drive*[m[K’ to ‘[01m[Kstd::unique_ptr<PathViz>&&[m[K’
[1.692s]   327 |       unique_ptr([01;36m[Kunique_ptr&&[m[K) = default;
[1.692s]       |                  [01;36m[K^~~~~~~~~~~~[m[K
[1.693s] [01m[K/home/kivaan123/Turtlebot3-Wall-Follower/turtlebot3_gazebo/src/turtlebot3_drive.cpp:15:56:[m[K [01;31m[Kerror: [m[Kno matching function for call to ‘[01m[Kstd::unique_ptr<WallFollower>::unique_ptr(Turtlebot3Drive*)[m[K’
[1.693s]    15 |     wall_follower_ = std::unique_ptr<WallFollower>(this[01;31m[K)[m[K;
[1.693s]       |                                                        [01;31m[K^[m[K
[1.693s] In file included from [01m[K/usr/include/c++/11/memory:76[m[K,
[1.693s]                  from [01m[K/opt/ros/humble/include/rclcpp/rclcpp/rclcpp.hpp:153[m[K,
[1.693s]                  from [01m[K/home/kivaan123/Turtlebot3-Wall-Follower/turtlebot3_gazebo/include/turtlebot3_gazebo/turtlebot3_drive.hpp:4[m[K,
[1.693s]                  from [01m[K/home/kivaan123/Turtlebot3-Wall-Follower/turtlebot3_gazebo/src/turtlebot3_drive.cpp:1[m[K:
[1.693s] [01m[K/usr/include/c++/11/bits/unique_ptr.h:350:9:[m[K [01;36m[Knote: [m[Kcandidate: ‘[01m[Ktemplate<class _Up, class> std::unique_ptr<_Tp, _Dp>::unique_ptr(std::auto_ptr<_Up>&&) [with _Up = _Up; <template-parameter-2-2> = <template-parameter-1-2>; _Tp = WallFollower; _Dp = std::default_delete<WallFollower>][m[K’
[1.693s]   350 |         [01;36m[Kunique_ptr[m[K(auto_ptr<_Up>&& __u) noexcept;
[1.693s]       |         [01;36m[K^~~~~~~~~~[m[K
[1.694s] [01m[K/usr/include/c++/11/bits/unique_ptr.h:350:9:[m[K [01;36m[Knote: [m[K  template argument deduction/substitution failed:
[1.694s] [01m[K/home/kivaan123/Turtlebot3-Wall-Follower/turtlebot3_gazebo/src/turtlebot3_drive.cpp:15:56:[m[K [01;36m[Knote: [m[K  mismatched types ‘[01m[Kstd::auto_ptr<_Up>[m[K’ and ‘[01m[KTurtlebot3Drive*[m[K’
[1.694s]    15 |     wall_follower_ = std::unique_ptr<WallFollower>(this[01;36m[K)[m[K;
[1.694s]       |                                                        [01;36m[K^[m[K
[1.694s] In file included from [01m[K/usr/include/c++/11/memory:76[m[K,
[1.694s]                  from [01m[K/opt/ros/humble/include/rclcpp/rclcpp/rclcpp.hpp:153[m[K,
[1.694s]                  from [01m[K/home/kivaan123/Turtlebot3-Wall-Follower/turtlebot3_gazebo/include/turtlebot3_gazebo/turtlebot3_drive.hpp:4[m[K,
[1.694s]                  from [01m[K/home/kivaan123/Turtlebot3-Wall-Follower/turtlebot3_gazebo/src/turtlebot3_drive.cpp:1[m[K:
[1.694s] [01m[K/usr/include/c++/11/bits/unique_ptr.h:340:9:[m[K [01;36m[Knote: [m[Kcandidate: ‘[01m[Ktemplate<class _Up, class _Ep, class> std::unique_ptr<_Tp, _Dp>::unique_ptr(std::unique_ptr<_Up, _Ep>&&) [with _Up = _Up; _Ep = _Ep; <template-parameter-2-3> = <template-parameter-1-3>; _Tp = WallFollower; _Dp = std::default_delete<WallFollower>][m[K’
[1.694s]   340 |         [01;36m[Kunique_ptr[m[K(unique_ptr<_Up, _Ep>&& __u) noexcept
[1.694s]       |         [01;36m[K^~~~~~~~~~[m[K
[1.694s] [01m[K/usr/include/c++/11/bits/unique_ptr.h:340:9:[m[K [01;36m[Knote: [m[K  template argument deduction/substitution failed:
[1.694s] [01m[K/home/kivaan123/Turtlebot3-Wall-Follower/turtlebot3_gazebo/src/turtlebot3_drive.cpp:15:56:[m[K [01;36m[Knote: [m[K  mismatched types ‘[01m[Kstd::unique_ptr<_Tp, _Dp>[m[K’ and ‘[01m[KTurtlebot3Drive*[m[K’
[1.694s]    15 |     wall_follower_ = std::unique_ptr<WallFollower>(this[01;36m[K)[m[K;
[1.694s]       |                                                        [01;36m[K^[m[K
[1.694s] In file included from [01m[K/usr/include/c++/11/memory:76[m[K,
[1.694s]                  from [01m[K/opt/ros/humble/include/rclcpp/rclcpp/rclcpp.hpp:153[m[K,
[1.694s]                  from [01m[K/home/kivaan123/Turtlebot3-Wall-Follower/turtlebot3_gazebo/include/turtlebot3_gazebo/turtlebot3_drive.hpp:4[m[K,
[1.694s]                  from [01m[K/home/kivaan123/Turtlebot3-Wall-Follower/turtlebot3_gazebo/src/turtlebot3_drive.cpp:1[m[K:
[1.694s] [01m[K/usr/include/c++/11/bits/unique_ptr.h:320:19:[m[K [01;36m[Knote: [m[Kcandidate: ‘[01m[Ktemplate<class _Del, class> constexpr std::unique_ptr<_Tp, _Dp>::unique_ptr(std::nullptr_t) [with _Del = _Del; <template-parameter-2-2> = <template-parameter-1-2>; _Tp = WallFollower; _Dp = std::default_delete<WallFollower>][m[K’
[1.694s]   320 |         constexpr [01;36m[Kunique_ptr[m[K(nullptr_t) noexcept
[1.694s]       |                   [01;36m[K^~~~~~~~~~[m[K
[1.694s] [01m[K/usr/include/c++/11/bits/unique_ptr.h:320:19:[m[K [01;36m[Knote: [m[K  template argument deduction/substitution failed:
[1.694s] [01m[K/home/kivaan123/Turtlebot3-Wall-Follower/turtlebot3_gazebo/src/turtlebot3_drive.cpp:15:52:[m[K [01;36m[Knote: [m[K  cannot convert ‘[01m[K(Turtlebot3Drive*)this[m[K’ (type ‘[01m[KTurtlebot3Drive*[m[K’) to type ‘[01m[Kstd::nullptr_t[m[K’
[1.694s]    15 |     wall_follower_ = std::unique_ptr<WallFollower>([01;36m[Kthis[m[K);
[1.694s]       |                                                    [01;36m[K^~~~[m[K
[1.694s] In file included from [01m[K/usr/include/c++/11/memory:76[m[K,
[1.694s]                  from [01m[K/opt/ros/humble/include/rclcpp/rclcpp/rclcpp.hpp:153[m[K,
[1.694s]                  from [01m[K/home/kivaan123/Turtlebot3-Wall-Follower/turtlebot3_gazebo/include/turtlebot3_gazebo/turtlebot3_drive.hpp:4[m[K,
[1.694s]                  from [01m[K/home/kivaan123/Turtlebot3-Wall-Follower/turtlebot3_gazebo/src/turtlebot3_drive.cpp:1[m[K:
[1.694s] [01m[K/usr/include/c++/11/bits/unique_ptr.h:314:9:[m[K [01;36m[Knote: [m[Kcandidate: ‘[01m[Ktemplate<class _Del, class _DelUnref> std::unique_ptr<_Tp, _Dp>::unique_ptr(std::unique_ptr<_Tp, _Dp>::pointer, std::__enable_if_t<std::is_lvalue_reference<_Del>::value, _DelUnref&&>) [with _Del = _Del; _DelUnref = _DelUnref; _Tp = WallFollower; _Dp = std::default_delete<WallFollower>][m[K’ (deleted)
[1.694s]   314 |         [01;36m[Kunique_ptr[m[K(pointer,
[1.694s]       |         [01;36m[K^~~~~~~~~~[m[K
[1.694s] [01m[K/usr/include/c++/11/bits/unique_ptr.h:314:9:[m[K [01;36m[Knote: [m[K  template argument deduction/substitution failed:
[1.694s] [01m[K/home/kivaan123/Turtlebot3-Wall-Follower/turtlebot3_gazebo/src/turtlebot3_drive.cpp:15:56:[m[K [01;36m[Knote: [m[K  candidate expects 2 arguments, 1 provided
[1.694s]    15 |     wall_follower_ = std::unique_ptr<WallFollower>(this[01;36m[K)[m[K;
[1.694s]       |                                                        [01;36m[K^[m[K
[1.695s] In file included from [01m[K/usr/include/c++/11/memory:76[m[K,
[1.695s]                  from [01m[K/opt/ros/humble/include/rclcpp/rclcpp/rclcpp.hpp:153[m[K,
[1.695s]                  from [01m[K/home/kivaan123/Turtlebot3-Wall-Follower/turtlebot3_gazebo/include/turtlebot3_gazebo/turtlebot3_drive.hpp:4[m[K,
[1.695s]                  from [01m[K/home/kivaan123/Turtlebot3-Wall-Follower/turtlebot3_gazebo/src/turtlebot3_drive.cpp:1[m[K:
[1.695s] [01m[K/usr/include/c++/11/bits/unique_ptr.h:306:9:[m[K [01;36m[Knote: [m[Kcandidate: ‘[01m[Ktemplate<class _Del, class> std::unique_ptr<_Tp, _Dp>::unique_ptr(std::unique_ptr<_Tp, _Dp>::pointer, std::__enable_if_t<(! std::is_lvalue_reference<_Del>::value), _Del&&>) [with _Del = _Del; <template-parameter-2-2> = <template-parameter-1-2>; _Tp = WallFollower; _Dp = std::default_delete<WallFollower>][m[K’
[1.695s]   306 |         [01;36m[Kunique_ptr[m[K(pointer __p,
[1.695s]       |         [01;36m[K^~~~~~~~~~[m[K
[1.695s] [01m[K/usr/include/c++/11/bits/unique_ptr.h:306:9:[m[K [01;36m[Knote: [m[K  template argument deduction/substitution failed:
[1.695s] [01m[K/home/kivaan123/Turtlebot3-Wall-Follower/turtlebot3_gazebo/src/turtlebot3_drive.cpp:15:56:[m[K [01;36m[Knote: [m[K  candidate expects 2 arguments, 1 provided
[1.695s]    15 |     wall_follower_ = std::unique_ptr<WallFollower>(this[01;36m[K)[m[K;
[1.695s]       |                                                        [01;36m[K^[m[K
[1.695s] In file included from [01m[K/usr/include/c++/11/memory:76[m[K,
[1.695s]                  from [01m[K/opt/ros/humble/include/rclcpp/rclcpp/rclcpp.hpp:153[m[K,
[1.695s]                  from [01m[K/home/kivaan123/Turtlebot3-Wall-Follower/turtlebot3_gazebo/include/turtlebot3_gazebo/turtlebot3_drive.hpp:4[m[K,
[1.695s]                  from [01m[K/home/kivaan123/Turtlebot3-Wall-Follower/turtlebot3_gazebo/src/turtlebot3_drive.cpp:1[m[K:
[1.695s] [01m[K/usr/include/c++/11/bits/unique_ptr.h:294:9:[m[K [01;36m[Knote: [m[Kcandidate: ‘[01m[Ktemplate<class _Del, class> std::unique_ptr<_Tp, _Dp>::unique_ptr(std::unique_ptr<_Tp, _Dp>::pointer, const deleter_type&) [with _Del = _Del; <template-parameter-2-2> = <template-parameter-1-2>; _Tp = WallFollower; _Dp = std::default_delete<WallFollower>][m[K’
[1.695s]   294 |         [01;36m[Kunique_ptr[m[K(pointer __p, const deleter_type& __d) noexcept
[1.695s]       |         [01;36m[K^~~~~~~~~~[m[K
[1.695s] [01m[K/usr/include/c++/11/bits/unique_ptr.h:294:9:[m[K [01;36m[Knote: [m[K  template argument deduction/substitution failed:
[1.695s] [01m[K/home/kivaan123/Turtlebot3-Wall-Follower/turtlebot3_gazebo/src/turtlebot3_drive.cpp:15:56:[m[K [01;36m[Knote: [m[K  candidate expects 2 arguments, 1 provided
[1.695s]    15 |     wall_follower_ = std::unique_ptr<WallFollower>(this[01;36m[K)[m[K;
[1.695s]       |                                                        [01;36m[K^[m[K
[1.695s] In file included from [01m[K/usr/include/c++/11/memory:76[m[K,
[1.695s]                  from [01m[K/opt/ros/humble/include/rclcpp/rclcpp/rclcpp.hpp:153[m[K,
[1.695s]                  from [01m[K/home/kivaan123/Turtlebot3-Wall-Follower/turtlebot3_gazebo/include/turtlebot3_gazebo/turtlebot3_drive.hpp:4[m[K,
[1.695s]                  from [01m[K/home/kivaan123/Turtlebot3-Wall-Follower/turtlebot3_gazebo/src/turtlebot3_drive.cpp:1[m[K:
[1.695s] [01m[K/usr/include/c++/11/bits/unique_ptr.h:281:9:[m[K [01;36m[Knote: [m[Kcandidate: ‘[01m[Ktemplate<class _Del, class> std::unique_ptr<_Tp, _Dp>::unique_ptr(std::unique_ptr<_Tp, _Dp>::pointer) [with _Del = _Del; <template-parameter-2-2> = <template-parameter-1-2>; _Tp = WallFollower; _Dp = std::default_delete<WallFollower>][m[K’
[1.695s]   281 |         [01;36m[Kunique_ptr[m[K(pointer __p) noexcept
[1.695s]       |         [01;36m[K^~~~~~~~~~[m[K
[1.695s] [01m[K/usr/include/c++/11/bits/unique_ptr.h:281:9:[m[K [01;36m[Knote: [m[K  template argument deduction/substitution failed:
[1.695s] [01m[K/home/kivaan123/Turtlebot3-Wall-Follower/turtlebot3_gazebo/src/turtlebot3_drive.cpp:15:52:[m[K [01;36m[Knote: [m[K  cannot convert ‘[01m[K(Turtlebot3Drive*)this[m[K’ (type ‘[01m[KTurtlebot3Drive*[m[K’) to type ‘[01m[Kstd::unique_ptr<WallFollower>::pointer[m[K’ {aka ‘[01m[KWallFollower*[m[K’}
[1.695s]    15 |     wall_follower_ = std::unique_ptr<WallFollower>([01;36m[Kthis[m[K);
[1.695s]       |                                                    [01;36m[K^~~~[m[K
[1.695s] In file included from [01m[K/usr/include/c++/11/memory:76[m[K,
[1.695s]                  from [01m[K/opt/ros/humble/include/rclcpp/rclcpp/rclcpp.hpp:153[m[K,
[1.695s]                  from [01m[K/home/kivaan123/Turtlebot3-Wall-Follower/turtlebot3_gazebo/include/turtlebot3_gazebo/turtlebot3_drive.hpp:4[m[K,
[1.695s]                  from [01m[K/home/kivaan123/Turtlebot3-Wall-Follower/turtlebot3_gazebo/src/turtlebot3_drive.cpp:1[m[K:
[1.695s] [01m[K/usr/include/c++/11/bits/unique_ptr.h:269:19:[m[K [01;36m[Knote: [m[Kcandidate: ‘[01m[Ktemplate<class _Del, class> constexpr std::unique_ptr<_Tp, _Dp>::unique_ptr() [with _Del = _Del; <template-parameter-2-2> = <template-parameter-1-2>; _Tp = WallFollower; _Dp = std::default_delete<WallFollower>][m[K’
[1.695s]   269 |         constexpr [01;36m[Kunique_ptr[m[K() noexcept
[1.695s]       |                   [01;36m[K^~~~~~~~~~[m[K
[1.696s] [01m[K/usr/include/c++/11/bits/unique_ptr.h:269:19:[m[K [01;36m[Knote: [m[K  template argument deduction/substitution failed:
[1.696s] [01m[K/home/kivaan123/Turtlebot3-Wall-Follower/turtlebot3_gazebo/src/turtlebot3_drive.cpp:15:56:[m[K [01;36m[Knote: [m[K  candidate expects 0 arguments, 1 provided
[1.696s]    15 |     wall_follower_ = std::unique_ptr<WallFollower>(this[01;36m[K)[m[K;
[1.696s]       |                                                        [01;36m[K^[m[K
[1.696s] In file included from [01m[K/usr/include/c++/11/memory:76[m[K,
[1.696s]                  from [01m[K/opt/ros/humble/include/rclcpp/rclcpp/rclcpp.hpp:153[m[K,
[1.696s]                  from [01m[K/home/kivaan123/Turtlebot3-Wall-Follower/turtlebot3_gazebo/include/turtlebot3_gazebo/turtlebot3_drive.hpp:4[m[K,
[1.696s]                  from [01m[K/home/kivaan123/Turtlebot3-Wall-Follower/turtlebot3_gazebo/src/turtlebot3_drive.cpp:1[m[K:
[1.696s] [01m[K/usr/include/c++/11/bits/unique_ptr.h:327:7:[m[K [01;36m[Knote: [m[Kcandidate: ‘[01m[Kstd::unique_ptr<_Tp, _Dp>::unique_ptr(std::unique_ptr<_Tp, _Dp>&&) [with _Tp = WallFollower; _Dp = std::default_delete<WallFollower>][m[K’
[1.696s]   327 |       [01;36m[Kunique_ptr[m[K(unique_ptr&&) = default;
[1.696s]       |       [01;36m[K^~~~~~~~~~[m[K
[1.696s] [01m[K/usr/include/c++/11/bits/unique_ptr.h:327:18:[m[K [01;36m[Knote: [m[K  no known conversion for argument 1 from ‘[01m[KTurtlebot3Drive*[m[K’ to ‘[01m[Kstd::unique_ptr<WallFollower>&&[m[K’
[1.696s]   327 |       unique_ptr([01;36m[Kunique_ptr&&[m[K) = default;
[1.696s]       |                  [01;36m[K^~~~~~~~~~~~[m[K
[2.021s] gmake[2]: *** [CMakeFiles/turtlebot3_drive.dir/build.make:76: CMakeFiles/turtlebot3_drive.dir/src/turtlebot3_drive.cpp.o] Error 1
[2.021s] gmake[1]: *** [CMakeFiles/Makefile2:143: CMakeFiles/turtlebot3_drive.dir/all] Error 2
[2.021s] gmake: *** [Makefile:146: all] Error 2
[2.024s] Invoked command in '/home/kivaan123/Turtlebot3-Wall-Follower/build/turtlebot3_gazebo' returned '2': CMAKE_PREFIX_PATH=${CMAKE_PREFIX_PATH}:/opt/ros/humble /usr/bin/cmake --build /home/kivaan123/Turtlebot3-Wall-Follower/build/turtlebot3_gazebo -- -j16 -l16
