[0.009s] Invoking command in '/home/kivaan123/Turtlebot3-Wall-Follower/build/turtlebot3_simulations': CMAKE_PREFIX_PATH=/home/kivaan123/Turtlebot3-Wall-Follower/install/turtlebot3_gazebo:/home/kivaan123/Turtlebot3-Wall-Follower/install/turtlebot3_fake_node:/home/kivaan123/Turtlebot3-Wall-Follower/install/turtlebot3_simulations:/opt/ros/humble /usr/bin/cmake --build /home/kivaan123/Turtlebot3-Wall-Follower/build/turtlebot3_simulations -- -j16 -l16
[0.049s] -- Found ament_cmake: 1.3.10 (/opt/ros/humble/share/ament_cmake/cmake)
[0.165s] -- Override CMake install command with custom implementation using symlinks instead of copying resources
[0.214s] -- Configuring done
[0.215s] -- Generating done
[0.216s] -- Build files have been written to: /home/kivaan123/Turtlebot3-Wall-Follower/build/turtlebot3_simulations
[0.233s] Invoked command in '/home/kivaan123/Turtlebot3-Wall-Follower/build/turtlebot3_simulations' returned '0': CMAKE_PREFIX_PATH=/home/kivaan123/Turtlebot3-Wall-Follower/install/turtlebot3_gazebo:/home/kivaan123/Turtlebot3-Wall-Follower/install/turtlebot3_fake_node:/home/kivaan123/Turtlebot3-Wall-Follower/install/turtlebot3_simulations:/opt/ros/humble /usr/bin/cmake --build /home/kivaan123/Turtlebot3-Wall-Follower/build/turtlebot3_simulations -- -j16 -l16
[0.278s] Invoking command in '/home/kivaan123/Turtlebot3-Wall-Follower/build/turtlebot3_simulations': CMAKE_PREFIX_PATH=/home/kivaan123/Turtlebot3-Wall-Follower/install/turtlebot3_gazebo:/home/kivaan123/Turtlebot3-Wall-Follower/install/turtlebot3_fake_node:/home/kivaan123/Turtlebot3-Wall-Follower/install/turtlebot3_simulations:/opt/ros/humble /usr/bin/cmake --install /home/kivaan123/Turtlebot3-Wall-Follower/build/turtlebot3_simulations
[0.297s] -- Install configuration: ""
[0.298s] -- Execute custom install script
[0.298s] -- Up-to-date symlink: /home/kivaan123/Turtlebot3-Wall-Follower/install/turtlebot3_simulations/share/ament_index/resource_index/package_run_dependencies/turtlebot3_simulations
[0.298s] -- Up-to-date symlink: /home/kivaan123/Turtlebot3-Wall-Follower/install/turtlebot3_simulations/share/ament_index/resource_index/parent_prefix_path/turtlebot3_simulations
[0.299s] -- Up-to-date symlink: /home/kivaan123/Turtlebot3-Wall-Follower/install/turtlebot3_simulations/share/turtlebot3_simulations/environment/ament_prefix_path.sh
[0.299s] -- Up-to-date symlink: /home/kivaan123/Turtlebot3-Wall-Follower/install/turtlebot3_simulations/share/turtlebot3_simulations/environment/ament_prefix_path.dsv
[0.299s] -- Up-to-date symlink: /home/kivaan123/Turtlebot3-Wall-Follower/install/turtlebot3_simulations/share/turtlebot3_simulations/environment/path.sh
[0.299s] -- Up-to-date symlink: /home/kivaan123/Turtlebot3-Wall-Follower/install/turtlebot3_simulations/share/turtlebot3_simulations/environment/path.dsv
[0.299s] -- Up-to-date symlink: /home/kivaan123/Turtlebot3-Wall-Follower/install/turtlebot3_simulations/share/turtlebot3_simulations/local_setup.bash
[0.300s] -- Up-to-date symlink: /home/kivaan123/Turtlebot3-Wall-Follower/install/turtlebot3_simulations/share/turtlebot3_simulations/local_setup.sh
[0.300s] -- Up-to-date symlink: /home/kivaan123/Turtlebot3-Wall-Follower/install/turtlebot3_simulations/share/turtlebot3_simulations/local_setup.zsh
[0.300s] -- Up-to-date symlink: /home/kivaan123/Turtlebot3-Wall-Follower/install/turtlebot3_simulations/share/turtlebot3_simulations/local_setup.dsv
[0.300s] -- Symlinking: /home/kivaan123/Turtlebot3-Wall-Follower/install/turtlebot3_simulations/share/turtlebot3_simulations/package.dsv
[0.317s] -- Up-to-date symlink: /home/kivaan123/Turtlebot3-Wall-Follower/install/turtlebot3_simulations/share/ament_index/resource_index/packages/turtlebot3_simulations
[0.317s] -- Up-to-date symlink: /home/kivaan123/Turtlebot3-Wall-Follower/install/turtlebot3_simulations/share/turtlebot3_simulations/cmake/turtlebot3_simulationsConfig.cmake
[0.317s] -- Up-to-date symlink: /home/kivaan123/Turtlebot3-Wall-Follower/install/turtlebot3_simulations/share/turtlebot3_simulations/cmake/turtlebot3_simulationsConfig-version.cmake
[0.317s] -- Up-to-date symlink: /home/kivaan123/Turtlebot3-Wall-Follower/install/turtlebot3_simulations/share/turtlebot3_simulations/package.xml
[0.320s] Invoked command in '/home/kivaan123/Turtlebot3-Wall-Follower/build/turtlebot3_simulations' returned '0': CMAKE_PREFIX_PATH=/home/kivaan123/Turtlebot3-Wall-Follower/install/turtlebot3_gazebo:/home/kivaan123/Turtlebot3-Wall-Follower/install/turtlebot3_fake_node:/home/kivaan123/Turtlebot3-Wall-Follower/install/turtlebot3_simulations:/opt/ros/humble /usr/bin/cmake --install /home/kivaan123/Turtlebot3-Wall-Follower/build/turtlebot3_simulations
