[0.082s] DEBUG:colcon:Command line arguments: ['/home/kivaan123/.local/bin/colcon', 'build', '--symlink-install']
[0.082s] DEBUG:colcon:Parsed command line arguments: Namespace(log_base=None, log_level=None, verb_name='build', build_base='build', install_base='install', merge_install=False, symlink_install=True, test_result_base=None, continue_on_error=False, executor='parallel', parallel_workers=16, event_handlers=None, ignore_user_meta=False, metas=['./colcon.meta'], base_paths=['.'], packages_ignore=None, packages_ignore_regex=None, paths=None, packages_up_to=None, packages_up_to_regex=None, packages_above=None, packages_above_and_dependencies=None, packages_above_depth=None, packages_select_by_dep=None, packages_skip_by_dep=None, packages_skip_up_to=None, packages_select_build_failed=False, packages_skip_build_finished=False, packages_select_test_failures=False, packages_skip_test_passed=False, packages_select=None, packages_skip=None, packages_select_regex=None, packages_skip_regex=None, packages_start=None, packages_end=None, allow_overriding=[], cmake_args=None, cmake_target=None, cmake_target_skip_unavailable=False, cmake_clean_cache=False, cmake_clean_first=False, cmake_force_configure=False, ament_cmake_args=None, catkin_cmake_args=None, catkin_skip_building_tests=False, mixin_files=None, mixin=None, verb_parser=<colcon_mixin.mixin.mixin_argument.MixinArgumentDecorator object at 0x72dd39428fa0>, verb_extension=<colcon_core.verb.build.BuildVerb object at 0x72dd39428880>, main=<bound method BuildVerb.main of <colcon_core.verb.build.BuildVerb object at 0x72dd39428880>>, mixin_verb=('build',))
[0.179s] Level 1:colcon.colcon_core.package_discovery:discover_packages(colcon_meta) check parameters
[0.179s] Level 1:colcon.colcon_core.package_discovery:discover_packages(recursive) check parameters
[0.179s] Level 1:colcon.colcon_core.package_discovery:discover_packages(ignore) check parameters
[0.179s] Level 1:colcon.colcon_core.package_discovery:discover_packages(path) check parameters
[0.179s] Level 1:colcon.colcon_core.package_discovery:discover_packages(colcon_meta) discover
[0.179s] Level 1:colcon.colcon_core.package_discovery:discover_packages(recursive) discover
[0.179s] INFO:colcon.colcon_core.package_discovery:Crawling recursively for packages in '/home/kivaan123/Turtlebot3-Wall-Follower'
[0.179s] Level 1:colcon.colcon_core.package_identification:_identify(.) by extensions ['ignore', 'ignore_ament_install']
[0.179s] Level 1:colcon.colcon_core.package_identification:_identify(.) by extension 'ignore'
[0.179s] Level 1:colcon.colcon_core.package_identification:_identify(.) by extension 'ignore_ament_install'
[0.179s] Level 1:colcon.colcon_core.package_identification:_identify(.) by extensions ['colcon_pkg']
[0.179s] Level 1:colcon.colcon_core.package_identification:_identify(.) by extension 'colcon_pkg'
[0.179s] Level 1:colcon.colcon_core.package_identification:_identify(.) by extensions ['colcon_meta']
[0.179s] Level 1:colcon.colcon_core.package_identification:_identify(.) by extension 'colcon_meta'
[0.179s] Level 1:colcon.colcon_core.package_identification:_identify(.) by extensions ['ros']
[0.179s] Level 1:colcon.colcon_core.package_identification:_identify(.) by extension 'ros'
[0.186s] Level 1:colcon.colcon_core.package_identification:_identify(.) by extensions ['cmake', 'python']
[0.186s] Level 1:colcon.colcon_core.package_identification:_identify(.) by extension 'cmake'
[0.186s] Level 1:colcon.colcon_core.package_identification:_identify(.) by extension 'python'
[0.186s] Level 1:colcon.colcon_core.package_identification:_identify(.) by extensions ['python_setup_py']
[0.186s] Level 1:colcon.colcon_core.package_identification:_identify(.) by extension 'python_setup_py'
[0.186s] Level 1:colcon.colcon_core.package_identification:_identify(build) by extensions ['ignore', 'ignore_ament_install']
[0.186s] Level 1:colcon.colcon_core.package_identification:_identify(build) by extension 'ignore'
[0.186s] Level 1:colcon.colcon_core.package_identification:_identify(build) ignored
[0.187s] Level 1:colcon.colcon_core.package_identification:_identify(install) by extensions ['ignore', 'ignore_ament_install']
[0.187s] Level 1:colcon.colcon_core.package_identification:_identify(install) by extension 'ignore'
[0.187s] Level 1:colcon.colcon_core.package_identification:_identify(install) ignored
[0.187s] Level 1:colcon.colcon_core.package_identification:_identify(log) by extensions ['ignore', 'ignore_ament_install']
[0.187s] Level 1:colcon.colcon_core.package_identification:_identify(log) by extension 'ignore'
[0.187s] Level 1:colcon.colcon_core.package_identification:_identify(log) ignored
[0.187s] Level 1:colcon.colcon_core.package_identification:_identify(turtlebot3_fake_node) by extensions ['ignore', 'ignore_ament_install']
[0.187s] Level 1:colcon.colcon_core.package_identification:_identify(turtlebot3_fake_node) by extension 'ignore'
[0.187s] Level 1:colcon.colcon_core.package_identification:_identify(turtlebot3_fake_node) by extension 'ignore_ament_install'
[0.187s] Level 1:colcon.colcon_core.package_identification:_identify(turtlebot3_fake_node) by extensions ['colcon_pkg']
[0.187s] Level 1:colcon.colcon_core.package_identification:_identify(turtlebot3_fake_node) by extension 'colcon_pkg'
[0.187s] Level 1:colcon.colcon_core.package_identification:_identify(turtlebot3_fake_node) by extensions ['colcon_meta']
[0.187s] Level 1:colcon.colcon_core.package_identification:_identify(turtlebot3_fake_node) by extension 'colcon_meta'
[0.187s] Level 1:colcon.colcon_core.package_identification:_identify(turtlebot3_fake_node) by extensions ['ros']
[0.187s] Level 1:colcon.colcon_core.package_identification:_identify(turtlebot3_fake_node) by extension 'ros'
[0.189s] DEBUG:colcon.colcon_core.package_identification:Package 'turtlebot3_fake_node' with type 'ros.ament_cmake' and name 'turtlebot3_fake_node'
[0.189s] Level 1:colcon.colcon_core.package_identification:_identify(turtlebot3_gazebo) by extensions ['ignore', 'ignore_ament_install']
[0.189s] Level 1:colcon.colcon_core.package_identification:_identify(turtlebot3_gazebo) by extension 'ignore'
[0.189s] Level 1:colcon.colcon_core.package_identification:_identify(turtlebot3_gazebo) by extension 'ignore_ament_install'
[0.189s] Level 1:colcon.colcon_core.package_identification:_identify(turtlebot3_gazebo) by extensions ['colcon_pkg']
[0.189s] Level 1:colcon.colcon_core.package_identification:_identify(turtlebot3_gazebo) by extension 'colcon_pkg'
[0.189s] Level 1:colcon.colcon_core.package_identification:_identify(turtlebot3_gazebo) by extensions ['colcon_meta']
[0.189s] Level 1:colcon.colcon_core.package_identification:_identify(turtlebot3_gazebo) by extension 'colcon_meta'
[0.189s] Level 1:colcon.colcon_core.package_identification:_identify(turtlebot3_gazebo) by extensions ['ros']
[0.189s] Level 1:colcon.colcon_core.package_identification:_identify(turtlebot3_gazebo) by extension 'ros'
[0.190s] DEBUG:colcon.colcon_core.package_identification:Package 'turtlebot3_gazebo' with type 'ros.ament_cmake' and name 'turtlebot3_gazebo'
[0.190s] Level 1:colcon.colcon_core.package_identification:_identify(turtlebot3_simulations) by extensions ['ignore', 'ignore_ament_install']
[0.190s] Level 1:colcon.colcon_core.package_identification:_identify(turtlebot3_simulations) by extension 'ignore'
[0.190s] Level 1:colcon.colcon_core.package_identification:_identify(turtlebot3_simulations) by extension 'ignore_ament_install'
[0.190s] Level 1:colcon.colcon_core.package_identification:_identify(turtlebot3_simulations) by extensions ['colcon_pkg']
[0.190s] Level 1:colcon.colcon_core.package_identification:_identify(turtlebot3_simulations) by extension 'colcon_pkg'
[0.190s] Level 1:colcon.colcon_core.package_identification:_identify(turtlebot3_simulations) by extensions ['colcon_meta']
[0.190s] Level 1:colcon.colcon_core.package_identification:_identify(turtlebot3_simulations) by extension 'colcon_meta'
[0.190s] Level 1:colcon.colcon_core.package_identification:_identify(turtlebot3_simulations) by extensions ['ros']
[0.190s] Level 1:colcon.colcon_core.package_identification:_identify(turtlebot3_simulations) by extension 'ros'
[0.190s] DEBUG:colcon.colcon_core.package_identification:Package 'turtlebot3_simulations' with type 'ros.ament_cmake' and name 'turtlebot3_simulations'
[0.190s] Level 1:colcon.colcon_core.package_discovery:discover_packages(recursive) using defaults
[0.190s] Level 1:colcon.colcon_core.package_discovery:discover_packages(ignore) discover
[0.190s] Level 1:colcon.colcon_core.package_discovery:discover_packages(ignore) using defaults
[0.190s] Level 1:colcon.colcon_core.package_discovery:discover_packages(path) discover
[0.190s] Level 1:colcon.colcon_core.package_discovery:discover_packages(path) using defaults
[0.203s] Level 1:colcon.colcon_core.package_discovery:discover_packages(prefix_path) check parameters
[0.203s] Level 1:colcon.colcon_core.package_discovery:discover_packages(prefix_path) discover
[0.204s] DEBUG:colcon.colcon_installed_package_information.package_discovery:Found 3 installed packages in /home/kivaan123/Turtlebot3-Wall-Follower/install
[0.205s] DEBUG:colcon.colcon_installed_package_information.package_discovery:Found 450 installed packages in /opt/ros/humble
[0.211s] Level 1:colcon.colcon_core.package_discovery:discover_packages(prefix_path) using defaults
[0.241s] Level 5:colcon.colcon_core.verb:set package 'turtlebot3_fake_node' build argument 'cmake_args' from command line to 'None'
[0.241s] Level 5:colcon.colcon_core.verb:set package 'turtlebot3_fake_node' build argument 'cmake_target' from command line to 'None'
[0.241s] Level 5:colcon.colcon_core.verb:set package 'turtlebot3_fake_node' build argument 'cmake_target_skip_unavailable' from command line to 'False'
[0.241s] Level 5:colcon.colcon_core.verb:set package 'turtlebot3_fake_node' build argument 'cmake_clean_cache' from command line to 'False'
[0.241s] Level 5:colcon.colcon_core.verb:set package 'turtlebot3_fake_node' build argument 'cmake_clean_first' from command line to 'False'
[0.241s] Level 5:colcon.colcon_core.verb:set package 'turtlebot3_fake_node' build argument 'cmake_force_configure' from command line to 'False'
[0.241s] Level 5:colcon.colcon_core.verb:set package 'turtlebot3_fake_node' build argument 'ament_cmake_args' from command line to 'None'
[0.241s] Level 5:colcon.colcon_core.verb:set package 'turtlebot3_fake_node' build argument 'catkin_cmake_args' from command line to 'None'
[0.241s] Level 5:colcon.colcon_core.verb:set package 'turtlebot3_fake_node' build argument 'catkin_skip_building_tests' from command line to 'False'
[0.241s] DEBUG:colcon.colcon_core.verb:Building package 'turtlebot3_fake_node' with the following arguments: {'ament_cmake_args': None, 'build_base': '/home/kivaan123/Turtlebot3-Wall-Follower/build/turtlebot3_fake_node', 'catkin_cmake_args': None, 'catkin_skip_building_tests': False, 'cmake_args': None, 'cmake_clean_cache': False, 'cmake_clean_first': False, 'cmake_force_configure': False, 'cmake_target': None, 'cmake_target_skip_unavailable': False, 'install_base': '/home/kivaan123/Turtlebot3-Wall-Follower/install/turtlebot3_fake_node', 'merge_install': False, 'path': '/home/kivaan123/Turtlebot3-Wall-Follower/turtlebot3_fake_node', 'symlink_install': True, 'test_result_base': None}
[0.241s] Level 5:colcon.colcon_core.verb:set package 'turtlebot3_gazebo' build argument 'cmake_args' from command line to 'None'
[0.241s] Level 5:colcon.colcon_core.verb:set package 'turtlebot3_gazebo' build argument 'cmake_target' from command line to 'None'
[0.241s] Level 5:colcon.colcon_core.verb:set package 'turtlebot3_gazebo' build argument 'cmake_target_skip_unavailable' from command line to 'False'
[0.241s] Level 5:colcon.colcon_core.verb:set package 'turtlebot3_gazebo' build argument 'cmake_clean_cache' from command line to 'False'
[0.242s] Level 5:colcon.colcon_core.verb:set package 'turtlebot3_gazebo' build argument 'cmake_clean_first' from command line to 'False'
[0.242s] Level 5:colcon.colcon_core.verb:set package 'turtlebot3_gazebo' build argument 'cmake_force_configure' from command line to 'False'
[0.242s] Level 5:colcon.colcon_core.verb:set package 'turtlebot3_gazebo' build argument 'ament_cmake_args' from command line to 'None'
[0.242s] Level 5:colcon.colcon_core.verb:set package 'turtlebot3_gazebo' build argument 'catkin_cmake_args' from command line to 'None'
[0.242s] Level 5:colcon.colcon_core.verb:set package 'turtlebot3_gazebo' build argument 'catkin_skip_building_tests' from command line to 'False'
[0.242s] DEBUG:colcon.colcon_core.verb:Building package 'turtlebot3_gazebo' with the following arguments: {'ament_cmake_args': None, 'build_base': '/home/kivaan123/Turtlebot3-Wall-Follower/build/turtlebot3_gazebo', 'catkin_cmake_args': None, 'catkin_skip_building_tests': False, 'cmake_args': None, 'cmake_clean_cache': False, 'cmake_clean_first': False, 'cmake_force_configure': False, 'cmake_target': None, 'cmake_target_skip_unavailable': False, 'install_base': '/home/kivaan123/Turtlebot3-Wall-Follower/install/turtlebot3_gazebo', 'merge_install': False, 'path': '/home/kivaan123/Turtlebot3-Wall-Follower/turtlebot3_gazebo', 'symlink_install': True, 'test_result_base': None}
[0.242s] Level 5:colcon.colcon_core.verb:set package 'turtlebot3_simulations' build argument 'cmake_args' from command line to 'None'
[0.242s] Level 5:colcon.colcon_core.verb:set package 'turtlebot3_simulations' build argument 'cmake_target' from command line to 'None'
[0.242s] Level 5:colcon.colcon_core.verb:set package 'turtlebot3_simulations' build argument 'cmake_target_skip_unavailable' from command line to 'False'
[0.242s] Level 5:colcon.colcon_core.verb:set package 'turtlebot3_simulations' build argument 'cmake_clean_cache' from command line to 'False'
[0.242s] Level 5:colcon.colcon_core.verb:set package 'turtlebot3_simulations' build argument 'cmake_clean_first' from command line to 'False'
[0.242s] Level 5:colcon.colcon_core.verb:set package 'turtlebot3_simulations' build argument 'cmake_force_configure' from command line to 'False'
[0.242s] Level 5:colcon.colcon_core.verb:set package 'turtlebot3_simulations' build argument 'ament_cmake_args' from command line to 'None'
[0.242s] Level 5:colcon.colcon_core.verb:set package 'turtlebot3_simulations' build argument 'catkin_cmake_args' from command line to 'None'
[0.242s] Level 5:colcon.colcon_core.verb:set package 'turtlebot3_simulations' build argument 'catkin_skip_building_tests' from command line to 'False'
[0.242s] DEBUG:colcon.colcon_core.verb:Building package 'turtlebot3_simulations' with the following arguments: {'ament_cmake_args': None, 'build_base': '/home/kivaan123/Turtlebot3-Wall-Follower/build/turtlebot3_simulations', 'catkin_cmake_args': None, 'catkin_skip_building_tests': False, 'cmake_args': None, 'cmake_clean_cache': False, 'cmake_clean_first': False, 'cmake_force_configure': False, 'cmake_target': None, 'cmake_target_skip_unavailable': False, 'install_base': '/home/kivaan123/Turtlebot3-Wall-Follower/install/turtlebot3_simulations', 'merge_install': False, 'path': '/home/kivaan123/Turtlebot3-Wall-Follower/turtlebot3_simulations', 'symlink_install': True, 'test_result_base': None}
[0.242s] INFO:colcon.colcon_core.executor:Executing jobs using 'parallel' executor
[0.243s] DEBUG:colcon.colcon_parallel_executor.executor.parallel:run_until_complete
[0.243s] INFO:colcon.colcon_ros.task.ament_cmake.build:Building ROS package in '/home/kivaan123/Turtlebot3-Wall-Follower/turtlebot3_fake_node' with build type 'ament_cmake'
[0.243s] INFO:colcon.colcon_cmake.task.cmake.build:Building CMake package in '/home/kivaan123/Turtlebot3-Wall-Follower/turtlebot3_fake_node'
[0.244s] INFO:colcon.colcon_core.plugin_system:Skipping extension 'colcon_core.shell.bat': Not used on non-Windows systems
[0.244s] INFO:colcon.colcon_core.shell:Skip shell extension 'powershell' for command environment: Not usable outside of PowerShell
[0.244s] DEBUG:colcon.colcon_core.shell:Skip shell extension 'dsv' for command environment
[0.246s] INFO:colcon.colcon_ros.task.ament_cmake.build:Building ROS package in '/home/kivaan123/Turtlebot3-Wall-Follower/turtlebot3_gazebo' with build type 'ament_cmake'
[0.247s] INFO:colcon.colcon_cmake.task.cmake.build:Building CMake package in '/home/kivaan123/Turtlebot3-Wall-Follower/turtlebot3_gazebo'
[0.247s] INFO:colcon.colcon_core.shell:Skip shell extension 'powershell' for command environment: Not usable outside of PowerShell
[0.247s] DEBUG:colcon.colcon_core.shell:Skip shell extension 'dsv' for command environment
[0.252s] DEBUG:colcon.colcon_core.event_handler.log_command:Invoking command in '/home/kivaan123/Turtlebot3-Wall-Follower/build/turtlebot3_fake_node': CMAKE_PREFIX_PATH=${CMAKE_PREFIX_PATH}:/opt/ros/humble /usr/bin/cmake --build /home/kivaan123/Turtlebot3-Wall-Follower/build/turtlebot3_fake_node -- -j16 -l16
[0.255s] DEBUG:colcon.colcon_core.event_handler.log_command:Invoking command in '/home/kivaan123/Turtlebot3-Wall-Follower/build/turtlebot3_gazebo': CMAKE_PREFIX_PATH=${CMAKE_PREFIX_PATH}:/opt/ros/humble /usr/bin/cmake --build /home/kivaan123/Turtlebot3-Wall-Follower/build/turtlebot3_gazebo -- -j16 -l16
[0.302s] DEBUG:colcon.colcon_core.event_handler.log_command:Invoked command in '/home/kivaan123/Turtlebot3-Wall-Follower/build/turtlebot3_fake_node' returned '0': CMAKE_PREFIX_PATH=${CMAKE_PREFIX_PATH}:/opt/ros/humble /usr/bin/cmake --build /home/kivaan123/Turtlebot3-Wall-Follower/build/turtlebot3_fake_node -- -j16 -l16
[0.332s] DEBUG:colcon.colcon_core.event_handler.log_command:Invoking command in '/home/kivaan123/Turtlebot3-Wall-Follower/build/turtlebot3_fake_node': CMAKE_PREFIX_PATH=${CMAKE_PREFIX_PATH}:/opt/ros/humble /usr/bin/cmake --install /home/kivaan123/Turtlebot3-Wall-Follower/build/turtlebot3_fake_node
[0.347s] Level 1:colcon.colcon_core.environment:create_environment_scripts_only(turtlebot3_fake_node)
[0.348s] DEBUG:colcon.colcon_core.event_handler.log_command:Invoked command in '/home/kivaan123/Turtlebot3-Wall-Follower/build/turtlebot3_fake_node' returned '0': CMAKE_PREFIX_PATH=${CMAKE_PREFIX_PATH}:/opt/ros/humble /usr/bin/cmake --install /home/kivaan123/Turtlebot3-Wall-Follower/build/turtlebot3_fake_node
[0.349s] Level 1:colcon.colcon_core.environment:checking '/home/kivaan123/Turtlebot3-Wall-Follower/install/turtlebot3_fake_node' for CMake module files
[0.350s] Level 1:colcon.colcon_core.environment:checking '/home/kivaan123/Turtlebot3-Wall-Follower/install/turtlebot3_fake_node' for CMake config files
[0.350s] Level 1:colcon.colcon_core.shell:create_environment_hook('turtlebot3_fake_node', 'cmake_prefix_path')
[0.350s] INFO:colcon.colcon_core.shell:Creating environment hook '/home/kivaan123/Turtlebot3-Wall-Follower/install/turtlebot3_fake_node/share/turtlebot3_fake_node/hook/cmake_prefix_path.ps1'
[0.350s] INFO:colcon.colcon_core.shell:Creating environment descriptor '/home/kivaan123/Turtlebot3-Wall-Follower/install/turtlebot3_fake_node/share/turtlebot3_fake_node/hook/cmake_prefix_path.dsv'
[0.351s] INFO:colcon.colcon_core.shell:Creating environment hook '/home/kivaan123/Turtlebot3-Wall-Follower/install/turtlebot3_fake_node/share/turtlebot3_fake_node/hook/cmake_prefix_path.sh'
[0.351s] Level 1:colcon.colcon_core.environment:checking '/home/kivaan123/Turtlebot3-Wall-Follower/install/turtlebot3_fake_node/lib'
[0.351s] Level 1:colcon.colcon_core.environment:checking '/home/kivaan123/Turtlebot3-Wall-Follower/install/turtlebot3_fake_node/bin'
[0.351s] Level 1:colcon.colcon_core.environment:checking '/home/kivaan123/Turtlebot3-Wall-Follower/install/turtlebot3_fake_node/lib/pkgconfig/turtlebot3_fake_node.pc'
[0.352s] Level 1:colcon.colcon_core.environment:checking '/home/kivaan123/Turtlebot3-Wall-Follower/install/turtlebot3_fake_node/lib/python3.10/site-packages'
[0.352s] Level 1:colcon.colcon_core.environment:checking '/home/kivaan123/Turtlebot3-Wall-Follower/install/turtlebot3_fake_node/bin'
[0.352s] INFO:colcon.colcon_core.shell:Creating package script '/home/kivaan123/Turtlebot3-Wall-Follower/install/turtlebot3_fake_node/share/turtlebot3_fake_node/package.ps1'
[0.352s] INFO:colcon.colcon_core.shell:Creating package descriptor '/home/kivaan123/Turtlebot3-Wall-Follower/install/turtlebot3_fake_node/share/turtlebot3_fake_node/package.dsv'
[0.353s] INFO:colcon.colcon_core.shell:Creating package script '/home/kivaan123/Turtlebot3-Wall-Follower/install/turtlebot3_fake_node/share/turtlebot3_fake_node/package.sh'
[0.353s] INFO:colcon.colcon_core.shell:Creating package script '/home/kivaan123/Turtlebot3-Wall-Follower/install/turtlebot3_fake_node/share/turtlebot3_fake_node/package.bash'
[0.354s] INFO:colcon.colcon_core.shell:Creating package script '/home/kivaan123/Turtlebot3-Wall-Follower/install/turtlebot3_fake_node/share/turtlebot3_fake_node/package.zsh'
[0.354s] Level 1:colcon.colcon_core.environment:create_file_with_runtime_dependencies(/home/kivaan123/Turtlebot3-Wall-Follower/install/turtlebot3_fake_node/share/colcon-core/packages/turtlebot3_fake_node)
[0.375s] Level 1:colcon.colcon_core.environment:create_environment_scripts_only(turtlebot3_fake_node)
[0.375s] Level 1:colcon.colcon_core.environment:checking '/home/kivaan123/Turtlebot3-Wall-Follower/install/turtlebot3_fake_node' for CMake module files
[0.376s] Level 1:colcon.colcon_core.environment:checking '/home/kivaan123/Turtlebot3-Wall-Follower/install/turtlebot3_fake_node' for CMake config files
[0.376s] Level 1:colcon.colcon_core.shell:create_environment_hook('turtlebot3_fake_node', 'cmake_prefix_path')
[0.376s] INFO:colcon.colcon_core.shell:Creating environment hook '/home/kivaan123/Turtlebot3-Wall-Follower/install/turtlebot3_fake_node/share/turtlebot3_fake_node/hook/cmake_prefix_path.ps1'
[0.376s] INFO:colcon.colcon_core.shell:Creating environment descriptor '/home/kivaan123/Turtlebot3-Wall-Follower/install/turtlebot3_fake_node/share/turtlebot3_fake_node/hook/cmake_prefix_path.dsv'
[0.376s] INFO:colcon.colcon_core.shell:Creating environment hook '/home/kivaan123/Turtlebot3-Wall-Follower/install/turtlebot3_fake_node/share/turtlebot3_fake_node/hook/cmake_prefix_path.sh'
[0.377s] Level 1:colcon.colcon_core.environment:checking '/home/kivaan123/Turtlebot3-Wall-Follower/install/turtlebot3_fake_node/lib'
[0.377s] Level 1:colcon.colcon_core.environment:checking '/home/kivaan123/Turtlebot3-Wall-Follower/install/turtlebot3_fake_node/bin'
[0.377s] Level 1:colcon.colcon_core.environment:checking '/home/kivaan123/Turtlebot3-Wall-Follower/install/turtlebot3_fake_node/lib/pkgconfig/turtlebot3_fake_node.pc'
[0.377s] Level 1:colcon.colcon_core.environment:checking '/home/kivaan123/Turtlebot3-Wall-Follower/install/turtlebot3_fake_node/lib/python3.10/site-packages'
[0.377s] Level 1:colcon.colcon_core.environment:checking '/home/kivaan123/Turtlebot3-Wall-Follower/install/turtlebot3_fake_node/bin'
[0.377s] INFO:colcon.colcon_core.shell:Creating package script '/home/kivaan123/Turtlebot3-Wall-Follower/install/turtlebot3_fake_node/share/turtlebot3_fake_node/package.ps1'
[0.377s] INFO:colcon.colcon_core.shell:Creating package descriptor '/home/kivaan123/Turtlebot3-Wall-Follower/install/turtlebot3_fake_node/share/turtlebot3_fake_node/package.dsv'
[0.378s] INFO:colcon.colcon_core.shell:Creating package script '/home/kivaan123/Turtlebot3-Wall-Follower/install/turtlebot3_fake_node/share/turtlebot3_fake_node/package.sh'
[0.378s] INFO:colcon.colcon_core.shell:Creating package script '/home/kivaan123/Turtlebot3-Wall-Follower/install/turtlebot3_fake_node/share/turtlebot3_fake_node/package.bash'
[0.378s] INFO:colcon.colcon_core.shell:Creating package script '/home/kivaan123/Turtlebot3-Wall-Follower/install/turtlebot3_fake_node/share/turtlebot3_fake_node/package.zsh'
[0.378s] Level 1:colcon.colcon_core.environment:create_file_with_runtime_dependencies(/home/kivaan123/Turtlebot3-Wall-Follower/install/turtlebot3_fake_node/share/colcon-core/packages/turtlebot3_fake_node)
[5.949s] DEBUG:colcon.colcon_core.event_handler.log_command:Invoked command in '/home/kivaan123/Turtlebot3-Wall-Follower/build/turtlebot3_gazebo' returned '0': CMAKE_PREFIX_PATH=${CMAKE_PREFIX_PATH}:/opt/ros/humble /usr/bin/cmake --build /home/kivaan123/Turtlebot3-Wall-Follower/build/turtlebot3_gazebo -- -j16 -l16
[6.068s] DEBUG:colcon.colcon_core.event_handler.log_command:Invoking command in '/home/kivaan123/Turtlebot3-Wall-Follower/build/turtlebot3_gazebo': CMAKE_PREFIX_PATH=${CMAKE_PREFIX_PATH}:/opt/ros/humble /usr/bin/cmake --install /home/kivaan123/Turtlebot3-Wall-Follower/build/turtlebot3_gazebo
[6.098s] Level 1:colcon.colcon_core.environment:create_environment_scripts_only(turtlebot3_gazebo)
[6.098s] Level 1:colcon.colcon_core.environment:checking '/home/kivaan123/Turtlebot3-Wall-Follower/install/turtlebot3_gazebo' for CMake module files
[6.099s] DEBUG:colcon.colcon_core.event_handler.log_command:Invoked command in '/home/kivaan123/Turtlebot3-Wall-Follower/build/turtlebot3_gazebo' returned '0': CMAKE_PREFIX_PATH=${CMAKE_PREFIX_PATH}:/opt/ros/humble /usr/bin/cmake --install /home/kivaan123/Turtlebot3-Wall-Follower/build/turtlebot3_gazebo
[6.099s] Level 1:colcon.colcon_core.environment:checking '/home/kivaan123/Turtlebot3-Wall-Follower/install/turtlebot3_gazebo' for CMake config files
[6.099s] Level 1:colcon.colcon_core.shell:create_environment_hook('turtlebot3_gazebo', 'cmake_prefix_path')
[6.100s] INFO:colcon.colcon_core.shell:Creating environment hook '/home/kivaan123/Turtlebot3-Wall-Follower/install/turtlebot3_gazebo/share/turtlebot3_gazebo/hook/cmake_prefix_path.ps1'
[6.100s] INFO:colcon.colcon_core.shell:Creating environment descriptor '/home/kivaan123/Turtlebot3-Wall-Follower/install/turtlebot3_gazebo/share/turtlebot3_gazebo/hook/cmake_prefix_path.dsv'
[6.100s] INFO:colcon.colcon_core.shell:Creating environment hook '/home/kivaan123/Turtlebot3-Wall-Follower/install/turtlebot3_gazebo/share/turtlebot3_gazebo/hook/cmake_prefix_path.sh'
[6.100s] Level 1:colcon.colcon_core.environment:checking '/home/kivaan123/Turtlebot3-Wall-Follower/install/turtlebot3_gazebo/lib'
[6.100s] Level 1:colcon.colcon_core.environment:checking '/home/kivaan123/Turtlebot3-Wall-Follower/install/turtlebot3_gazebo/bin'
[6.100s] Level 1:colcon.colcon_core.environment:checking '/home/kivaan123/Turtlebot3-Wall-Follower/install/turtlebot3_gazebo/lib/pkgconfig/turtlebot3_gazebo.pc'
[6.100s] Level 1:colcon.colcon_core.environment:checking '/home/kivaan123/Turtlebot3-Wall-Follower/install/turtlebot3_gazebo/lib/python3.10/site-packages'
[6.101s] Level 1:colcon.colcon_core.environment:checking '/home/kivaan123/Turtlebot3-Wall-Follower/install/turtlebot3_gazebo/bin'
[6.101s] INFO:colcon.colcon_core.shell:Creating package script '/home/kivaan123/Turtlebot3-Wall-Follower/install/turtlebot3_gazebo/share/turtlebot3_gazebo/package.ps1'
[6.101s] INFO:colcon.colcon_core.shell:Creating package descriptor '/home/kivaan123/Turtlebot3-Wall-Follower/install/turtlebot3_gazebo/share/turtlebot3_gazebo/package.dsv'
[6.101s] INFO:colcon.colcon_core.shell:Creating package script '/home/kivaan123/Turtlebot3-Wall-Follower/install/turtlebot3_gazebo/share/turtlebot3_gazebo/package.sh'
[6.101s] INFO:colcon.colcon_core.shell:Creating package script '/home/kivaan123/Turtlebot3-Wall-Follower/install/turtlebot3_gazebo/share/turtlebot3_gazebo/package.bash'
[6.102s] INFO:colcon.colcon_core.shell:Creating package script '/home/kivaan123/Turtlebot3-Wall-Follower/install/turtlebot3_gazebo/share/turtlebot3_gazebo/package.zsh'
[6.102s] Level 1:colcon.colcon_core.environment:create_file_with_runtime_dependencies(/home/kivaan123/Turtlebot3-Wall-Follower/install/turtlebot3_gazebo/share/colcon-core/packages/turtlebot3_gazebo)
[6.144s] Level 1:colcon.colcon_core.environment:create_environment_scripts_only(turtlebot3_gazebo)
[6.144s] Level 1:colcon.colcon_core.environment:checking '/home/kivaan123/Turtlebot3-Wall-Follower/install/turtlebot3_gazebo' for CMake module files
[6.144s] Level 1:colcon.colcon_core.environment:checking '/home/kivaan123/Turtlebot3-Wall-Follower/install/turtlebot3_gazebo' for CMake config files
[6.145s] Level 1:colcon.colcon_core.shell:create_environment_hook('turtlebot3_gazebo', 'cmake_prefix_path')
[6.145s] INFO:colcon.colcon_core.shell:Creating environment hook '/home/kivaan123/Turtlebot3-Wall-Follower/install/turtlebot3_gazebo/share/turtlebot3_gazebo/hook/cmake_prefix_path.ps1'
[6.145s] INFO:colcon.colcon_core.shell:Creating environment descriptor '/home/kivaan123/Turtlebot3-Wall-Follower/install/turtlebot3_gazebo/share/turtlebot3_gazebo/hook/cmake_prefix_path.dsv'
[6.145s] INFO:colcon.colcon_core.shell:Creating environment hook '/home/kivaan123/Turtlebot3-Wall-Follower/install/turtlebot3_gazebo/share/turtlebot3_gazebo/hook/cmake_prefix_path.sh'
[6.146s] Level 1:colcon.colcon_core.environment:checking '/home/kivaan123/Turtlebot3-Wall-Follower/install/turtlebot3_gazebo/lib'
[6.146s] Level 1:colcon.colcon_core.environment:checking '/home/kivaan123/Turtlebot3-Wall-Follower/install/turtlebot3_gazebo/bin'
[6.146s] Level 1:colcon.colcon_core.environment:checking '/home/kivaan123/Turtlebot3-Wall-Follower/install/turtlebot3_gazebo/lib/pkgconfig/turtlebot3_gazebo.pc'
[6.146s] Level 1:colcon.colcon_core.environment:checking '/home/kivaan123/Turtlebot3-Wall-Follower/install/turtlebot3_gazebo/lib/python3.10/site-packages'
[6.146s] Level 1:colcon.colcon_core.environment:checking '/home/kivaan123/Turtlebot3-Wall-Follower/install/turtlebot3_gazebo/bin'
[6.146s] INFO:colcon.colcon_core.shell:Creating package script '/home/kivaan123/Turtlebot3-Wall-Follower/install/turtlebot3_gazebo/share/turtlebot3_gazebo/package.ps1'
[6.146s] INFO:colcon.colcon_core.shell:Creating package descriptor '/home/kivaan123/Turtlebot3-Wall-Follower/install/turtlebot3_gazebo/share/turtlebot3_gazebo/package.dsv'
[6.147s] INFO:colcon.colcon_core.shell:Creating package script '/home/kivaan123/Turtlebot3-Wall-Follower/install/turtlebot3_gazebo/share/turtlebot3_gazebo/package.sh'
[6.147s] INFO:colcon.colcon_core.shell:Creating package script '/home/kivaan123/Turtlebot3-Wall-Follower/install/turtlebot3_gazebo/share/turtlebot3_gazebo/package.bash'
[6.147s] INFO:colcon.colcon_core.shell:Creating package script '/home/kivaan123/Turtlebot3-Wall-Follower/install/turtlebot3_gazebo/share/turtlebot3_gazebo/package.zsh'
[6.147s] Level 1:colcon.colcon_core.environment:create_file_with_runtime_dependencies(/home/kivaan123/Turtlebot3-Wall-Follower/install/turtlebot3_gazebo/share/colcon-core/packages/turtlebot3_gazebo)
[6.147s] INFO:colcon.colcon_ros.task.ament_cmake.build:Building ROS package in '/home/kivaan123/Turtlebot3-Wall-Follower/turtlebot3_simulations' with build type 'ament_cmake'
[6.147s] INFO:colcon.colcon_cmake.task.cmake.build:Building CMake package in '/home/kivaan123/Turtlebot3-Wall-Follower/turtlebot3_simulations'
[6.148s] INFO:colcon.colcon_core.shell:Skip shell extension 'powershell' for command environment: Not usable outside of PowerShell
[6.148s] DEBUG:colcon.colcon_core.shell:Skip shell extension 'dsv' for command environment
[6.156s] DEBUG:colcon.colcon_core.event_handler.log_command:Invoking command in '/home/kivaan123/Turtlebot3-Wall-Follower/build/turtlebot3_simulations': CMAKE_PREFIX_PATH=/home/kivaan123/Turtlebot3-Wall-Follower/install/turtlebot3_gazebo:/home/kivaan123/Turtlebot3-Wall-Follower/install/turtlebot3_fake_node:/home/kivaan123/Turtlebot3-Wall-Follower/install/turtlebot3_simulations:/opt/ros/humble /usr/bin/cmake --build /home/kivaan123/Turtlebot3-Wall-Follower/build/turtlebot3_simulations -- -j16 -l16
[6.201s] DEBUG:colcon.colcon_core.event_handler.log_command:Invoked command in '/home/kivaan123/Turtlebot3-Wall-Follower/build/turtlebot3_simulations' returned '0': CMAKE_PREFIX_PATH=/home/kivaan123/Turtlebot3-Wall-Follower/install/turtlebot3_gazebo:/home/kivaan123/Turtlebot3-Wall-Follower/install/turtlebot3_fake_node:/home/kivaan123/Turtlebot3-Wall-Follower/install/turtlebot3_simulations:/opt/ros/humble /usr/bin/cmake --build /home/kivaan123/Turtlebot3-Wall-Follower/build/turtlebot3_simulations -- -j16 -l16
[6.242s] DEBUG:colcon.colcon_core.event_handler.log_command:Invoking command in '/home/kivaan123/Turtlebot3-Wall-Follower/build/turtlebot3_simulations': CMAKE_PREFIX_PATH=/home/kivaan123/Turtlebot3-Wall-Follower/install/turtlebot3_gazebo:/home/kivaan123/Turtlebot3-Wall-Follower/install/turtlebot3_fake_node:/home/kivaan123/Turtlebot3-Wall-Follower/install/turtlebot3_simulations:/opt/ros/humble /usr/bin/cmake --install /home/kivaan123/Turtlebot3-Wall-Follower/build/turtlebot3_simulations
[6.266s] Level 1:colcon.colcon_core.environment:create_environment_scripts_only(turtlebot3_simulations)
[6.266s] Level 1:colcon.colcon_core.environment:checking '/home/kivaan123/Turtlebot3-Wall-Follower/install/turtlebot3_simulations' for CMake module files
[6.266s] DEBUG:colcon.colcon_core.event_handler.log_command:Invoked command in '/home/kivaan123/Turtlebot3-Wall-Follower/build/turtlebot3_simulations' returned '0': CMAKE_PREFIX_PATH=/home/kivaan123/Turtlebot3-Wall-Follower/install/turtlebot3_gazebo:/home/kivaan123/Turtlebot3-Wall-Follower/install/turtlebot3_fake_node:/home/kivaan123/Turtlebot3-Wall-Follower/install/turtlebot3_simulations:/opt/ros/humble /usr/bin/cmake --install /home/kivaan123/Turtlebot3-Wall-Follower/build/turtlebot3_simulations
[6.266s] Level 1:colcon.colcon_core.environment:checking '/home/kivaan123/Turtlebot3-Wall-Follower/install/turtlebot3_simulations' for CMake config files
[6.267s] Level 1:colcon.colcon_core.shell:create_environment_hook('turtlebot3_simulations', 'cmake_prefix_path')
[6.267s] INFO:colcon.colcon_core.shell:Creating environment hook '/home/kivaan123/Turtlebot3-Wall-Follower/install/turtlebot3_simulations/share/turtlebot3_simulations/hook/cmake_prefix_path.ps1'
[6.267s] INFO:colcon.colcon_core.shell:Creating environment descriptor '/home/kivaan123/Turtlebot3-Wall-Follower/install/turtlebot3_simulations/share/turtlebot3_simulations/hook/cmake_prefix_path.dsv'
[6.267s] INFO:colcon.colcon_core.shell:Creating environment hook '/home/kivaan123/Turtlebot3-Wall-Follower/install/turtlebot3_simulations/share/turtlebot3_simulations/hook/cmake_prefix_path.sh'
[6.268s] Level 1:colcon.colcon_core.environment:checking '/home/kivaan123/Turtlebot3-Wall-Follower/install/turtlebot3_simulations/bin'
[6.268s] Level 1:colcon.colcon_core.environment:checking '/home/kivaan123/Turtlebot3-Wall-Follower/install/turtlebot3_simulations/lib/pkgconfig/turtlebot3_simulations.pc'
[6.268s] Level 1:colcon.colcon_core.environment:checking '/home/kivaan123/Turtlebot3-Wall-Follower/install/turtlebot3_simulations/lib/python3.10/site-packages'
[6.268s] Level 1:colcon.colcon_core.environment:checking '/home/kivaan123/Turtlebot3-Wall-Follower/install/turtlebot3_simulations/bin'
[6.269s] INFO:colcon.colcon_core.shell:Creating package script '/home/kivaan123/Turtlebot3-Wall-Follower/install/turtlebot3_simulations/share/turtlebot3_simulations/package.ps1'
[6.269s] INFO:colcon.colcon_core.shell:Creating package descriptor '/home/kivaan123/Turtlebot3-Wall-Follower/install/turtlebot3_simulations/share/turtlebot3_simulations/package.dsv'
[6.269s] INFO:colcon.colcon_core.shell:Creating package script '/home/kivaan123/Turtlebot3-Wall-Follower/install/turtlebot3_simulations/share/turtlebot3_simulations/package.sh'
[6.269s] INFO:colcon.colcon_core.shell:Creating package script '/home/kivaan123/Turtlebot3-Wall-Follower/install/turtlebot3_simulations/share/turtlebot3_simulations/package.bash'
[6.270s] INFO:colcon.colcon_core.shell:Creating package script '/home/kivaan123/Turtlebot3-Wall-Follower/install/turtlebot3_simulations/share/turtlebot3_simulations/package.zsh'
[6.270s] Level 1:colcon.colcon_core.environment:create_file_with_runtime_dependencies(/home/kivaan123/Turtlebot3-Wall-Follower/install/turtlebot3_simulations/share/colcon-core/packages/turtlebot3_simulations)
[6.300s] Level 1:colcon.colcon_core.environment:create_environment_scripts_only(turtlebot3_simulations)
[6.300s] Level 1:colcon.colcon_core.environment:checking '/home/kivaan123/Turtlebot3-Wall-Follower/install/turtlebot3_simulations' for CMake module files
[6.301s] Level 1:colcon.colcon_core.environment:checking '/home/kivaan123/Turtlebot3-Wall-Follower/install/turtlebot3_simulations' for CMake config files
[6.302s] Level 1:colcon.colcon_core.shell:create_environment_hook('turtlebot3_simulations', 'cmake_prefix_path')
[6.302s] INFO:colcon.colcon_core.shell:Creating environment hook '/home/kivaan123/Turtlebot3-Wall-Follower/install/turtlebot3_simulations/share/turtlebot3_simulations/hook/cmake_prefix_path.ps1'
[6.303s] INFO:colcon.colcon_core.shell:Creating environment descriptor '/home/kivaan123/Turtlebot3-Wall-Follower/install/turtlebot3_simulations/share/turtlebot3_simulations/hook/cmake_prefix_path.dsv'
[6.303s] INFO:colcon.colcon_core.shell:Creating environment hook '/home/kivaan123/Turtlebot3-Wall-Follower/install/turtlebot3_simulations/share/turtlebot3_simulations/hook/cmake_prefix_path.sh'
[6.304s] Level 1:colcon.colcon_core.environment:checking '/home/kivaan123/Turtlebot3-Wall-Follower/install/turtlebot3_simulations/bin'
[6.304s] Level 1:colcon.colcon_core.environment:checking '/home/kivaan123/Turtlebot3-Wall-Follower/install/turtlebot3_simulations/lib/pkgconfig/turtlebot3_simulations.pc'
[6.305s] Level 1:colcon.colcon_core.environment:checking '/home/kivaan123/Turtlebot3-Wall-Follower/install/turtlebot3_simulations/lib/python3.10/site-packages'
[6.305s] Level 1:colcon.colcon_core.environment:checking '/home/kivaan123/Turtlebot3-Wall-Follower/install/turtlebot3_simulations/bin'
[6.305s] INFO:colcon.colcon_core.shell:Creating package script '/home/kivaan123/Turtlebot3-Wall-Follower/install/turtlebot3_simulations/share/turtlebot3_simulations/package.ps1'
[6.306s] INFO:colcon.colcon_core.shell:Creating package descriptor '/home/kivaan123/Turtlebot3-Wall-Follower/install/turtlebot3_simulations/share/turtlebot3_simulations/package.dsv'
[6.306s] INFO:colcon.colcon_core.shell:Creating package script '/home/kivaan123/Turtlebot3-Wall-Follower/install/turtlebot3_simulations/share/turtlebot3_simulations/package.sh'
[6.307s] INFO:colcon.colcon_core.shell:Creating package script '/home/kivaan123/Turtlebot3-Wall-Follower/install/turtlebot3_simulations/share/turtlebot3_simulations/package.bash'
[6.307s] INFO:colcon.colcon_core.shell:Creating package script '/home/kivaan123/Turtlebot3-Wall-Follower/install/turtlebot3_simulations/share/turtlebot3_simulations/package.zsh'
[6.307s] Level 1:colcon.colcon_core.environment:create_file_with_runtime_dependencies(/home/kivaan123/Turtlebot3-Wall-Follower/install/turtlebot3_simulations/share/colcon-core/packages/turtlebot3_simulations)
[6.308s] DEBUG:colcon.colcon_parallel_executor.executor.parallel:closing loop
[6.308s] DEBUG:colcon.colcon_parallel_executor.executor.parallel:loop closed
[6.308s] DEBUG:colcon.colcon_parallel_executor.executor.parallel:run_until_complete finished with '0'
[6.308s] DEBUG:colcon.colcon_core.event_reactor:joining thread
[6.315s] INFO:colcon.colcon_core.plugin_system:Skipping extension 'colcon_notification.desktop_notification.terminal_notifier': Not used on non-Darwin systems
[6.315s] INFO:colcon.colcon_core.plugin_system:Skipping extension 'colcon_notification.desktop_notification.win32': Not used on non-Windows systems
[6.315s] INFO:colcon.colcon_notification.desktop_notification:Sending desktop notification using 'notify2'
[6.339s] DEBUG:colcon.colcon_core.event_reactor:joined thread
[6.339s] INFO:colcon.colcon_core.shell:Creating prefix script '/home/kivaan123/Turtlebot3-Wall-Follower/install/local_setup.ps1'
[6.340s] INFO:colcon.colcon_core.shell:Creating prefix util module '/home/kivaan123/Turtlebot3-Wall-Follower/install/_local_setup_util_ps1.py'
[6.341s] INFO:colcon.colcon_core.shell:Creating prefix chain script '/home/kivaan123/Turtlebot3-Wall-Follower/install/setup.ps1'
[6.342s] INFO:colcon.colcon_core.shell:Creating prefix script '/home/kivaan123/Turtlebot3-Wall-Follower/install/local_setup.sh'
[6.342s] INFO:colcon.colcon_core.shell:Creating prefix util module '/home/kivaan123/Turtlebot3-Wall-Follower/install/_local_setup_util_sh.py'
[6.343s] INFO:colcon.colcon_core.shell:Creating prefix chain script '/home/kivaan123/Turtlebot3-Wall-Follower/install/setup.sh'
[6.343s] INFO:colcon.colcon_core.shell:Creating prefix script '/home/kivaan123/Turtlebot3-Wall-Follower/install/local_setup.bash'
[6.344s] INFO:colcon.colcon_core.shell:Creating prefix chain script '/home/kivaan123/Turtlebot3-Wall-Follower/install/setup.bash'
[6.344s] INFO:colcon.colcon_core.shell:Creating prefix script '/home/kivaan123/Turtlebot3-Wall-Follower/install/local_setup.zsh'
[6.345s] INFO:colcon.colcon_core.shell:Creating prefix chain script '/home/kivaan123/Turtlebot3-Wall-Follower/install/setup.zsh'
