[0.008s] Invoking command in '/home/kivaan123/Turtlebot3-Wall-Follower/build/turtlebot3_gazebo': CMAKE_PREFIX_PATH=${CMAKE_PREFIX_PATH}:/opt/ros/humble /usr/bin/cmake --build /home/kivaan123/Turtlebot3-Wall-Follower/build/turtlebot3_gazebo -- -j16 -l16
[0.027s] -- Found ament_cmake: 1.3.10 (/opt/ros/humble/share/ament_cmake/cmake)
[0.113s] -- Override CMake install command with custom implementation using symlinks instead of copying resources
[0.121s] [33mCMake Warning (dev) at /usr/share/cmake-3.22/Modules/FindPackageHandleStandardArgs.cmake:438 (message):
[0.121s]   The package name passed to `find_package_handle_standard_args` (PkgConfig)
[0.121s]   does not match the name of the calling package (gazebo).  This can lead to
[0.122s]   problems in calling code that expects `find_package` result variables
[0.122s]   (e.g., `_FOUND`) to follow a certain pattern.
[0.122s] Call Stack (most recent call first):
[0.123s]   /usr/share/cmake-3.22/Modules/FindPkgConfig.cmake:99 (find_package_handle_standard_args)
[0.123s]   /usr/lib/x86_64-linux-gnu/cmake/gazebo/gazebo-config.cmake:72 (include)
[0.123s]   CMakeLists.txt:23 (find_package)
[0.123s] This warning is for project developers.  Use -Wno-dev to suppress it.
[0.123s] [0m
[0.138s] -- Found DART: /usr/include (Required is at least version "6.6") found components: dart 
[0.159s] -- Found Protobuf: /usr/lib/x86_64-linux-gnu/libprotobuf.so (found version "3.12.4") 
[0.160s] -- Looking for ignition-math6 -- found version 6.15.1
[0.163s] -- Searching for dependencies of ignition-math6
[0.164s] -- Looking for OGRE...
[0.168s] -- Found Ogre Ghadamon (1.9.0)
[0.168s] -- Found OGRE: optimized;/usr/lib/x86_64-linux-gnu/libOgreMain.so;debug;/usr/lib/x86_64-linux-gnu/libOgreMain.so
[0.175s] -- Looking for OGRE_Paging...
[0.175s] -- Found OGRE_Paging: optimized;/usr/lib/x86_64-linux-gnu/libOgrePaging.so;debug;/usr/lib/x86_64-linux-gnu/libOgrePaging.so
[0.175s] -- Looking for OGRE_Terrain...
[0.175s] -- Found OGRE_Terrain: optimized;/usr/lib/x86_64-linux-gnu/libOgreTerrain.so;debug;/usr/lib/x86_64-linux-gnu/libOgreTerrain.so
[0.175s] -- Looking for OGRE_Property...
[0.175s] -- Found OGRE_Property: optimized;/usr/lib/x86_64-linux-gnu/libOgreProperty.so;debug;/usr/lib/x86_64-linux-gnu/libOgreProperty.so
[0.175s] -- Looking for OGRE_RTShaderSystem...
[0.175s] -- Found OGRE_RTShaderSystem: optimized;/usr/lib/x86_64-linux-gnu/libOgreRTShaderSystem.so;debug;/usr/lib/x86_64-linux-gnu/libOgreRTShaderSystem.so
[0.175s] -- Looking for OGRE_Volume...
[0.175s] -- Found OGRE_Volume: optimized;/usr/lib/x86_64-linux-gnu/libOgreVolume.so;debug;/usr/lib/x86_64-linux-gnu/libOgreVolume.so
[0.175s] -- Looking for OGRE_Overlay...
[0.175s] -- Found OGRE_Overlay: optimized;/usr/lib/x86_64-linux-gnu/libOgreOverlay.so;debug;/usr/lib/x86_64-linux-gnu/libOgreOverlay.so
[0.248s] -- Looking for ignition-math6 -- found version 6.15.1
[0.248s] -- Looking for ignition-transport8 -- found version 8.2.1
[0.249s] -- Searching for dependencies of ignition-transport8
[0.263s] -- Found Protobuf: /usr/lib/x86_64-linux-gnu/libprotobuf.so (found suitable version "3.12.4", minimum required is "3") 
[0.270s] -- Config-file not installed for ZeroMQ -- checking for pkg-config
[0.274s] -- Checking for module 'libzmq >= 4'
[0.289s] --   Found libzmq , version 4.3.4
[0.415s] -- Checking for module 'uuid'
[0.442s] --   Found uuid, version 2.37.2
[0.568s] -- Looking for ignition-msgs5 -- found version 5.8.1
[0.569s] -- Searching for dependencies of ignition-msgs5
[0.587s] -- Looking for ignition-math6 -- found version 6.15.1
[0.593s] -- Checking for module 'tinyxml2'
[0.641s] --   Found tinyxml2, version 9.0.0
[0.779s] -- Looking for ignition-msgs5 -- found version 5.8.1
[0.779s] -- Looking for ignition-common3 -- found version 3.14.0
[0.779s] -- Searching for dependencies of ignition-common3
[0.780s] -- Looking for dlfcn.h - found
[0.780s] -- Looking for libdl - found
[0.801s] -- Searching for <ignition-common3> component [graphics]
[0.802s] -- Looking for ignition-common3-graphics -- found version 3.14.0
[0.804s] -- Searching for dependencies of ignition-common3-graphics
[0.805s] -- Looking for ignition-math6 -- found version 6.15.1
[0.807s] -- Looking for ignition-fuel_tools4 -- found version 4.4.0
[0.808s] -- Searching for dependencies of ignition-fuel_tools4
[0.844s] -- Checking for module 'jsoncpp'
[0.879s] --   Found jsoncpp, version 1.9.5
[1.011s] -- Checking for module 'libzip'
[1.041s] --   Found libzip, version 1.7.3
[1.150s] -- Looking for ignition-common3 -- found version 3.14.0
[1.152s] -- Looking for ignition-math6 -- found version 6.15.1
[1.154s] -- Looking for ignition-msgs5 -- found version 5.8.1
[1.160s] -- Found gazebo_ros_pkgs: 3.7.0 (/opt/ros/humble/share/gazebo_ros_pkgs/cmake)
[1.160s] -- Found geometry_msgs: 4.2.4 (/opt/ros/humble/share/geometry_msgs/cmake)
[1.177s] -- Found rosidl_generator_c: 3.1.5 (/opt/ros/humble/share/rosidl_generator_c/cmake)
[1.179s] -- Found rosidl_adapter: 3.1.5 (/opt/ros/humble/share/rosidl_adapter/cmake)
[1.183s] -- Found rosidl_generator_cpp: 3.1.5 (/opt/ros/humble/share/rosidl_generator_cpp/cmake)
[1.189s] -- Using all available rosidl_typesupport_c: rosidl_typesupport_fastrtps_c;rosidl_typesupport_introspection_c
[1.197s] -- Using all available rosidl_typesupport_cpp: rosidl_typesupport_fastrtps_cpp;rosidl_typesupport_introspection_cpp
[1.220s] -- Found nav_msgs: 4.2.4 (/opt/ros/humble/share/nav_msgs/cmake)
[1.230s] -- Found rclcpp: 16.0.10 (/opt/ros/humble/share/rclcpp/cmake)
[1.247s] -- Found rmw_implementation_cmake: 6.1.2 (/opt/ros/humble/share/rmw_implementation_cmake/cmake)
[1.247s] -- Found rmw_fastrtps_cpp: 6.2.7 (/opt/ros/humble/share/rmw_fastrtps_cpp/cmake)
[1.318s] -- Using RMW implementation 'rmw_fastrtps_cpp' as default
[1.343s] -- Found sensor_msgs: 4.2.4 (/opt/ros/humble/share/sensor_msgs/cmake)
[1.353s] -- Found tf2: 0.25.7 (/opt/ros/humble/share/tf2/cmake)
[1.357s] -- Found image_transport: 3.1.9 (/opt/ros/humble/share/image_transport/cmake)
[1.376s] -- Found cv_bridge: 3.2.1 (/opt/ros/humble/share/cv_bridge/cmake)
[1.429s] -- Configuring done
[1.431s] [31mCMake Error at CMakeLists.txt:58 (add_executable):
[1.431s]   Cannot find source file:
[1.431s] 
[1.431s]     src/CameraProcessor.cpp
[1.431s] 
[1.431s]   Tried extensions .c .C .c++ .cc .cpp .cxx .cu .mpp .m .M .mm .ixx .cppm .h
[1.431s]   .hh .h++ .hm .hpp .hxx .in .txx .f .F .for .f77 .f90 .f95 .f03 .hip .ispc
[1.431s] 
[1.431s] [0m
[1.433s] [31mCMake Error at CMakeLists.txt:58 (add_executable):
[1.433s]   No SOURCES given to target: turtlebot3_drive
[1.433s] 
[1.433s] [0m
[1.433s] [0mCMake Generate step failed.  Build files cannot be regenerated correctly.[0m
[1.440s] gmake: *** [Makefile:498: cmake_check_build_system] Error 1
[1.441s] Invoked command in '/home/kivaan123/Turtlebot3-Wall-Follower/build/turtlebot3_gazebo' returned '2': CMAKE_PREFIX_PATH=${CMAKE_PREFIX_PATH}:/opt/ros/humble /usr/bin/cmake --build /home/kivaan123/Turtlebot3-Wall-Follower/build/turtlebot3_gazebo -- -j16 -l16
