[0.007s] Invoking command in '/home/kivaan123/turtlebot3_simulations/build/turtlebot3_simulations': AMENT_PREFIX_PATH=/home/kivaan123/turtlebot3_simulations/install/turtlebot3_gazebo:/home/kivaan123/turtlebot3_simulations/install/turtlebot3_fake_node:${AMENT_PREFIX_PATH} CMAKE_PREFIX_PATH=/home/kivaan123/turtlebot3_simulations/install/turtlebot3_gazebo:/home/kivaan123/turtlebot3_simulations/install/turtlebot3_fake_node:/home/kivaan123/ros2_ws/install/turtlebot3_simulations:/home/kivaan123/ros2_ws/install/turtlebot3_gazebo:/home/kivaan123/ros2_ws/install/turtlebot3_fake_node:/opt/ros/humble /usr/bin/cmake /home/kivaan123/turtlebot3_simulations/turtlebot3_simulations -DAMENT_CMAKE_SYMLINK_INSTALL=1 -DCMAKE_INSTALL_PREFIX=/home/kivaan123/turtlebot3_simulations/install/turtlebot3_simulations
[0.099s] -- The C compiler identification is GNU 11.4.0
[0.170s] -- The CXX compiler identification is GNU 11.4.0
[0.177s] -- Detecting C compiler ABI info
[0.279s] -- Detecting C compiler ABI info - done
[0.284s] -- Check for working C compiler: /usr/bin/cc - skipped
[0.284s] -- Detecting C compile features
[0.285s] -- Detecting C compile features - done
[0.287s] -- Detecting CXX compiler ABI info
[0.435s] -- Detecting CXX compiler ABI info - done
[0.440s] -- Check for working CXX compiler: /usr/bin/c++ - skipped
[0.440s] -- Detecting CXX compile features
[0.440s] -- Detecting CXX compile features - done
[0.442s] -- Found ament_cmake: 1.3.10 (/opt/ros/humble/share/ament_cmake/cmake)
[0.548s] -- Found Python3: /usr/bin/python3 (found version "3.10.12") found components: Interpreter 
[0.587s] -- Override CMake install command with custom implementation using symlinks instead of copying resources
[0.650s] -- Configuring done
[0.651s] -- Generating done
[0.651s] -- Build files have been written to: /home/kivaan123/turtlebot3_simulations/build/turtlebot3_simulations
[0.654s] Invoked command in '/home/kivaan123/turtlebot3_simulations/build/turtlebot3_simulations' returned '0': AMENT_PREFIX_PATH=/home/kivaan123/turtlebot3_simulations/install/turtlebot3_gazebo:/home/kivaan123/turtlebot3_simulations/install/turtlebot3_fake_node:${AMENT_PREFIX_PATH} CMAKE_PREFIX_PATH=/home/kivaan123/turtlebot3_simulations/install/turtlebot3_gazebo:/home/kivaan123/turtlebot3_simulations/install/turtlebot3_fake_node:/home/kivaan123/ros2_ws/install/turtlebot3_simulations:/home/kivaan123/ros2_ws/install/turtlebot3_gazebo:/home/kivaan123/ros2_ws/install/turtlebot3_fake_node:/opt/ros/humble /usr/bin/cmake /home/kivaan123/turtlebot3_simulations/turtlebot3_simulations -DAMENT_CMAKE_SYMLINK_INSTALL=1 -DCMAKE_INSTALL_PREFIX=/home/kivaan123/turtlebot3_simulations/install/turtlebot3_simulations
[0.655s] Invoking command in '/home/kivaan123/turtlebot3_simulations/build/turtlebot3_simulations': AMENT_PREFIX_PATH=/home/kivaan123/turtlebot3_simulations/install/turtlebot3_gazebo:/home/kivaan123/turtlebot3_simulations/install/turtlebot3_fake_node:${AMENT_PREFIX_PATH} CMAKE_PREFIX_PATH=/home/kivaan123/turtlebot3_simulations/install/turtlebot3_gazebo:/home/kivaan123/turtlebot3_simulations/install/turtlebot3_fake_node:/home/kivaan123/ros2_ws/install/turtlebot3_simulations:/home/kivaan123/ros2_ws/install/turtlebot3_gazebo:/home/kivaan123/ros2_ws/install/turtlebot3_fake_node:/opt/ros/humble /usr/bin/cmake --build /home/kivaan123/turtlebot3_simulations/build/turtlebot3_simulations -- -j16 -l16
[0.709s] Invoked command in '/home/kivaan123/turtlebot3_simulations/build/turtlebot3_simulations' returned '0': AMENT_PREFIX_PATH=/home/kivaan123/turtlebot3_simulations/install/turtlebot3_gazebo:/home/kivaan123/turtlebot3_simulations/install/turtlebot3_fake_node:${AMENT_PREFIX_PATH} CMAKE_PREFIX_PATH=/home/kivaan123/turtlebot3_simulations/install/turtlebot3_gazebo:/home/kivaan123/turtlebot3_simulations/install/turtlebot3_fake_node:/home/kivaan123/ros2_ws/install/turtlebot3_simulations:/home/kivaan123/ros2_ws/install/turtlebot3_gazebo:/home/kivaan123/ros2_ws/install/turtlebot3_fake_node:/opt/ros/humble /usr/bin/cmake --build /home/kivaan123/turtlebot3_simulations/build/turtlebot3_simulations -- -j16 -l16
[0.744s] Invoking command in '/home/kivaan123/turtlebot3_simulations/build/turtlebot3_simulations': AMENT_PREFIX_PATH=/home/kivaan123/turtlebot3_simulations/install/turtlebot3_gazebo:/home/kivaan123/turtlebot3_simulations/install/turtlebot3_fake_node:${AMENT_PREFIX_PATH} CMAKE_PREFIX_PATH=/home/kivaan123/turtlebot3_simulations/install/turtlebot3_gazebo:/home/kivaan123/turtlebot3_simulations/install/turtlebot3_fake_node:/home/kivaan123/ros2_ws/install/turtlebot3_simulations:/home/kivaan123/ros2_ws/install/turtlebot3_gazebo:/home/kivaan123/ros2_ws/install/turtlebot3_fake_node:/opt/ros/humble /usr/bin/cmake --install /home/kivaan123/turtlebot3_simulations/build/turtlebot3_simulations
[0.758s] -- Install configuration: ""
[0.759s] -- Execute custom install script
[0.759s] -- Symlinking: /home/kivaan123/turtlebot3_simulations/install/turtlebot3_simulations/share/ament_index/resource_index/package_run_dependencies/turtlebot3_simulations
[0.779s] -- Symlinking: /home/kivaan123/turtlebot3_simulations/install/turtlebot3_simulations/share/ament_index/resource_index/parent_prefix_path/turtlebot3_simulations
[0.801s] -- Symlinking: /home/kivaan123/turtlebot3_simulations/install/turtlebot3_simulations/share/turtlebot3_simulations/environment/ament_prefix_path.sh
[0.822s] -- Symlinking: /home/kivaan123/turtlebot3_simulations/install/turtlebot3_simulations/share/turtlebot3_simulations/environment/ament_prefix_path.dsv
[0.850s] -- Symlinking: /home/kivaan123/turtlebot3_simulations/install/turtlebot3_simulations/share/turtlebot3_simulations/environment/path.sh
[0.869s] -- Symlinking: /home/kivaan123/turtlebot3_simulations/install/turtlebot3_simulations/share/turtlebot3_simulations/environment/path.dsv
[0.882s] -- Symlinking: /home/kivaan123/turtlebot3_simulations/install/turtlebot3_simulations/share/turtlebot3_simulations/local_setup.bash
[0.895s] -- Symlinking: /home/kivaan123/turtlebot3_simulations/install/turtlebot3_simulations/share/turtlebot3_simulations/local_setup.sh
[0.910s] -- Symlinking: /home/kivaan123/turtlebot3_simulations/install/turtlebot3_simulations/share/turtlebot3_simulations/local_setup.zsh
[0.929s] -- Symlinking: /home/kivaan123/turtlebot3_simulations/install/turtlebot3_simulations/share/turtlebot3_simulations/local_setup.dsv
[0.949s] -- Symlinking: /home/kivaan123/turtlebot3_simulations/install/turtlebot3_simulations/share/turtlebot3_simulations/package.dsv
[0.970s] -- Symlinking: /home/kivaan123/turtlebot3_simulations/install/turtlebot3_simulations/share/ament_index/resource_index/packages/turtlebot3_simulations
[0.992s] -- Symlinking: /home/kivaan123/turtlebot3_simulations/install/turtlebot3_simulations/share/turtlebot3_simulations/cmake/turtlebot3_simulationsConfig.cmake
[1.019s] -- Symlinking: /home/kivaan123/turtlebot3_simulations/install/turtlebot3_simulations/share/turtlebot3_simulations/cmake/turtlebot3_simulationsConfig-version.cmake
[1.037s] -- Symlinking: /home/kivaan123/turtlebot3_simulations/install/turtlebot3_simulations/share/turtlebot3_simulations/package.xml
[1.048s] Invoked command in '/home/kivaan123/turtlebot3_simulations/build/turtlebot3_simulations' returned '0': AMENT_PREFIX_PATH=/home/kivaan123/turtlebot3_simulations/install/turtlebot3_gazebo:/home/kivaan123/turtlebot3_simulations/install/turtlebot3_fake_node:${AMENT_PREFIX_PATH} CMAKE_PREFIX_PATH=/home/kivaan123/turtlebot3_simulations/install/turtlebot3_gazebo:/home/kivaan123/turtlebot3_simulations/install/turtlebot3_fake_node:/home/kivaan123/ros2_ws/install/turtlebot3_simulations:/home/kivaan123/ros2_ws/install/turtlebot3_gazebo:/home/kivaan123/ros2_ws/install/turtlebot3_fake_node:/opt/ros/humble /usr/bin/cmake --install /home/kivaan123/turtlebot3_simulations/build/turtlebot3_simulations
