[01m[K/home/kivaan123/Turtlebot3-Wall-Follower/turtlebot3_gazebo/src/turtlebot3_drive.cpp:[m[K In member function ‘[01m[Kvoid Turtlebot3Drive::initialize()[m[K’:
[01m[K/home/kivaan123/Turtlebot3-Wall-Follower/turtlebot3_gazebo/src/turtlebot3_drive.cpp:60:50:[m[K [01;31m[Kerror: [m[Kexpected primary-expression before ‘[01m[K([m[K’ token
   60 |         movement_controller_ = MovementController[01;31m[K([m[Kshared_from_this());
      |                                                  [01;31m[K^[m[K
[01m[K/home/kivaan123/Turtlebot3-Wall-Follower/turtlebot3_gazebo/src/turtlebot3_drive.cpp:60:51:[m[K [01;31m[Kerror: [m[Kreference to ‘[01m[Kshared_from_this[m[K’ is ambiguous
   60 |         movement_controller_ = MovementController([01;31m[Kshared_from_this[m[K());
      |                                                   [01;31m[K^~~~~~~~~~~~~~~~[m[K
In file included from [01m[K/usr/include/c++/11/memory:77[m[K,
                 from [01m[K/opt/ros/humble/include/geometry_msgs/geometry_msgs/msg/detail/twist__struct.hpp:10[m[K,
                 from [01m[K/opt/ros/humble/include/geometry_msgs/geometry_msgs/msg/twist.hpp:7[m[K,
                 from [01m[K/home/kivaan123/Turtlebot3-Wall-Follower/turtlebot3_gazebo/src/turtlebot3_drive.cpp:2[m[K:
[01m[K/usr/include/c++/11/bits/shared_ptr.h:811:7:[m[K [01;36m[Knote: [m[Kcandidates are: ‘[01m[Kstd::shared_ptr<const _Tp> std::enable_shared_from_this<_Tp>::shared_from_this() const [with _Tp = Turtlebot3Drive][m[K’
  811 |       [01;36m[Kshared_from_this[m[K() const
      |       [01;36m[K^~~~~~~~~~~~~~~~[m[K
[01m[K/usr/include/c++/11/bits/shared_ptr.h:807:7:[m[K [01;36m[Knote: [m[K                ‘[01m[Kstd::shared_ptr<_Tp> std::enable_shared_from_this<_Tp>::shared_from_this() [with _Tp = Turtlebot3Drive][m[K’
  807 |       [01;36m[Kshared_from_this[m[K()
      |       [01;36m[K^~~~~~~~~~~~~~~~[m[K
[01m[K/usr/include/c++/11/bits/shared_ptr.h:811:7:[m[K [01;36m[Knote: [m[K                ‘[01m[Kstd::shared_ptr<const _Tp> std::enable_shared_from_this<_Tp>::shared_from_this() const [with _Tp = rclcpp::Node][m[K’
  811 |       [01;36m[Kshared_from_this[m[K() const
      |       [01;36m[K^~~~~~~~~~~~~~~~[m[K
[01m[K/usr/include/c++/11/bits/shared_ptr.h:807:7:[m[K [01;36m[Knote: [m[K                ‘[01m[Kstd::shared_ptr<_Tp> std::enable_shared_from_this<_Tp>::shared_from_this() [with _Tp = rclcpp::Node][m[K’
  807 |       [01;36m[Kshared_from_this[m[K()
      |       [01;36m[K^~~~~~~~~~~~~~~~[m[K
[01m[K/home/kivaan123/Turtlebot3-Wall-Follower/turtlebot3_gazebo/src/turtlebot3_drive.cpp:61:28:[m[K [01;31m[Kerror: [m[Kexpected primary-expression before ‘[01m[K([m[K’ token
   61 |         path_viz_ = PathViz[01;31m[K([m[Kshared_from_this());
      |                            [01;31m[K^[m[K
[01m[K/home/kivaan123/Turtlebot3-Wall-Follower/turtlebot3_gazebo/src/turtlebot3_drive.cpp:61:29:[m[K [01;31m[Kerror: [m[Kreference to ‘[01m[Kshared_from_this[m[K’ is ambiguous
   61 |         path_viz_ = PathViz([01;31m[Kshared_from_this[m[K());
      |                             [01;31m[K^~~~~~~~~~~~~~~~[m[K
In file included from [01m[K/usr/include/c++/11/memory:77[m[K,
                 from [01m[K/opt/ros/humble/include/geometry_msgs/geometry_msgs/msg/detail/twist__struct.hpp:10[m[K,
                 from [01m[K/opt/ros/humble/include/geometry_msgs/geometry_msgs/msg/twist.hpp:7[m[K,
                 from [01m[K/home/kivaan123/Turtlebot3-Wall-Follower/turtlebot3_gazebo/src/turtlebot3_drive.cpp:2[m[K:
[01m[K/usr/include/c++/11/bits/shared_ptr.h:811:7:[m[K [01;36m[Knote: [m[Kcandidates are: ‘[01m[Kstd::shared_ptr<const _Tp> std::enable_shared_from_this<_Tp>::shared_from_this() const [with _Tp = Turtlebot3Drive][m[K’
  811 |       [01;36m[Kshared_from_this[m[K() const
      |       [01;36m[K^~~~~~~~~~~~~~~~[m[K
[01m[K/usr/include/c++/11/bits/shared_ptr.h:807:7:[m[K [01;36m[Knote: [m[K                ‘[01m[Kstd::shared_ptr<_Tp> std::enable_shared_from_this<_Tp>::shared_from_this() [with _Tp = Turtlebot3Drive][m[K’
  807 |       [01;36m[Kshared_from_this[m[K()
      |       [01;36m[K^~~~~~~~~~~~~~~~[m[K
[01m[K/usr/include/c++/11/bits/shared_ptr.h:811:7:[m[K [01;36m[Knote: [m[K                ‘[01m[Kstd::shared_ptr<const _Tp> std::enable_shared_from_this<_Tp>::shared_from_this() const [with _Tp = rclcpp::Node][m[K’
  811 |       [01;36m[Kshared_from_this[m[K() const
      |       [01;36m[K^~~~~~~~~~~~~~~~[m[K
[01m[K/usr/include/c++/11/bits/shared_ptr.h:807:7:[m[K [01;36m[Knote: [m[K                ‘[01m[Kstd::shared_ptr<_Tp> std::enable_shared_from_this<_Tp>::shared_from_this() [with _Tp = rclcpp::Node][m[K’
  807 |       [01;36m[Kshared_from_this[m[K()
      |       [01;36m[K^~~~~~~~~~~~~~~~[m[K
gmake[2]: *** [CMakeFiles/turtlebot3_drive.dir/build.make:76: CMakeFiles/turtlebot3_drive.dir/src/turtlebot3_drive.cpp.o] Error 1
gmake[1]: *** [CMakeFiles/Makefile2:143: CMakeFiles/turtlebot3_drive.dir/all] Error 2
gmake: *** [Makefile:146: all] Error 2
