[0.009s] Invoking command in '/home/kivaan123/turtlebot3_simulations/build/turtlebot3_fake_node': CMAKE_PREFIX_PATH=${CMAKE_PREFIX_PATH}:/opt/ros/humble /usr/bin/cmake /home/kivaan123/turtlebot3_simulations/turtlebot3_fake_node -DAMENT_CMAKE_SYMLINK_INSTALL=1 -DCMAKE_INSTALL_PREFIX=/home/kivaan123/turtlebot3_simulations/install/turtlebot3_fake_node
[0.062s] -- The C compiler identification is GNU 11.4.0
[0.109s] -- The CXX compiler identification is GNU 11.4.0
[0.114s] -- Detecting C compiler ABI info
[0.175s] -- Detecting C compiler ABI info - done
[0.180s] -- Check for working C compiler: /usr/bin/cc - skipped
[0.181s] -- Detecting C compile features
[0.181s] -- Detecting C compile features - done
[0.183s] -- Detecting CXX compiler ABI info
[0.270s] -- Detecting CXX compiler ABI info - done
[0.275s] -- Check for working CXX compiler: /usr/bin/c++ - skipped
[0.275s] -- Detecting CXX compile features
[0.275s] -- Detecting CXX compile features - done
[0.278s] -- Found ament_cmake: 1.3.10 (/opt/ros/humble/share/ament_cmake/cmake)
[0.385s] -- Found Python3: /usr/bin/python3 (found version "3.10.12") found components: Interpreter 
[0.429s] -- Override CMake install command with custom implementation using symlinks instead of copying resources
[0.457s] -- Found geometry_msgs: 4.2.4 (/opt/ros/humble/share/geometry_msgs/cmake)
[0.493s] -- Found rosidl_generator_c: 3.1.5 (/opt/ros/humble/share/rosidl_generator_c/cmake)
[0.497s] -- Found rosidl_adapter: 3.1.5 (/opt/ros/humble/share/rosidl_adapter/cmake)
[0.504s] -- Found rosidl_generator_cpp: 3.1.5 (/opt/ros/humble/share/rosidl_generator_cpp/cmake)
[0.514s] -- Using all available rosidl_typesupport_c: rosidl_typesupport_fastrtps_c;rosidl_typesupport_introspection_c
[0.527s] -- Using all available rosidl_typesupport_cpp: rosidl_typesupport_fastrtps_cpp;rosidl_typesupport_introspection_cpp
[0.555s] -- Found nav_msgs: 4.2.4 (/opt/ros/humble/share/nav_msgs/cmake)
[0.568s] -- Found rclcpp: 16.0.10 (/opt/ros/humble/share/rclcpp/cmake)
[0.598s] -- Found rmw_implementation_cmake: 6.1.2 (/opt/ros/humble/share/rmw_implementation_cmake/cmake)
[0.601s] -- Found rmw_fastrtps_cpp: 6.2.7 (/opt/ros/humble/share/rmw_fastrtps_cpp/cmake)
[0.683s] -- Found OpenSSL: /usr/lib/x86_64-linux-gnu/libcrypto.so (found version "3.0.2")  
[0.706s] -- Found FastRTPS: /opt/ros/humble/include  
[0.739s] -- Using RMW implementation 'rmw_fastrtps_cpp' as default
[0.746s] -- Looking for pthread.h
[0.810s] -- Looking for pthread.h - found
[0.810s] -- Performing Test CMAKE_HAVE_LIBC_PTHREAD
[0.899s] -- Performing Test CMAKE_HAVE_LIBC_PTHREAD - Success
[0.900s] -- Found Threads: TRUE  
[0.931s] -- Found sensor_msgs: 4.2.4 (/opt/ros/humble/share/sensor_msgs/cmake)
[0.943s] -- Found tf2: 0.25.7 (/opt/ros/humble/share/tf2/cmake)
[0.951s] -- Found tf2_msgs: 0.25.7 (/opt/ros/humble/share/tf2_msgs/cmake)
[0.982s] -- Found turtlebot3_msgs: 2.2.3 (/opt/ros/humble/share/turtlebot3_msgs/cmake)
[1.046s] -- Configuring done
[1.053s] -- Generating done
[1.054s] -- Build files have been written to: /home/kivaan123/turtlebot3_simulations/build/turtlebot3_fake_node
[1.061s] Invoked command in '/home/kivaan123/turtlebot3_simulations/build/turtlebot3_fake_node' returned '0': CMAKE_PREFIX_PATH=${CMAKE_PREFIX_PATH}:/opt/ros/humble /usr/bin/cmake /home/kivaan123/turtlebot3_simulations/turtlebot3_fake_node -DAMENT_CMAKE_SYMLINK_INSTALL=1 -DCMAKE_INSTALL_PREFIX=/home/kivaan123/turtlebot3_simulations/install/turtlebot3_fake_node
[1.062s] Invoking command in '/home/kivaan123/turtlebot3_simulations/build/turtlebot3_fake_node': CMAKE_PREFIX_PATH=${CMAKE_PREFIX_PATH}:/opt/ros/humble /usr/bin/cmake --build /home/kivaan123/turtlebot3_simulations/build/turtlebot3_fake_node -- -j16 -l16
[1.109s] [ 50%] [32mBuilding CXX object CMakeFiles/turtlebot3_fake_node.dir/src/turtlebot3_fake_node.cpp.o[0m
[7.947s] [100%] [32m[1mLinking CXX executable turtlebot3_fake_node[0m
[8.334s] [100%] Built target turtlebot3_fake_node
[8.345s] Invoked command in '/home/kivaan123/turtlebot3_simulations/build/turtlebot3_fake_node' returned '0': CMAKE_PREFIX_PATH=${CMAKE_PREFIX_PATH}:/opt/ros/humble /usr/bin/cmake --build /home/kivaan123/turtlebot3_simulations/build/turtlebot3_fake_node -- -j16 -l16
[8.379s] Invoking command in '/home/kivaan123/turtlebot3_simulations/build/turtlebot3_fake_node': CMAKE_PREFIX_PATH=${CMAKE_PREFIX_PATH}:/opt/ros/humble /usr/bin/cmake --install /home/kivaan123/turtlebot3_simulations/build/turtlebot3_fake_node
[8.385s] -- Install configuration: ""
[8.385s] -- Execute custom install script
[8.385s] -- Symlinking: /home/kivaan123/turtlebot3_simulations/install/turtlebot3_fake_node/lib/turtlebot3_fake_node/turtlebot3_fake_node
[8.395s] -- Symlinking: /home/kivaan123/turtlebot3_simulations/install/turtlebot3_fake_node/share/turtlebot3_fake_node/launch/rviz2.launch.py
[8.402s] -- Symlinking: /home/kivaan123/turtlebot3_simulations/install/turtlebot3_fake_node/share/turtlebot3_fake_node/launch/turtlebot3_fake_node.launch.py
[8.413s] -- Symlinking: /home/kivaan123/turtlebot3_simulations/install/turtlebot3_fake_node/share/turtlebot3_fake_node/param/burger.yaml
[8.421s] -- Symlinking: /home/kivaan123/turtlebot3_simulations/install/turtlebot3_fake_node/share/turtlebot3_fake_node/param/waffle.yaml
[8.428s] -- Symlinking: /home/kivaan123/turtlebot3_simulations/install/turtlebot3_fake_node/share/turtlebot3_fake_node/param/waffle_pi.yaml
[8.435s] -- Symlinking: /home/kivaan123/turtlebot3_simulations/install/turtlebot3_fake_node/include//turtlebot3_fake_node/turtlebot3_fake_node.hpp
[8.443s] -- Symlinking: /home/kivaan123/turtlebot3_simulations/install/turtlebot3_fake_node/share/ament_index/resource_index/package_run_dependencies/turtlebot3_fake_node
[8.453s] -- Symlinking: /home/kivaan123/turtlebot3_simulations/install/turtlebot3_fake_node/share/ament_index/resource_index/parent_prefix_path/turtlebot3_fake_node
[8.460s] -- Symlinking: /home/kivaan123/turtlebot3_simulations/install/turtlebot3_fake_node/share/turtlebot3_fake_node/environment/ament_prefix_path.sh
[8.469s] -- Symlinking: /home/kivaan123/turtlebot3_simulations/install/turtlebot3_fake_node/share/turtlebot3_fake_node/environment/ament_prefix_path.dsv
[8.479s] -- Symlinking: /home/kivaan123/turtlebot3_simulations/install/turtlebot3_fake_node/share/turtlebot3_fake_node/environment/path.sh
[8.489s] -- Symlinking: /home/kivaan123/turtlebot3_simulations/install/turtlebot3_fake_node/share/turtlebot3_fake_node/environment/path.dsv
[8.499s] -- Symlinking: /home/kivaan123/turtlebot3_simulations/install/turtlebot3_fake_node/share/turtlebot3_fake_node/local_setup.bash
[8.507s] -- Symlinking: /home/kivaan123/turtlebot3_simulations/install/turtlebot3_fake_node/share/turtlebot3_fake_node/local_setup.sh
[8.517s] -- Symlinking: /home/kivaan123/turtlebot3_simulations/install/turtlebot3_fake_node/share/turtlebot3_fake_node/local_setup.zsh
[8.524s] -- Symlinking: /home/kivaan123/turtlebot3_simulations/install/turtlebot3_fake_node/share/turtlebot3_fake_node/local_setup.dsv
[8.533s] -- Symlinking: /home/kivaan123/turtlebot3_simulations/install/turtlebot3_fake_node/share/turtlebot3_fake_node/package.dsv
[8.540s] -- Symlinking: /home/kivaan123/turtlebot3_simulations/install/turtlebot3_fake_node/share/ament_index/resource_index/packages/turtlebot3_fake_node
[8.549s] -- Symlinking: /home/kivaan123/turtlebot3_simulations/install/turtlebot3_fake_node/share/turtlebot3_fake_node/cmake/ament_cmake_export_include_directories-extras.cmake
[8.556s] -- Symlinking: /home/kivaan123/turtlebot3_simulations/install/turtlebot3_fake_node/share/turtlebot3_fake_node/cmake/ament_cmake_export_dependencies-extras.cmake
[8.563s] -- Symlinking: /home/kivaan123/turtlebot3_simulations/install/turtlebot3_fake_node/share/turtlebot3_fake_node/cmake/turtlebot3_fake_nodeConfig.cmake
[8.571s] -- Symlinking: /home/kivaan123/turtlebot3_simulations/install/turtlebot3_fake_node/share/turtlebot3_fake_node/cmake/turtlebot3_fake_nodeConfig-version.cmake
[8.581s] -- Symlinking: /home/kivaan123/turtlebot3_simulations/install/turtlebot3_fake_node/share/turtlebot3_fake_node/package.xml
[8.590s] Invoked command in '/home/kivaan123/turtlebot3_simulations/build/turtlebot3_fake_node' returned '0': CMAKE_PREFIX_PATH=${CMAKE_PREFIX_PATH}:/opt/ros/humble /usr/bin/cmake --install /home/kivaan123/turtlebot3_simulations/build/turtlebot3_fake_node
