[35m[1mConsolidate compiler generated dependencies of target turtlebot3_drive[0m
[ 16%] Built target obstacle2
[ 33%] Built target obstacles
[ 50%] Built target obstacle1
[ 58%] [32mBuilding CXX object CMakeFiles/turtlebot3_drive.dir/src/turtlebot3_drive.cpp.o[0m
[01m[K/home/kivaan123/Turtlebot3-Wall-Follower/turtlebot3_gazebo/src/turtlebot3_drive.cpp:[m[K In constructor ‘[01m[KTurtlebot3Drive::Turtlebot3Drive()[m[K’:
[01m[K/home/kivaan123/Turtlebot3-Wall-Follower/turtlebot3_gazebo/src/turtlebot3_drive.cpp:28:9:[m[K [01;31m[Kerror: [m[Kno matching function for call to ‘[01m[KWallFollower::WallFollower(LidarSensor&, std::shared_ptr<MovementController>&)[m[K’
   28 |         [01;31m[Kwall_follower_(lidar_sensor_, movement_controller_)[m[K // Pass the uninitialized pointer
      |         [01;31m[K^~~~~~~~~~~~~~~~~~~~~~~~~~~~~~~~~~~~~~~~~~~~~~~~~~~[m[K
In file included from [01m[K/home/kivaan123/Turtlebot3-Wall-Follower/turtlebot3_gazebo/src/turtlebot3_drive.cpp:15[m[K:
[01m[K/home/kivaan123/Turtlebot3-Wall-Follower/turtlebot3_gazebo/include/turtlebot3_gazebo/WallFollower.hpp:30:5:[m[K [01;36m[Knote: [m[Kcandidate: ‘[01m[KWallFollower::WallFollower(LidarSensor&, MovementController&)[m[K’
   30 |     [01;36m[KWallFollower[m[K(LidarSensor& lidar, MovementController& mover);
      |     [01;36m[K^~~~~~~~~~~~[m[K
[01m[K/home/kivaan123/Turtlebot3-Wall-Follower/turtlebot3_gazebo/include/turtlebot3_gazebo/WallFollower.hpp:30:58:[m[K [01;36m[Knote: [m[K  no known conversion for argument 2 from ‘[01m[Kstd::shared_ptr<MovementController>[m[K’ to ‘[01m[KMovementController&[m[K’
   30 |     WallFollower(LidarSensor& lidar, [01;36m[KMovementController& mover[m[K);
      |                                      [01;36m[K~~~~~~~~~~~~~~~~~~~~^~~~~[m[K
[01m[K/home/kivaan123/Turtlebot3-Wall-Follower/turtlebot3_gazebo/include/turtlebot3_gazebo/WallFollower.hpp:27:7:[m[K [01;36m[Knote: [m[Kcandidate: ‘[01m[Kconstexpr WallFollower::WallFollower(const WallFollower&)[m[K’
   27 | class [01;36m[KWallFollower[m[K
      |       [01;36m[K^~~~~~~~~~~~[m[K
[01m[K/home/kivaan123/Turtlebot3-Wall-Follower/turtlebot3_gazebo/include/turtlebot3_gazebo/WallFollower.hpp:27:7:[m[K [01;36m[Knote: [m[K  candidate expects 1 argument, 2 provided
[01m[K/home/kivaan123/Turtlebot3-Wall-Follower/turtlebot3_gazebo/src/turtlebot3_drive.cpp:31:77:[m[K [01;31m[Kerror: [m[Krequest for member ‘[01m[Kshared_from_this[m[K’ is ambiguous
   31 |           movement_controller_ = std::make_shared<MovementController>(this->[01;31m[Kshared_from_this[m[K());
      |                                                                             [01;31m[K^~~~~~~~~~~~~~~~[m[K
In file included from [01m[K/usr/include/c++/11/memory:77[m[K,
                 from [01m[K/opt/ros/humble/include/geometry_msgs/geometry_msgs/msg/detail/twist__struct.hpp:10[m[K,
                 from [01m[K/opt/ros/humble/include/geometry_msgs/geometry_msgs/msg/twist.hpp:7[m[K,
                 from [01m[K/home/kivaan123/Turtlebot3-Wall-Follower/turtlebot3_gazebo/src/turtlebot3_drive.cpp:2[m[K:
[01m[K/usr/include/c++/11/bits/shared_ptr.h:811:7:[m[K [01;36m[Knote: [m[Kcandidates are: ‘[01m[Kstd::shared_ptr<const _Tp> std::enable_shared_from_this<_Tp>::shared_from_this() const [with _Tp = Turtlebot3Drive][m[K’
  811 |       [01;36m[Kshared_from_this[m[K() const
      |       [01;36m[K^~~~~~~~~~~~~~~~[m[K
[01m[K/usr/include/c++/11/bits/shared_ptr.h:807:7:[m[K [01;36m[Knote: [m[K                ‘[01m[Kstd::shared_ptr<_Tp> std::enable_shared_from_this<_Tp>::shared_from_this() [with _Tp = Turtlebot3Drive][m[K’
  807 |       [01;36m[Kshared_from_this[m[K()
      |       [01;36m[K^~~~~~~~~~~~~~~~[m[K
[01m[K/usr/include/c++/11/bits/shared_ptr.h:811:7:[m[K [01;36m[Knote: [m[K                ‘[01m[Kstd::shared_ptr<const _Tp> std::enable_shared_from_this<_Tp>::shared_from_this() const [with _Tp = rclcpp::Node][m[K’
  811 |       [01;36m[Kshared_from_this[m[K() const
      |       [01;36m[K^~~~~~~~~~~~~~~~[m[K
[01m[K/usr/include/c++/11/bits/shared_ptr.h:807:7:[m[K [01;36m[Knote: [m[K                ‘[01m[Kstd::shared_ptr<_Tp> std::enable_shared_from_this<_Tp>::shared_from_this() [with _Tp = rclcpp::Node][m[K’
  807 |       [01;36m[Kshared_from_this[m[K()
      |       [01;36m[K^~~~~~~~~~~~~~~~[m[K
[01m[K/home/kivaan123/Turtlebot3-Wall-Follower/turtlebot3_gazebo/src/turtlebot3_drive.cpp:34:76:[m[K [01;31m[Kerror: [m[Kno matching function for call to ‘[01m[KWallFollower::WallFollower(LidarSensor&, std::shared_ptr<MovementController>&)[m[K’
   34 |           wall_follower_ = WallFollower(lidar_sensor_, movement_controller_[01;31m[K)[m[K; // Update this if necessary
      |                                                                            [01;31m[K^[m[K
In file included from [01m[K/home/kivaan123/Turtlebot3-Wall-Follower/turtlebot3_gazebo/src/turtlebot3_drive.cpp:15[m[K:
[01m[K/home/kivaan123/Turtlebot3-Wall-Follower/turtlebot3_gazebo/include/turtlebot3_gazebo/WallFollower.hpp:30:5:[m[K [01;36m[Knote: [m[Kcandidate: ‘[01m[KWallFollower::WallFollower(LidarSensor&, MovementController&)[m[K’
   30 |     [01;36m[KWallFollower[m[K(LidarSensor& lidar, MovementController& mover);
      |     [01;36m[K^~~~~~~~~~~~[m[K
[01m[K/home/kivaan123/Turtlebot3-Wall-Follower/turtlebot3_gazebo/include/turtlebot3_gazebo/WallFollower.hpp:30:58:[m[K [01;36m[Knote: [m[K  no known conversion for argument 2 from ‘[01m[Kstd::shared_ptr<MovementController>[m[K’ to ‘[01m[KMovementController&[m[K’
   30 |     WallFollower(LidarSensor& lidar, [01;36m[KMovementController& mover[m[K);
      |                                      [01;36m[K~~~~~~~~~~~~~~~~~~~~^~~~~[m[K
[01m[K/home/kivaan123/Turtlebot3-Wall-Follower/turtlebot3_gazebo/include/turtlebot3_gazebo/WallFollower.hpp:27:7:[m[K [01;36m[Knote: [m[Kcandidate: ‘[01m[Kconstexpr WallFollower::WallFollower(const WallFollower&)[m[K’
   27 | class [01;36m[KWallFollower[m[K
      |       [01;36m[K^~~~~~~~~~~~[m[K
[01m[K/home/kivaan123/Turtlebot3-Wall-Follower/turtlebot3_gazebo/include/turtlebot3_gazebo/WallFollower.hpp:27:7:[m[K [01;36m[Knote: [m[K  candidate expects 1 argument, 2 provided
gmake[2]: *** [CMakeFiles/turtlebot3_drive.dir/build.make:76: CMakeFiles/turtlebot3_drive.dir/src/turtlebot3_drive.cpp.o] Error 1
gmake[1]: *** [CMakeFiles/Makefile2:143: CMakeFiles/turtlebot3_drive.dir/all] Error 2
gmake: *** [Makefile:146: all] Error 2
