[0.084s] DEBUG:colcon:Command line arguments: ['/home/kivaan123/.local/bin/colcon', 'build', '--symlink-install']
[0.084s] DEBUG:colcon:Parsed command line arguments: Namespace(log_base=None, log_level=None, verb_name='build', build_base='build', install_base='install', merge_install=False, symlink_install=True, test_result_base=None, continue_on_error=False, executor='parallel', parallel_workers=16, event_handlers=None, ignore_user_meta=False, metas=['./colcon.meta'], base_paths=['.'], packages_ignore=None, packages_ignore_regex=None, paths=None, packages_up_to=None, packages_up_to_regex=None, packages_above=None, packages_above_and_dependencies=None, packages_above_depth=None, packages_select_by_dep=None, packages_skip_by_dep=None, packages_skip_up_to=None, packages_select_build_failed=False, packages_skip_build_finished=False, packages_select_test_failures=False, packages_skip_test_passed=False, packages_select=None, packages_skip=None, packages_select_regex=None, packages_skip_regex=None, packages_start=None, packages_end=None, allow_overriding=[], cmake_args=None, cmake_target=None, cmake_target_skip_unavailable=False, cmake_clean_cache=False, cmake_clean_first=False, cmake_force_configure=False, ament_cmake_args=None, catkin_cmake_args=None, catkin_skip_building_tests=False, mixin_files=None, mixin=None, verb_parser=<colcon_mixin.mixin.mixin_argument.MixinArgumentDecorator object at 0x759ae7e20fa0>, verb_extension=<colcon_core.verb.build.BuildVerb object at 0x759ae7e20880>, main=<bound method BuildVerb.main of <colcon_core.verb.build.BuildVerb object at 0x759ae7e20880>>, mixin_verb=('build',))
[0.183s] Level 1:colcon.colcon_core.package_discovery:discover_packages(colcon_meta) check parameters
[0.183s] Level 1:colcon.colcon_core.package_discovery:discover_packages(recursive) check parameters
[0.183s] Level 1:colcon.colcon_core.package_discovery:discover_packages(ignore) check parameters
[0.183s] Level 1:colcon.colcon_core.package_discovery:discover_packages(path) check parameters
[0.183s] Level 1:colcon.colcon_core.package_discovery:discover_packages(colcon_meta) discover
[0.183s] Level 1:colcon.colcon_core.package_discovery:discover_packages(recursive) discover
[0.183s] INFO:colcon.colcon_core.package_discovery:Crawling recursively for packages in '/home/kivaan123/Turtlebot3-Wall-Follower'
[0.183s] Level 1:colcon.colcon_core.package_identification:_identify(.) by extensions ['ignore', 'ignore_ament_install']
[0.183s] Level 1:colcon.colcon_core.package_identification:_identify(.) by extension 'ignore'
[0.183s] Level 1:colcon.colcon_core.package_identification:_identify(.) by extension 'ignore_ament_install'
[0.183s] Level 1:colcon.colcon_core.package_identification:_identify(.) by extensions ['colcon_pkg']
[0.183s] Level 1:colcon.colcon_core.package_identification:_identify(.) by extension 'colcon_pkg'
[0.183s] Level 1:colcon.colcon_core.package_identification:_identify(.) by extensions ['colcon_meta']
[0.183s] Level 1:colcon.colcon_core.package_identification:_identify(.) by extension 'colcon_meta'
[0.183s] Level 1:colcon.colcon_core.package_identification:_identify(.) by extensions ['ros']
[0.183s] Level 1:colcon.colcon_core.package_identification:_identify(.) by extension 'ros'
[0.191s] Level 1:colcon.colcon_core.package_identification:_identify(.) by extensions ['cmake', 'python']
[0.191s] Level 1:colcon.colcon_core.package_identification:_identify(.) by extension 'cmake'
[0.191s] Level 1:colcon.colcon_core.package_identification:_identify(.) by extension 'python'
[0.191s] Level 1:colcon.colcon_core.package_identification:_identify(.) by extensions ['python_setup_py']
[0.191s] Level 1:colcon.colcon_core.package_identification:_identify(.) by extension 'python_setup_py'
[0.191s] Level 1:colcon.colcon_core.package_identification:_identify(build) by extensions ['ignore', 'ignore_ament_install']
[0.191s] Level 1:colcon.colcon_core.package_identification:_identify(build) by extension 'ignore'
[0.191s] Level 1:colcon.colcon_core.package_identification:_identify(build) ignored
[0.191s] Level 1:colcon.colcon_core.package_identification:_identify(install) by extensions ['ignore', 'ignore_ament_install']
[0.191s] Level 1:colcon.colcon_core.package_identification:_identify(install) by extension 'ignore'
[0.191s] Level 1:colcon.colcon_core.package_identification:_identify(install) ignored
[0.191s] Level 1:colcon.colcon_core.package_identification:_identify(log) by extensions ['ignore', 'ignore_ament_install']
[0.191s] Level 1:colcon.colcon_core.package_identification:_identify(log) by extension 'ignore'
[0.191s] Level 1:colcon.colcon_core.package_identification:_identify(log) ignored
[0.191s] Level 1:colcon.colcon_core.package_identification:_identify(turtlebot3_fake_node) by extensions ['ignore', 'ignore_ament_install']
[0.191s] Level 1:colcon.colcon_core.package_identification:_identify(turtlebot3_fake_node) by extension 'ignore'
[0.191s] Level 1:colcon.colcon_core.package_identification:_identify(turtlebot3_fake_node) by extension 'ignore_ament_install'
[0.191s] Level 1:colcon.colcon_core.package_identification:_identify(turtlebot3_fake_node) by extensions ['colcon_pkg']
[0.191s] Level 1:colcon.colcon_core.package_identification:_identify(turtlebot3_fake_node) by extension 'colcon_pkg'
[0.191s] Level 1:colcon.colcon_core.package_identification:_identify(turtlebot3_fake_node) by extensions ['colcon_meta']
[0.191s] Level 1:colcon.colcon_core.package_identification:_identify(turtlebot3_fake_node) by extension 'colcon_meta'
[0.191s] Level 1:colcon.colcon_core.package_identification:_identify(turtlebot3_fake_node) by extensions ['ros']
[0.191s] Level 1:colcon.colcon_core.package_identification:_identify(turtlebot3_fake_node) by extension 'ros'
[0.193s] DEBUG:colcon.colcon_core.package_identification:Package 'turtlebot3_fake_node' with type 'ros.ament_cmake' and name 'turtlebot3_fake_node'
[0.193s] Level 1:colcon.colcon_core.package_identification:_identify(turtlebot3_gazebo) by extensions ['ignore', 'ignore_ament_install']
[0.193s] Level 1:colcon.colcon_core.package_identification:_identify(turtlebot3_gazebo) by extension 'ignore'
[0.193s] Level 1:colcon.colcon_core.package_identification:_identify(turtlebot3_gazebo) by extension 'ignore_ament_install'
[0.193s] Level 1:colcon.colcon_core.package_identification:_identify(turtlebot3_gazebo) by extensions ['colcon_pkg']
[0.193s] Level 1:colcon.colcon_core.package_identification:_identify(turtlebot3_gazebo) by extension 'colcon_pkg'
[0.193s] Level 1:colcon.colcon_core.package_identification:_identify(turtlebot3_gazebo) by extensions ['colcon_meta']
[0.193s] Level 1:colcon.colcon_core.package_identification:_identify(turtlebot3_gazebo) by extension 'colcon_meta'
[0.193s] Level 1:colcon.colcon_core.package_identification:_identify(turtlebot3_gazebo) by extensions ['ros']
[0.193s] Level 1:colcon.colcon_core.package_identification:_identify(turtlebot3_gazebo) by extension 'ros'
[0.194s] DEBUG:colcon.colcon_core.package_identification:Package 'turtlebot3_gazebo' with type 'ros.ament_cmake' and name 'turtlebot3_gazebo'
[0.194s] Level 1:colcon.colcon_core.package_identification:_identify(turtlebot3_simulations) by extensions ['ignore', 'ignore_ament_install']
[0.194s] Level 1:colcon.colcon_core.package_identification:_identify(turtlebot3_simulations) by extension 'ignore'
[0.194s] Level 1:colcon.colcon_core.package_identification:_identify(turtlebot3_simulations) by extension 'ignore_ament_install'
[0.194s] Level 1:colcon.colcon_core.package_identification:_identify(turtlebot3_simulations) by extensions ['colcon_pkg']
[0.194s] Level 1:colcon.colcon_core.package_identification:_identify(turtlebot3_simulations) by extension 'colcon_pkg'
[0.194s] Level 1:colcon.colcon_core.package_identification:_identify(turtlebot3_simulations) by extensions ['colcon_meta']
[0.194s] Level 1:colcon.colcon_core.package_identification:_identify(turtlebot3_simulations) by extension 'colcon_meta'
[0.194s] Level 1:colcon.colcon_core.package_identification:_identify(turtlebot3_simulations) by extensions ['ros']
[0.194s] Level 1:colcon.colcon_core.package_identification:_identify(turtlebot3_simulations) by extension 'ros'
[0.195s] DEBUG:colcon.colcon_core.package_identification:Package 'turtlebot3_simulations' with type 'ros.ament_cmake' and name 'turtlebot3_simulations'
[0.195s] Level 1:colcon.colcon_core.package_discovery:discover_packages(recursive) using defaults
[0.195s] Level 1:colcon.colcon_core.package_discovery:discover_packages(ignore) discover
[0.195s] Level 1:colcon.colcon_core.package_discovery:discover_packages(ignore) using defaults
[0.195s] Level 1:colcon.colcon_core.package_discovery:discover_packages(path) discover
[0.195s] Level 1:colcon.colcon_core.package_discovery:discover_packages(path) using defaults
[0.208s] Level 1:colcon.colcon_core.package_discovery:discover_packages(prefix_path) check parameters
[0.208s] Level 1:colcon.colcon_core.package_discovery:discover_packages(prefix_path) discover
[0.209s] DEBUG:colcon.colcon_installed_package_information.package_discovery:Found 3 installed packages in /home/kivaan123/Turtlebot3-Wall-Follower/install
[0.210s] DEBUG:colcon.colcon_installed_package_information.package_discovery:Found 450 installed packages in /opt/ros/humble
[0.216s] Level 1:colcon.colcon_core.package_discovery:discover_packages(prefix_path) using defaults
[0.246s] Level 5:colcon.colcon_core.verb:set package 'turtlebot3_fake_node' build argument 'cmake_args' from command line to 'None'
[0.246s] Level 5:colcon.colcon_core.verb:set package 'turtlebot3_fake_node' build argument 'cmake_target' from command line to 'None'
[0.246s] Level 5:colcon.colcon_core.verb:set package 'turtlebot3_fake_node' build argument 'cmake_target_skip_unavailable' from command line to 'False'
[0.246s] Level 5:colcon.colcon_core.verb:set package 'turtlebot3_fake_node' build argument 'cmake_clean_cache' from command line to 'False'
[0.246s] Level 5:colcon.colcon_core.verb:set package 'turtlebot3_fake_node' build argument 'cmake_clean_first' from command line to 'False'
[0.246s] Level 5:colcon.colcon_core.verb:set package 'turtlebot3_fake_node' build argument 'cmake_force_configure' from command line to 'False'
[0.246s] Level 5:colcon.colcon_core.verb:set package 'turtlebot3_fake_node' build argument 'ament_cmake_args' from command line to 'None'
[0.246s] Level 5:colcon.colcon_core.verb:set package 'turtlebot3_fake_node' build argument 'catkin_cmake_args' from command line to 'None'
[0.246s] Level 5:colcon.colcon_core.verb:set package 'turtlebot3_fake_node' build argument 'catkin_skip_building_tests' from command line to 'False'
[0.246s] DEBUG:colcon.colcon_core.verb:Building package 'turtlebot3_fake_node' with the following arguments: {'ament_cmake_args': None, 'build_base': '/home/kivaan123/Turtlebot3-Wall-Follower/build/turtlebot3_fake_node', 'catkin_cmake_args': None, 'catkin_skip_building_tests': False, 'cmake_args': None, 'cmake_clean_cache': False, 'cmake_clean_first': False, 'cmake_force_configure': False, 'cmake_target': None, 'cmake_target_skip_unavailable': False, 'install_base': '/home/kivaan123/Turtlebot3-Wall-Follower/install/turtlebot3_fake_node', 'merge_install': False, 'path': '/home/kivaan123/Turtlebot3-Wall-Follower/turtlebot3_fake_node', 'symlink_install': True, 'test_result_base': None}
[0.246s] Level 5:colcon.colcon_core.verb:set package 'turtlebot3_gazebo' build argument 'cmake_args' from command line to 'None'
[0.246s] Level 5:colcon.colcon_core.verb:set package 'turtlebot3_gazebo' build argument 'cmake_target' from command line to 'None'
[0.246s] Level 5:colcon.colcon_core.verb:set package 'turtlebot3_gazebo' build argument 'cmake_target_skip_unavailable' from command line to 'False'
[0.246s] Level 5:colcon.colcon_core.verb:set package 'turtlebot3_gazebo' build argument 'cmake_clean_cache' from command line to 'False'
[0.246s] Level 5:colcon.colcon_core.verb:set package 'turtlebot3_gazebo' build argument 'cmake_clean_first' from command line to 'False'
[0.246s] Level 5:colcon.colcon_core.verb:set package 'turtlebot3_gazebo' build argument 'cmake_force_configure' from command line to 'False'
[0.246s] Level 5:colcon.colcon_core.verb:set package 'turtlebot3_gazebo' build argument 'ament_cmake_args' from command line to 'None'
[0.246s] Level 5:colcon.colcon_core.verb:set package 'turtlebot3_gazebo' build argument 'catkin_cmake_args' from command line to 'None'
[0.246s] Level 5:colcon.colcon_core.verb:set package 'turtlebot3_gazebo' build argument 'catkin_skip_building_tests' from command line to 'False'
[0.246s] DEBUG:colcon.colcon_core.verb:Building package 'turtlebot3_gazebo' with the following arguments: {'ament_cmake_args': None, 'build_base': '/home/kivaan123/Turtlebot3-Wall-Follower/build/turtlebot3_gazebo', 'catkin_cmake_args': None, 'catkin_skip_building_tests': False, 'cmake_args': None, 'cmake_clean_cache': False, 'cmake_clean_first': False, 'cmake_force_configure': False, 'cmake_target': None, 'cmake_target_skip_unavailable': False, 'install_base': '/home/kivaan123/Turtlebot3-Wall-Follower/install/turtlebot3_gazebo', 'merge_install': False, 'path': '/home/kivaan123/Turtlebot3-Wall-Follower/turtlebot3_gazebo', 'symlink_install': True, 'test_result_base': None}
[0.246s] Level 5:colcon.colcon_core.verb:set package 'turtlebot3_simulations' build argument 'cmake_args' from command line to 'None'
[0.246s] Level 5:colcon.colcon_core.verb:set package 'turtlebot3_simulations' build argument 'cmake_target' from command line to 'None'
[0.246s] Level 5:colcon.colcon_core.verb:set package 'turtlebot3_simulations' build argument 'cmake_target_skip_unavailable' from command line to 'False'
[0.246s] Level 5:colcon.colcon_core.verb:set package 'turtlebot3_simulations' build argument 'cmake_clean_cache' from command line to 'False'
[0.246s] Level 5:colcon.colcon_core.verb:set package 'turtlebot3_simulations' build argument 'cmake_clean_first' from command line to 'False'
[0.246s] Level 5:colcon.colcon_core.verb:set package 'turtlebot3_simulations' build argument 'cmake_force_configure' from command line to 'False'
[0.246s] Level 5:colcon.colcon_core.verb:set package 'turtlebot3_simulations' build argument 'ament_cmake_args' from command line to 'None'
[0.246s] Level 5:colcon.colcon_core.verb:set package 'turtlebot3_simulations' build argument 'catkin_cmake_args' from command line to 'None'
[0.246s] Level 5:colcon.colcon_core.verb:set package 'turtlebot3_simulations' build argument 'catkin_skip_building_tests' from command line to 'False'
[0.246s] DEBUG:colcon.colcon_core.verb:Building package 'turtlebot3_simulations' with the following arguments: {'ament_cmake_args': None, 'build_base': '/home/kivaan123/Turtlebot3-Wall-Follower/build/turtlebot3_simulations', 'catkin_cmake_args': None, 'catkin_skip_building_tests': False, 'cmake_args': None, 'cmake_clean_cache': False, 'cmake_clean_first': False, 'cmake_force_configure': False, 'cmake_target': None, 'cmake_target_skip_unavailable': False, 'install_base': '/home/kivaan123/Turtlebot3-Wall-Follower/install/turtlebot3_simulations', 'merge_install': False, 'path': '/home/kivaan123/Turtlebot3-Wall-Follower/turtlebot3_simulations', 'symlink_install': True, 'test_result_base': None}
[0.247s] INFO:colcon.colcon_core.executor:Executing jobs using 'parallel' executor
[0.247s] DEBUG:colcon.colcon_parallel_executor.executor.parallel:run_until_complete
[0.247s] INFO:colcon.colcon_ros.task.ament_cmake.build:Building ROS package in '/home/kivaan123/Turtlebot3-Wall-Follower/turtlebot3_fake_node' with build type 'ament_cmake'
[0.247s] INFO:colcon.colcon_cmake.task.cmake.build:Building CMake package in '/home/kivaan123/Turtlebot3-Wall-Follower/turtlebot3_fake_node'
[0.249s] INFO:colcon.colcon_core.plugin_system:Skipping extension 'colcon_core.shell.bat': Not used on non-Windows systems
[0.249s] INFO:colcon.colcon_core.shell:Skip shell extension 'powershell' for command environment: Not usable outside of PowerShell
[0.249s] DEBUG:colcon.colcon_core.shell:Skip shell extension 'dsv' for command environment
[0.251s] INFO:colcon.colcon_ros.task.ament_cmake.build:Building ROS package in '/home/kivaan123/Turtlebot3-Wall-Follower/turtlebot3_gazebo' with build type 'ament_cmake'
[0.251s] INFO:colcon.colcon_cmake.task.cmake.build:Building CMake package in '/home/kivaan123/Turtlebot3-Wall-Follower/turtlebot3_gazebo'
[0.251s] INFO:colcon.colcon_core.shell:Skip shell extension 'powershell' for command environment: Not usable outside of PowerShell
[0.252s] DEBUG:colcon.colcon_core.shell:Skip shell extension 'dsv' for command environment
[0.258s] DEBUG:colcon.colcon_core.event_handler.log_command:Invoking command in '/home/kivaan123/Turtlebot3-Wall-Follower/build/turtlebot3_fake_node': CMAKE_PREFIX_PATH=${CMAKE_PREFIX_PATH}:/opt/ros/humble /usr/bin/cmake --build /home/kivaan123/Turtlebot3-Wall-Follower/build/turtlebot3_fake_node -- -j16 -l16
[0.260s] DEBUG:colcon.colcon_core.event_handler.log_command:Invoking command in '/home/kivaan123/Turtlebot3-Wall-Follower/build/turtlebot3_gazebo': CMAKE_PREFIX_PATH=${CMAKE_PREFIX_PATH}:/opt/ros/humble /usr/bin/cmake --build /home/kivaan123/Turtlebot3-Wall-Follower/build/turtlebot3_gazebo -- -j16 -l16
[0.315s] DEBUG:colcon.colcon_core.event_handler.log_command:Invoked command in '/home/kivaan123/Turtlebot3-Wall-Follower/build/turtlebot3_fake_node' returned '0': CMAKE_PREFIX_PATH=${CMAKE_PREFIX_PATH}:/opt/ros/humble /usr/bin/cmake --build /home/kivaan123/Turtlebot3-Wall-Follower/build/turtlebot3_fake_node -- -j16 -l16
[0.347s] DEBUG:colcon.colcon_core.event_handler.log_command:Invoking command in '/home/kivaan123/Turtlebot3-Wall-Follower/build/turtlebot3_fake_node': CMAKE_PREFIX_PATH=${CMAKE_PREFIX_PATH}:/opt/ros/humble /usr/bin/cmake --install /home/kivaan123/Turtlebot3-Wall-Follower/build/turtlebot3_fake_node
[0.365s] Level 1:colcon.colcon_core.environment:create_environment_scripts_only(turtlebot3_fake_node)
[0.365s] DEBUG:colcon.colcon_core.event_handler.log_command:Invoked command in '/home/kivaan123/Turtlebot3-Wall-Follower/build/turtlebot3_fake_node' returned '0': CMAKE_PREFIX_PATH=${CMAKE_PREFIX_PATH}:/opt/ros/humble /usr/bin/cmake --install /home/kivaan123/Turtlebot3-Wall-Follower/build/turtlebot3_fake_node
[0.368s] Level 1:colcon.colcon_core.environment:checking '/home/kivaan123/Turtlebot3-Wall-Follower/install/turtlebot3_fake_node' for CMake module files
[0.368s] Level 1:colcon.colcon_core.environment:checking '/home/kivaan123/Turtlebot3-Wall-Follower/install/turtlebot3_fake_node' for CMake config files
[0.368s] Level 1:colcon.colcon_core.shell:create_environment_hook('turtlebot3_fake_node', 'cmake_prefix_path')
[0.369s] INFO:colcon.colcon_core.shell:Creating environment hook '/home/kivaan123/Turtlebot3-Wall-Follower/install/turtlebot3_fake_node/share/turtlebot3_fake_node/hook/cmake_prefix_path.ps1'
[0.369s] INFO:colcon.colcon_core.shell:Creating environment descriptor '/home/kivaan123/Turtlebot3-Wall-Follower/install/turtlebot3_fake_node/share/turtlebot3_fake_node/hook/cmake_prefix_path.dsv'
[0.369s] INFO:colcon.colcon_core.shell:Creating environment hook '/home/kivaan123/Turtlebot3-Wall-Follower/install/turtlebot3_fake_node/share/turtlebot3_fake_node/hook/cmake_prefix_path.sh'
[0.370s] Level 1:colcon.colcon_core.environment:checking '/home/kivaan123/Turtlebot3-Wall-Follower/install/turtlebot3_fake_node/lib'
[0.370s] Level 1:colcon.colcon_core.environment:checking '/home/kivaan123/Turtlebot3-Wall-Follower/install/turtlebot3_fake_node/bin'
[0.370s] Level 1:colcon.colcon_core.environment:checking '/home/kivaan123/Turtlebot3-Wall-Follower/install/turtlebot3_fake_node/lib/pkgconfig/turtlebot3_fake_node.pc'
[0.370s] Level 1:colcon.colcon_core.environment:checking '/home/kivaan123/Turtlebot3-Wall-Follower/install/turtlebot3_fake_node/lib/python3.10/site-packages'
[0.370s] Level 1:colcon.colcon_core.environment:checking '/home/kivaan123/Turtlebot3-Wall-Follower/install/turtlebot3_fake_node/bin'
[0.370s] INFO:colcon.colcon_core.shell:Creating package script '/home/kivaan123/Turtlebot3-Wall-Follower/install/turtlebot3_fake_node/share/turtlebot3_fake_node/package.ps1'
[0.371s] INFO:colcon.colcon_core.shell:Creating package descriptor '/home/kivaan123/Turtlebot3-Wall-Follower/install/turtlebot3_fake_node/share/turtlebot3_fake_node/package.dsv'
[0.372s] INFO:colcon.colcon_core.shell:Creating package script '/home/kivaan123/Turtlebot3-Wall-Follower/install/turtlebot3_fake_node/share/turtlebot3_fake_node/package.sh'
[0.372s] INFO:colcon.colcon_core.shell:Creating package script '/home/kivaan123/Turtlebot3-Wall-Follower/install/turtlebot3_fake_node/share/turtlebot3_fake_node/package.bash'
[0.373s] INFO:colcon.colcon_core.shell:Creating package script '/home/kivaan123/Turtlebot3-Wall-Follower/install/turtlebot3_fake_node/share/turtlebot3_fake_node/package.zsh'
[0.373s] Level 1:colcon.colcon_core.environment:create_file_with_runtime_dependencies(/home/kivaan123/Turtlebot3-Wall-Follower/install/turtlebot3_fake_node/share/colcon-core/packages/turtlebot3_fake_node)
[0.394s] Level 1:colcon.colcon_core.environment:create_environment_scripts_only(turtlebot3_fake_node)
[0.394s] Level 1:colcon.colcon_core.environment:checking '/home/kivaan123/Turtlebot3-Wall-Follower/install/turtlebot3_fake_node' for CMake module files
[0.394s] Level 1:colcon.colcon_core.environment:checking '/home/kivaan123/Turtlebot3-Wall-Follower/install/turtlebot3_fake_node' for CMake config files
[0.394s] Level 1:colcon.colcon_core.shell:create_environment_hook('turtlebot3_fake_node', 'cmake_prefix_path')
[0.395s] INFO:colcon.colcon_core.shell:Creating environment hook '/home/kivaan123/Turtlebot3-Wall-Follower/install/turtlebot3_fake_node/share/turtlebot3_fake_node/hook/cmake_prefix_path.ps1'
[0.395s] INFO:colcon.colcon_core.shell:Creating environment descriptor '/home/kivaan123/Turtlebot3-Wall-Follower/install/turtlebot3_fake_node/share/turtlebot3_fake_node/hook/cmake_prefix_path.dsv'
[0.395s] INFO:colcon.colcon_core.shell:Creating environment hook '/home/kivaan123/Turtlebot3-Wall-Follower/install/turtlebot3_fake_node/share/turtlebot3_fake_node/hook/cmake_prefix_path.sh'
[0.395s] Level 1:colcon.colcon_core.environment:checking '/home/kivaan123/Turtlebot3-Wall-Follower/install/turtlebot3_fake_node/lib'
[0.395s] Level 1:colcon.colcon_core.environment:checking '/home/kivaan123/Turtlebot3-Wall-Follower/install/turtlebot3_fake_node/bin'
[0.396s] Level 1:colcon.colcon_core.environment:checking '/home/kivaan123/Turtlebot3-Wall-Follower/install/turtlebot3_fake_node/lib/pkgconfig/turtlebot3_fake_node.pc'
[0.396s] Level 1:colcon.colcon_core.environment:checking '/home/kivaan123/Turtlebot3-Wall-Follower/install/turtlebot3_fake_node/lib/python3.10/site-packages'
[0.396s] Level 1:colcon.colcon_core.environment:checking '/home/kivaan123/Turtlebot3-Wall-Follower/install/turtlebot3_fake_node/bin'
[0.396s] INFO:colcon.colcon_core.shell:Creating package script '/home/kivaan123/Turtlebot3-Wall-Follower/install/turtlebot3_fake_node/share/turtlebot3_fake_node/package.ps1'
[0.396s] INFO:colcon.colcon_core.shell:Creating package descriptor '/home/kivaan123/Turtlebot3-Wall-Follower/install/turtlebot3_fake_node/share/turtlebot3_fake_node/package.dsv'
[0.397s] INFO:colcon.colcon_core.shell:Creating package script '/home/kivaan123/Turtlebot3-Wall-Follower/install/turtlebot3_fake_node/share/turtlebot3_fake_node/package.sh'
[0.397s] INFO:colcon.colcon_core.shell:Creating package script '/home/kivaan123/Turtlebot3-Wall-Follower/install/turtlebot3_fake_node/share/turtlebot3_fake_node/package.bash'
[0.397s] INFO:colcon.colcon_core.shell:Creating package script '/home/kivaan123/Turtlebot3-Wall-Follower/install/turtlebot3_fake_node/share/turtlebot3_fake_node/package.zsh'
[0.397s] Level 1:colcon.colcon_core.environment:create_file_with_runtime_dependencies(/home/kivaan123/Turtlebot3-Wall-Follower/install/turtlebot3_fake_node/share/colcon-core/packages/turtlebot3_fake_node)
[1.693s] DEBUG:colcon.colcon_core.event_handler.log_command:Invoked command in '/home/kivaan123/Turtlebot3-Wall-Follower/build/turtlebot3_gazebo' returned '2': CMAKE_PREFIX_PATH=${CMAKE_PREFIX_PATH}:/opt/ros/humble /usr/bin/cmake --build /home/kivaan123/Turtlebot3-Wall-Follower/build/turtlebot3_gazebo -- -j16 -l16
[1.803s] Level 1:colcon.colcon_core.environment:create_environment_scripts_only(turtlebot3_gazebo)
[1.804s] Level 1:colcon.colcon_core.environment:checking '/home/kivaan123/Turtlebot3-Wall-Follower/install/turtlebot3_gazebo' for CMake module files
[1.806s] Level 1:colcon.colcon_core.environment:checking '/home/kivaan123/Turtlebot3-Wall-Follower/install/turtlebot3_gazebo' for CMake config files
[1.809s] Level 1:colcon.colcon_core.shell:create_environment_hook('turtlebot3_gazebo', 'cmake_prefix_path')
[1.811s] INFO:colcon.colcon_core.shell:Creating environment hook '/home/kivaan123/Turtlebot3-Wall-Follower/install/turtlebot3_gazebo/share/turtlebot3_gazebo/hook/cmake_prefix_path.ps1'
[1.813s] INFO:colcon.colcon_core.shell:Creating environment descriptor '/home/kivaan123/Turtlebot3-Wall-Follower/install/turtlebot3_gazebo/share/turtlebot3_gazebo/hook/cmake_prefix_path.dsv'
[1.814s] INFO:colcon.colcon_core.shell:Creating environment hook '/home/kivaan123/Turtlebot3-Wall-Follower/install/turtlebot3_gazebo/share/turtlebot3_gazebo/hook/cmake_prefix_path.sh'
[1.816s] Level 1:colcon.colcon_core.environment:checking '/home/kivaan123/Turtlebot3-Wall-Follower/install/turtlebot3_gazebo/lib'
[1.816s] Level 1:colcon.colcon_core.environment:checking '/home/kivaan123/Turtlebot3-Wall-Follower/install/turtlebot3_gazebo/bin'
[1.816s] Level 1:colcon.colcon_core.environment:checking '/home/kivaan123/Turtlebot3-Wall-Follower/install/turtlebot3_gazebo/lib/pkgconfig/turtlebot3_gazebo.pc'
[1.817s] Level 1:colcon.colcon_core.environment:checking '/home/kivaan123/Turtlebot3-Wall-Follower/install/turtlebot3_gazebo/lib/python3.10/site-packages'
[1.818s] Level 1:colcon.colcon_core.environment:checking '/home/kivaan123/Turtlebot3-Wall-Follower/install/turtlebot3_gazebo/bin'
[1.819s] INFO:colcon.colcon_core.shell:Creating package script '/home/kivaan123/Turtlebot3-Wall-Follower/install/turtlebot3_gazebo/share/turtlebot3_gazebo/package.ps1'
[1.820s] INFO:colcon.colcon_core.shell:Creating package descriptor '/home/kivaan123/Turtlebot3-Wall-Follower/install/turtlebot3_gazebo/share/turtlebot3_gazebo/package.dsv'
[1.821s] INFO:colcon.colcon_core.shell:Creating package script '/home/kivaan123/Turtlebot3-Wall-Follower/install/turtlebot3_gazebo/share/turtlebot3_gazebo/package.sh'
[1.822s] INFO:colcon.colcon_core.shell:Creating package script '/home/kivaan123/Turtlebot3-Wall-Follower/install/turtlebot3_gazebo/share/turtlebot3_gazebo/package.bash'
[1.823s] INFO:colcon.colcon_core.shell:Creating package script '/home/kivaan123/Turtlebot3-Wall-Follower/install/turtlebot3_gazebo/share/turtlebot3_gazebo/package.zsh'
[1.824s] Level 1:colcon.colcon_core.environment:create_file_with_runtime_dependencies(/home/kivaan123/Turtlebot3-Wall-Follower/install/turtlebot3_gazebo/share/colcon-core/packages/turtlebot3_gazebo)
[1.835s] DEBUG:colcon.colcon_parallel_executor.executor.parallel:closing loop
[1.835s] DEBUG:colcon.colcon_parallel_executor.executor.parallel:loop closed
[1.835s] DEBUG:colcon.colcon_parallel_executor.executor.parallel:run_until_complete finished with '2'
[1.836s] DEBUG:colcon.colcon_core.event_reactor:joining thread
[1.854s] INFO:colcon.colcon_core.plugin_system:Skipping extension 'colcon_notification.desktop_notification.terminal_notifier': Not used on non-Darwin systems
[1.854s] INFO:colcon.colcon_core.plugin_system:Skipping extension 'colcon_notification.desktop_notification.win32': Not used on non-Windows systems
[1.855s] INFO:colcon.colcon_notification.desktop_notification:Sending desktop notification using 'notify2'
[1.872s] DEBUG:colcon.colcon_core.event_reactor:joined thread
[1.872s] INFO:colcon.colcon_core.shell:Creating prefix script '/home/kivaan123/Turtlebot3-Wall-Follower/install/local_setup.ps1'
[1.873s] INFO:colcon.colcon_core.shell:Creating prefix util module '/home/kivaan123/Turtlebot3-Wall-Follower/install/_local_setup_util_ps1.py'
[1.874s] INFO:colcon.colcon_core.shell:Creating prefix chain script '/home/kivaan123/Turtlebot3-Wall-Follower/install/setup.ps1'
[1.875s] INFO:colcon.colcon_core.shell:Creating prefix script '/home/kivaan123/Turtlebot3-Wall-Follower/install/local_setup.sh'
[1.875s] INFO:colcon.colcon_core.shell:Creating prefix util module '/home/kivaan123/Turtlebot3-Wall-Follower/install/_local_setup_util_sh.py'
[1.875s] INFO:colcon.colcon_core.shell:Creating prefix chain script '/home/kivaan123/Turtlebot3-Wall-Follower/install/setup.sh'
[1.876s] INFO:colcon.colcon_core.shell:Creating prefix script '/home/kivaan123/Turtlebot3-Wall-Follower/install/local_setup.bash'
[1.876s] INFO:colcon.colcon_core.shell:Creating prefix chain script '/home/kivaan123/Turtlebot3-Wall-Follower/install/setup.bash'
[1.876s] INFO:colcon.colcon_core.shell:Creating prefix script '/home/kivaan123/Turtlebot3-Wall-Follower/install/local_setup.zsh'
[1.877s] INFO:colcon.colcon_core.shell:Creating prefix chain script '/home/kivaan123/Turtlebot3-Wall-Follower/install/setup.zsh'
